[2025-02-07T13:19:46.124+0000] {processor.py:157} INFO - Started process (PID=198) to work on /opt/airflow/dags/dag_kafka_spark.py
[2025-02-07T13:19:46.134+0000] {processor.py:829} INFO - Processing file /opt/airflow/dags/dag_kafka_spark.py for tasks to queue
[2025-02-07T13:19:46.148+0000] {logging_mixin.py:154} INFO - [2025-02-07T13:19:46.142+0000] {dagbag.py:536} INFO - Filling up the DagBag from /opt/airflow/dags/dag_kafka_spark.py
[2025-02-07T13:19:47.007+0000] {processor.py:839} INFO - DAG(s) dict_keys(['kafka_spark_dag']) retrieved from /opt/airflow/dags/dag_kafka_spark.py
[2025-02-07T13:19:47.758+0000] {logging_mixin.py:154} WARNING - 2025-02-07 13:19:47,757 - Created Permission View: %s
[2025-02-07T13:19:47.779+0000] {logging_mixin.py:154} WARNING - 2025-02-07 13:19:47,779 - Created Permission View: %s
[2025-02-07T13:19:47.792+0000] {logging_mixin.py:154} WARNING - 2025-02-07 13:19:47,792 - Created Permission View: %s
[2025-02-07T13:19:47.793+0000] {logging_mixin.py:154} WARNING - 2025-02-07 13:19:47,793 - Sync 1 DAGs
[2025-02-07T13:19:47.822+0000] {logging_mixin.py:154} WARNING - 2025-02-07 13:19:47,821 - Creating ORM DAG for kafka_spark_dag
[2025-02-07T13:19:47.843+0000] {logging_mixin.py:154} WARNING - 2025-02-07 13:19:47,843 - Setting next_dagrun for kafka_spark_dag to 2025-02-06T13:19:47.842926+00:00, run_after=2025-02-07T13:19:47.842926+00:00
[2025-02-07T13:19:47.881+0000] {processor.py:179} INFO - Processing /opt/airflow/dags/dag_kafka_spark.py took 1.774 seconds
[2025-02-07T13:20:18.467+0000] {processor.py:157} INFO - Started process (PID=448) to work on /opt/airflow/dags/dag_kafka_spark.py
[2025-02-07T13:20:18.476+0000] {processor.py:829} INFO - Processing file /opt/airflow/dags/dag_kafka_spark.py for tasks to queue
[2025-02-07T13:20:18.482+0000] {logging_mixin.py:154} INFO - [2025-02-07T13:20:18.481+0000] {dagbag.py:536} INFO - Filling up the DagBag from /opt/airflow/dags/dag_kafka_spark.py
[2025-02-07T13:20:18.689+0000] {processor.py:839} INFO - DAG(s) dict_keys(['kafka_spark_dag']) retrieved from /opt/airflow/dags/dag_kafka_spark.py
[2025-02-07T13:20:19.026+0000] {logging_mixin.py:154} WARNING - 2025-02-07 13:20:19,026 - Sync 1 DAGs
[2025-02-07T13:20:19.090+0000] {logging_mixin.py:154} WARNING - 2025-02-07 13:20:19,090 - Setting next_dagrun for kafka_spark_dag to 2025-02-06T13:20:19.089781+00:00, run_after=2025-02-07T13:20:19.089781+00:00
[2025-02-07T13:20:19.726+0000] {processor.py:179} INFO - Processing /opt/airflow/dags/dag_kafka_spark.py took 1.278 seconds
[2025-02-07T13:20:49.822+0000] {processor.py:157} INFO - Started process (PID=696) to work on /opt/airflow/dags/dag_kafka_spark.py
[2025-02-07T13:20:49.823+0000] {processor.py:829} INFO - Processing file /opt/airflow/dags/dag_kafka_spark.py for tasks to queue
[2025-02-07T13:20:49.824+0000] {logging_mixin.py:154} INFO - [2025-02-07T13:20:49.824+0000] {dagbag.py:536} INFO - Filling up the DagBag from /opt/airflow/dags/dag_kafka_spark.py
[2025-02-07T13:20:49.916+0000] {processor.py:839} INFO - DAG(s) dict_keys(['kafka_spark_dag']) retrieved from /opt/airflow/dags/dag_kafka_spark.py
[2025-02-07T13:20:50.038+0000] {logging_mixin.py:154} WARNING - 2025-02-07 13:20:50,038 - Sync 1 DAGs
[2025-02-07T13:20:50.078+0000] {logging_mixin.py:154} WARNING - 2025-02-07 13:20:50,077 - Setting next_dagrun for kafka_spark_dag to 2025-02-06T13:20:50.077074+00:00, run_after=2025-02-07T13:20:50.077074+00:00
[2025-02-07T13:20:50.124+0000] {processor.py:179} INFO - Processing /opt/airflow/dags/dag_kafka_spark.py took 0.307 seconds
[2025-02-07T13:21:20.514+0000] {processor.py:157} INFO - Started process (PID=934) to work on /opt/airflow/dags/dag_kafka_spark.py
[2025-02-07T13:21:20.517+0000] {processor.py:829} INFO - Processing file /opt/airflow/dags/dag_kafka_spark.py for tasks to queue
[2025-02-07T13:21:20.519+0000] {logging_mixin.py:154} INFO - [2025-02-07T13:21:20.518+0000] {dagbag.py:536} INFO - Filling up the DagBag from /opt/airflow/dags/dag_kafka_spark.py
[2025-02-07T13:21:20.684+0000] {processor.py:839} INFO - DAG(s) dict_keys(['kafka_spark_dag']) retrieved from /opt/airflow/dags/dag_kafka_spark.py
[2025-02-07T13:21:21.019+0000] {logging_mixin.py:154} WARNING - 2025-02-07 13:21:21,019 - Sync 1 DAGs
[2025-02-07T13:21:21.511+0000] {logging_mixin.py:154} WARNING - 2025-02-07 13:21:21,511 - Setting next_dagrun for kafka_spark_dag to 2025-02-06T13:21:21.510849+00:00, run_after=2025-02-07T13:21:21.510849+00:00
[2025-02-07T13:21:21.552+0000] {processor.py:179} INFO - Processing /opt/airflow/dags/dag_kafka_spark.py took 1.048 seconds
[2025-02-07T13:21:52.077+0000] {processor.py:157} INFO - Started process (PID=1187) to work on /opt/airflow/dags/dag_kafka_spark.py
[2025-02-07T13:21:52.081+0000] {processor.py:829} INFO - Processing file /opt/airflow/dags/dag_kafka_spark.py for tasks to queue
[2025-02-07T13:21:52.083+0000] {logging_mixin.py:154} INFO - [2025-02-07T13:21:52.082+0000] {dagbag.py:536} INFO - Filling up the DagBag from /opt/airflow/dags/dag_kafka_spark.py
[2025-02-07T13:21:52.289+0000] {processor.py:839} INFO - DAG(s) dict_keys(['kafka_spark_dag']) retrieved from /opt/airflow/dags/dag_kafka_spark.py
[2025-02-07T13:21:52.612+0000] {logging_mixin.py:154} WARNING - 2025-02-07 13:21:52,611 - Sync 1 DAGs
[2025-02-07T13:21:53.057+0000] {logging_mixin.py:154} WARNING - 2025-02-07 13:21:53,057 - Setting next_dagrun for kafka_spark_dag to 2025-02-06T13:21:53.056325+00:00, run_after=2025-02-07T13:21:53.056325+00:00
[2025-02-07T13:21:53.111+0000] {processor.py:179} INFO - Processing /opt/airflow/dags/dag_kafka_spark.py took 1.048 seconds
[2025-02-07T13:22:23.357+0000] {processor.py:157} INFO - Started process (PID=1440) to work on /opt/airflow/dags/dag_kafka_spark.py
[2025-02-07T13:22:23.362+0000] {processor.py:829} INFO - Processing file /opt/airflow/dags/dag_kafka_spark.py for tasks to queue
[2025-02-07T13:22:23.368+0000] {logging_mixin.py:154} INFO - [2025-02-07T13:22:23.366+0000] {dagbag.py:536} INFO - Filling up the DagBag from /opt/airflow/dags/dag_kafka_spark.py
[2025-02-07T13:22:23.756+0000] {processor.py:839} INFO - DAG(s) dict_keys(['kafka_spark_dag']) retrieved from /opt/airflow/dags/dag_kafka_spark.py
[2025-02-07T13:22:24.749+0000] {logging_mixin.py:154} WARNING - 2025-02-07 13:22:24,748 - Sync 1 DAGs
[2025-02-07T13:22:24.795+0000] {logging_mixin.py:154} WARNING - 2025-02-07 13:22:24,794 - Setting next_dagrun for kafka_spark_dag to 2025-02-06T13:22:24.794279+00:00, run_after=2025-02-07T13:22:24.794279+00:00
[2025-02-07T13:22:24.856+0000] {processor.py:179} INFO - Processing /opt/airflow/dags/dag_kafka_spark.py took 1.515 seconds
[2025-02-07T13:22:55.204+0000] {processor.py:157} INFO - Started process (PID=1693) to work on /opt/airflow/dags/dag_kafka_spark.py
[2025-02-07T13:22:55.206+0000] {processor.py:829} INFO - Processing file /opt/airflow/dags/dag_kafka_spark.py for tasks to queue
[2025-02-07T13:22:55.209+0000] {logging_mixin.py:154} INFO - [2025-02-07T13:22:55.208+0000] {dagbag.py:536} INFO - Filling up the DagBag from /opt/airflow/dags/dag_kafka_spark.py
[2025-02-07T13:22:55.556+0000] {processor.py:839} INFO - DAG(s) dict_keys(['kafka_spark_dag']) retrieved from /opt/airflow/dags/dag_kafka_spark.py
[2025-02-07T13:22:56.747+0000] {logging_mixin.py:154} WARNING - 2025-02-07 13:22:56,747 - Sync 1 DAGs
[2025-02-07T13:22:56.807+0000] {logging_mixin.py:154} WARNING - 2025-02-07 13:22:56,807 - Setting next_dagrun for kafka_spark_dag to 2025-02-06T13:22:56.806595+00:00, run_after=2025-02-07T13:22:56.806595+00:00
[2025-02-07T13:22:56.857+0000] {processor.py:179} INFO - Processing /opt/airflow/dags/dag_kafka_spark.py took 1.663 seconds
[2025-02-07T13:23:27.233+0000] {processor.py:157} INFO - Started process (PID=1951) to work on /opt/airflow/dags/dag_kafka_spark.py
[2025-02-07T13:23:27.236+0000] {processor.py:829} INFO - Processing file /opt/airflow/dags/dag_kafka_spark.py for tasks to queue
[2025-02-07T13:23:27.239+0000] {logging_mixin.py:154} INFO - [2025-02-07T13:23:27.238+0000] {dagbag.py:536} INFO - Filling up the DagBag from /opt/airflow/dags/dag_kafka_spark.py
[2025-02-07T13:23:27.446+0000] {processor.py:839} INFO - DAG(s) dict_keys(['kafka_spark_dag']) retrieved from /opt/airflow/dags/dag_kafka_spark.py
[2025-02-07T13:23:27.818+0000] {logging_mixin.py:154} WARNING - 2025-02-07 13:23:27,818 - Sync 1 DAGs
[2025-02-07T13:23:28.344+0000] {logging_mixin.py:154} WARNING - 2025-02-07 13:23:28,344 - Setting next_dagrun for kafka_spark_dag to 2025-02-06T13:23:28.343893+00:00, run_after=2025-02-07T13:23:28.343893+00:00
[2025-02-07T13:23:28.390+0000] {processor.py:179} INFO - Processing /opt/airflow/dags/dag_kafka_spark.py took 1.169 seconds
[2025-02-07T13:23:58.951+0000] {processor.py:157} INFO - Started process (PID=2204) to work on /opt/airflow/dags/dag_kafka_spark.py
[2025-02-07T13:23:58.953+0000] {processor.py:829} INFO - Processing file /opt/airflow/dags/dag_kafka_spark.py for tasks to queue
[2025-02-07T13:23:58.954+0000] {logging_mixin.py:154} INFO - [2025-02-07T13:23:58.954+0000] {dagbag.py:536} INFO - Filling up the DagBag from /opt/airflow/dags/dag_kafka_spark.py
[2025-02-07T13:23:59.158+0000] {processor.py:839} INFO - DAG(s) dict_keys(['kafka_spark_dag']) retrieved from /opt/airflow/dags/dag_kafka_spark.py
[2025-02-07T13:23:59.923+0000] {logging_mixin.py:154} WARNING - 2025-02-07 13:23:59,923 - Sync 1 DAGs
[2025-02-07T13:23:59.987+0000] {logging_mixin.py:154} WARNING - 2025-02-07 13:23:59,987 - Setting next_dagrun for kafka_spark_dag to 2025-02-06T13:23:59.985959+00:00, run_after=2025-02-07T13:23:59.985959+00:00
[2025-02-07T13:24:00.066+0000] {processor.py:179} INFO - Processing /opt/airflow/dags/dag_kafka_spark.py took 1.124 seconds
[2025-02-07T13:24:30.238+0000] {processor.py:157} INFO - Started process (PID=2462) to work on /opt/airflow/dags/dag_kafka_spark.py
[2025-02-07T13:24:30.240+0000] {processor.py:829} INFO - Processing file /opt/airflow/dags/dag_kafka_spark.py for tasks to queue
[2025-02-07T13:24:30.242+0000] {logging_mixin.py:154} INFO - [2025-02-07T13:24:30.241+0000] {dagbag.py:536} INFO - Filling up the DagBag from /opt/airflow/dags/dag_kafka_spark.py
[2025-02-07T13:24:30.431+0000] {processor.py:839} INFO - DAG(s) dict_keys(['kafka_spark_dag']) retrieved from /opt/airflow/dags/dag_kafka_spark.py
[2025-02-07T13:24:31.090+0000] {logging_mixin.py:154} WARNING - 2025-02-07 13:24:31,089 - Sync 1 DAGs
[2025-02-07T13:24:31.164+0000] {logging_mixin.py:154} WARNING - 2025-02-07 13:24:31,164 - Setting next_dagrun for kafka_spark_dag to 2025-02-06T13:24:31.163540+00:00, run_after=2025-02-07T13:24:31.163540+00:00
[2025-02-07T13:24:31.223+0000] {processor.py:179} INFO - Processing /opt/airflow/dags/dag_kafka_spark.py took 0.996 seconds
[2025-02-07T13:25:01.499+0000] {processor.py:157} INFO - Started process (PID=2706) to work on /opt/airflow/dags/dag_kafka_spark.py
[2025-02-07T13:25:01.501+0000] {processor.py:829} INFO - Processing file /opt/airflow/dags/dag_kafka_spark.py for tasks to queue
[2025-02-07T13:25:01.504+0000] {logging_mixin.py:154} INFO - [2025-02-07T13:25:01.503+0000] {dagbag.py:536} INFO - Filling up the DagBag from /opt/airflow/dags/dag_kafka_spark.py
[2025-02-07T13:25:01.690+0000] {processor.py:839} INFO - DAG(s) dict_keys(['kafka_spark_dag']) retrieved from /opt/airflow/dags/dag_kafka_spark.py
[2025-02-07T13:25:02.651+0000] {logging_mixin.py:154} WARNING - 2025-02-07 13:25:02,651 - Sync 1 DAGs
[2025-02-07T13:25:02.769+0000] {logging_mixin.py:154} WARNING - 2025-02-07 13:25:02,769 - Setting next_dagrun for kafka_spark_dag to 2025-02-06T13:25:02.768590+00:00, run_after=2025-02-07T13:25:02.768590+00:00
[2025-02-07T13:25:02.839+0000] {processor.py:179} INFO - Processing /opt/airflow/dags/dag_kafka_spark.py took 1.351 seconds
[2025-02-07T13:27:06.728+0000] {processor.py:157} INFO - Started process (PID=203) to work on /opt/airflow/dags/dag_kafka_spark.py
[2025-02-07T13:27:06.732+0000] {processor.py:829} INFO - Processing file /opt/airflow/dags/dag_kafka_spark.py for tasks to queue
[2025-02-07T13:27:06.735+0000] {logging_mixin.py:154} INFO - [2025-02-07T13:27:06.733+0000] {dagbag.py:536} INFO - Filling up the DagBag from /opt/airflow/dags/dag_kafka_spark.py
[2025-02-07T13:27:06.856+0000] {processor.py:839} INFO - DAG(s) dict_keys(['kafka_spark_dag']) retrieved from /opt/airflow/dags/dag_kafka_spark.py
[2025-02-07T13:27:07.082+0000] {logging_mixin.py:154} WARNING - 2025-02-07 13:27:07,082 - Sync 1 DAGs
[2025-02-07T13:27:07.102+0000] {logging_mixin.py:154} WARNING - 2025-02-07 13:27:07,101 - Setting next_dagrun for kafka_spark_dag to 2025-02-06T13:27:07.101765+00:00, run_after=2025-02-07T13:27:07.101765+00:00
[2025-02-07T13:27:07.125+0000] {processor.py:179} INFO - Processing /opt/airflow/dags/dag_kafka_spark.py took 0.402 seconds
[2025-02-07T21:29:08.395+0000] {processor.py:157} INFO - Started process (PID=203) to work on /opt/airflow/dags/dag_kafka_spark.py
[2025-02-07T21:29:08.401+0000] {processor.py:829} INFO - Processing file /opt/airflow/dags/dag_kafka_spark.py for tasks to queue
[2025-02-07T21:29:08.405+0000] {logging_mixin.py:154} INFO - [2025-02-07T21:29:08.404+0000] {dagbag.py:536} INFO - Filling up the DagBag from /opt/airflow/dags/dag_kafka_spark.py
[2025-02-07T21:29:08.424+0000] {logging_mixin.py:154} INFO - [2025-02-07T21:29:08.420+0000] {dagbag.py:346} ERROR - Failed to import: /opt/airflow/dags/dag_kafka_spark.py
Traceback (most recent call last):
  File "/home/airflow/.local/lib/python3.8/site-packages/airflow/models/dagbag.py", line 342, in parse
    loader.exec_module(new_module)
  File "<frozen importlib._bootstrap_external>", line 843, in exec_module
  File "<frozen importlib._bootstrap>", line 219, in _call_with_frames_removed
  File "/opt/airflow/dags/dag_kafka_spark.py", line 7, in <module>
    from src.kafka_client.kafka_stream_data import stream
ModuleNotFoundError: No module named 'src.kafka_client'
[2025-02-07T21:29:08.425+0000] {processor.py:841} WARNING - No viable dags retrieved from /opt/airflow/dags/dag_kafka_spark.py
[2025-02-07T21:29:08.493+0000] {processor.py:179} INFO - Processing /opt/airflow/dags/dag_kafka_spark.py took 0.106 seconds
[2025-02-07T21:29:38.632+0000] {processor.py:157} INFO - Started process (PID=446) to work on /opt/airflow/dags/dag_kafka_spark.py
[2025-02-07T21:29:38.633+0000] {processor.py:829} INFO - Processing file /opt/airflow/dags/dag_kafka_spark.py for tasks to queue
[2025-02-07T21:29:38.634+0000] {logging_mixin.py:154} INFO - [2025-02-07T21:29:38.634+0000] {dagbag.py:536} INFO - Filling up the DagBag from /opt/airflow/dags/dag_kafka_spark.py
[2025-02-07T21:29:38.639+0000] {logging_mixin.py:154} INFO - [2025-02-07T21:29:38.638+0000] {dagbag.py:346} ERROR - Failed to import: /opt/airflow/dags/dag_kafka_spark.py
Traceback (most recent call last):
  File "/home/airflow/.local/lib/python3.8/site-packages/airflow/models/dagbag.py", line 342, in parse
    loader.exec_module(new_module)
  File "<frozen importlib._bootstrap_external>", line 843, in exec_module
  File "<frozen importlib._bootstrap>", line 219, in _call_with_frames_removed
  File "/opt/airflow/dags/dag_kafka_spark.py", line 7, in <module>
    from src.kafka_client.kafka_stream_data import stream
ModuleNotFoundError: No module named 'src.kafka_client'
[2025-02-07T21:29:38.640+0000] {processor.py:841} WARNING - No viable dags retrieved from /opt/airflow/dags/dag_kafka_spark.py
[2025-02-07T21:29:38.675+0000] {processor.py:179} INFO - Processing /opt/airflow/dags/dag_kafka_spark.py took 0.047 seconds
