[2025-02-07T13:19:52.042+0000] {processor.py:157} INFO - Started process (PID=293) to work on /home/airflow/.local/lib/python3.8/site-packages/airflow/example_dags/example_kubernetes_executor.py
[2025-02-07T13:19:52.045+0000] {processor.py:829} INFO - Processing file /home/airflow/.local/lib/python3.8/site-packages/airflow/example_dags/example_kubernetes_executor.py for tasks to queue
[2025-02-07T13:19:52.047+0000] {logging_mixin.py:154} INFO - [2025-02-07T13:19:52.046+0000] {dagbag.py:536} INFO - Filling up the DagBag from /home/airflow/.local/lib/python3.8/site-packages/airflow/example_dags/example_kubernetes_executor.py
[2025-02-07T13:19:52.111+0000] {processor.py:839} INFO - DAG(s) dict_keys(['example_kubernetes_executor']) retrieved from /home/airflow/.local/lib/python3.8/site-packages/airflow/example_dags/example_kubernetes_executor.py
[2025-02-07T13:19:52.244+0000] {logging_mixin.py:154} INFO - [2025-02-07T13:19:52.244+0000] {dag.py:2941} INFO - Sync 1 DAGs
[2025-02-07T13:19:52.278+0000] {logging_mixin.py:154} INFO - [2025-02-07T13:19:52.278+0000] {dag.py:3722} INFO - Setting next_dagrun for example_kubernetes_executor to None, run_after=None
[2025-02-07T13:19:52.324+0000] {processor.py:179} INFO - Processing /home/airflow/.local/lib/python3.8/site-packages/airflow/example_dags/example_kubernetes_executor.py took 0.291 seconds
[2025-02-07T13:20:22.729+0000] {processor.py:157} INFO - Started process (PID=538) to work on /home/airflow/.local/lib/python3.8/site-packages/airflow/example_dags/example_kubernetes_executor.py
[2025-02-07T13:20:22.732+0000] {processor.py:829} INFO - Processing file /home/airflow/.local/lib/python3.8/site-packages/airflow/example_dags/example_kubernetes_executor.py for tasks to queue
[2025-02-07T13:20:22.734+0000] {logging_mixin.py:154} INFO - [2025-02-07T13:20:22.733+0000] {dagbag.py:536} INFO - Filling up the DagBag from /home/airflow/.local/lib/python3.8/site-packages/airflow/example_dags/example_kubernetes_executor.py
[2025-02-07T13:20:22.774+0000] {processor.py:839} INFO - DAG(s) dict_keys(['example_kubernetes_executor']) retrieved from /home/airflow/.local/lib/python3.8/site-packages/airflow/example_dags/example_kubernetes_executor.py
[2025-02-07T13:20:22.901+0000] {logging_mixin.py:154} INFO - [2025-02-07T13:20:22.900+0000] {dag.py:2941} INFO - Sync 1 DAGs
[2025-02-07T13:20:22.945+0000] {logging_mixin.py:154} INFO - [2025-02-07T13:20:22.944+0000] {dag.py:3722} INFO - Setting next_dagrun for example_kubernetes_executor to None, run_after=None
[2025-02-07T13:20:23.018+0000] {processor.py:179} INFO - Processing /home/airflow/.local/lib/python3.8/site-packages/airflow/example_dags/example_kubernetes_executor.py took 0.300 seconds
[2025-02-07T13:20:53.784+0000] {processor.py:157} INFO - Started process (PID=781) to work on /home/airflow/.local/lib/python3.8/site-packages/airflow/example_dags/example_kubernetes_executor.py
[2025-02-07T13:20:53.787+0000] {processor.py:829} INFO - Processing file /home/airflow/.local/lib/python3.8/site-packages/airflow/example_dags/example_kubernetes_executor.py for tasks to queue
[2025-02-07T13:20:53.789+0000] {logging_mixin.py:154} INFO - [2025-02-07T13:20:53.789+0000] {dagbag.py:536} INFO - Filling up the DagBag from /home/airflow/.local/lib/python3.8/site-packages/airflow/example_dags/example_kubernetes_executor.py
[2025-02-07T13:20:53.829+0000] {processor.py:839} INFO - DAG(s) dict_keys(['example_kubernetes_executor']) retrieved from /home/airflow/.local/lib/python3.8/site-packages/airflow/example_dags/example_kubernetes_executor.py
[2025-02-07T13:20:53.917+0000] {logging_mixin.py:154} INFO - [2025-02-07T13:20:53.916+0000] {dag.py:2941} INFO - Sync 1 DAGs
[2025-02-07T13:20:53.948+0000] {logging_mixin.py:154} INFO - [2025-02-07T13:20:53.948+0000] {dag.py:3722} INFO - Setting next_dagrun for example_kubernetes_executor to None, run_after=None
[2025-02-07T13:20:54.000+0000] {processor.py:179} INFO - Processing /home/airflow/.local/lib/python3.8/site-packages/airflow/example_dags/example_kubernetes_executor.py took 0.235 seconds
[2025-02-07T13:21:24.849+0000] {processor.py:157} INFO - Started process (PID=1024) to work on /home/airflow/.local/lib/python3.8/site-packages/airflow/example_dags/example_kubernetes_executor.py
[2025-02-07T13:21:24.855+0000] {processor.py:829} INFO - Processing file /home/airflow/.local/lib/python3.8/site-packages/airflow/example_dags/example_kubernetes_executor.py for tasks to queue
[2025-02-07T13:21:24.858+0000] {logging_mixin.py:154} INFO - [2025-02-07T13:21:24.857+0000] {dagbag.py:536} INFO - Filling up the DagBag from /home/airflow/.local/lib/python3.8/site-packages/airflow/example_dags/example_kubernetes_executor.py
[2025-02-07T13:21:24.892+0000] {processor.py:839} INFO - DAG(s) dict_keys(['example_kubernetes_executor']) retrieved from /home/airflow/.local/lib/python3.8/site-packages/airflow/example_dags/example_kubernetes_executor.py
[2025-02-07T13:21:24.986+0000] {logging_mixin.py:154} INFO - [2025-02-07T13:21:24.986+0000] {dag.py:2941} INFO - Sync 1 DAGs
[2025-02-07T13:21:25.028+0000] {logging_mixin.py:154} INFO - [2025-02-07T13:21:25.027+0000] {dag.py:3722} INFO - Setting next_dagrun for example_kubernetes_executor to None, run_after=None
[2025-02-07T13:21:25.087+0000] {processor.py:179} INFO - Processing /home/airflow/.local/lib/python3.8/site-packages/airflow/example_dags/example_kubernetes_executor.py took 0.250 seconds
[2025-02-07T13:21:55.674+0000] {processor.py:157} INFO - Started process (PID=1267) to work on /home/airflow/.local/lib/python3.8/site-packages/airflow/example_dags/example_kubernetes_executor.py
[2025-02-07T13:21:55.677+0000] {processor.py:829} INFO - Processing file /home/airflow/.local/lib/python3.8/site-packages/airflow/example_dags/example_kubernetes_executor.py for tasks to queue
[2025-02-07T13:21:55.679+0000] {logging_mixin.py:154} INFO - [2025-02-07T13:21:55.678+0000] {dagbag.py:536} INFO - Filling up the DagBag from /home/airflow/.local/lib/python3.8/site-packages/airflow/example_dags/example_kubernetes_executor.py
[2025-02-07T13:21:55.714+0000] {processor.py:839} INFO - DAG(s) dict_keys(['example_kubernetes_executor']) retrieved from /home/airflow/.local/lib/python3.8/site-packages/airflow/example_dags/example_kubernetes_executor.py
[2025-02-07T13:21:55.822+0000] {logging_mixin.py:154} INFO - [2025-02-07T13:21:55.821+0000] {dag.py:2941} INFO - Sync 1 DAGs
[2025-02-07T13:21:55.864+0000] {logging_mixin.py:154} INFO - [2025-02-07T13:21:55.864+0000] {dag.py:3722} INFO - Setting next_dagrun for example_kubernetes_executor to None, run_after=None
[2025-02-07T13:21:55.912+0000] {processor.py:179} INFO - Processing /home/airflow/.local/lib/python3.8/site-packages/airflow/example_dags/example_kubernetes_executor.py took 0.248 seconds
[2025-02-07T13:22:27.080+0000] {processor.py:157} INFO - Started process (PID=1508) to work on /home/airflow/.local/lib/python3.8/site-packages/airflow/example_dags/example_kubernetes_executor.py
[2025-02-07T13:22:27.083+0000] {processor.py:829} INFO - Processing file /home/airflow/.local/lib/python3.8/site-packages/airflow/example_dags/example_kubernetes_executor.py for tasks to queue
[2025-02-07T13:22:27.086+0000] {logging_mixin.py:154} INFO - [2025-02-07T13:22:27.085+0000] {dagbag.py:536} INFO - Filling up the DagBag from /home/airflow/.local/lib/python3.8/site-packages/airflow/example_dags/example_kubernetes_executor.py
[2025-02-07T13:22:27.133+0000] {processor.py:839} INFO - DAG(s) dict_keys(['example_kubernetes_executor']) retrieved from /home/airflow/.local/lib/python3.8/site-packages/airflow/example_dags/example_kubernetes_executor.py
[2025-02-07T13:22:27.240+0000] {logging_mixin.py:154} INFO - [2025-02-07T13:22:27.239+0000] {dag.py:2941} INFO - Sync 1 DAGs
[2025-02-07T13:22:27.283+0000] {logging_mixin.py:154} INFO - [2025-02-07T13:22:27.283+0000] {dag.py:3722} INFO - Setting next_dagrun for example_kubernetes_executor to None, run_after=None
[2025-02-07T13:22:27.352+0000] {processor.py:179} INFO - Processing /home/airflow/.local/lib/python3.8/site-packages/airflow/example_dags/example_kubernetes_executor.py took 0.285 seconds
[2025-02-07T13:22:58.715+0000] {processor.py:157} INFO - Started process (PID=1753) to work on /home/airflow/.local/lib/python3.8/site-packages/airflow/example_dags/example_kubernetes_executor.py
[2025-02-07T13:22:58.719+0000] {processor.py:829} INFO - Processing file /home/airflow/.local/lib/python3.8/site-packages/airflow/example_dags/example_kubernetes_executor.py for tasks to queue
[2025-02-07T13:22:58.722+0000] {logging_mixin.py:154} INFO - [2025-02-07T13:22:58.721+0000] {dagbag.py:536} INFO - Filling up the DagBag from /home/airflow/.local/lib/python3.8/site-packages/airflow/example_dags/example_kubernetes_executor.py
[2025-02-07T13:22:58.782+0000] {processor.py:839} INFO - DAG(s) dict_keys(['example_kubernetes_executor']) retrieved from /home/airflow/.local/lib/python3.8/site-packages/airflow/example_dags/example_kubernetes_executor.py
[2025-02-07T13:22:58.929+0000] {logging_mixin.py:154} INFO - [2025-02-07T13:22:58.928+0000] {dag.py:2941} INFO - Sync 1 DAGs
[2025-02-07T13:22:58.971+0000] {logging_mixin.py:154} INFO - [2025-02-07T13:22:58.971+0000] {dag.py:3722} INFO - Setting next_dagrun for example_kubernetes_executor to None, run_after=None
[2025-02-07T13:22:59.025+0000] {processor.py:179} INFO - Processing /home/airflow/.local/lib/python3.8/site-packages/airflow/example_dags/example_kubernetes_executor.py took 0.330 seconds
[2025-02-07T13:23:29.191+0000] {processor.py:157} INFO - Started process (PID=1994) to work on /home/airflow/.local/lib/python3.8/site-packages/airflow/example_dags/example_kubernetes_executor.py
[2025-02-07T13:23:29.194+0000] {processor.py:829} INFO - Processing file /home/airflow/.local/lib/python3.8/site-packages/airflow/example_dags/example_kubernetes_executor.py for tasks to queue
[2025-02-07T13:23:29.196+0000] {logging_mixin.py:154} INFO - [2025-02-07T13:23:29.195+0000] {dagbag.py:536} INFO - Filling up the DagBag from /home/airflow/.local/lib/python3.8/site-packages/airflow/example_dags/example_kubernetes_executor.py
[2025-02-07T13:23:29.242+0000] {processor.py:839} INFO - DAG(s) dict_keys(['example_kubernetes_executor']) retrieved from /home/airflow/.local/lib/python3.8/site-packages/airflow/example_dags/example_kubernetes_executor.py
[2025-02-07T13:23:29.350+0000] {logging_mixin.py:154} INFO - [2025-02-07T13:23:29.350+0000] {dag.py:2941} INFO - Sync 1 DAGs
[2025-02-07T13:23:29.387+0000] {logging_mixin.py:154} INFO - [2025-02-07T13:23:29.387+0000] {dag.py:3722} INFO - Setting next_dagrun for example_kubernetes_executor to None, run_after=None
[2025-02-07T13:23:29.471+0000] {processor.py:179} INFO - Processing /home/airflow/.local/lib/python3.8/site-packages/airflow/example_dags/example_kubernetes_executor.py took 0.291 seconds
[2025-02-07T13:24:00.465+0000] {processor.py:157} INFO - Started process (PID=2237) to work on /home/airflow/.local/lib/python3.8/site-packages/airflow/example_dags/example_kubernetes_executor.py
[2025-02-07T13:24:00.468+0000] {processor.py:829} INFO - Processing file /home/airflow/.local/lib/python3.8/site-packages/airflow/example_dags/example_kubernetes_executor.py for tasks to queue
[2025-02-07T13:24:00.470+0000] {logging_mixin.py:154} INFO - [2025-02-07T13:24:00.469+0000] {dagbag.py:536} INFO - Filling up the DagBag from /home/airflow/.local/lib/python3.8/site-packages/airflow/example_dags/example_kubernetes_executor.py
[2025-02-07T13:24:00.510+0000] {processor.py:839} INFO - DAG(s) dict_keys(['example_kubernetes_executor']) retrieved from /home/airflow/.local/lib/python3.8/site-packages/airflow/example_dags/example_kubernetes_executor.py
[2025-02-07T13:24:00.626+0000] {logging_mixin.py:154} INFO - [2025-02-07T13:24:00.626+0000] {dag.py:2941} INFO - Sync 1 DAGs
[2025-02-07T13:24:00.670+0000] {logging_mixin.py:154} INFO - [2025-02-07T13:24:00.669+0000] {dag.py:3722} INFO - Setting next_dagrun for example_kubernetes_executor to None, run_after=None
[2025-02-07T13:24:00.730+0000] {processor.py:179} INFO - Processing /home/airflow/.local/lib/python3.8/site-packages/airflow/example_dags/example_kubernetes_executor.py took 0.276 seconds
[2025-02-07T13:24:31.558+0000] {processor.py:157} INFO - Started process (PID=2480) to work on /home/airflow/.local/lib/python3.8/site-packages/airflow/example_dags/example_kubernetes_executor.py
[2025-02-07T13:24:31.561+0000] {processor.py:829} INFO - Processing file /home/airflow/.local/lib/python3.8/site-packages/airflow/example_dags/example_kubernetes_executor.py for tasks to queue
[2025-02-07T13:24:31.563+0000] {logging_mixin.py:154} INFO - [2025-02-07T13:24:31.563+0000] {dagbag.py:536} INFO - Filling up the DagBag from /home/airflow/.local/lib/python3.8/site-packages/airflow/example_dags/example_kubernetes_executor.py
[2025-02-07T13:24:31.605+0000] {processor.py:839} INFO - DAG(s) dict_keys(['example_kubernetes_executor']) retrieved from /home/airflow/.local/lib/python3.8/site-packages/airflow/example_dags/example_kubernetes_executor.py
[2025-02-07T13:24:31.722+0000] {logging_mixin.py:154} INFO - [2025-02-07T13:24:31.721+0000] {dag.py:2941} INFO - Sync 1 DAGs
[2025-02-07T13:24:31.759+0000] {logging_mixin.py:154} INFO - [2025-02-07T13:24:31.758+0000] {dag.py:3722} INFO - Setting next_dagrun for example_kubernetes_executor to None, run_after=None
[2025-02-07T13:24:31.816+0000] {processor.py:179} INFO - Processing /home/airflow/.local/lib/python3.8/site-packages/airflow/example_dags/example_kubernetes_executor.py took 0.270 seconds
[2025-02-07T13:25:02.882+0000] {processor.py:157} INFO - Started process (PID=2724) to work on /home/airflow/.local/lib/python3.8/site-packages/airflow/example_dags/example_kubernetes_executor.py
[2025-02-07T13:25:02.885+0000] {processor.py:829} INFO - Processing file /home/airflow/.local/lib/python3.8/site-packages/airflow/example_dags/example_kubernetes_executor.py for tasks to queue
[2025-02-07T13:25:02.888+0000] {logging_mixin.py:154} INFO - [2025-02-07T13:25:02.887+0000] {dagbag.py:536} INFO - Filling up the DagBag from /home/airflow/.local/lib/python3.8/site-packages/airflow/example_dags/example_kubernetes_executor.py
[2025-02-07T13:25:02.932+0000] {processor.py:839} INFO - DAG(s) dict_keys(['example_kubernetes_executor']) retrieved from /home/airflow/.local/lib/python3.8/site-packages/airflow/example_dags/example_kubernetes_executor.py
[2025-02-07T13:25:03.051+0000] {logging_mixin.py:154} INFO - [2025-02-07T13:25:03.050+0000] {dag.py:2941} INFO - Sync 1 DAGs
[2025-02-07T13:25:03.102+0000] {logging_mixin.py:154} INFO - [2025-02-07T13:25:03.101+0000] {dag.py:3722} INFO - Setting next_dagrun for example_kubernetes_executor to None, run_after=None
[2025-02-07T13:25:03.165+0000] {processor.py:179} INFO - Processing /home/airflow/.local/lib/python3.8/site-packages/airflow/example_dags/example_kubernetes_executor.py took 0.298 seconds
[2025-02-07T13:27:09.032+0000] {processor.py:157} INFO - Started process (PID=291) to work on /home/airflow/.local/lib/python3.8/site-packages/airflow/example_dags/example_kubernetes_executor.py
[2025-02-07T13:27:09.033+0000] {processor.py:829} INFO - Processing file /home/airflow/.local/lib/python3.8/site-packages/airflow/example_dags/example_kubernetes_executor.py for tasks to queue
[2025-02-07T13:27:09.034+0000] {logging_mixin.py:154} INFO - [2025-02-07T13:27:09.034+0000] {dagbag.py:536} INFO - Filling up the DagBag from /home/airflow/.local/lib/python3.8/site-packages/airflow/example_dags/example_kubernetes_executor.py
[2025-02-07T13:27:09.055+0000] {processor.py:839} INFO - DAG(s) dict_keys(['example_kubernetes_executor']) retrieved from /home/airflow/.local/lib/python3.8/site-packages/airflow/example_dags/example_kubernetes_executor.py
[2025-02-07T13:27:09.101+0000] {logging_mixin.py:154} INFO - [2025-02-07T13:27:09.101+0000] {dag.py:2941} INFO - Sync 1 DAGs
[2025-02-07T13:27:09.115+0000] {logging_mixin.py:154} INFO - [2025-02-07T13:27:09.114+0000] {dag.py:3722} INFO - Setting next_dagrun for example_kubernetes_executor to None, run_after=None
[2025-02-07T13:27:09.134+0000] {processor.py:179} INFO - Processing /home/airflow/.local/lib/python3.8/site-packages/airflow/example_dags/example_kubernetes_executor.py took 0.106 seconds
[2025-02-07T21:29:14.552+0000] {processor.py:157} INFO - Started process (PID=291) to work on /home/airflow/.local/lib/python3.8/site-packages/airflow/example_dags/example_kubernetes_executor.py
[2025-02-07T21:29:14.554+0000] {processor.py:829} INFO - Processing file /home/airflow/.local/lib/python3.8/site-packages/airflow/example_dags/example_kubernetes_executor.py for tasks to queue
[2025-02-07T21:29:14.557+0000] {logging_mixin.py:154} INFO - [2025-02-07T21:29:14.555+0000] {dagbag.py:536} INFO - Filling up the DagBag from /home/airflow/.local/lib/python3.8/site-packages/airflow/example_dags/example_kubernetes_executor.py
[2025-02-07T21:29:14.634+0000] {processor.py:839} INFO - DAG(s) dict_keys(['example_kubernetes_executor']) retrieved from /home/airflow/.local/lib/python3.8/site-packages/airflow/example_dags/example_kubernetes_executor.py
[2025-02-07T21:29:14.836+0000] {logging_mixin.py:154} INFO - [2025-02-07T21:29:14.836+0000] {dag.py:2941} INFO - Sync 1 DAGs
[2025-02-07T21:29:14.912+0000] {logging_mixin.py:154} INFO - [2025-02-07T21:29:14.911+0000] {dag.py:3722} INFO - Setting next_dagrun for example_kubernetes_executor to None, run_after=None
[2025-02-07T21:29:14.970+0000] {processor.py:179} INFO - Processing /home/airflow/.local/lib/python3.8/site-packages/airflow/example_dags/example_kubernetes_executor.py took 0.434 seconds
[2025-02-07T21:29:45.097+0000] {processor.py:157} INFO - Started process (PID=536) to work on /home/airflow/.local/lib/python3.8/site-packages/airflow/example_dags/example_kubernetes_executor.py
[2025-02-07T21:29:45.101+0000] {processor.py:829} INFO - Processing file /home/airflow/.local/lib/python3.8/site-packages/airflow/example_dags/example_kubernetes_executor.py for tasks to queue
[2025-02-07T21:29:45.103+0000] {logging_mixin.py:154} INFO - [2025-02-07T21:29:45.102+0000] {dagbag.py:536} INFO - Filling up the DagBag from /home/airflow/.local/lib/python3.8/site-packages/airflow/example_dags/example_kubernetes_executor.py
[2025-02-07T21:29:45.141+0000] {processor.py:839} INFO - DAG(s) dict_keys(['example_kubernetes_executor']) retrieved from /home/airflow/.local/lib/python3.8/site-packages/airflow/example_dags/example_kubernetes_executor.py
[2025-02-07T21:29:45.249+0000] {logging_mixin.py:154} INFO - [2025-02-07T21:29:45.249+0000] {dag.py:2941} INFO - Sync 1 DAGs
[2025-02-07T21:29:45.282+0000] {logging_mixin.py:154} INFO - [2025-02-07T21:29:45.282+0000] {dag.py:3722} INFO - Setting next_dagrun for example_kubernetes_executor to None, run_after=None
[2025-02-07T21:29:45.335+0000] {processor.py:179} INFO - Processing /home/airflow/.local/lib/python3.8/site-packages/airflow/example_dags/example_kubernetes_executor.py took 0.248 seconds
