[2025-02-07T13:19:52.376+0000] {processor.py:157} INFO - Started process (PID=300) to work on /home/airflow/.local/lib/python3.8/site-packages/airflow/example_dags/example_dag_decorator.py
[2025-02-07T13:19:52.378+0000] {processor.py:829} INFO - Processing file /home/airflow/.local/lib/python3.8/site-packages/airflow/example_dags/example_dag_decorator.py for tasks to queue
[2025-02-07T13:19:52.380+0000] {logging_mixin.py:154} INFO - [2025-02-07T13:19:52.379+0000] {dagbag.py:536} INFO - Filling up the DagBag from /home/airflow/.local/lib/python3.8/site-packages/airflow/example_dags/example_dag_decorator.py
[2025-02-07T13:19:52.805+0000] {processor.py:839} INFO - DAG(s) dict_keys(['example_dag_decorator']) retrieved from /home/airflow/.local/lib/python3.8/site-packages/airflow/example_dags/example_dag_decorator.py
[2025-02-07T13:19:53.137+0000] {logging_mixin.py:154} INFO - [2025-02-07T13:19:53.136+0000] {dag.py:2941} INFO - Sync 1 DAGs
[2025-02-07T13:19:53.176+0000] {logging_mixin.py:154} INFO - [2025-02-07T13:19:53.175+0000] {dag.py:3722} INFO - Setting next_dagrun for example_dag_decorator to None, run_after=None
[2025-02-07T13:19:53.807+0000] {processor.py:179} INFO - Processing /home/airflow/.local/lib/python3.8/site-packages/airflow/example_dags/example_dag_decorator.py took 1.440 seconds
[2025-02-07T13:20:24.141+0000] {processor.py:157} INFO - Started process (PID=548) to work on /home/airflow/.local/lib/python3.8/site-packages/airflow/example_dags/example_dag_decorator.py
[2025-02-07T13:20:24.144+0000] {processor.py:829} INFO - Processing file /home/airflow/.local/lib/python3.8/site-packages/airflow/example_dags/example_dag_decorator.py for tasks to queue
[2025-02-07T13:20:24.146+0000] {logging_mixin.py:154} INFO - [2025-02-07T13:20:24.145+0000] {dagbag.py:536} INFO - Filling up the DagBag from /home/airflow/.local/lib/python3.8/site-packages/airflow/example_dags/example_dag_decorator.py
[2025-02-07T13:20:24.361+0000] {processor.py:839} INFO - DAG(s) dict_keys(['example_dag_decorator']) retrieved from /home/airflow/.local/lib/python3.8/site-packages/airflow/example_dags/example_dag_decorator.py
[2025-02-07T13:20:24.764+0000] {logging_mixin.py:154} INFO - [2025-02-07T13:20:24.763+0000] {dag.py:2941} INFO - Sync 1 DAGs
[2025-02-07T13:20:24.803+0000] {logging_mixin.py:154} INFO - [2025-02-07T13:20:24.802+0000] {dag.py:3722} INFO - Setting next_dagrun for example_dag_decorator to None, run_after=None
[2025-02-07T13:20:24.863+0000] {processor.py:179} INFO - Processing /home/airflow/.local/lib/python3.8/site-packages/airflow/example_dags/example_dag_decorator.py took 0.732 seconds
[2025-02-07T13:20:55.107+0000] {processor.py:157} INFO - Started process (PID=789) to work on /home/airflow/.local/lib/python3.8/site-packages/airflow/example_dags/example_dag_decorator.py
[2025-02-07T13:20:55.109+0000] {processor.py:829} INFO - Processing file /home/airflow/.local/lib/python3.8/site-packages/airflow/example_dags/example_dag_decorator.py for tasks to queue
[2025-02-07T13:20:55.111+0000] {logging_mixin.py:154} INFO - [2025-02-07T13:20:55.110+0000] {dagbag.py:536} INFO - Filling up the DagBag from /home/airflow/.local/lib/python3.8/site-packages/airflow/example_dags/example_dag_decorator.py
[2025-02-07T13:20:55.343+0000] {processor.py:839} INFO - DAG(s) dict_keys(['example_dag_decorator']) retrieved from /home/airflow/.local/lib/python3.8/site-packages/airflow/example_dags/example_dag_decorator.py
[2025-02-07T13:20:55.660+0000] {logging_mixin.py:154} INFO - [2025-02-07T13:20:55.659+0000] {dag.py:2941} INFO - Sync 1 DAGs
[2025-02-07T13:20:55.702+0000] {logging_mixin.py:154} INFO - [2025-02-07T13:20:55.702+0000] {dag.py:3722} INFO - Setting next_dagrun for example_dag_decorator to None, run_after=None
[2025-02-07T13:20:55.755+0000] {processor.py:179} INFO - Processing /home/airflow/.local/lib/python3.8/site-packages/airflow/example_dags/example_dag_decorator.py took 0.664 seconds
[2025-02-07T13:21:25.989+0000] {processor.py:157} INFO - Started process (PID=1029) to work on /home/airflow/.local/lib/python3.8/site-packages/airflow/example_dags/example_dag_decorator.py
[2025-02-07T13:21:25.997+0000] {processor.py:829} INFO - Processing file /home/airflow/.local/lib/python3.8/site-packages/airflow/example_dags/example_dag_decorator.py for tasks to queue
[2025-02-07T13:21:26.000+0000] {logging_mixin.py:154} INFO - [2025-02-07T13:21:25.999+0000] {dagbag.py:536} INFO - Filling up the DagBag from /home/airflow/.local/lib/python3.8/site-packages/airflow/example_dags/example_dag_decorator.py
[2025-02-07T13:21:26.232+0000] {processor.py:839} INFO - DAG(s) dict_keys(['example_dag_decorator']) retrieved from /home/airflow/.local/lib/python3.8/site-packages/airflow/example_dags/example_dag_decorator.py
[2025-02-07T13:21:26.553+0000] {logging_mixin.py:154} INFO - [2025-02-07T13:21:26.553+0000] {dag.py:2941} INFO - Sync 1 DAGs
[2025-02-07T13:21:27.046+0000] {logging_mixin.py:154} INFO - [2025-02-07T13:21:27.045+0000] {dag.py:3722} INFO - Setting next_dagrun for example_dag_decorator to None, run_after=None
[2025-02-07T13:21:27.109+0000] {processor.py:179} INFO - Processing /home/airflow/.local/lib/python3.8/site-packages/airflow/example_dags/example_dag_decorator.py took 1.135 seconds
[2025-02-07T13:21:58.082+0000] {processor.py:157} INFO - Started process (PID=1282) to work on /home/airflow/.local/lib/python3.8/site-packages/airflow/example_dags/example_dag_decorator.py
[2025-02-07T13:21:58.085+0000] {processor.py:829} INFO - Processing file /home/airflow/.local/lib/python3.8/site-packages/airflow/example_dags/example_dag_decorator.py for tasks to queue
[2025-02-07T13:21:58.088+0000] {logging_mixin.py:154} INFO - [2025-02-07T13:21:58.087+0000] {dagbag.py:536} INFO - Filling up the DagBag from /home/airflow/.local/lib/python3.8/site-packages/airflow/example_dags/example_dag_decorator.py
[2025-02-07T13:21:58.338+0000] {processor.py:839} INFO - DAG(s) dict_keys(['example_dag_decorator']) retrieved from /home/airflow/.local/lib/python3.8/site-packages/airflow/example_dags/example_dag_decorator.py
[2025-02-07T13:21:58.649+0000] {logging_mixin.py:154} INFO - [2025-02-07T13:21:58.648+0000] {dag.py:2941} INFO - Sync 1 DAGs
[2025-02-07T13:21:58.681+0000] {logging_mixin.py:154} INFO - [2025-02-07T13:21:58.681+0000] {dag.py:3722} INFO - Setting next_dagrun for example_dag_decorator to None, run_after=None
[2025-02-07T13:21:58.740+0000] {processor.py:179} INFO - Processing /home/airflow/.local/lib/python3.8/site-packages/airflow/example_dags/example_dag_decorator.py took 0.687 seconds
[2025-02-07T13:22:28.889+0000] {processor.py:157} INFO - Started process (PID=1525) to work on /home/airflow/.local/lib/python3.8/site-packages/airflow/example_dags/example_dag_decorator.py
[2025-02-07T13:22:28.896+0000] {processor.py:829} INFO - Processing file /home/airflow/.local/lib/python3.8/site-packages/airflow/example_dags/example_dag_decorator.py for tasks to queue
[2025-02-07T13:22:28.901+0000] {logging_mixin.py:154} INFO - [2025-02-07T13:22:28.899+0000] {dagbag.py:536} INFO - Filling up the DagBag from /home/airflow/.local/lib/python3.8/site-packages/airflow/example_dags/example_dag_decorator.py
[2025-02-07T13:22:29.155+0000] {processor.py:839} INFO - DAG(s) dict_keys(['example_dag_decorator']) retrieved from /home/airflow/.local/lib/python3.8/site-packages/airflow/example_dags/example_dag_decorator.py
[2025-02-07T13:22:30.257+0000] {logging_mixin.py:154} INFO - [2025-02-07T13:22:30.256+0000] {dag.py:2941} INFO - Sync 1 DAGs
[2025-02-07T13:22:30.291+0000] {logging_mixin.py:154} INFO - [2025-02-07T13:22:30.291+0000] {dag.py:3722} INFO - Setting next_dagrun for example_dag_decorator to None, run_after=None
[2025-02-07T13:22:30.364+0000] {processor.py:179} INFO - Processing /home/airflow/.local/lib/python3.8/site-packages/airflow/example_dags/example_dag_decorator.py took 1.493 seconds
[2025-02-07T13:23:00.847+0000] {processor.py:157} INFO - Started process (PID=1783) to work on /home/airflow/.local/lib/python3.8/site-packages/airflow/example_dags/example_dag_decorator.py
[2025-02-07T13:23:00.849+0000] {processor.py:829} INFO - Processing file /home/airflow/.local/lib/python3.8/site-packages/airflow/example_dags/example_dag_decorator.py for tasks to queue
[2025-02-07T13:23:00.852+0000] {logging_mixin.py:154} INFO - [2025-02-07T13:23:00.851+0000] {dagbag.py:536} INFO - Filling up the DagBag from /home/airflow/.local/lib/python3.8/site-packages/airflow/example_dags/example_dag_decorator.py
[2025-02-07T13:23:01.026+0000] {processor.py:839} INFO - DAG(s) dict_keys(['example_dag_decorator']) retrieved from /home/airflow/.local/lib/python3.8/site-packages/airflow/example_dags/example_dag_decorator.py
[2025-02-07T13:23:01.154+0000] {logging_mixin.py:154} INFO - [2025-02-07T13:23:01.154+0000] {dag.py:2941} INFO - Sync 1 DAGs
[2025-02-07T13:23:01.374+0000] {logging_mixin.py:154} INFO - [2025-02-07T13:23:01.374+0000] {dag.py:3722} INFO - Setting next_dagrun for example_dag_decorator to None, run_after=None
[2025-02-07T13:23:01.418+0000] {processor.py:179} INFO - Processing /home/airflow/.local/lib/python3.8/site-packages/airflow/example_dags/example_dag_decorator.py took 0.581 seconds
[2025-02-07T13:23:32.425+0000] {processor.py:157} INFO - Started process (PID=2026) to work on /home/airflow/.local/lib/python3.8/site-packages/airflow/example_dags/example_dag_decorator.py
[2025-02-07T13:23:32.429+0000] {processor.py:829} INFO - Processing file /home/airflow/.local/lib/python3.8/site-packages/airflow/example_dags/example_dag_decorator.py for tasks to queue
[2025-02-07T13:23:32.431+0000] {logging_mixin.py:154} INFO - [2025-02-07T13:23:32.430+0000] {dagbag.py:536} INFO - Filling up the DagBag from /home/airflow/.local/lib/python3.8/site-packages/airflow/example_dags/example_dag_decorator.py
[2025-02-07T13:23:32.724+0000] {processor.py:839} INFO - DAG(s) dict_keys(['example_dag_decorator']) retrieved from /home/airflow/.local/lib/python3.8/site-packages/airflow/example_dags/example_dag_decorator.py
[2025-02-07T13:23:33.084+0000] {logging_mixin.py:154} INFO - [2025-02-07T13:23:33.083+0000] {dag.py:2941} INFO - Sync 1 DAGs
[2025-02-07T13:23:33.151+0000] {logging_mixin.py:154} INFO - [2025-02-07T13:23:33.145+0000] {dag.py:3722} INFO - Setting next_dagrun for example_dag_decorator to None, run_after=None
[2025-02-07T13:23:33.299+0000] {processor.py:179} INFO - Processing /home/airflow/.local/lib/python3.8/site-packages/airflow/example_dags/example_dag_decorator.py took 0.887 seconds
[2025-02-07T13:24:03.819+0000] {processor.py:157} INFO - Started process (PID=2274) to work on /home/airflow/.local/lib/python3.8/site-packages/airflow/example_dags/example_dag_decorator.py
[2025-02-07T13:24:03.824+0000] {processor.py:829} INFO - Processing file /home/airflow/.local/lib/python3.8/site-packages/airflow/example_dags/example_dag_decorator.py for tasks to queue
[2025-02-07T13:24:03.827+0000] {logging_mixin.py:154} INFO - [2025-02-07T13:24:03.826+0000] {dagbag.py:536} INFO - Filling up the DagBag from /home/airflow/.local/lib/python3.8/site-packages/airflow/example_dags/example_dag_decorator.py
[2025-02-07T13:24:04.034+0000] {processor.py:839} INFO - DAG(s) dict_keys(['example_dag_decorator']) retrieved from /home/airflow/.local/lib/python3.8/site-packages/airflow/example_dags/example_dag_decorator.py
[2025-02-07T13:24:04.811+0000] {logging_mixin.py:154} INFO - [2025-02-07T13:24:04.811+0000] {dag.py:2941} INFO - Sync 1 DAGs
[2025-02-07T13:24:04.843+0000] {logging_mixin.py:154} INFO - [2025-02-07T13:24:04.842+0000] {dag.py:3722} INFO - Setting next_dagrun for example_dag_decorator to None, run_after=None
[2025-02-07T13:24:04.911+0000] {processor.py:179} INFO - Processing /home/airflow/.local/lib/python3.8/site-packages/airflow/example_dags/example_dag_decorator.py took 1.104 seconds
[2025-02-07T13:24:35.059+0000] {processor.py:157} INFO - Started process (PID=2525) to work on /home/airflow/.local/lib/python3.8/site-packages/airflow/example_dags/example_dag_decorator.py
[2025-02-07T13:24:35.066+0000] {processor.py:829} INFO - Processing file /home/airflow/.local/lib/python3.8/site-packages/airflow/example_dags/example_dag_decorator.py for tasks to queue
[2025-02-07T13:24:35.068+0000] {logging_mixin.py:154} INFO - [2025-02-07T13:24:35.067+0000] {dagbag.py:536} INFO - Filling up the DagBag from /home/airflow/.local/lib/python3.8/site-packages/airflow/example_dags/example_dag_decorator.py
[2025-02-07T13:24:35.273+0000] {processor.py:839} INFO - DAG(s) dict_keys(['example_dag_decorator']) retrieved from /home/airflow/.local/lib/python3.8/site-packages/airflow/example_dags/example_dag_decorator.py
[2025-02-07T13:24:35.583+0000] {logging_mixin.py:154} INFO - [2025-02-07T13:24:35.583+0000] {dag.py:2941} INFO - Sync 1 DAGs
[2025-02-07T13:24:36.004+0000] {logging_mixin.py:154} INFO - [2025-02-07T13:24:36.003+0000] {dag.py:3722} INFO - Setting next_dagrun for example_dag_decorator to None, run_after=None
[2025-02-07T13:24:36.059+0000] {processor.py:179} INFO - Processing /home/airflow/.local/lib/python3.8/site-packages/airflow/example_dags/example_dag_decorator.py took 1.010 seconds
[2025-02-07T13:25:06.297+0000] {processor.py:157} INFO - Started process (PID=2781) to work on /home/airflow/.local/lib/python3.8/site-packages/airflow/example_dags/example_dag_decorator.py
[2025-02-07T13:25:06.299+0000] {processor.py:829} INFO - Processing file /home/airflow/.local/lib/python3.8/site-packages/airflow/example_dags/example_dag_decorator.py for tasks to queue
[2025-02-07T13:25:06.301+0000] {logging_mixin.py:154} INFO - [2025-02-07T13:25:06.301+0000] {dagbag.py:536} INFO - Filling up the DagBag from /home/airflow/.local/lib/python3.8/site-packages/airflow/example_dags/example_dag_decorator.py
[2025-02-07T13:25:06.539+0000] {processor.py:839} INFO - DAG(s) dict_keys(['example_dag_decorator']) retrieved from /home/airflow/.local/lib/python3.8/site-packages/airflow/example_dags/example_dag_decorator.py
[2025-02-07T13:25:07.442+0000] {logging_mixin.py:154} INFO - [2025-02-07T13:25:07.442+0000] {dag.py:2941} INFO - Sync 1 DAGs
[2025-02-07T13:25:07.470+0000] {logging_mixin.py:154} INFO - [2025-02-07T13:25:07.469+0000] {dag.py:3722} INFO - Setting next_dagrun for example_dag_decorator to None, run_after=None
[2025-02-07T13:25:07.550+0000] {processor.py:179} INFO - Processing /home/airflow/.local/lib/python3.8/site-packages/airflow/example_dags/example_dag_decorator.py took 1.268 seconds
[2025-02-07T13:27:09.135+0000] {processor.py:157} INFO - Started process (PID=296) to work on /home/airflow/.local/lib/python3.8/site-packages/airflow/example_dags/example_dag_decorator.py
[2025-02-07T13:27:09.137+0000] {processor.py:829} INFO - Processing file /home/airflow/.local/lib/python3.8/site-packages/airflow/example_dags/example_dag_decorator.py for tasks to queue
[2025-02-07T13:27:09.139+0000] {logging_mixin.py:154} INFO - [2025-02-07T13:27:09.138+0000] {dagbag.py:536} INFO - Filling up the DagBag from /home/airflow/.local/lib/python3.8/site-packages/airflow/example_dags/example_dag_decorator.py
[2025-02-07T13:27:09.319+0000] {processor.py:839} INFO - DAG(s) dict_keys(['example_dag_decorator']) retrieved from /home/airflow/.local/lib/python3.8/site-packages/airflow/example_dags/example_dag_decorator.py
[2025-02-07T13:27:09.443+0000] {logging_mixin.py:154} INFO - [2025-02-07T13:27:09.443+0000] {dag.py:2941} INFO - Sync 1 DAGs
[2025-02-07T13:27:09.465+0000] {logging_mixin.py:154} INFO - [2025-02-07T13:27:09.465+0000] {dag.py:3722} INFO - Setting next_dagrun for example_dag_decorator to None, run_after=None
[2025-02-07T13:27:09.718+0000] {processor.py:179} INFO - Processing /home/airflow/.local/lib/python3.8/site-packages/airflow/example_dags/example_dag_decorator.py took 0.589 seconds
[2025-02-07T21:29:14.900+0000] {processor.py:157} INFO - Started process (PID=296) to work on /home/airflow/.local/lib/python3.8/site-packages/airflow/example_dags/example_dag_decorator.py
[2025-02-07T21:29:14.911+0000] {processor.py:829} INFO - Processing file /home/airflow/.local/lib/python3.8/site-packages/airflow/example_dags/example_dag_decorator.py for tasks to queue
[2025-02-07T21:29:14.913+0000] {logging_mixin.py:154} INFO - [2025-02-07T21:29:14.912+0000] {dagbag.py:536} INFO - Filling up the DagBag from /home/airflow/.local/lib/python3.8/site-packages/airflow/example_dags/example_dag_decorator.py
[2025-02-07T21:29:15.495+0000] {processor.py:839} INFO - DAG(s) dict_keys(['example_dag_decorator']) retrieved from /home/airflow/.local/lib/python3.8/site-packages/airflow/example_dags/example_dag_decorator.py
[2025-02-07T21:29:16.149+0000] {logging_mixin.py:154} INFO - [2025-02-07T21:29:16.148+0000] {dag.py:2941} INFO - Sync 1 DAGs
[2025-02-07T21:29:16.185+0000] {logging_mixin.py:154} INFO - [2025-02-07T21:29:16.184+0000] {dag.py:3722} INFO - Setting next_dagrun for example_dag_decorator to None, run_after=None
[2025-02-07T21:29:16.337+0000] {processor.py:179} INFO - Processing /home/airflow/.local/lib/python3.8/site-packages/airflow/example_dags/example_dag_decorator.py took 1.454 seconds
[2025-02-07T21:29:46.467+0000] {processor.py:157} INFO - Started process (PID=549) to work on /home/airflow/.local/lib/python3.8/site-packages/airflow/example_dags/example_dag_decorator.py
[2025-02-07T21:29:46.470+0000] {processor.py:829} INFO - Processing file /home/airflow/.local/lib/python3.8/site-packages/airflow/example_dags/example_dag_decorator.py for tasks to queue
[2025-02-07T21:29:46.472+0000] {logging_mixin.py:154} INFO - [2025-02-07T21:29:46.472+0000] {dagbag.py:536} INFO - Filling up the DagBag from /home/airflow/.local/lib/python3.8/site-packages/airflow/example_dags/example_dag_decorator.py
[2025-02-07T21:29:46.674+0000] {processor.py:839} INFO - DAG(s) dict_keys(['example_dag_decorator']) retrieved from /home/airflow/.local/lib/python3.8/site-packages/airflow/example_dags/example_dag_decorator.py
[2025-02-07T21:29:46.935+0000] {logging_mixin.py:154} INFO - [2025-02-07T21:29:46.935+0000] {dag.py:2941} INFO - Sync 1 DAGs
[2025-02-07T21:29:46.966+0000] {logging_mixin.py:154} INFO - [2025-02-07T21:29:46.966+0000] {dag.py:3722} INFO - Setting next_dagrun for example_dag_decorator to None, run_after=None
[2025-02-07T21:29:47.011+0000] {processor.py:179} INFO - Processing /home/airflow/.local/lib/python3.8/site-packages/airflow/example_dags/example_dag_decorator.py took 0.553 seconds
