[2025-02-07T13:19:49.443+0000] {processor.py:157} INFO - Started process (PID=250) to work on /home/airflow/.local/lib/python3.8/site-packages/airflow/example_dags/example_latest_only_with_trigger.py
[2025-02-07T13:19:49.446+0000] {processor.py:829} INFO - Processing file /home/airflow/.local/lib/python3.8/site-packages/airflow/example_dags/example_latest_only_with_trigger.py for tasks to queue
[2025-02-07T13:19:49.448+0000] {logging_mixin.py:154} INFO - [2025-02-07T13:19:49.447+0000] {dagbag.py:536} INFO - Filling up the DagBag from /home/airflow/.local/lib/python3.8/site-packages/airflow/example_dags/example_latest_only_with_trigger.py
[2025-02-07T13:19:49.473+0000] {processor.py:839} INFO - DAG(s) dict_keys(['latest_only_with_trigger']) retrieved from /home/airflow/.local/lib/python3.8/site-packages/airflow/example_dags/example_latest_only_with_trigger.py
[2025-02-07T13:19:49.560+0000] {logging_mixin.py:154} INFO - [2025-02-07T13:19:49.560+0000] {dag.py:2941} INFO - Sync 1 DAGs
[2025-02-07T13:19:49.633+0000] {logging_mixin.py:154} INFO - [2025-02-07T13:19:49.633+0000] {dag.py:3722} INFO - Setting next_dagrun for latest_only_with_trigger to 2025-02-07T09:19:49.632451+00:00, run_after=2025-02-07T13:19:49.632451+00:00
[2025-02-07T13:19:49.680+0000] {processor.py:179} INFO - Processing /home/airflow/.local/lib/python3.8/site-packages/airflow/example_dags/example_latest_only_with_trigger.py took 0.246 seconds
[2025-02-07T13:20:20.803+0000] {processor.py:157} INFO - Started process (PID=491) to work on /home/airflow/.local/lib/python3.8/site-packages/airflow/example_dags/example_latest_only_with_trigger.py
[2025-02-07T13:20:20.806+0000] {processor.py:829} INFO - Processing file /home/airflow/.local/lib/python3.8/site-packages/airflow/example_dags/example_latest_only_with_trigger.py for tasks to queue
[2025-02-07T13:20:20.809+0000] {logging_mixin.py:154} INFO - [2025-02-07T13:20:20.808+0000] {dagbag.py:536} INFO - Filling up the DagBag from /home/airflow/.local/lib/python3.8/site-packages/airflow/example_dags/example_latest_only_with_trigger.py
[2025-02-07T13:20:20.840+0000] {processor.py:839} INFO - DAG(s) dict_keys(['latest_only_with_trigger']) retrieved from /home/airflow/.local/lib/python3.8/site-packages/airflow/example_dags/example_latest_only_with_trigger.py
[2025-02-07T13:20:20.932+0000] {logging_mixin.py:154} INFO - [2025-02-07T13:20:20.931+0000] {dag.py:2941} INFO - Sync 1 DAGs
[2025-02-07T13:20:21.022+0000] {logging_mixin.py:154} INFO - [2025-02-07T13:20:21.021+0000] {dag.py:3722} INFO - Setting next_dagrun for latest_only_with_trigger to 2025-02-07T09:20:21.020667+00:00, run_after=2025-02-07T13:20:21.020667+00:00
[2025-02-07T13:20:21.078+0000] {processor.py:179} INFO - Processing /home/airflow/.local/lib/python3.8/site-packages/airflow/example_dags/example_latest_only_with_trigger.py took 0.285 seconds
[2025-02-07T13:20:51.319+0000] {processor.py:157} INFO - Started process (PID=736) to work on /home/airflow/.local/lib/python3.8/site-packages/airflow/example_dags/example_latest_only_with_trigger.py
[2025-02-07T13:20:51.321+0000] {processor.py:829} INFO - Processing file /home/airflow/.local/lib/python3.8/site-packages/airflow/example_dags/example_latest_only_with_trigger.py for tasks to queue
[2025-02-07T13:20:51.323+0000] {logging_mixin.py:154} INFO - [2025-02-07T13:20:51.323+0000] {dagbag.py:536} INFO - Filling up the DagBag from /home/airflow/.local/lib/python3.8/site-packages/airflow/example_dags/example_latest_only_with_trigger.py
[2025-02-07T13:20:51.343+0000] {processor.py:839} INFO - DAG(s) dict_keys(['latest_only_with_trigger']) retrieved from /home/airflow/.local/lib/python3.8/site-packages/airflow/example_dags/example_latest_only_with_trigger.py
[2025-02-07T13:20:51.414+0000] {logging_mixin.py:154} INFO - [2025-02-07T13:20:51.414+0000] {dag.py:2941} INFO - Sync 1 DAGs
[2025-02-07T13:20:51.486+0000] {logging_mixin.py:154} INFO - [2025-02-07T13:20:51.486+0000] {dag.py:3722} INFO - Setting next_dagrun for latest_only_with_trigger to 2025-02-07T09:20:51.485195+00:00, run_after=2025-02-07T13:20:51.485195+00:00
[2025-02-07T13:20:51.539+0000] {processor.py:179} INFO - Processing /home/airflow/.local/lib/python3.8/site-packages/airflow/example_dags/example_latest_only_with_trigger.py took 0.230 seconds
[2025-02-07T13:21:22.488+0000] {processor.py:157} INFO - Started process (PID=977) to work on /home/airflow/.local/lib/python3.8/site-packages/airflow/example_dags/example_latest_only_with_trigger.py
[2025-02-07T13:21:22.491+0000] {processor.py:829} INFO - Processing file /home/airflow/.local/lib/python3.8/site-packages/airflow/example_dags/example_latest_only_with_trigger.py for tasks to queue
[2025-02-07T13:21:22.493+0000] {logging_mixin.py:154} INFO - [2025-02-07T13:21:22.492+0000] {dagbag.py:536} INFO - Filling up the DagBag from /home/airflow/.local/lib/python3.8/site-packages/airflow/example_dags/example_latest_only_with_trigger.py
[2025-02-07T13:21:22.510+0000] {processor.py:839} INFO - DAG(s) dict_keys(['latest_only_with_trigger']) retrieved from /home/airflow/.local/lib/python3.8/site-packages/airflow/example_dags/example_latest_only_with_trigger.py
[2025-02-07T13:21:22.585+0000] {logging_mixin.py:154} INFO - [2025-02-07T13:21:22.585+0000] {dag.py:2941} INFO - Sync 1 DAGs
[2025-02-07T13:21:22.673+0000] {logging_mixin.py:154} INFO - [2025-02-07T13:21:22.671+0000] {dag.py:3722} INFO - Setting next_dagrun for latest_only_with_trigger to 2025-02-07T09:21:22.670721+00:00, run_after=2025-02-07T13:21:22.670721+00:00
[2025-02-07T13:21:22.735+0000] {processor.py:179} INFO - Processing /home/airflow/.local/lib/python3.8/site-packages/airflow/example_dags/example_latest_only_with_trigger.py took 0.256 seconds
[2025-02-07T13:21:53.799+0000] {processor.py:157} INFO - Started process (PID=1222) to work on /home/airflow/.local/lib/python3.8/site-packages/airflow/example_dags/example_latest_only_with_trigger.py
[2025-02-07T13:21:53.802+0000] {processor.py:829} INFO - Processing file /home/airflow/.local/lib/python3.8/site-packages/airflow/example_dags/example_latest_only_with_trigger.py for tasks to queue
[2025-02-07T13:21:53.804+0000] {logging_mixin.py:154} INFO - [2025-02-07T13:21:53.803+0000] {dagbag.py:536} INFO - Filling up the DagBag from /home/airflow/.local/lib/python3.8/site-packages/airflow/example_dags/example_latest_only_with_trigger.py
[2025-02-07T13:21:53.821+0000] {processor.py:839} INFO - DAG(s) dict_keys(['latest_only_with_trigger']) retrieved from /home/airflow/.local/lib/python3.8/site-packages/airflow/example_dags/example_latest_only_with_trigger.py
[2025-02-07T13:21:53.928+0000] {logging_mixin.py:154} INFO - [2025-02-07T13:21:53.927+0000] {dag.py:2941} INFO - Sync 1 DAGs
[2025-02-07T13:21:53.989+0000] {logging_mixin.py:154} INFO - [2025-02-07T13:21:53.988+0000] {dag.py:3722} INFO - Setting next_dagrun for latest_only_with_trigger to 2025-02-07T09:21:53.987976+00:00, run_after=2025-02-07T13:21:53.987976+00:00
[2025-02-07T13:21:54.046+0000] {processor.py:179} INFO - Processing /home/airflow/.local/lib/python3.8/site-packages/airflow/example_dags/example_latest_only_with_trigger.py took 0.257 seconds
[2025-02-07T13:22:25.220+0000] {processor.py:157} INFO - Started process (PID=1465) to work on /home/airflow/.local/lib/python3.8/site-packages/airflow/example_dags/example_latest_only_with_trigger.py
[2025-02-07T13:22:25.223+0000] {processor.py:829} INFO - Processing file /home/airflow/.local/lib/python3.8/site-packages/airflow/example_dags/example_latest_only_with_trigger.py for tasks to queue
[2025-02-07T13:22:25.226+0000] {logging_mixin.py:154} INFO - [2025-02-07T13:22:25.225+0000] {dagbag.py:536} INFO - Filling up the DagBag from /home/airflow/.local/lib/python3.8/site-packages/airflow/example_dags/example_latest_only_with_trigger.py
[2025-02-07T13:22:25.249+0000] {processor.py:839} INFO - DAG(s) dict_keys(['latest_only_with_trigger']) retrieved from /home/airflow/.local/lib/python3.8/site-packages/airflow/example_dags/example_latest_only_with_trigger.py
[2025-02-07T13:22:25.332+0000] {logging_mixin.py:154} INFO - [2025-02-07T13:22:25.331+0000] {dag.py:2941} INFO - Sync 1 DAGs
[2025-02-07T13:22:25.395+0000] {logging_mixin.py:154} INFO - [2025-02-07T13:22:25.394+0000] {dag.py:3722} INFO - Setting next_dagrun for latest_only_with_trigger to 2025-02-07T09:22:25.393978+00:00, run_after=2025-02-07T13:22:25.393978+00:00
[2025-02-07T13:22:25.451+0000] {processor.py:179} INFO - Processing /home/airflow/.local/lib/python3.8/site-packages/airflow/example_dags/example_latest_only_with_trigger.py took 0.245 seconds
[2025-02-07T13:22:56.337+0000] {processor.py:157} INFO - Started process (PID=1706) to work on /home/airflow/.local/lib/python3.8/site-packages/airflow/example_dags/example_latest_only_with_trigger.py
[2025-02-07T13:22:56.341+0000] {processor.py:829} INFO - Processing file /home/airflow/.local/lib/python3.8/site-packages/airflow/example_dags/example_latest_only_with_trigger.py for tasks to queue
[2025-02-07T13:22:56.346+0000] {logging_mixin.py:154} INFO - [2025-02-07T13:22:56.344+0000] {dagbag.py:536} INFO - Filling up the DagBag from /home/airflow/.local/lib/python3.8/site-packages/airflow/example_dags/example_latest_only_with_trigger.py
[2025-02-07T13:22:56.384+0000] {processor.py:839} INFO - DAG(s) dict_keys(['latest_only_with_trigger']) retrieved from /home/airflow/.local/lib/python3.8/site-packages/airflow/example_dags/example_latest_only_with_trigger.py
[2025-02-07T13:22:56.554+0000] {logging_mixin.py:154} INFO - [2025-02-07T13:22:56.552+0000] {dag.py:2941} INFO - Sync 1 DAGs
[2025-02-07T13:22:56.662+0000] {logging_mixin.py:154} INFO - [2025-02-07T13:22:56.661+0000] {dag.py:3722} INFO - Setting next_dagrun for latest_only_with_trigger to 2025-02-07T09:22:56.659750+00:00, run_after=2025-02-07T13:22:56.659750+00:00
[2025-02-07T13:22:56.738+0000] {processor.py:179} INFO - Processing /home/airflow/.local/lib/python3.8/site-packages/airflow/example_dags/example_latest_only_with_trigger.py took 0.435 seconds
[2025-02-07T13:23:26.898+0000] {processor.py:157} INFO - Started process (PID=1946) to work on /home/airflow/.local/lib/python3.8/site-packages/airflow/example_dags/example_latest_only_with_trigger.py
[2025-02-07T13:23:26.900+0000] {processor.py:829} INFO - Processing file /home/airflow/.local/lib/python3.8/site-packages/airflow/example_dags/example_latest_only_with_trigger.py for tasks to queue
[2025-02-07T13:23:26.902+0000] {logging_mixin.py:154} INFO - [2025-02-07T13:23:26.902+0000] {dagbag.py:536} INFO - Filling up the DagBag from /home/airflow/.local/lib/python3.8/site-packages/airflow/example_dags/example_latest_only_with_trigger.py
[2025-02-07T13:23:26.928+0000] {processor.py:839} INFO - DAG(s) dict_keys(['latest_only_with_trigger']) retrieved from /home/airflow/.local/lib/python3.8/site-packages/airflow/example_dags/example_latest_only_with_trigger.py
[2025-02-07T13:23:27.009+0000] {logging_mixin.py:154} INFO - [2025-02-07T13:23:27.009+0000] {dag.py:2941} INFO - Sync 1 DAGs
[2025-02-07T13:23:27.077+0000] {logging_mixin.py:154} INFO - [2025-02-07T13:23:27.077+0000] {dag.py:3722} INFO - Setting next_dagrun for latest_only_with_trigger to 2025-02-07T09:23:27.076683+00:00, run_after=2025-02-07T13:23:27.076683+00:00
[2025-02-07T13:23:27.150+0000] {processor.py:179} INFO - Processing /home/airflow/.local/lib/python3.8/site-packages/airflow/example_dags/example_latest_only_with_trigger.py took 0.265 seconds
[2025-02-07T13:23:57.286+0000] {processor.py:157} INFO - Started process (PID=2189) to work on /home/airflow/.local/lib/python3.8/site-packages/airflow/example_dags/example_latest_only_with_trigger.py
[2025-02-07T13:23:57.289+0000] {processor.py:829} INFO - Processing file /home/airflow/.local/lib/python3.8/site-packages/airflow/example_dags/example_latest_only_with_trigger.py for tasks to queue
[2025-02-07T13:23:57.291+0000] {logging_mixin.py:154} INFO - [2025-02-07T13:23:57.290+0000] {dagbag.py:536} INFO - Filling up the DagBag from /home/airflow/.local/lib/python3.8/site-packages/airflow/example_dags/example_latest_only_with_trigger.py
[2025-02-07T13:23:57.308+0000] {processor.py:839} INFO - DAG(s) dict_keys(['latest_only_with_trigger']) retrieved from /home/airflow/.local/lib/python3.8/site-packages/airflow/example_dags/example_latest_only_with_trigger.py
[2025-02-07T13:23:57.378+0000] {logging_mixin.py:154} INFO - [2025-02-07T13:23:57.377+0000] {dag.py:2941} INFO - Sync 1 DAGs
[2025-02-07T13:23:57.465+0000] {logging_mixin.py:154} INFO - [2025-02-07T13:23:57.464+0000] {dag.py:3722} INFO - Setting next_dagrun for latest_only_with_trigger to 2025-02-07T09:23:57.464087+00:00, run_after=2025-02-07T13:23:57.464087+00:00
[2025-02-07T13:23:57.517+0000] {processor.py:179} INFO - Processing /home/airflow/.local/lib/python3.8/site-packages/airflow/example_dags/example_latest_only_with_trigger.py took 0.240 seconds
[2025-02-07T13:24:27.813+0000] {processor.py:157} INFO - Started process (PID=2432) to work on /home/airflow/.local/lib/python3.8/site-packages/airflow/example_dags/example_latest_only_with_trigger.py
[2025-02-07T13:24:27.817+0000] {processor.py:829} INFO - Processing file /home/airflow/.local/lib/python3.8/site-packages/airflow/example_dags/example_latest_only_with_trigger.py for tasks to queue
[2025-02-07T13:24:27.819+0000] {logging_mixin.py:154} INFO - [2025-02-07T13:24:27.819+0000] {dagbag.py:536} INFO - Filling up the DagBag from /home/airflow/.local/lib/python3.8/site-packages/airflow/example_dags/example_latest_only_with_trigger.py
[2025-02-07T13:24:27.840+0000] {processor.py:839} INFO - DAG(s) dict_keys(['latest_only_with_trigger']) retrieved from /home/airflow/.local/lib/python3.8/site-packages/airflow/example_dags/example_latest_only_with_trigger.py
[2025-02-07T13:24:27.915+0000] {logging_mixin.py:154} INFO - [2025-02-07T13:24:27.915+0000] {dag.py:2941} INFO - Sync 1 DAGs
[2025-02-07T13:24:27.982+0000] {logging_mixin.py:154} INFO - [2025-02-07T13:24:27.981+0000] {dag.py:3722} INFO - Setting next_dagrun for latest_only_with_trigger to 2025-02-07T09:24:27.980507+00:00, run_after=2025-02-07T13:24:27.980507+00:00
[2025-02-07T13:24:28.040+0000] {processor.py:179} INFO - Processing /home/airflow/.local/lib/python3.8/site-packages/airflow/example_dags/example_latest_only_with_trigger.py took 0.239 seconds
[2025-02-07T13:24:58.435+0000] {processor.py:157} INFO - Started process (PID=2676) to work on /home/airflow/.local/lib/python3.8/site-packages/airflow/example_dags/example_latest_only_with_trigger.py
[2025-02-07T13:24:58.437+0000] {processor.py:829} INFO - Processing file /home/airflow/.local/lib/python3.8/site-packages/airflow/example_dags/example_latest_only_with_trigger.py for tasks to queue
[2025-02-07T13:24:58.439+0000] {logging_mixin.py:154} INFO - [2025-02-07T13:24:58.438+0000] {dagbag.py:536} INFO - Filling up the DagBag from /home/airflow/.local/lib/python3.8/site-packages/airflow/example_dags/example_latest_only_with_trigger.py
[2025-02-07T13:24:58.455+0000] {processor.py:839} INFO - DAG(s) dict_keys(['latest_only_with_trigger']) retrieved from /home/airflow/.local/lib/python3.8/site-packages/airflow/example_dags/example_latest_only_with_trigger.py
[2025-02-07T13:24:58.544+0000] {logging_mixin.py:154} INFO - [2025-02-07T13:24:58.543+0000] {dag.py:2941} INFO - Sync 1 DAGs
[2025-02-07T13:24:58.624+0000] {logging_mixin.py:154} INFO - [2025-02-07T13:24:58.624+0000] {dag.py:3722} INFO - Setting next_dagrun for latest_only_with_trigger to 2025-02-07T09:24:58.623123+00:00, run_after=2025-02-07T13:24:58.623123+00:00
[2025-02-07T13:24:58.702+0000] {processor.py:179} INFO - Processing /home/airflow/.local/lib/python3.8/site-packages/airflow/example_dags/example_latest_only_with_trigger.py took 0.276 seconds
[2025-02-07T13:27:08.213+0000] {processor.py:157} INFO - Started process (PID=246) to work on /home/airflow/.local/lib/python3.8/site-packages/airflow/example_dags/example_latest_only_with_trigger.py
[2025-02-07T13:27:08.214+0000] {processor.py:829} INFO - Processing file /home/airflow/.local/lib/python3.8/site-packages/airflow/example_dags/example_latest_only_with_trigger.py for tasks to queue
[2025-02-07T13:27:08.215+0000] {logging_mixin.py:154} INFO - [2025-02-07T13:27:08.215+0000] {dagbag.py:536} INFO - Filling up the DagBag from /home/airflow/.local/lib/python3.8/site-packages/airflow/example_dags/example_latest_only_with_trigger.py
[2025-02-07T13:27:08.226+0000] {processor.py:839} INFO - DAG(s) dict_keys(['latest_only_with_trigger']) retrieved from /home/airflow/.local/lib/python3.8/site-packages/airflow/example_dags/example_latest_only_with_trigger.py
[2025-02-07T13:27:08.260+0000] {logging_mixin.py:154} INFO - [2025-02-07T13:27:08.260+0000] {dag.py:2941} INFO - Sync 1 DAGs
[2025-02-07T13:27:08.288+0000] {logging_mixin.py:154} INFO - [2025-02-07T13:27:08.287+0000] {dag.py:3722} INFO - Setting next_dagrun for latest_only_with_trigger to 2025-02-07T09:27:08.287366+00:00, run_after=2025-02-07T13:27:08.287366+00:00
[2025-02-07T13:27:08.365+0000] {processor.py:179} INFO - Processing /home/airflow/.local/lib/python3.8/site-packages/airflow/example_dags/example_latest_only_with_trigger.py took 0.157 seconds
[2025-02-07T21:29:11.943+0000] {processor.py:157} INFO - Started process (PID=246) to work on /home/airflow/.local/lib/python3.8/site-packages/airflow/example_dags/example_latest_only_with_trigger.py
[2025-02-07T21:29:11.945+0000] {processor.py:829} INFO - Processing file /home/airflow/.local/lib/python3.8/site-packages/airflow/example_dags/example_latest_only_with_trigger.py for tasks to queue
[2025-02-07T21:29:11.950+0000] {logging_mixin.py:154} INFO - [2025-02-07T21:29:11.949+0000] {dagbag.py:536} INFO - Filling up the DagBag from /home/airflow/.local/lib/python3.8/site-packages/airflow/example_dags/example_latest_only_with_trigger.py
[2025-02-07T21:29:11.989+0000] {processor.py:839} INFO - DAG(s) dict_keys(['latest_only_with_trigger']) retrieved from /home/airflow/.local/lib/python3.8/site-packages/airflow/example_dags/example_latest_only_with_trigger.py
[2025-02-07T21:29:12.085+0000] {logging_mixin.py:154} INFO - [2025-02-07T21:29:12.084+0000] {dag.py:2941} INFO - Sync 1 DAGs
[2025-02-07T21:29:12.188+0000] {logging_mixin.py:154} INFO - [2025-02-07T21:29:12.187+0000] {dag.py:3722} INFO - Setting next_dagrun for latest_only_with_trigger to 2025-02-07T17:29:12.186958+00:00, run_after=2025-02-07T21:29:12.186958+00:00
[2025-02-07T21:29:12.439+0000] {processor.py:179} INFO - Processing /home/airflow/.local/lib/python3.8/site-packages/airflow/example_dags/example_latest_only_with_trigger.py took 0.514 seconds
[2025-02-07T21:29:43.414+0000] {processor.py:157} INFO - Started process (PID=489) to work on /home/airflow/.local/lib/python3.8/site-packages/airflow/example_dags/example_latest_only_with_trigger.py
[2025-02-07T21:29:43.415+0000] {processor.py:829} INFO - Processing file /home/airflow/.local/lib/python3.8/site-packages/airflow/example_dags/example_latest_only_with_trigger.py for tasks to queue
[2025-02-07T21:29:43.418+0000] {logging_mixin.py:154} INFO - [2025-02-07T21:29:43.417+0000] {dagbag.py:536} INFO - Filling up the DagBag from /home/airflow/.local/lib/python3.8/site-packages/airflow/example_dags/example_latest_only_with_trigger.py
[2025-02-07T21:29:43.452+0000] {processor.py:839} INFO - DAG(s) dict_keys(['latest_only_with_trigger']) retrieved from /home/airflow/.local/lib/python3.8/site-packages/airflow/example_dags/example_latest_only_with_trigger.py
[2025-02-07T21:29:43.566+0000] {logging_mixin.py:154} INFO - [2025-02-07T21:29:43.564+0000] {dag.py:2941} INFO - Sync 1 DAGs
[2025-02-07T21:29:43.636+0000] {logging_mixin.py:154} INFO - [2025-02-07T21:29:43.635+0000] {dag.py:3722} INFO - Setting next_dagrun for latest_only_with_trigger to 2025-02-07T17:29:43.635008+00:00, run_after=2025-02-07T21:29:43.635008+00:00
[2025-02-07T21:29:43.690+0000] {processor.py:179} INFO - Processing /home/airflow/.local/lib/python3.8/site-packages/airflow/example_dags/example_latest_only_with_trigger.py took 0.287 seconds
