[2025-02-07T13:19:51.674+0000] {processor.py:157} INFO - Started process (PID=285) to work on /home/airflow/.local/lib/python3.8/site-packages/airflow/example_dags/example_sensor_decorator.py
[2025-02-07T13:19:51.677+0000] {processor.py:829} INFO - Processing file /home/airflow/.local/lib/python3.8/site-packages/airflow/example_dags/example_sensor_decorator.py for tasks to queue
[2025-02-07T13:19:51.679+0000] {logging_mixin.py:154} INFO - [2025-02-07T13:19:51.678+0000] {dagbag.py:536} INFO - Filling up the DagBag from /home/airflow/.local/lib/python3.8/site-packages/airflow/example_dags/example_sensor_decorator.py
[2025-02-07T13:19:51.731+0000] {processor.py:839} INFO - DAG(s) dict_keys(['example_sensor_decorator']) retrieved from /home/airflow/.local/lib/python3.8/site-packages/airflow/example_dags/example_sensor_decorator.py
[2025-02-07T13:19:51.837+0000] {logging_mixin.py:154} INFO - [2025-02-07T13:19:51.836+0000] {dag.py:2941} INFO - Sync 1 DAGs
[2025-02-07T13:19:51.873+0000] {logging_mixin.py:154} INFO - [2025-02-07T13:19:51.873+0000] {dag.py:3722} INFO - Setting next_dagrun for example_sensor_decorator to None, run_after=None
[2025-02-07T13:19:51.923+0000] {processor.py:179} INFO - Processing /home/airflow/.local/lib/python3.8/site-packages/airflow/example_dags/example_sensor_decorator.py took 0.259 seconds
[2025-02-07T13:20:22.144+0000] {processor.py:157} INFO - Started process (PID=526) to work on /home/airflow/.local/lib/python3.8/site-packages/airflow/example_dags/example_sensor_decorator.py
[2025-02-07T13:20:22.146+0000] {processor.py:829} INFO - Processing file /home/airflow/.local/lib/python3.8/site-packages/airflow/example_dags/example_sensor_decorator.py for tasks to queue
[2025-02-07T13:20:22.149+0000] {logging_mixin.py:154} INFO - [2025-02-07T13:20:22.148+0000] {dagbag.py:536} INFO - Filling up the DagBag from /home/airflow/.local/lib/python3.8/site-packages/airflow/example_dags/example_sensor_decorator.py
[2025-02-07T13:20:22.166+0000] {processor.py:839} INFO - DAG(s) dict_keys(['example_sensor_decorator']) retrieved from /home/airflow/.local/lib/python3.8/site-packages/airflow/example_dags/example_sensor_decorator.py
[2025-02-07T13:20:22.229+0000] {logging_mixin.py:154} INFO - [2025-02-07T13:20:22.229+0000] {dag.py:2941} INFO - Sync 1 DAGs
[2025-02-07T13:20:22.270+0000] {logging_mixin.py:154} INFO - [2025-02-07T13:20:22.269+0000] {dag.py:3722} INFO - Setting next_dagrun for example_sensor_decorator to None, run_after=None
[2025-02-07T13:20:22.321+0000] {processor.py:179} INFO - Processing /home/airflow/.local/lib/python3.8/site-packages/airflow/example_dags/example_sensor_decorator.py took 0.189 seconds
[2025-02-07T13:20:52.492+0000] {processor.py:157} INFO - Started process (PID=769) to work on /home/airflow/.local/lib/python3.8/site-packages/airflow/example_dags/example_sensor_decorator.py
[2025-02-07T13:20:52.495+0000] {processor.py:829} INFO - Processing file /home/airflow/.local/lib/python3.8/site-packages/airflow/example_dags/example_sensor_decorator.py for tasks to queue
[2025-02-07T13:20:52.498+0000] {logging_mixin.py:154} INFO - [2025-02-07T13:20:52.497+0000] {dagbag.py:536} INFO - Filling up the DagBag from /home/airflow/.local/lib/python3.8/site-packages/airflow/example_dags/example_sensor_decorator.py
[2025-02-07T13:20:52.518+0000] {processor.py:839} INFO - DAG(s) dict_keys(['example_sensor_decorator']) retrieved from /home/airflow/.local/lib/python3.8/site-packages/airflow/example_dags/example_sensor_decorator.py
[2025-02-07T13:20:52.592+0000] {logging_mixin.py:154} INFO - [2025-02-07T13:20:52.592+0000] {dag.py:2941} INFO - Sync 1 DAGs
[2025-02-07T13:20:52.629+0000] {logging_mixin.py:154} INFO - [2025-02-07T13:20:52.628+0000] {dag.py:3722} INFO - Setting next_dagrun for example_sensor_decorator to None, run_after=None
[2025-02-07T13:20:52.682+0000] {processor.py:179} INFO - Processing /home/airflow/.local/lib/python3.8/site-packages/airflow/example_dags/example_sensor_decorator.py took 0.199 seconds
[2025-02-07T13:21:23.565+0000] {processor.py:157} INFO - Started process (PID=1012) to work on /home/airflow/.local/lib/python3.8/site-packages/airflow/example_dags/example_sensor_decorator.py
[2025-02-07T13:21:23.568+0000] {processor.py:829} INFO - Processing file /home/airflow/.local/lib/python3.8/site-packages/airflow/example_dags/example_sensor_decorator.py for tasks to queue
[2025-02-07T13:21:23.570+0000] {logging_mixin.py:154} INFO - [2025-02-07T13:21:23.569+0000] {dagbag.py:536} INFO - Filling up the DagBag from /home/airflow/.local/lib/python3.8/site-packages/airflow/example_dags/example_sensor_decorator.py
[2025-02-07T13:21:23.590+0000] {processor.py:839} INFO - DAG(s) dict_keys(['example_sensor_decorator']) retrieved from /home/airflow/.local/lib/python3.8/site-packages/airflow/example_dags/example_sensor_decorator.py
[2025-02-07T13:21:23.661+0000] {logging_mixin.py:154} INFO - [2025-02-07T13:21:23.660+0000] {dag.py:2941} INFO - Sync 1 DAGs
[2025-02-07T13:21:23.705+0000] {logging_mixin.py:154} INFO - [2025-02-07T13:21:23.704+0000] {dag.py:3722} INFO - Setting next_dagrun for example_sensor_decorator to None, run_after=None
[2025-02-07T13:21:23.757+0000] {processor.py:179} INFO - Processing /home/airflow/.local/lib/python3.8/site-packages/airflow/example_dags/example_sensor_decorator.py took 0.203 seconds
[2025-02-07T13:21:55.126+0000] {processor.py:157} INFO - Started process (PID=1255) to work on /home/airflow/.local/lib/python3.8/site-packages/airflow/example_dags/example_sensor_decorator.py
[2025-02-07T13:21:55.129+0000] {processor.py:829} INFO - Processing file /home/airflow/.local/lib/python3.8/site-packages/airflow/example_dags/example_sensor_decorator.py for tasks to queue
[2025-02-07T13:21:55.131+0000] {logging_mixin.py:154} INFO - [2025-02-07T13:21:55.130+0000] {dagbag.py:536} INFO - Filling up the DagBag from /home/airflow/.local/lib/python3.8/site-packages/airflow/example_dags/example_sensor_decorator.py
[2025-02-07T13:21:55.152+0000] {processor.py:839} INFO - DAG(s) dict_keys(['example_sensor_decorator']) retrieved from /home/airflow/.local/lib/python3.8/site-packages/airflow/example_dags/example_sensor_decorator.py
[2025-02-07T13:21:55.209+0000] {logging_mixin.py:154} INFO - [2025-02-07T13:21:55.209+0000] {dag.py:2941} INFO - Sync 1 DAGs
[2025-02-07T13:21:55.244+0000] {logging_mixin.py:154} INFO - [2025-02-07T13:21:55.244+0000] {dag.py:3722} INFO - Setting next_dagrun for example_sensor_decorator to None, run_after=None
[2025-02-07T13:21:55.299+0000] {processor.py:179} INFO - Processing /home/airflow/.local/lib/python3.8/site-packages/airflow/example_dags/example_sensor_decorator.py took 0.183 seconds
[2025-02-07T13:22:26.768+0000] {processor.py:157} INFO - Started process (PID=1498) to work on /home/airflow/.local/lib/python3.8/site-packages/airflow/example_dags/example_sensor_decorator.py
[2025-02-07T13:22:26.771+0000] {processor.py:829} INFO - Processing file /home/airflow/.local/lib/python3.8/site-packages/airflow/example_dags/example_sensor_decorator.py for tasks to queue
[2025-02-07T13:22:26.774+0000] {logging_mixin.py:154} INFO - [2025-02-07T13:22:26.773+0000] {dagbag.py:536} INFO - Filling up the DagBag from /home/airflow/.local/lib/python3.8/site-packages/airflow/example_dags/example_sensor_decorator.py
[2025-02-07T13:22:26.796+0000] {processor.py:839} INFO - DAG(s) dict_keys(['example_sensor_decorator']) retrieved from /home/airflow/.local/lib/python3.8/site-packages/airflow/example_dags/example_sensor_decorator.py
[2025-02-07T13:22:26.870+0000] {logging_mixin.py:154} INFO - [2025-02-07T13:22:26.870+0000] {dag.py:2941} INFO - Sync 1 DAGs
[2025-02-07T13:22:26.914+0000] {logging_mixin.py:154} INFO - [2025-02-07T13:22:26.912+0000] {dag.py:3722} INFO - Setting next_dagrun for example_sensor_decorator to None, run_after=None
[2025-02-07T13:22:26.977+0000] {processor.py:179} INFO - Processing /home/airflow/.local/lib/python3.8/site-packages/airflow/example_dags/example_sensor_decorator.py took 0.221 seconds
[2025-02-07T13:22:58.284+0000] {processor.py:157} INFO - Started process (PID=1741) to work on /home/airflow/.local/lib/python3.8/site-packages/airflow/example_dags/example_sensor_decorator.py
[2025-02-07T13:22:58.288+0000] {processor.py:829} INFO - Processing file /home/airflow/.local/lib/python3.8/site-packages/airflow/example_dags/example_sensor_decorator.py for tasks to queue
[2025-02-07T13:22:58.297+0000] {logging_mixin.py:154} INFO - [2025-02-07T13:22:58.296+0000] {dagbag.py:536} INFO - Filling up the DagBag from /home/airflow/.local/lib/python3.8/site-packages/airflow/example_dags/example_sensor_decorator.py
[2025-02-07T13:22:58.335+0000] {processor.py:839} INFO - DAG(s) dict_keys(['example_sensor_decorator']) retrieved from /home/airflow/.local/lib/python3.8/site-packages/airflow/example_dags/example_sensor_decorator.py
[2025-02-07T13:22:58.426+0000] {logging_mixin.py:154} INFO - [2025-02-07T13:22:58.425+0000] {dag.py:2941} INFO - Sync 1 DAGs
[2025-02-07T13:22:58.468+0000] {logging_mixin.py:154} INFO - [2025-02-07T13:22:58.467+0000] {dag.py:3722} INFO - Setting next_dagrun for example_sensor_decorator to None, run_after=None
[2025-02-07T13:22:58.531+0000] {processor.py:179} INFO - Processing /home/airflow/.local/lib/python3.8/site-packages/airflow/example_dags/example_sensor_decorator.py took 0.265 seconds
[2025-02-07T13:23:28.884+0000] {processor.py:157} INFO - Started process (PID=1984) to work on /home/airflow/.local/lib/python3.8/site-packages/airflow/example_dags/example_sensor_decorator.py
[2025-02-07T13:23:28.887+0000] {processor.py:829} INFO - Processing file /home/airflow/.local/lib/python3.8/site-packages/airflow/example_dags/example_sensor_decorator.py for tasks to queue
[2025-02-07T13:23:28.889+0000] {logging_mixin.py:154} INFO - [2025-02-07T13:23:28.889+0000] {dagbag.py:536} INFO - Filling up the DagBag from /home/airflow/.local/lib/python3.8/site-packages/airflow/example_dags/example_sensor_decorator.py
[2025-02-07T13:23:28.912+0000] {processor.py:839} INFO - DAG(s) dict_keys(['example_sensor_decorator']) retrieved from /home/airflow/.local/lib/python3.8/site-packages/airflow/example_dags/example_sensor_decorator.py
[2025-02-07T13:23:28.987+0000] {logging_mixin.py:154} INFO - [2025-02-07T13:23:28.986+0000] {dag.py:2941} INFO - Sync 1 DAGs
[2025-02-07T13:23:29.029+0000] {logging_mixin.py:154} INFO - [2025-02-07T13:23:29.028+0000] {dag.py:3722} INFO - Setting next_dagrun for example_sensor_decorator to None, run_after=None
[2025-02-07T13:23:29.086+0000] {processor.py:179} INFO - Processing /home/airflow/.local/lib/python3.8/site-packages/airflow/example_dags/example_sensor_decorator.py took 0.216 seconds
[2025-02-07T13:24:00.182+0000] {processor.py:157} INFO - Started process (PID=2227) to work on /home/airflow/.local/lib/python3.8/site-packages/airflow/example_dags/example_sensor_decorator.py
[2025-02-07T13:24:00.185+0000] {processor.py:829} INFO - Processing file /home/airflow/.local/lib/python3.8/site-packages/airflow/example_dags/example_sensor_decorator.py for tasks to queue
[2025-02-07T13:24:00.187+0000] {logging_mixin.py:154} INFO - [2025-02-07T13:24:00.186+0000] {dagbag.py:536} INFO - Filling up the DagBag from /home/airflow/.local/lib/python3.8/site-packages/airflow/example_dags/example_sensor_decorator.py
[2025-02-07T13:24:00.206+0000] {processor.py:839} INFO - DAG(s) dict_keys(['example_sensor_decorator']) retrieved from /home/airflow/.local/lib/python3.8/site-packages/airflow/example_dags/example_sensor_decorator.py
[2025-02-07T13:24:00.273+0000] {logging_mixin.py:154} INFO - [2025-02-07T13:24:00.272+0000] {dag.py:2941} INFO - Sync 1 DAGs
[2025-02-07T13:24:00.312+0000] {logging_mixin.py:154} INFO - [2025-02-07T13:24:00.312+0000] {dag.py:3722} INFO - Setting next_dagrun for example_sensor_decorator to None, run_after=None
[2025-02-07T13:24:00.369+0000] {processor.py:179} INFO - Processing /home/airflow/.local/lib/python3.8/site-packages/airflow/example_dags/example_sensor_decorator.py took 0.197 seconds
[2025-02-07T13:24:31.296+0000] {processor.py:157} INFO - Started process (PID=2470) to work on /home/airflow/.local/lib/python3.8/site-packages/airflow/example_dags/example_sensor_decorator.py
[2025-02-07T13:24:31.299+0000] {processor.py:829} INFO - Processing file /home/airflow/.local/lib/python3.8/site-packages/airflow/example_dags/example_sensor_decorator.py for tasks to queue
[2025-02-07T13:24:31.301+0000] {logging_mixin.py:154} INFO - [2025-02-07T13:24:31.300+0000] {dagbag.py:536} INFO - Filling up the DagBag from /home/airflow/.local/lib/python3.8/site-packages/airflow/example_dags/example_sensor_decorator.py
[2025-02-07T13:24:31.317+0000] {processor.py:839} INFO - DAG(s) dict_keys(['example_sensor_decorator']) retrieved from /home/airflow/.local/lib/python3.8/site-packages/airflow/example_dags/example_sensor_decorator.py
[2025-02-07T13:24:31.380+0000] {logging_mixin.py:154} INFO - [2025-02-07T13:24:31.379+0000] {dag.py:2941} INFO - Sync 1 DAGs
[2025-02-07T13:24:31.428+0000] {logging_mixin.py:154} INFO - [2025-02-07T13:24:31.427+0000] {dag.py:3722} INFO - Setting next_dagrun for example_sensor_decorator to None, run_after=None
[2025-02-07T13:24:31.476+0000] {processor.py:179} INFO - Processing /home/airflow/.local/lib/python3.8/site-packages/airflow/example_dags/example_sensor_decorator.py took 0.190 seconds
[2025-02-07T13:25:01.901+0000] {processor.py:157} INFO - Started process (PID=2714) to work on /home/airflow/.local/lib/python3.8/site-packages/airflow/example_dags/example_sensor_decorator.py
[2025-02-07T13:25:01.904+0000] {processor.py:829} INFO - Processing file /home/airflow/.local/lib/python3.8/site-packages/airflow/example_dags/example_sensor_decorator.py for tasks to queue
[2025-02-07T13:25:01.906+0000] {logging_mixin.py:154} INFO - [2025-02-07T13:25:01.905+0000] {dagbag.py:536} INFO - Filling up the DagBag from /home/airflow/.local/lib/python3.8/site-packages/airflow/example_dags/example_sensor_decorator.py
[2025-02-07T13:25:01.923+0000] {processor.py:839} INFO - DAG(s) dict_keys(['example_sensor_decorator']) retrieved from /home/airflow/.local/lib/python3.8/site-packages/airflow/example_dags/example_sensor_decorator.py
[2025-02-07T13:25:02.003+0000] {logging_mixin.py:154} INFO - [2025-02-07T13:25:02.002+0000] {dag.py:2941} INFO - Sync 1 DAGs
[2025-02-07T13:25:02.050+0000] {logging_mixin.py:154} INFO - [2025-02-07T13:25:02.049+0000] {dag.py:3722} INFO - Setting next_dagrun for example_sensor_decorator to None, run_after=None
[2025-02-07T13:25:02.123+0000] {processor.py:179} INFO - Processing /home/airflow/.local/lib/python3.8/site-packages/airflow/example_dags/example_sensor_decorator.py took 0.231 seconds
[2025-02-07T13:27:08.877+0000] {processor.py:157} INFO - Started process (PID=281) to work on /home/airflow/.local/lib/python3.8/site-packages/airflow/example_dags/example_sensor_decorator.py
[2025-02-07T13:27:08.879+0000] {processor.py:829} INFO - Processing file /home/airflow/.local/lib/python3.8/site-packages/airflow/example_dags/example_sensor_decorator.py for tasks to queue
[2025-02-07T13:27:08.884+0000] {logging_mixin.py:154} INFO - [2025-02-07T13:27:08.880+0000] {dagbag.py:536} INFO - Filling up the DagBag from /home/airflow/.local/lib/python3.8/site-packages/airflow/example_dags/example_sensor_decorator.py
[2025-02-07T13:27:08.911+0000] {processor.py:839} INFO - DAG(s) dict_keys(['example_sensor_decorator']) retrieved from /home/airflow/.local/lib/python3.8/site-packages/airflow/example_dags/example_sensor_decorator.py
[2025-02-07T13:27:08.946+0000] {logging_mixin.py:154} INFO - [2025-02-07T13:27:08.945+0000] {dag.py:2941} INFO - Sync 1 DAGs
[2025-02-07T13:27:08.965+0000] {logging_mixin.py:154} INFO - [2025-02-07T13:27:08.965+0000] {dag.py:3722} INFO - Setting next_dagrun for example_sensor_decorator to None, run_after=None
[2025-02-07T13:27:08.991+0000] {processor.py:179} INFO - Processing /home/airflow/.local/lib/python3.8/site-packages/airflow/example_dags/example_sensor_decorator.py took 0.126 seconds
[2025-02-07T21:29:14.013+0000] {processor.py:157} INFO - Started process (PID=281) to work on /home/airflow/.local/lib/python3.8/site-packages/airflow/example_dags/example_sensor_decorator.py
[2025-02-07T21:29:14.021+0000] {processor.py:829} INFO - Processing file /home/airflow/.local/lib/python3.8/site-packages/airflow/example_dags/example_sensor_decorator.py for tasks to queue
[2025-02-07T21:29:14.023+0000] {logging_mixin.py:154} INFO - [2025-02-07T21:29:14.023+0000] {dagbag.py:536} INFO - Filling up the DagBag from /home/airflow/.local/lib/python3.8/site-packages/airflow/example_dags/example_sensor_decorator.py
[2025-02-07T21:29:14.061+0000] {processor.py:839} INFO - DAG(s) dict_keys(['example_sensor_decorator']) retrieved from /home/airflow/.local/lib/python3.8/site-packages/airflow/example_dags/example_sensor_decorator.py
[2025-02-07T21:29:14.188+0000] {logging_mixin.py:154} INFO - [2025-02-07T21:29:14.188+0000] {dag.py:2941} INFO - Sync 1 DAGs
[2025-02-07T21:29:14.272+0000] {logging_mixin.py:154} INFO - [2025-02-07T21:29:14.269+0000] {dag.py:3722} INFO - Setting next_dagrun for example_sensor_decorator to None, run_after=None
[2025-02-07T21:29:14.369+0000] {processor.py:179} INFO - Processing /home/airflow/.local/lib/python3.8/site-packages/airflow/example_dags/example_sensor_decorator.py took 0.378 seconds
[2025-02-07T21:29:44.770+0000] {processor.py:157} INFO - Started process (PID=524) to work on /home/airflow/.local/lib/python3.8/site-packages/airflow/example_dags/example_sensor_decorator.py
[2025-02-07T21:29:44.773+0000] {processor.py:829} INFO - Processing file /home/airflow/.local/lib/python3.8/site-packages/airflow/example_dags/example_sensor_decorator.py for tasks to queue
[2025-02-07T21:29:44.776+0000] {logging_mixin.py:154} INFO - [2025-02-07T21:29:44.774+0000] {dagbag.py:536} INFO - Filling up the DagBag from /home/airflow/.local/lib/python3.8/site-packages/airflow/example_dags/example_sensor_decorator.py
[2025-02-07T21:29:44.792+0000] {processor.py:839} INFO - DAG(s) dict_keys(['example_sensor_decorator']) retrieved from /home/airflow/.local/lib/python3.8/site-packages/airflow/example_dags/example_sensor_decorator.py
[2025-02-07T21:29:44.850+0000] {logging_mixin.py:154} INFO - [2025-02-07T21:29:44.850+0000] {dag.py:2941} INFO - Sync 1 DAGs
[2025-02-07T21:29:44.885+0000] {logging_mixin.py:154} INFO - [2025-02-07T21:29:44.885+0000] {dag.py:3722} INFO - Setting next_dagrun for example_sensor_decorator to None, run_after=None
[2025-02-07T21:29:44.935+0000] {processor.py:179} INFO - Processing /home/airflow/.local/lib/python3.8/site-packages/airflow/example_dags/example_sensor_decorator.py took 0.175 seconds
