[2025-02-07T13:19:48.748+0000] {processor.py:157} INFO - Started process (PID=238) to work on /home/airflow/.local/lib/python3.8/site-packages/airflow/example_dags/example_python_operator.py
[2025-02-07T13:19:48.751+0000] {processor.py:829} INFO - Processing file /home/airflow/.local/lib/python3.8/site-packages/airflow/example_dags/example_python_operator.py for tasks to queue
[2025-02-07T13:19:48.753+0000] {logging_mixin.py:154} INFO - [2025-02-07T13:19:48.752+0000] {dagbag.py:536} INFO - Filling up the DagBag from /home/airflow/.local/lib/python3.8/site-packages/airflow/example_dags/example_python_operator.py
[2025-02-07T13:19:48.797+0000] {processor.py:839} INFO - DAG(s) dict_keys(['example_python_operator']) retrieved from /home/airflow/.local/lib/python3.8/site-packages/airflow/example_dags/example_python_operator.py
[2025-02-07T13:19:49.246+0000] {logging_mixin.py:154} INFO - [2025-02-07T13:19:49.246+0000] {dag.py:2941} INFO - Sync 1 DAGs
[2025-02-07T13:19:49.280+0000] {logging_mixin.py:154} INFO - [2025-02-07T13:19:49.279+0000] {dag.py:3722} INFO - Setting next_dagrun for example_python_operator to None, run_after=None
[2025-02-07T13:19:49.331+0000] {processor.py:179} INFO - Processing /home/airflow/.local/lib/python3.8/site-packages/airflow/example_dags/example_python_operator.py took 0.596 seconds
[2025-02-07T13:20:20.429+0000] {processor.py:157} INFO - Started process (PID=481) to work on /home/airflow/.local/lib/python3.8/site-packages/airflow/example_dags/example_python_operator.py
[2025-02-07T13:20:20.434+0000] {processor.py:829} INFO - Processing file /home/airflow/.local/lib/python3.8/site-packages/airflow/example_dags/example_python_operator.py for tasks to queue
[2025-02-07T13:20:20.436+0000] {logging_mixin.py:154} INFO - [2025-02-07T13:20:20.435+0000] {dagbag.py:536} INFO - Filling up the DagBag from /home/airflow/.local/lib/python3.8/site-packages/airflow/example_dags/example_python_operator.py
[2025-02-07T13:20:20.468+0000] {processor.py:839} INFO - DAG(s) dict_keys(['example_python_operator']) retrieved from /home/airflow/.local/lib/python3.8/site-packages/airflow/example_dags/example_python_operator.py
[2025-02-07T13:20:20.533+0000] {logging_mixin.py:154} INFO - [2025-02-07T13:20:20.533+0000] {dag.py:2941} INFO - Sync 1 DAGs
[2025-02-07T13:20:20.575+0000] {logging_mixin.py:154} INFO - [2025-02-07T13:20:20.574+0000] {dag.py:3722} INFO - Setting next_dagrun for example_python_operator to None, run_after=None
[2025-02-07T13:20:20.694+0000] {processor.py:179} INFO - Processing /home/airflow/.local/lib/python3.8/site-packages/airflow/example_dags/example_python_operator.py took 0.277 seconds
[2025-02-07T13:20:51.044+0000] {processor.py:157} INFO - Started process (PID=726) to work on /home/airflow/.local/lib/python3.8/site-packages/airflow/example_dags/example_python_operator.py
[2025-02-07T13:20:51.047+0000] {processor.py:829} INFO - Processing file /home/airflow/.local/lib/python3.8/site-packages/airflow/example_dags/example_python_operator.py for tasks to queue
[2025-02-07T13:20:51.049+0000] {logging_mixin.py:154} INFO - [2025-02-07T13:20:51.048+0000] {dagbag.py:536} INFO - Filling up the DagBag from /home/airflow/.local/lib/python3.8/site-packages/airflow/example_dags/example_python_operator.py
[2025-02-07T13:20:51.080+0000] {processor.py:839} INFO - DAG(s) dict_keys(['example_python_operator']) retrieved from /home/airflow/.local/lib/python3.8/site-packages/airflow/example_dags/example_python_operator.py
[2025-02-07T13:20:51.155+0000] {logging_mixin.py:154} INFO - [2025-02-07T13:20:51.154+0000] {dag.py:2941} INFO - Sync 1 DAGs
[2025-02-07T13:20:51.194+0000] {logging_mixin.py:154} INFO - [2025-02-07T13:20:51.193+0000] {dag.py:3722} INFO - Setting next_dagrun for example_python_operator to None, run_after=None
[2025-02-07T13:20:51.247+0000] {processor.py:179} INFO - Processing /home/airflow/.local/lib/python3.8/site-packages/airflow/example_dags/example_python_operator.py took 0.212 seconds
[2025-02-07T13:21:22.194+0000] {processor.py:157} INFO - Started process (PID=967) to work on /home/airflow/.local/lib/python3.8/site-packages/airflow/example_dags/example_python_operator.py
[2025-02-07T13:21:22.197+0000] {processor.py:829} INFO - Processing file /home/airflow/.local/lib/python3.8/site-packages/airflow/example_dags/example_python_operator.py for tasks to queue
[2025-02-07T13:21:22.199+0000] {logging_mixin.py:154} INFO - [2025-02-07T13:21:22.198+0000] {dagbag.py:536} INFO - Filling up the DagBag from /home/airflow/.local/lib/python3.8/site-packages/airflow/example_dags/example_python_operator.py
[2025-02-07T13:21:22.233+0000] {processor.py:839} INFO - DAG(s) dict_keys(['example_python_operator']) retrieved from /home/airflow/.local/lib/python3.8/site-packages/airflow/example_dags/example_python_operator.py
[2025-02-07T13:21:22.301+0000] {logging_mixin.py:154} INFO - [2025-02-07T13:21:22.300+0000] {dag.py:2941} INFO - Sync 1 DAGs
[2025-02-07T13:21:22.342+0000] {logging_mixin.py:154} INFO - [2025-02-07T13:21:22.340+0000] {dag.py:3722} INFO - Setting next_dagrun for example_python_operator to None, run_after=None
[2025-02-07T13:21:22.411+0000] {processor.py:179} INFO - Processing /home/airflow/.local/lib/python3.8/site-packages/airflow/example_dags/example_python_operator.py took 0.230 seconds
[2025-02-07T13:21:53.508+0000] {processor.py:157} INFO - Started process (PID=1212) to work on /home/airflow/.local/lib/python3.8/site-packages/airflow/example_dags/example_python_operator.py
[2025-02-07T13:21:53.511+0000] {processor.py:829} INFO - Processing file /home/airflow/.local/lib/python3.8/site-packages/airflow/example_dags/example_python_operator.py for tasks to queue
[2025-02-07T13:21:53.513+0000] {logging_mixin.py:154} INFO - [2025-02-07T13:21:53.512+0000] {dagbag.py:536} INFO - Filling up the DagBag from /home/airflow/.local/lib/python3.8/site-packages/airflow/example_dags/example_python_operator.py
[2025-02-07T13:21:53.548+0000] {processor.py:839} INFO - DAG(s) dict_keys(['example_python_operator']) retrieved from /home/airflow/.local/lib/python3.8/site-packages/airflow/example_dags/example_python_operator.py
[2025-02-07T13:21:53.626+0000] {logging_mixin.py:154} INFO - [2025-02-07T13:21:53.625+0000] {dag.py:2941} INFO - Sync 1 DAGs
[2025-02-07T13:21:53.667+0000] {logging_mixin.py:154} INFO - [2025-02-07T13:21:53.667+0000] {dag.py:3722} INFO - Setting next_dagrun for example_python_operator to None, run_after=None
[2025-02-07T13:21:53.723+0000] {processor.py:179} INFO - Processing /home/airflow/.local/lib/python3.8/site-packages/airflow/example_dags/example_python_operator.py took 0.225 seconds
[2025-02-07T13:22:24.640+0000] {processor.py:157} INFO - Started process (PID=1453) to work on /home/airflow/.local/lib/python3.8/site-packages/airflow/example_dags/example_python_operator.py
[2025-02-07T13:22:24.643+0000] {processor.py:829} INFO - Processing file /home/airflow/.local/lib/python3.8/site-packages/airflow/example_dags/example_python_operator.py for tasks to queue
[2025-02-07T13:22:24.645+0000] {logging_mixin.py:154} INFO - [2025-02-07T13:22:24.644+0000] {dagbag.py:536} INFO - Filling up the DagBag from /home/airflow/.local/lib/python3.8/site-packages/airflow/example_dags/example_python_operator.py
[2025-02-07T13:22:24.684+0000] {processor.py:839} INFO - DAG(s) dict_keys(['example_python_operator']) retrieved from /home/airflow/.local/lib/python3.8/site-packages/airflow/example_dags/example_python_operator.py
[2025-02-07T13:22:24.758+0000] {logging_mixin.py:154} INFO - [2025-02-07T13:22:24.757+0000] {dag.py:2941} INFO - Sync 1 DAGs
[2025-02-07T13:22:24.795+0000] {logging_mixin.py:154} INFO - [2025-02-07T13:22:24.795+0000] {dag.py:3722} INFO - Setting next_dagrun for example_python_operator to None, run_after=None
[2025-02-07T13:22:24.859+0000] {processor.py:179} INFO - Processing /home/airflow/.local/lib/python3.8/site-packages/airflow/example_dags/example_python_operator.py took 0.230 seconds
[2025-02-07T13:22:55.244+0000] {processor.py:157} INFO - Started process (PID=1696) to work on /home/airflow/.local/lib/python3.8/site-packages/airflow/example_dags/example_python_operator.py
[2025-02-07T13:22:55.247+0000] {processor.py:829} INFO - Processing file /home/airflow/.local/lib/python3.8/site-packages/airflow/example_dags/example_python_operator.py for tasks to queue
[2025-02-07T13:22:55.250+0000] {logging_mixin.py:154} INFO - [2025-02-07T13:22:55.249+0000] {dagbag.py:536} INFO - Filling up the DagBag from /home/airflow/.local/lib/python3.8/site-packages/airflow/example_dags/example_python_operator.py
[2025-02-07T13:22:55.298+0000] {processor.py:839} INFO - DAG(s) dict_keys(['example_python_operator']) retrieved from /home/airflow/.local/lib/python3.8/site-packages/airflow/example_dags/example_python_operator.py
[2025-02-07T13:22:55.451+0000] {logging_mixin.py:154} INFO - [2025-02-07T13:22:55.446+0000] {dag.py:2941} INFO - Sync 1 DAGs
[2025-02-07T13:22:55.500+0000] {logging_mixin.py:154} INFO - [2025-02-07T13:22:55.499+0000] {dag.py:3722} INFO - Setting next_dagrun for example_python_operator to None, run_after=None
[2025-02-07T13:22:55.564+0000] {processor.py:179} INFO - Processing /home/airflow/.local/lib/python3.8/site-packages/airflow/example_dags/example_python_operator.py took 0.331 seconds
[2025-02-07T13:23:26.568+0000] {processor.py:157} INFO - Started process (PID=1936) to work on /home/airflow/.local/lib/python3.8/site-packages/airflow/example_dags/example_python_operator.py
[2025-02-07T13:23:26.571+0000] {processor.py:829} INFO - Processing file /home/airflow/.local/lib/python3.8/site-packages/airflow/example_dags/example_python_operator.py for tasks to queue
[2025-02-07T13:23:26.574+0000] {logging_mixin.py:154} INFO - [2025-02-07T13:23:26.573+0000] {dagbag.py:536} INFO - Filling up the DagBag from /home/airflow/.local/lib/python3.8/site-packages/airflow/example_dags/example_python_operator.py
[2025-02-07T13:23:26.606+0000] {processor.py:839} INFO - DAG(s) dict_keys(['example_python_operator']) retrieved from /home/airflow/.local/lib/python3.8/site-packages/airflow/example_dags/example_python_operator.py
[2025-02-07T13:23:26.689+0000] {logging_mixin.py:154} INFO - [2025-02-07T13:23:26.688+0000] {dag.py:2941} INFO - Sync 1 DAGs
[2025-02-07T13:23:26.729+0000] {logging_mixin.py:154} INFO - [2025-02-07T13:23:26.728+0000] {dag.py:3722} INFO - Setting next_dagrun for example_python_operator to None, run_after=None
[2025-02-07T13:23:26.807+0000] {processor.py:179} INFO - Processing /home/airflow/.local/lib/python3.8/site-packages/airflow/example_dags/example_python_operator.py took 0.252 seconds
[2025-02-07T13:23:56.972+0000] {processor.py:157} INFO - Started process (PID=2179) to work on /home/airflow/.local/lib/python3.8/site-packages/airflow/example_dags/example_python_operator.py
[2025-02-07T13:23:56.977+0000] {processor.py:829} INFO - Processing file /home/airflow/.local/lib/python3.8/site-packages/airflow/example_dags/example_python_operator.py for tasks to queue
[2025-02-07T13:23:56.982+0000] {logging_mixin.py:154} INFO - [2025-02-07T13:23:56.981+0000] {dagbag.py:536} INFO - Filling up the DagBag from /home/airflow/.local/lib/python3.8/site-packages/airflow/example_dags/example_python_operator.py
[2025-02-07T13:23:57.021+0000] {processor.py:839} INFO - DAG(s) dict_keys(['example_python_operator']) retrieved from /home/airflow/.local/lib/python3.8/site-packages/airflow/example_dags/example_python_operator.py
[2025-02-07T13:23:57.119+0000] {logging_mixin.py:154} INFO - [2025-02-07T13:23:57.119+0000] {dag.py:2941} INFO - Sync 1 DAGs
[2025-02-07T13:23:57.174+0000] {logging_mixin.py:154} INFO - [2025-02-07T13:23:57.174+0000] {dag.py:3722} INFO - Setting next_dagrun for example_python_operator to None, run_after=None
[2025-02-07T13:23:57.225+0000] {processor.py:179} INFO - Processing /home/airflow/.local/lib/python3.8/site-packages/airflow/example_dags/example_python_operator.py took 0.268 seconds
[2025-02-07T13:24:27.477+0000] {processor.py:157} INFO - Started process (PID=2422) to work on /home/airflow/.local/lib/python3.8/site-packages/airflow/example_dags/example_python_operator.py
[2025-02-07T13:24:27.480+0000] {processor.py:829} INFO - Processing file /home/airflow/.local/lib/python3.8/site-packages/airflow/example_dags/example_python_operator.py for tasks to queue
[2025-02-07T13:24:27.484+0000] {logging_mixin.py:154} INFO - [2025-02-07T13:24:27.483+0000] {dagbag.py:536} INFO - Filling up the DagBag from /home/airflow/.local/lib/python3.8/site-packages/airflow/example_dags/example_python_operator.py
[2025-02-07T13:24:27.516+0000] {processor.py:839} INFO - DAG(s) dict_keys(['example_python_operator']) retrieved from /home/airflow/.local/lib/python3.8/site-packages/airflow/example_dags/example_python_operator.py
[2025-02-07T13:24:27.587+0000] {logging_mixin.py:154} INFO - [2025-02-07T13:24:27.587+0000] {dag.py:2941} INFO - Sync 1 DAGs
[2025-02-07T13:24:27.624+0000] {logging_mixin.py:154} INFO - [2025-02-07T13:24:27.623+0000] {dag.py:3722} INFO - Setting next_dagrun for example_python_operator to None, run_after=None
[2025-02-07T13:24:27.692+0000] {processor.py:179} INFO - Processing /home/airflow/.local/lib/python3.8/site-packages/airflow/example_dags/example_python_operator.py took 0.227 seconds
[2025-02-07T13:24:58.121+0000] {processor.py:157} INFO - Started process (PID=2666) to work on /home/airflow/.local/lib/python3.8/site-packages/airflow/example_dags/example_python_operator.py
[2025-02-07T13:24:58.127+0000] {processor.py:829} INFO - Processing file /home/airflow/.local/lib/python3.8/site-packages/airflow/example_dags/example_python_operator.py for tasks to queue
[2025-02-07T13:24:58.130+0000] {logging_mixin.py:154} INFO - [2025-02-07T13:24:58.129+0000] {dagbag.py:536} INFO - Filling up the DagBag from /home/airflow/.local/lib/python3.8/site-packages/airflow/example_dags/example_python_operator.py
[2025-02-07T13:24:58.164+0000] {processor.py:839} INFO - DAG(s) dict_keys(['example_python_operator']) retrieved from /home/airflow/.local/lib/python3.8/site-packages/airflow/example_dags/example_python_operator.py
[2025-02-07T13:24:58.258+0000] {logging_mixin.py:154} INFO - [2025-02-07T13:24:58.258+0000] {dag.py:2941} INFO - Sync 1 DAGs
[2025-02-07T13:24:58.305+0000] {logging_mixin.py:154} INFO - [2025-02-07T13:24:58.302+0000] {dag.py:3722} INFO - Setting next_dagrun for example_python_operator to None, run_after=None
[2025-02-07T13:24:58.378+0000] {processor.py:179} INFO - Processing /home/airflow/.local/lib/python3.8/site-packages/airflow/example_dags/example_python_operator.py took 0.273 seconds
[2025-02-07T13:27:07.788+0000] {processor.py:157} INFO - Started process (PID=238) to work on /home/airflow/.local/lib/python3.8/site-packages/airflow/example_dags/example_python_operator.py
[2025-02-07T13:27:07.791+0000] {processor.py:829} INFO - Processing file /home/airflow/.local/lib/python3.8/site-packages/airflow/example_dags/example_python_operator.py for tasks to queue
[2025-02-07T13:27:07.793+0000] {logging_mixin.py:154} INFO - [2025-02-07T13:27:07.792+0000] {dagbag.py:536} INFO - Filling up the DagBag from /home/airflow/.local/lib/python3.8/site-packages/airflow/example_dags/example_python_operator.py
[2025-02-07T13:27:07.851+0000] {processor.py:839} INFO - DAG(s) dict_keys(['example_python_operator']) retrieved from /home/airflow/.local/lib/python3.8/site-packages/airflow/example_dags/example_python_operator.py
[2025-02-07T13:27:08.129+0000] {logging_mixin.py:154} INFO - [2025-02-07T13:27:08.128+0000] {dag.py:2941} INFO - Sync 1 DAGs
[2025-02-07T13:27:08.141+0000] {logging_mixin.py:154} INFO - [2025-02-07T13:27:08.141+0000] {dag.py:3722} INFO - Setting next_dagrun for example_python_operator to None, run_after=None
[2025-02-07T13:27:08.166+0000] {processor.py:179} INFO - Processing /home/airflow/.local/lib/python3.8/site-packages/airflow/example_dags/example_python_operator.py took 0.389 seconds
[2025-02-07T21:29:11.451+0000] {processor.py:157} INFO - Started process (PID=236) to work on /home/airflow/.local/lib/python3.8/site-packages/airflow/example_dags/example_python_operator.py
[2025-02-07T21:29:11.454+0000] {processor.py:829} INFO - Processing file /home/airflow/.local/lib/python3.8/site-packages/airflow/example_dags/example_python_operator.py for tasks to queue
[2025-02-07T21:29:11.456+0000] {logging_mixin.py:154} INFO - [2025-02-07T21:29:11.456+0000] {dagbag.py:536} INFO - Filling up the DagBag from /home/airflow/.local/lib/python3.8/site-packages/airflow/example_dags/example_python_operator.py
[2025-02-07T21:29:11.509+0000] {processor.py:839} INFO - DAG(s) dict_keys(['example_python_operator']) retrieved from /home/airflow/.local/lib/python3.8/site-packages/airflow/example_dags/example_python_operator.py
[2025-02-07T21:29:12.307+0000] {logging_mixin.py:154} INFO - [2025-02-07T21:29:12.307+0000] {dag.py:2941} INFO - Sync 1 DAGs
[2025-02-07T21:29:12.420+0000] {logging_mixin.py:154} INFO - [2025-02-07T21:29:12.420+0000] {dag.py:3722} INFO - Setting next_dagrun for example_python_operator to None, run_after=None
[2025-02-07T21:29:12.546+0000] {processor.py:179} INFO - Processing /home/airflow/.local/lib/python3.8/site-packages/airflow/example_dags/example_python_operator.py took 1.108 seconds
[2025-02-07T21:29:43.399+0000] {processor.py:157} INFO - Started process (PID=486) to work on /home/airflow/.local/lib/python3.8/site-packages/airflow/example_dags/example_python_operator.py
[2025-02-07T21:29:43.402+0000] {processor.py:829} INFO - Processing file /home/airflow/.local/lib/python3.8/site-packages/airflow/example_dags/example_python_operator.py for tasks to queue
[2025-02-07T21:29:43.404+0000] {logging_mixin.py:154} INFO - [2025-02-07T21:29:43.404+0000] {dagbag.py:536} INFO - Filling up the DagBag from /home/airflow/.local/lib/python3.8/site-packages/airflow/example_dags/example_python_operator.py
[2025-02-07T21:29:43.446+0000] {processor.py:839} INFO - DAG(s) dict_keys(['example_python_operator']) retrieved from /home/airflow/.local/lib/python3.8/site-packages/airflow/example_dags/example_python_operator.py
[2025-02-07T21:29:43.581+0000] {logging_mixin.py:154} INFO - [2025-02-07T21:29:43.580+0000] {dag.py:2941} INFO - Sync 1 DAGs
[2025-02-07T21:29:43.611+0000] {logging_mixin.py:154} INFO - [2025-02-07T21:29:43.611+0000] {dag.py:3722} INFO - Setting next_dagrun for example_python_operator to None, run_after=None
[2025-02-07T21:29:43.665+0000] {processor.py:179} INFO - Processing /home/airflow/.local/lib/python3.8/site-packages/airflow/example_dags/example_python_operator.py took 0.285 seconds
