[2025-02-07T13:19:55.706+0000] {processor.py:157} INFO - Started process (PID=368) to work on /home/airflow/.local/lib/python3.8/site-packages/airflow/example_dags/example_task_group_decorator.py
[2025-02-07T13:19:55.708+0000] {processor.py:829} INFO - Processing file /home/airflow/.local/lib/python3.8/site-packages/airflow/example_dags/example_task_group_decorator.py for tasks to queue
[2025-02-07T13:19:55.711+0000] {logging_mixin.py:154} INFO - [2025-02-07T13:19:55.709+0000] {dagbag.py:536} INFO - Filling up the DagBag from /home/airflow/.local/lib/python3.8/site-packages/airflow/example_dags/example_task_group_decorator.py
[2025-02-07T13:19:55.761+0000] {processor.py:839} INFO - DAG(s) dict_keys(['example_task_group_decorator']) retrieved from /home/airflow/.local/lib/python3.8/site-packages/airflow/example_dags/example_task_group_decorator.py
[2025-02-07T13:19:55.837+0000] {logging_mixin.py:154} INFO - [2025-02-07T13:19:55.836+0000] {dag.py:2941} INFO - Sync 1 DAGs
[2025-02-07T13:19:55.919+0000] {logging_mixin.py:154} INFO - [2025-02-07T13:19:55.918+0000] {dag.py:3722} INFO - Setting next_dagrun for example_task_group_decorator to 2025-02-06T13:19:55.918038+00:00, run_after=2025-02-07T13:19:55.918038+00:00
[2025-02-07T13:19:56.031+0000] {processor.py:179} INFO - Processing /home/airflow/.local/lib/python3.8/site-packages/airflow/example_dags/example_task_group_decorator.py took 0.341 seconds
[2025-02-07T13:20:27.088+0000] {processor.py:157} INFO - Started process (PID=611) to work on /home/airflow/.local/lib/python3.8/site-packages/airflow/example_dags/example_task_group_decorator.py
[2025-02-07T13:20:27.091+0000] {processor.py:829} INFO - Processing file /home/airflow/.local/lib/python3.8/site-packages/airflow/example_dags/example_task_group_decorator.py for tasks to queue
[2025-02-07T13:20:27.093+0000] {logging_mixin.py:154} INFO - [2025-02-07T13:20:27.092+0000] {dagbag.py:536} INFO - Filling up the DagBag from /home/airflow/.local/lib/python3.8/site-packages/airflow/example_dags/example_task_group_decorator.py
[2025-02-07T13:20:27.137+0000] {processor.py:839} INFO - DAG(s) dict_keys(['example_task_group_decorator']) retrieved from /home/airflow/.local/lib/python3.8/site-packages/airflow/example_dags/example_task_group_decorator.py
[2025-02-07T13:20:27.208+0000] {logging_mixin.py:154} INFO - [2025-02-07T13:20:27.208+0000] {dag.py:2941} INFO - Sync 1 DAGs
[2025-02-07T13:20:27.283+0000] {logging_mixin.py:154} INFO - [2025-02-07T13:20:27.282+0000] {dag.py:3722} INFO - Setting next_dagrun for example_task_group_decorator to 2025-02-06T13:20:27.281987+00:00, run_after=2025-02-07T13:20:27.281987+00:00
[2025-02-07T13:20:27.334+0000] {processor.py:179} INFO - Processing /home/airflow/.local/lib/python3.8/site-packages/airflow/example_dags/example_task_group_decorator.py took 0.258 seconds
[2025-02-07T13:20:57.734+0000] {processor.py:157} INFO - Started process (PID=854) to work on /home/airflow/.local/lib/python3.8/site-packages/airflow/example_dags/example_task_group_decorator.py
[2025-02-07T13:20:57.738+0000] {processor.py:829} INFO - Processing file /home/airflow/.local/lib/python3.8/site-packages/airflow/example_dags/example_task_group_decorator.py for tasks to queue
[2025-02-07T13:20:57.740+0000] {logging_mixin.py:154} INFO - [2025-02-07T13:20:57.739+0000] {dagbag.py:536} INFO - Filling up the DagBag from /home/airflow/.local/lib/python3.8/site-packages/airflow/example_dags/example_task_group_decorator.py
[2025-02-07T13:20:57.790+0000] {processor.py:839} INFO - DAG(s) dict_keys(['example_task_group_decorator']) retrieved from /home/airflow/.local/lib/python3.8/site-packages/airflow/example_dags/example_task_group_decorator.py
[2025-02-07T13:20:57.862+0000] {logging_mixin.py:154} INFO - [2025-02-07T13:20:57.862+0000] {dag.py:2941} INFO - Sync 1 DAGs
[2025-02-07T13:20:57.976+0000] {logging_mixin.py:154} INFO - [2025-02-07T13:20:57.975+0000] {dag.py:3722} INFO - Setting next_dagrun for example_task_group_decorator to 2025-02-06T13:20:57.975242+00:00, run_after=2025-02-07T13:20:57.975242+00:00
[2025-02-07T13:20:58.027+0000] {processor.py:179} INFO - Processing /home/airflow/.local/lib/python3.8/site-packages/airflow/example_dags/example_task_group_decorator.py took 0.305 seconds
[2025-02-07T13:21:28.669+0000] {processor.py:157} INFO - Started process (PID=1097) to work on /home/airflow/.local/lib/python3.8/site-packages/airflow/example_dags/example_task_group_decorator.py
[2025-02-07T13:21:28.672+0000] {processor.py:829} INFO - Processing file /home/airflow/.local/lib/python3.8/site-packages/airflow/example_dags/example_task_group_decorator.py for tasks to queue
[2025-02-07T13:21:28.675+0000] {logging_mixin.py:154} INFO - [2025-02-07T13:21:28.674+0000] {dagbag.py:536} INFO - Filling up the DagBag from /home/airflow/.local/lib/python3.8/site-packages/airflow/example_dags/example_task_group_decorator.py
[2025-02-07T13:21:28.727+0000] {processor.py:839} INFO - DAG(s) dict_keys(['example_task_group_decorator']) retrieved from /home/airflow/.local/lib/python3.8/site-packages/airflow/example_dags/example_task_group_decorator.py
[2025-02-07T13:21:28.800+0000] {logging_mixin.py:154} INFO - [2025-02-07T13:21:28.799+0000] {dag.py:2941} INFO - Sync 1 DAGs
[2025-02-07T13:21:28.874+0000] {logging_mixin.py:154} INFO - [2025-02-07T13:21:28.873+0000] {dag.py:3722} INFO - Setting next_dagrun for example_task_group_decorator to 2025-02-06T13:21:28.872840+00:00, run_after=2025-02-07T13:21:28.872840+00:00
[2025-02-07T13:21:28.925+0000] {processor.py:179} INFO - Processing /home/airflow/.local/lib/python3.8/site-packages/airflow/example_dags/example_task_group_decorator.py took 0.268 seconds
[2025-02-07T13:22:00.301+0000] {processor.py:157} INFO - Started process (PID=1340) to work on /home/airflow/.local/lib/python3.8/site-packages/airflow/example_dags/example_task_group_decorator.py
[2025-02-07T13:22:00.304+0000] {processor.py:829} INFO - Processing file /home/airflow/.local/lib/python3.8/site-packages/airflow/example_dags/example_task_group_decorator.py for tasks to queue
[2025-02-07T13:22:00.306+0000] {logging_mixin.py:154} INFO - [2025-02-07T13:22:00.305+0000] {dagbag.py:536} INFO - Filling up the DagBag from /home/airflow/.local/lib/python3.8/site-packages/airflow/example_dags/example_task_group_decorator.py
[2025-02-07T13:22:00.355+0000] {processor.py:839} INFO - DAG(s) dict_keys(['example_task_group_decorator']) retrieved from /home/airflow/.local/lib/python3.8/site-packages/airflow/example_dags/example_task_group_decorator.py
[2025-02-07T13:22:00.435+0000] {logging_mixin.py:154} INFO - [2025-02-07T13:22:00.434+0000] {dag.py:2941} INFO - Sync 1 DAGs
[2025-02-07T13:22:00.511+0000] {logging_mixin.py:154} INFO - [2025-02-07T13:22:00.510+0000] {dag.py:3722} INFO - Setting next_dagrun for example_task_group_decorator to 2025-02-06T13:22:00.510034+00:00, run_after=2025-02-07T13:22:00.510034+00:00
[2025-02-07T13:22:00.562+0000] {processor.py:179} INFO - Processing /home/airflow/.local/lib/python3.8/site-packages/airflow/example_dags/example_task_group_decorator.py took 0.270 seconds
[2025-02-07T13:22:31.927+0000] {processor.py:157} INFO - Started process (PID=1582) to work on /home/airflow/.local/lib/python3.8/site-packages/airflow/example_dags/example_task_group_decorator.py
[2025-02-07T13:22:31.930+0000] {processor.py:829} INFO - Processing file /home/airflow/.local/lib/python3.8/site-packages/airflow/example_dags/example_task_group_decorator.py for tasks to queue
[2025-02-07T13:22:31.933+0000] {logging_mixin.py:154} INFO - [2025-02-07T13:22:31.932+0000] {dagbag.py:536} INFO - Filling up the DagBag from /home/airflow/.local/lib/python3.8/site-packages/airflow/example_dags/example_task_group_decorator.py
[2025-02-07T13:22:31.983+0000] {processor.py:839} INFO - DAG(s) dict_keys(['example_task_group_decorator']) retrieved from /home/airflow/.local/lib/python3.8/site-packages/airflow/example_dags/example_task_group_decorator.py
[2025-02-07T13:22:32.066+0000] {logging_mixin.py:154} INFO - [2025-02-07T13:22:32.065+0000] {dag.py:2941} INFO - Sync 1 DAGs
[2025-02-07T13:22:32.143+0000] {logging_mixin.py:154} INFO - [2025-02-07T13:22:32.142+0000] {dag.py:3722} INFO - Setting next_dagrun for example_task_group_decorator to 2025-02-06T13:22:32.141933+00:00, run_after=2025-02-07T13:22:32.141933+00:00
[2025-02-07T13:22:32.202+0000] {processor.py:179} INFO - Processing /home/airflow/.local/lib/python3.8/site-packages/airflow/example_dags/example_task_group_decorator.py took 0.286 seconds
[2025-02-07T13:23:03.099+0000] {processor.py:157} INFO - Started process (PID=1828) to work on /home/airflow/.local/lib/python3.8/site-packages/airflow/example_dags/example_task_group_decorator.py
[2025-02-07T13:23:03.100+0000] {processor.py:829} INFO - Processing file /home/airflow/.local/lib/python3.8/site-packages/airflow/example_dags/example_task_group_decorator.py for tasks to queue
[2025-02-07T13:23:03.101+0000] {logging_mixin.py:154} INFO - [2025-02-07T13:23:03.101+0000] {dagbag.py:536} INFO - Filling up the DagBag from /home/airflow/.local/lib/python3.8/site-packages/airflow/example_dags/example_task_group_decorator.py
[2025-02-07T13:23:03.117+0000] {processor.py:839} INFO - DAG(s) dict_keys(['example_task_group_decorator']) retrieved from /home/airflow/.local/lib/python3.8/site-packages/airflow/example_dags/example_task_group_decorator.py
[2025-02-07T13:23:03.147+0000] {logging_mixin.py:154} INFO - [2025-02-07T13:23:03.147+0000] {dag.py:2941} INFO - Sync 1 DAGs
[2025-02-07T13:23:03.170+0000] {logging_mixin.py:154} INFO - [2025-02-07T13:23:03.169+0000] {dag.py:3722} INFO - Setting next_dagrun for example_task_group_decorator to 2025-02-06T13:23:03.169300+00:00, run_after=2025-02-07T13:23:03.169300+00:00
[2025-02-07T13:23:03.189+0000] {processor.py:179} INFO - Processing /home/airflow/.local/lib/python3.8/site-packages/airflow/example_dags/example_task_group_decorator.py took 0.095 seconds
[2025-02-07T13:23:34.244+0000] {processor.py:157} INFO - Started process (PID=2069) to work on /home/airflow/.local/lib/python3.8/site-packages/airflow/example_dags/example_task_group_decorator.py
[2025-02-07T13:23:34.247+0000] {processor.py:829} INFO - Processing file /home/airflow/.local/lib/python3.8/site-packages/airflow/example_dags/example_task_group_decorator.py for tasks to queue
[2025-02-07T13:23:34.248+0000] {logging_mixin.py:154} INFO - [2025-02-07T13:23:34.248+0000] {dagbag.py:536} INFO - Filling up the DagBag from /home/airflow/.local/lib/python3.8/site-packages/airflow/example_dags/example_task_group_decorator.py
[2025-02-07T13:23:34.309+0000] {processor.py:839} INFO - DAG(s) dict_keys(['example_task_group_decorator']) retrieved from /home/airflow/.local/lib/python3.8/site-packages/airflow/example_dags/example_task_group_decorator.py
[2025-02-07T13:23:34.390+0000] {logging_mixin.py:154} INFO - [2025-02-07T13:23:34.390+0000] {dag.py:2941} INFO - Sync 1 DAGs
[2025-02-07T13:23:34.470+0000] {logging_mixin.py:154} INFO - [2025-02-07T13:23:34.469+0000] {dag.py:3722} INFO - Setting next_dagrun for example_task_group_decorator to 2025-02-06T13:23:34.468083+00:00, run_after=2025-02-07T13:23:34.468083+00:00
[2025-02-07T13:23:34.548+0000] {processor.py:179} INFO - Processing /home/airflow/.local/lib/python3.8/site-packages/airflow/example_dags/example_task_group_decorator.py took 0.315 seconds
[2025-02-07T13:24:05.488+0000] {processor.py:157} INFO - Started process (PID=2312) to work on /home/airflow/.local/lib/python3.8/site-packages/airflow/example_dags/example_task_group_decorator.py
[2025-02-07T13:24:05.492+0000] {processor.py:829} INFO - Processing file /home/airflow/.local/lib/python3.8/site-packages/airflow/example_dags/example_task_group_decorator.py for tasks to queue
[2025-02-07T13:24:05.495+0000] {logging_mixin.py:154} INFO - [2025-02-07T13:24:05.495+0000] {dagbag.py:536} INFO - Filling up the DagBag from /home/airflow/.local/lib/python3.8/site-packages/airflow/example_dags/example_task_group_decorator.py
[2025-02-07T13:24:05.602+0000] {processor.py:839} INFO - DAG(s) dict_keys(['example_task_group_decorator']) retrieved from /home/airflow/.local/lib/python3.8/site-packages/airflow/example_dags/example_task_group_decorator.py
[2025-02-07T13:24:05.778+0000] {logging_mixin.py:154} INFO - [2025-02-07T13:24:05.777+0000] {dag.py:2941} INFO - Sync 1 DAGs
[2025-02-07T13:24:05.858+0000] {logging_mixin.py:154} INFO - [2025-02-07T13:24:05.858+0000] {dag.py:3722} INFO - Setting next_dagrun for example_task_group_decorator to 2025-02-06T13:24:05.857384+00:00, run_after=2025-02-07T13:24:05.857384+00:00
[2025-02-07T13:24:05.910+0000] {processor.py:179} INFO - Processing /home/airflow/.local/lib/python3.8/site-packages/airflow/example_dags/example_task_group_decorator.py took 0.435 seconds
[2025-02-07T13:24:36.500+0000] {processor.py:157} INFO - Started process (PID=2555) to work on /home/airflow/.local/lib/python3.8/site-packages/airflow/example_dags/example_task_group_decorator.py
[2025-02-07T13:24:36.503+0000] {processor.py:829} INFO - Processing file /home/airflow/.local/lib/python3.8/site-packages/airflow/example_dags/example_task_group_decorator.py for tasks to queue
[2025-02-07T13:24:36.505+0000] {logging_mixin.py:154} INFO - [2025-02-07T13:24:36.505+0000] {dagbag.py:536} INFO - Filling up the DagBag from /home/airflow/.local/lib/python3.8/site-packages/airflow/example_dags/example_task_group_decorator.py
[2025-02-07T13:24:36.571+0000] {processor.py:839} INFO - DAG(s) dict_keys(['example_task_group_decorator']) retrieved from /home/airflow/.local/lib/python3.8/site-packages/airflow/example_dags/example_task_group_decorator.py
[2025-02-07T13:24:36.654+0000] {logging_mixin.py:154} INFO - [2025-02-07T13:24:36.653+0000] {dag.py:2941} INFO - Sync 1 DAGs
[2025-02-07T13:24:36.724+0000] {logging_mixin.py:154} INFO - [2025-02-07T13:24:36.723+0000] {dag.py:3722} INFO - Setting next_dagrun for example_task_group_decorator to 2025-02-06T13:24:36.723244+00:00, run_after=2025-02-07T13:24:36.723244+00:00
[2025-02-07T13:24:36.782+0000] {processor.py:179} INFO - Processing /home/airflow/.local/lib/python3.8/site-packages/airflow/example_dags/example_task_group_decorator.py took 0.297 seconds
[2025-02-07T13:25:07.622+0000] {processor.py:157} INFO - Started process (PID=2801) to work on /home/airflow/.local/lib/python3.8/site-packages/airflow/example_dags/example_task_group_decorator.py
[2025-02-07T13:25:07.624+0000] {processor.py:829} INFO - Processing file /home/airflow/.local/lib/python3.8/site-packages/airflow/example_dags/example_task_group_decorator.py for tasks to queue
[2025-02-07T13:25:07.626+0000] {logging_mixin.py:154} INFO - [2025-02-07T13:25:07.625+0000] {dagbag.py:536} INFO - Filling up the DagBag from /home/airflow/.local/lib/python3.8/site-packages/airflow/example_dags/example_task_group_decorator.py
[2025-02-07T13:25:07.675+0000] {processor.py:839} INFO - DAG(s) dict_keys(['example_task_group_decorator']) retrieved from /home/airflow/.local/lib/python3.8/site-packages/airflow/example_dags/example_task_group_decorator.py
[2025-02-07T13:25:07.764+0000] {logging_mixin.py:154} INFO - [2025-02-07T13:25:07.764+0000] {dag.py:2941} INFO - Sync 1 DAGs
[2025-02-07T13:25:07.842+0000] {logging_mixin.py:154} INFO - [2025-02-07T13:25:07.842+0000] {dag.py:3722} INFO - Setting next_dagrun for example_task_group_decorator to 2025-02-06T13:25:07.841116+00:00, run_after=2025-02-07T13:25:07.841116+00:00
[2025-02-07T13:25:07.906+0000] {processor.py:179} INFO - Processing /home/airflow/.local/lib/python3.8/site-packages/airflow/example_dags/example_task_group_decorator.py took 0.296 seconds
[2025-02-07T13:27:11.624+0000] {processor.py:157} INFO - Started process (PID=368) to work on /home/airflow/.local/lib/python3.8/site-packages/airflow/example_dags/example_task_group_decorator.py
[2025-02-07T13:27:11.626+0000] {processor.py:829} INFO - Processing file /home/airflow/.local/lib/python3.8/site-packages/airflow/example_dags/example_task_group_decorator.py for tasks to queue
[2025-02-07T13:27:11.628+0000] {logging_mixin.py:154} INFO - [2025-02-07T13:27:11.628+0000] {dagbag.py:536} INFO - Filling up the DagBag from /home/airflow/.local/lib/python3.8/site-packages/airflow/example_dags/example_task_group_decorator.py
[2025-02-07T13:27:11.706+0000] {processor.py:839} INFO - DAG(s) dict_keys(['example_task_group_decorator']) retrieved from /home/airflow/.local/lib/python3.8/site-packages/airflow/example_dags/example_task_group_decorator.py
[2025-02-07T13:27:11.949+0000] {logging_mixin.py:154} INFO - [2025-02-07T13:27:11.949+0000] {dag.py:2941} INFO - Sync 1 DAGs
[2025-02-07T13:27:12.193+0000] {logging_mixin.py:154} INFO - [2025-02-07T13:27:12.191+0000] {dag.py:3722} INFO - Setting next_dagrun for example_task_group_decorator to 2025-02-06T13:27:12.191040+00:00, run_after=2025-02-07T13:27:12.191040+00:00
[2025-02-07T13:27:12.359+0000] {processor.py:179} INFO - Processing /home/airflow/.local/lib/python3.8/site-packages/airflow/example_dags/example_task_group_decorator.py took 0.746 seconds
[2025-02-07T21:29:19.501+0000] {processor.py:157} INFO - Started process (PID=366) to work on /home/airflow/.local/lib/python3.8/site-packages/airflow/example_dags/example_task_group_decorator.py
[2025-02-07T21:29:19.505+0000] {processor.py:829} INFO - Processing file /home/airflow/.local/lib/python3.8/site-packages/airflow/example_dags/example_task_group_decorator.py for tasks to queue
[2025-02-07T21:29:19.508+0000] {logging_mixin.py:154} INFO - [2025-02-07T21:29:19.507+0000] {dagbag.py:536} INFO - Filling up the DagBag from /home/airflow/.local/lib/python3.8/site-packages/airflow/example_dags/example_task_group_decorator.py
[2025-02-07T21:29:19.578+0000] {processor.py:839} INFO - DAG(s) dict_keys(['example_task_group_decorator']) retrieved from /home/airflow/.local/lib/python3.8/site-packages/airflow/example_dags/example_task_group_decorator.py
[2025-02-07T21:29:19.666+0000] {logging_mixin.py:154} INFO - [2025-02-07T21:29:19.665+0000] {dag.py:2941} INFO - Sync 1 DAGs
[2025-02-07T21:29:19.752+0000] {logging_mixin.py:154} INFO - [2025-02-07T21:29:19.752+0000] {dag.py:3722} INFO - Setting next_dagrun for example_task_group_decorator to 2025-02-06T21:29:19.751557+00:00, run_after=2025-02-07T21:29:19.751557+00:00
[2025-02-07T21:29:19.806+0000] {processor.py:179} INFO - Processing /home/airflow/.local/lib/python3.8/site-packages/airflow/example_dags/example_task_group_decorator.py took 0.323 seconds
[2025-02-07T21:29:50.068+0000] {processor.py:157} INFO - Started process (PID=611) to work on /home/airflow/.local/lib/python3.8/site-packages/airflow/example_dags/example_task_group_decorator.py
[2025-02-07T21:29:50.070+0000] {processor.py:829} INFO - Processing file /home/airflow/.local/lib/python3.8/site-packages/airflow/example_dags/example_task_group_decorator.py for tasks to queue
[2025-02-07T21:29:50.072+0000] {logging_mixin.py:154} INFO - [2025-02-07T21:29:50.071+0000] {dagbag.py:536} INFO - Filling up the DagBag from /home/airflow/.local/lib/python3.8/site-packages/airflow/example_dags/example_task_group_decorator.py
[2025-02-07T21:29:50.114+0000] {processor.py:839} INFO - DAG(s) dict_keys(['example_task_group_decorator']) retrieved from /home/airflow/.local/lib/python3.8/site-packages/airflow/example_dags/example_task_group_decorator.py
[2025-02-07T21:29:50.190+0000] {logging_mixin.py:154} INFO - [2025-02-07T21:29:50.189+0000] {dag.py:2941} INFO - Sync 1 DAGs
[2025-02-07T21:29:50.256+0000] {logging_mixin.py:154} INFO - [2025-02-07T21:29:50.255+0000] {dag.py:3722} INFO - Setting next_dagrun for example_task_group_decorator to 2025-02-06T21:29:50.254935+00:00, run_after=2025-02-07T21:29:50.254935+00:00
[2025-02-07T21:29:50.307+0000] {processor.py:179} INFO - Processing /home/airflow/.local/lib/python3.8/site-packages/airflow/example_dags/example_task_group_decorator.py took 0.249 seconds
