[2025-02-07T13:19:55.464+0000] {processor.py:157} INFO - Started process (PID=363) to work on /home/airflow/.local/lib/python3.8/site-packages/airflow/example_dags/example_short_circuit_decorator.py
[2025-02-07T13:19:55.466+0000] {processor.py:829} INFO - Processing file /home/airflow/.local/lib/python3.8/site-packages/airflow/example_dags/example_short_circuit_decorator.py for tasks to queue
[2025-02-07T13:19:55.470+0000] {logging_mixin.py:154} INFO - [2025-02-07T13:19:55.469+0000] {dagbag.py:536} INFO - Filling up the DagBag from /home/airflow/.local/lib/python3.8/site-packages/airflow/example_dags/example_short_circuit_decorator.py
[2025-02-07T13:19:55.503+0000] {processor.py:839} INFO - DAG(s) dict_keys(['example_short_circuit_decorator']) retrieved from /home/airflow/.local/lib/python3.8/site-packages/airflow/example_dags/example_short_circuit_decorator.py
[2025-02-07T13:19:55.585+0000] {logging_mixin.py:154} INFO - [2025-02-07T13:19:55.584+0000] {dag.py:2941} INFO - Sync 1 DAGs
[2025-02-07T13:19:55.657+0000] {logging_mixin.py:154} INFO - [2025-02-07T13:19:55.657+0000] {dag.py:3722} INFO - Setting next_dagrun for example_short_circuit_decorator to 2025-02-06T13:19:55.656487+00:00, run_after=2025-02-07T13:19:55.656487+00:00
[2025-02-07T13:19:55.707+0000] {processor.py:179} INFO - Processing /home/airflow/.local/lib/python3.8/site-packages/airflow/example_dags/example_short_circuit_decorator.py took 0.252 seconds
[2025-02-07T13:20:27.006+0000] {processor.py:157} INFO - Started process (PID=606) to work on /home/airflow/.local/lib/python3.8/site-packages/airflow/example_dags/example_short_circuit_decorator.py
[2025-02-07T13:20:27.008+0000] {processor.py:829} INFO - Processing file /home/airflow/.local/lib/python3.8/site-packages/airflow/example_dags/example_short_circuit_decorator.py for tasks to queue
[2025-02-07T13:20:27.010+0000] {logging_mixin.py:154} INFO - [2025-02-07T13:20:27.009+0000] {dagbag.py:536} INFO - Filling up the DagBag from /home/airflow/.local/lib/python3.8/site-packages/airflow/example_dags/example_short_circuit_decorator.py
[2025-02-07T13:20:27.045+0000] {processor.py:839} INFO - DAG(s) dict_keys(['example_short_circuit_decorator']) retrieved from /home/airflow/.local/lib/python3.8/site-packages/airflow/example_dags/example_short_circuit_decorator.py
[2025-02-07T13:20:27.118+0000] {logging_mixin.py:154} INFO - [2025-02-07T13:20:27.117+0000] {dag.py:2941} INFO - Sync 1 DAGs
[2025-02-07T13:20:27.187+0000] {logging_mixin.py:154} INFO - [2025-02-07T13:20:27.186+0000] {dag.py:3722} INFO - Setting next_dagrun for example_short_circuit_decorator to 2025-02-06T13:20:27.185885+00:00, run_after=2025-02-07T13:20:27.185885+00:00
[2025-02-07T13:20:27.251+0000] {processor.py:179} INFO - Processing /home/airflow/.local/lib/python3.8/site-packages/airflow/example_dags/example_short_circuit_decorator.py took 0.262 seconds
[2025-02-07T13:20:57.522+0000] {processor.py:157} INFO - Started process (PID=849) to work on /home/airflow/.local/lib/python3.8/site-packages/airflow/example_dags/example_short_circuit_decorator.py
[2025-02-07T13:20:57.524+0000] {processor.py:829} INFO - Processing file /home/airflow/.local/lib/python3.8/site-packages/airflow/example_dags/example_short_circuit_decorator.py for tasks to queue
[2025-02-07T13:20:57.526+0000] {logging_mixin.py:154} INFO - [2025-02-07T13:20:57.525+0000] {dagbag.py:536} INFO - Filling up the DagBag from /home/airflow/.local/lib/python3.8/site-packages/airflow/example_dags/example_short_circuit_decorator.py
[2025-02-07T13:20:57.554+0000] {processor.py:839} INFO - DAG(s) dict_keys(['example_short_circuit_decorator']) retrieved from /home/airflow/.local/lib/python3.8/site-packages/airflow/example_dags/example_short_circuit_decorator.py
[2025-02-07T13:20:57.636+0000] {logging_mixin.py:154} INFO - [2025-02-07T13:20:57.636+0000] {dag.py:2941} INFO - Sync 1 DAGs
[2025-02-07T13:20:57.719+0000] {logging_mixin.py:154} INFO - [2025-02-07T13:20:57.719+0000] {dag.py:3722} INFO - Setting next_dagrun for example_short_circuit_decorator to 2025-02-06T13:20:57.718253+00:00, run_after=2025-02-07T13:20:57.718253+00:00
[2025-02-07T13:20:57.772+0000] {processor.py:179} INFO - Processing /home/airflow/.local/lib/python3.8/site-packages/airflow/example_dags/example_short_circuit_decorator.py took 0.262 seconds
[2025-02-07T13:21:28.494+0000] {processor.py:157} INFO - Started process (PID=1092) to work on /home/airflow/.local/lib/python3.8/site-packages/airflow/example_dags/example_short_circuit_decorator.py
[2025-02-07T13:21:28.497+0000] {processor.py:829} INFO - Processing file /home/airflow/.local/lib/python3.8/site-packages/airflow/example_dags/example_short_circuit_decorator.py for tasks to queue
[2025-02-07T13:21:28.500+0000] {logging_mixin.py:154} INFO - [2025-02-07T13:21:28.499+0000] {dagbag.py:536} INFO - Filling up the DagBag from /home/airflow/.local/lib/python3.8/site-packages/airflow/example_dags/example_short_circuit_decorator.py
[2025-02-07T13:21:28.528+0000] {processor.py:839} INFO - DAG(s) dict_keys(['example_short_circuit_decorator']) retrieved from /home/airflow/.local/lib/python3.8/site-packages/airflow/example_dags/example_short_circuit_decorator.py
[2025-02-07T13:21:28.620+0000] {logging_mixin.py:154} INFO - [2025-02-07T13:21:28.619+0000] {dag.py:2941} INFO - Sync 1 DAGs
[2025-02-07T13:21:28.690+0000] {logging_mixin.py:154} INFO - [2025-02-07T13:21:28.690+0000] {dag.py:3722} INFO - Setting next_dagrun for example_short_circuit_decorator to 2025-02-06T13:21:28.689487+00:00, run_after=2025-02-07T13:21:28.689487+00:00
[2025-02-07T13:21:28.753+0000] {processor.py:179} INFO - Processing /home/airflow/.local/lib/python3.8/site-packages/airflow/example_dags/example_short_circuit_decorator.py took 0.268 seconds
[2025-02-07T13:22:00.177+0000] {processor.py:157} INFO - Started process (PID=1335) to work on /home/airflow/.local/lib/python3.8/site-packages/airflow/example_dags/example_short_circuit_decorator.py
[2025-02-07T13:22:00.180+0000] {processor.py:829} INFO - Processing file /home/airflow/.local/lib/python3.8/site-packages/airflow/example_dags/example_short_circuit_decorator.py for tasks to queue
[2025-02-07T13:22:00.181+0000] {logging_mixin.py:154} INFO - [2025-02-07T13:22:00.180+0000] {dagbag.py:536} INFO - Filling up the DagBag from /home/airflow/.local/lib/python3.8/site-packages/airflow/example_dags/example_short_circuit_decorator.py
[2025-02-07T13:22:00.212+0000] {processor.py:839} INFO - DAG(s) dict_keys(['example_short_circuit_decorator']) retrieved from /home/airflow/.local/lib/python3.8/site-packages/airflow/example_dags/example_short_circuit_decorator.py
[2025-02-07T13:22:00.288+0000] {logging_mixin.py:154} INFO - [2025-02-07T13:22:00.288+0000] {dag.py:2941} INFO - Sync 1 DAGs
[2025-02-07T13:22:00.363+0000] {logging_mixin.py:154} INFO - [2025-02-07T13:22:00.363+0000] {dag.py:3722} INFO - Setting next_dagrun for example_short_circuit_decorator to 2025-02-06T13:22:00.362455+00:00, run_after=2025-02-07T13:22:00.362455+00:00
[2025-02-07T13:22:00.424+0000] {processor.py:179} INFO - Processing /home/airflow/.local/lib/python3.8/site-packages/airflow/example_dags/example_short_circuit_decorator.py took 0.260 seconds
[2025-02-07T13:22:31.918+0000] {processor.py:157} INFO - Started process (PID=1580) to work on /home/airflow/.local/lib/python3.8/site-packages/airflow/example_dags/example_short_circuit_decorator.py
[2025-02-07T13:22:31.922+0000] {processor.py:829} INFO - Processing file /home/airflow/.local/lib/python3.8/site-packages/airflow/example_dags/example_short_circuit_decorator.py for tasks to queue
[2025-02-07T13:22:31.924+0000] {logging_mixin.py:154} INFO - [2025-02-07T13:22:31.923+0000] {dagbag.py:536} INFO - Filling up the DagBag from /home/airflow/.local/lib/python3.8/site-packages/airflow/example_dags/example_short_circuit_decorator.py
[2025-02-07T13:22:31.958+0000] {processor.py:839} INFO - DAG(s) dict_keys(['example_short_circuit_decorator']) retrieved from /home/airflow/.local/lib/python3.8/site-packages/airflow/example_dags/example_short_circuit_decorator.py
[2025-02-07T13:22:32.050+0000] {logging_mixin.py:154} INFO - [2025-02-07T13:22:32.050+0000] {dag.py:2941} INFO - Sync 1 DAGs
[2025-02-07T13:22:32.131+0000] {logging_mixin.py:154} INFO - [2025-02-07T13:22:32.131+0000] {dag.py:3722} INFO - Setting next_dagrun for example_short_circuit_decorator to 2025-02-06T13:22:32.130649+00:00, run_after=2025-02-07T13:22:32.130649+00:00
[2025-02-07T13:22:32.195+0000] {processor.py:179} INFO - Processing /home/airflow/.local/lib/python3.8/site-packages/airflow/example_dags/example_short_circuit_decorator.py took 0.290 seconds
[2025-02-07T13:23:02.950+0000] {processor.py:157} INFO - Started process (PID=1823) to work on /home/airflow/.local/lib/python3.8/site-packages/airflow/example_dags/example_short_circuit_decorator.py
[2025-02-07T13:23:02.951+0000] {processor.py:829} INFO - Processing file /home/airflow/.local/lib/python3.8/site-packages/airflow/example_dags/example_short_circuit_decorator.py for tasks to queue
[2025-02-07T13:23:02.953+0000] {logging_mixin.py:154} INFO - [2025-02-07T13:23:02.953+0000] {dagbag.py:536} INFO - Filling up the DagBag from /home/airflow/.local/lib/python3.8/site-packages/airflow/example_dags/example_short_circuit_decorator.py
[2025-02-07T13:23:02.965+0000] {processor.py:839} INFO - DAG(s) dict_keys(['example_short_circuit_decorator']) retrieved from /home/airflow/.local/lib/python3.8/site-packages/airflow/example_dags/example_short_circuit_decorator.py
[2025-02-07T13:23:03.002+0000] {logging_mixin.py:154} INFO - [2025-02-07T13:23:03.002+0000] {dag.py:2941} INFO - Sync 1 DAGs
[2025-02-07T13:23:03.035+0000] {logging_mixin.py:154} INFO - [2025-02-07T13:23:03.035+0000] {dag.py:3722} INFO - Setting next_dagrun for example_short_circuit_decorator to 2025-02-06T13:23:03.034899+00:00, run_after=2025-02-07T13:23:03.034899+00:00
[2025-02-07T13:23:03.065+0000] {processor.py:179} INFO - Processing /home/airflow/.local/lib/python3.8/site-packages/airflow/example_dags/example_short_circuit_decorator.py took 0.121 seconds
[2025-02-07T13:23:34.153+0000] {processor.py:157} INFO - Started process (PID=2064) to work on /home/airflow/.local/lib/python3.8/site-packages/airflow/example_dags/example_short_circuit_decorator.py
[2025-02-07T13:23:34.157+0000] {processor.py:829} INFO - Processing file /home/airflow/.local/lib/python3.8/site-packages/airflow/example_dags/example_short_circuit_decorator.py for tasks to queue
[2025-02-07T13:23:34.159+0000] {logging_mixin.py:154} INFO - [2025-02-07T13:23:34.158+0000] {dagbag.py:536} INFO - Filling up the DagBag from /home/airflow/.local/lib/python3.8/site-packages/airflow/example_dags/example_short_circuit_decorator.py
[2025-02-07T13:23:34.187+0000] {processor.py:839} INFO - DAG(s) dict_keys(['example_short_circuit_decorator']) retrieved from /home/airflow/.local/lib/python3.8/site-packages/airflow/example_dags/example_short_circuit_decorator.py
[2025-02-07T13:23:34.250+0000] {logging_mixin.py:154} INFO - [2025-02-07T13:23:34.249+0000] {dag.py:2941} INFO - Sync 1 DAGs
[2025-02-07T13:23:34.326+0000] {logging_mixin.py:154} INFO - [2025-02-07T13:23:34.325+0000] {dag.py:3722} INFO - Setting next_dagrun for example_short_circuit_decorator to 2025-02-06T13:23:34.324846+00:00, run_after=2025-02-07T13:23:34.324846+00:00
[2025-02-07T13:23:34.390+0000] {processor.py:179} INFO - Processing /home/airflow/.local/lib/python3.8/site-packages/airflow/example_dags/example_short_circuit_decorator.py took 0.249 seconds
[2025-02-07T13:24:05.352+0000] {processor.py:157} INFO - Started process (PID=2307) to work on /home/airflow/.local/lib/python3.8/site-packages/airflow/example_dags/example_short_circuit_decorator.py
[2025-02-07T13:24:05.355+0000] {processor.py:829} INFO - Processing file /home/airflow/.local/lib/python3.8/site-packages/airflow/example_dags/example_short_circuit_decorator.py for tasks to queue
[2025-02-07T13:24:05.358+0000] {logging_mixin.py:154} INFO - [2025-02-07T13:24:05.356+0000] {dagbag.py:536} INFO - Filling up the DagBag from /home/airflow/.local/lib/python3.8/site-packages/airflow/example_dags/example_short_circuit_decorator.py
[2025-02-07T13:24:05.402+0000] {processor.py:839} INFO - DAG(s) dict_keys(['example_short_circuit_decorator']) retrieved from /home/airflow/.local/lib/python3.8/site-packages/airflow/example_dags/example_short_circuit_decorator.py
[2025-02-07T13:24:05.486+0000] {logging_mixin.py:154} INFO - [2025-02-07T13:24:05.486+0000] {dag.py:2941} INFO - Sync 1 DAGs
[2025-02-07T13:24:05.580+0000] {logging_mixin.py:154} INFO - [2025-02-07T13:24:05.580+0000] {dag.py:3722} INFO - Setting next_dagrun for example_short_circuit_decorator to 2025-02-06T13:24:05.578141+00:00, run_after=2025-02-07T13:24:05.578141+00:00
[2025-02-07T13:24:05.705+0000] {processor.py:179} INFO - Processing /home/airflow/.local/lib/python3.8/site-packages/airflow/example_dags/example_short_circuit_decorator.py took 0.363 seconds
[2025-02-07T13:24:36.466+0000] {processor.py:157} INFO - Started process (PID=2552) to work on /home/airflow/.local/lib/python3.8/site-packages/airflow/example_dags/example_short_circuit_decorator.py
[2025-02-07T13:24:36.469+0000] {processor.py:829} INFO - Processing file /home/airflow/.local/lib/python3.8/site-packages/airflow/example_dags/example_short_circuit_decorator.py for tasks to queue
[2025-02-07T13:24:36.471+0000] {logging_mixin.py:154} INFO - [2025-02-07T13:24:36.471+0000] {dagbag.py:536} INFO - Filling up the DagBag from /home/airflow/.local/lib/python3.8/site-packages/airflow/example_dags/example_short_circuit_decorator.py
[2025-02-07T13:24:36.499+0000] {processor.py:839} INFO - DAG(s) dict_keys(['example_short_circuit_decorator']) retrieved from /home/airflow/.local/lib/python3.8/site-packages/airflow/example_dags/example_short_circuit_decorator.py
[2025-02-07T13:24:36.593+0000] {logging_mixin.py:154} INFO - [2025-02-07T13:24:36.592+0000] {dag.py:2941} INFO - Sync 1 DAGs
[2025-02-07T13:24:36.671+0000] {logging_mixin.py:154} INFO - [2025-02-07T13:24:36.670+0000] {dag.py:3722} INFO - Setting next_dagrun for example_short_circuit_decorator to 2025-02-06T13:24:36.669533+00:00, run_after=2025-02-07T13:24:36.669533+00:00
[2025-02-07T13:24:36.726+0000] {processor.py:179} INFO - Processing /home/airflow/.local/lib/python3.8/site-packages/airflow/example_dags/example_short_circuit_decorator.py took 0.271 seconds
[2025-02-07T13:25:07.270+0000] {processor.py:157} INFO - Started process (PID=2794) to work on /home/airflow/.local/lib/python3.8/site-packages/airflow/example_dags/example_short_circuit_decorator.py
[2025-02-07T13:25:07.272+0000] {processor.py:829} INFO - Processing file /home/airflow/.local/lib/python3.8/site-packages/airflow/example_dags/example_short_circuit_decorator.py for tasks to queue
[2025-02-07T13:25:07.274+0000] {logging_mixin.py:154} INFO - [2025-02-07T13:25:07.273+0000] {dagbag.py:536} INFO - Filling up the DagBag from /home/airflow/.local/lib/python3.8/site-packages/airflow/example_dags/example_short_circuit_decorator.py
[2025-02-07T13:25:07.303+0000] {processor.py:839} INFO - DAG(s) dict_keys(['example_short_circuit_decorator']) retrieved from /home/airflow/.local/lib/python3.8/site-packages/airflow/example_dags/example_short_circuit_decorator.py
[2025-02-07T13:25:07.384+0000] {logging_mixin.py:154} INFO - [2025-02-07T13:25:07.383+0000] {dag.py:2941} INFO - Sync 1 DAGs
[2025-02-07T13:25:07.450+0000] {logging_mixin.py:154} INFO - [2025-02-07T13:25:07.450+0000] {dag.py:3722} INFO - Setting next_dagrun for example_short_circuit_decorator to 2025-02-06T13:25:07.449347+00:00, run_after=2025-02-07T13:25:07.449347+00:00
[2025-02-07T13:25:07.513+0000] {processor.py:179} INFO - Processing /home/airflow/.local/lib/python3.8/site-packages/airflow/example_dags/example_short_circuit_decorator.py took 0.259 seconds
[2025-02-07T13:27:10.712+0000] {processor.py:157} INFO - Started process (PID=361) to work on /home/airflow/.local/lib/python3.8/site-packages/airflow/example_dags/example_short_circuit_decorator.py
[2025-02-07T13:27:10.715+0000] {processor.py:829} INFO - Processing file /home/airflow/.local/lib/python3.8/site-packages/airflow/example_dags/example_short_circuit_decorator.py for tasks to queue
[2025-02-07T13:27:10.717+0000] {logging_mixin.py:154} INFO - [2025-02-07T13:27:10.716+0000] {dagbag.py:536} INFO - Filling up the DagBag from /home/airflow/.local/lib/python3.8/site-packages/airflow/example_dags/example_short_circuit_decorator.py
[2025-02-07T13:27:10.893+0000] {processor.py:839} INFO - DAG(s) dict_keys(['example_short_circuit_decorator']) retrieved from /home/airflow/.local/lib/python3.8/site-packages/airflow/example_dags/example_short_circuit_decorator.py
[2025-02-07T13:27:11.152+0000] {logging_mixin.py:154} INFO - [2025-02-07T13:27:11.151+0000] {dag.py:2941} INFO - Sync 1 DAGs
[2025-02-07T13:27:11.331+0000] {logging_mixin.py:154} INFO - [2025-02-07T13:27:11.325+0000] {dag.py:3722} INFO - Setting next_dagrun for example_short_circuit_decorator to 2025-02-06T13:27:11.325248+00:00, run_after=2025-02-07T13:27:11.325248+00:00
[2025-02-07T13:27:11.476+0000] {processor.py:179} INFO - Processing /home/airflow/.local/lib/python3.8/site-packages/airflow/example_dags/example_short_circuit_decorator.py took 0.783 seconds
[2025-02-07T21:29:19.171+0000] {processor.py:157} INFO - Started process (PID=361) to work on /home/airflow/.local/lib/python3.8/site-packages/airflow/example_dags/example_short_circuit_decorator.py
[2025-02-07T21:29:19.177+0000] {processor.py:829} INFO - Processing file /home/airflow/.local/lib/python3.8/site-packages/airflow/example_dags/example_short_circuit_decorator.py for tasks to queue
[2025-02-07T21:29:19.179+0000] {logging_mixin.py:154} INFO - [2025-02-07T21:29:19.178+0000] {dagbag.py:536} INFO - Filling up the DagBag from /home/airflow/.local/lib/python3.8/site-packages/airflow/example_dags/example_short_circuit_decorator.py
[2025-02-07T21:29:19.234+0000] {processor.py:839} INFO - DAG(s) dict_keys(['example_short_circuit_decorator']) retrieved from /home/airflow/.local/lib/python3.8/site-packages/airflow/example_dags/example_short_circuit_decorator.py
[2025-02-07T21:29:19.334+0000] {logging_mixin.py:154} INFO - [2025-02-07T21:29:19.334+0000] {dag.py:2941} INFO - Sync 1 DAGs
[2025-02-07T21:29:19.436+0000] {logging_mixin.py:154} INFO - [2025-02-07T21:29:19.435+0000] {dag.py:3722} INFO - Setting next_dagrun for example_short_circuit_decorator to 2025-02-06T21:29:19.435113+00:00, run_after=2025-02-07T21:29:19.435113+00:00
[2025-02-07T21:29:19.502+0000] {processor.py:179} INFO - Processing /home/airflow/.local/lib/python3.8/site-packages/airflow/example_dags/example_short_circuit_decorator.py took 0.347 seconds
[2025-02-07T21:29:49.820+0000] {processor.py:157} INFO - Started process (PID=606) to work on /home/airflow/.local/lib/python3.8/site-packages/airflow/example_dags/example_short_circuit_decorator.py
[2025-02-07T21:29:49.823+0000] {processor.py:829} INFO - Processing file /home/airflow/.local/lib/python3.8/site-packages/airflow/example_dags/example_short_circuit_decorator.py for tasks to queue
[2025-02-07T21:29:49.825+0000] {logging_mixin.py:154} INFO - [2025-02-07T21:29:49.824+0000] {dagbag.py:536} INFO - Filling up the DagBag from /home/airflow/.local/lib/python3.8/site-packages/airflow/example_dags/example_short_circuit_decorator.py
[2025-02-07T21:29:49.856+0000] {processor.py:839} INFO - DAG(s) dict_keys(['example_short_circuit_decorator']) retrieved from /home/airflow/.local/lib/python3.8/site-packages/airflow/example_dags/example_short_circuit_decorator.py
[2025-02-07T21:29:49.915+0000] {logging_mixin.py:154} INFO - [2025-02-07T21:29:49.914+0000] {dag.py:2941} INFO - Sync 1 DAGs
[2025-02-07T21:29:49.969+0000] {logging_mixin.py:154} INFO - [2025-02-07T21:29:49.969+0000] {dag.py:3722} INFO - Setting next_dagrun for example_short_circuit_decorator to 2025-02-06T21:29:49.969117+00:00, run_after=2025-02-07T21:29:49.969117+00:00
[2025-02-07T21:29:50.014+0000] {processor.py:179} INFO - Processing /home/airflow/.local/lib/python3.8/site-packages/airflow/example_dags/example_short_circuit_decorator.py took 0.203 seconds
