[2025-02-07T13:19:57.349+0000] {processor.py:157} INFO - Started process (PID=413) to work on /home/airflow/.local/lib/python3.8/site-packages/airflow/example_dags/example_branch_day_of_week_operator.py
[2025-02-07T13:19:57.351+0000] {processor.py:829} INFO - Processing file /home/airflow/.local/lib/python3.8/site-packages/airflow/example_dags/example_branch_day_of_week_operator.py for tasks to queue
[2025-02-07T13:19:57.353+0000] {logging_mixin.py:154} INFO - [2025-02-07T13:19:57.352+0000] {dagbag.py:536} INFO - Filling up the DagBag from /home/airflow/.local/lib/python3.8/site-packages/airflow/example_dags/example_branch_day_of_week_operator.py
[2025-02-07T13:19:57.377+0000] {processor.py:839} INFO - DAG(s) dict_keys(['example_weekday_branch_operator']) retrieved from /home/airflow/.local/lib/python3.8/site-packages/airflow/example_dags/example_branch_day_of_week_operator.py
[2025-02-07T13:19:57.451+0000] {logging_mixin.py:154} INFO - [2025-02-07T13:19:57.451+0000] {dag.py:2941} INFO - Sync 1 DAGs
[2025-02-07T13:19:57.526+0000] {logging_mixin.py:154} INFO - [2025-02-07T13:19:57.526+0000] {dag.py:3722} INFO - Setting next_dagrun for example_weekday_branch_operator to 2025-02-06T00:00:00+00:00, run_after=2025-02-07T00:00:00+00:00
[2025-02-07T13:19:57.583+0000] {processor.py:179} INFO - Processing /home/airflow/.local/lib/python3.8/site-packages/airflow/example_dags/example_branch_day_of_week_operator.py took 0.244 seconds
[2025-02-07T13:20:29.368+0000] {processor.py:157} INFO - Started process (PID=656) to work on /home/airflow/.local/lib/python3.8/site-packages/airflow/example_dags/example_branch_day_of_week_operator.py
[2025-02-07T13:20:29.373+0000] {processor.py:829} INFO - Processing file /home/airflow/.local/lib/python3.8/site-packages/airflow/example_dags/example_branch_day_of_week_operator.py for tasks to queue
[2025-02-07T13:20:29.376+0000] {logging_mixin.py:154} INFO - [2025-02-07T13:20:29.375+0000] {dagbag.py:536} INFO - Filling up the DagBag from /home/airflow/.local/lib/python3.8/site-packages/airflow/example_dags/example_branch_day_of_week_operator.py
[2025-02-07T13:20:29.426+0000] {processor.py:839} INFO - DAG(s) dict_keys(['example_weekday_branch_operator']) retrieved from /home/airflow/.local/lib/python3.8/site-packages/airflow/example_dags/example_branch_day_of_week_operator.py
[2025-02-07T13:20:29.525+0000] {logging_mixin.py:154} INFO - [2025-02-07T13:20:29.525+0000] {dag.py:2941} INFO - Sync 1 DAGs
[2025-02-07T13:20:29.613+0000] {logging_mixin.py:154} INFO - [2025-02-07T13:20:29.608+0000] {dag.py:3722} INFO - Setting next_dagrun for example_weekday_branch_operator to 2025-02-06T00:00:00+00:00, run_after=2025-02-07T00:00:00+00:00
[2025-02-07T13:20:29.759+0000] {processor.py:179} INFO - Processing /home/airflow/.local/lib/python3.8/site-packages/airflow/example_dags/example_branch_day_of_week_operator.py took 0.408 seconds
[2025-02-07T13:21:00.127+0000] {processor.py:157} INFO - Started process (PID=901) to work on /home/airflow/.local/lib/python3.8/site-packages/airflow/example_dags/example_branch_day_of_week_operator.py
[2025-02-07T13:21:00.128+0000] {processor.py:829} INFO - Processing file /home/airflow/.local/lib/python3.8/site-packages/airflow/example_dags/example_branch_day_of_week_operator.py for tasks to queue
[2025-02-07T13:21:00.130+0000] {logging_mixin.py:154} INFO - [2025-02-07T13:21:00.129+0000] {dagbag.py:536} INFO - Filling up the DagBag from /home/airflow/.local/lib/python3.8/site-packages/airflow/example_dags/example_branch_day_of_week_operator.py
[2025-02-07T13:21:00.139+0000] {processor.py:839} INFO - DAG(s) dict_keys(['example_weekday_branch_operator']) retrieved from /home/airflow/.local/lib/python3.8/site-packages/airflow/example_dags/example_branch_day_of_week_operator.py
[2025-02-07T13:21:00.176+0000] {logging_mixin.py:154} INFO - [2025-02-07T13:21:00.175+0000] {dag.py:2941} INFO - Sync 1 DAGs
[2025-02-07T13:21:00.228+0000] {logging_mixin.py:154} INFO - [2025-02-07T13:21:00.228+0000] {dag.py:3722} INFO - Setting next_dagrun for example_weekday_branch_operator to 2025-02-06T00:00:00+00:00, run_after=2025-02-07T00:00:00+00:00
[2025-02-07T13:21:00.256+0000] {processor.py:179} INFO - Processing /home/airflow/.local/lib/python3.8/site-packages/airflow/example_dags/example_branch_day_of_week_operator.py took 0.135 seconds
[2025-02-07T13:21:30.385+0000] {processor.py:157} INFO - Started process (PID=1142) to work on /home/airflow/.local/lib/python3.8/site-packages/airflow/example_dags/example_branch_day_of_week_operator.py
[2025-02-07T13:21:30.391+0000] {processor.py:829} INFO - Processing file /home/airflow/.local/lib/python3.8/site-packages/airflow/example_dags/example_branch_day_of_week_operator.py for tasks to queue
[2025-02-07T13:21:30.396+0000] {logging_mixin.py:154} INFO - [2025-02-07T13:21:30.394+0000] {dagbag.py:536} INFO - Filling up the DagBag from /home/airflow/.local/lib/python3.8/site-packages/airflow/example_dags/example_branch_day_of_week_operator.py
[2025-02-07T13:21:30.421+0000] {processor.py:839} INFO - DAG(s) dict_keys(['example_weekday_branch_operator']) retrieved from /home/airflow/.local/lib/python3.8/site-packages/airflow/example_dags/example_branch_day_of_week_operator.py
[2025-02-07T13:21:30.493+0000] {logging_mixin.py:154} INFO - [2025-02-07T13:21:30.492+0000] {dag.py:2941} INFO - Sync 1 DAGs
[2025-02-07T13:21:30.577+0000] {logging_mixin.py:154} INFO - [2025-02-07T13:21:30.576+0000] {dag.py:3722} INFO - Setting next_dagrun for example_weekday_branch_operator to 2025-02-06T00:00:00+00:00, run_after=2025-02-07T00:00:00+00:00
[2025-02-07T13:21:30.644+0000] {processor.py:179} INFO - Processing /home/airflow/.local/lib/python3.8/site-packages/airflow/example_dags/example_branch_day_of_week_operator.py took 0.275 seconds
[2025-02-07T13:22:02.171+0000] {processor.py:157} INFO - Started process (PID=1385) to work on /home/airflow/.local/lib/python3.8/site-packages/airflow/example_dags/example_branch_day_of_week_operator.py
[2025-02-07T13:22:02.173+0000] {processor.py:829} INFO - Processing file /home/airflow/.local/lib/python3.8/site-packages/airflow/example_dags/example_branch_day_of_week_operator.py for tasks to queue
[2025-02-07T13:22:02.175+0000] {logging_mixin.py:154} INFO - [2025-02-07T13:22:02.174+0000] {dagbag.py:536} INFO - Filling up the DagBag from /home/airflow/.local/lib/python3.8/site-packages/airflow/example_dags/example_branch_day_of_week_operator.py
[2025-02-07T13:22:02.199+0000] {processor.py:839} INFO - DAG(s) dict_keys(['example_weekday_branch_operator']) retrieved from /home/airflow/.local/lib/python3.8/site-packages/airflow/example_dags/example_branch_day_of_week_operator.py
[2025-02-07T13:22:02.298+0000] {logging_mixin.py:154} INFO - [2025-02-07T13:22:02.298+0000] {dag.py:2941} INFO - Sync 1 DAGs
[2025-02-07T13:22:02.392+0000] {logging_mixin.py:154} INFO - [2025-02-07T13:22:02.392+0000] {dag.py:3722} INFO - Setting next_dagrun for example_weekday_branch_operator to 2025-02-06T00:00:00+00:00, run_after=2025-02-07T00:00:00+00:00
[2025-02-07T13:22:02.455+0000] {processor.py:179} INFO - Processing /home/airflow/.local/lib/python3.8/site-packages/airflow/example_dags/example_branch_day_of_week_operator.py took 0.300 seconds
[2025-02-07T13:22:34.402+0000] {processor.py:157} INFO - Started process (PID=1628) to work on /home/airflow/.local/lib/python3.8/site-packages/airflow/example_dags/example_branch_day_of_week_operator.py
[2025-02-07T13:22:34.405+0000] {processor.py:829} INFO - Processing file /home/airflow/.local/lib/python3.8/site-packages/airflow/example_dags/example_branch_day_of_week_operator.py for tasks to queue
[2025-02-07T13:22:34.409+0000] {logging_mixin.py:154} INFO - [2025-02-07T13:22:34.407+0000] {dagbag.py:536} INFO - Filling up the DagBag from /home/airflow/.local/lib/python3.8/site-packages/airflow/example_dags/example_branch_day_of_week_operator.py
[2025-02-07T13:22:34.434+0000] {processor.py:839} INFO - DAG(s) dict_keys(['example_weekday_branch_operator']) retrieved from /home/airflow/.local/lib/python3.8/site-packages/airflow/example_dags/example_branch_day_of_week_operator.py
[2025-02-07T13:22:34.510+0000] {logging_mixin.py:154} INFO - [2025-02-07T13:22:34.509+0000] {dag.py:2941} INFO - Sync 1 DAGs
[2025-02-07T13:22:34.584+0000] {logging_mixin.py:154} INFO - [2025-02-07T13:22:34.583+0000] {dag.py:3722} INFO - Setting next_dagrun for example_weekday_branch_operator to 2025-02-06T00:00:00+00:00, run_after=2025-02-07T00:00:00+00:00
[2025-02-07T13:22:34.629+0000] {processor.py:179} INFO - Processing /home/airflow/.local/lib/python3.8/site-packages/airflow/example_dags/example_branch_day_of_week_operator.py took 0.240 seconds
[2025-02-07T13:23:04.828+0000] {processor.py:157} INFO - Started process (PID=1866) to work on /home/airflow/.local/lib/python3.8/site-packages/airflow/example_dags/example_branch_day_of_week_operator.py
[2025-02-07T13:23:04.829+0000] {processor.py:829} INFO - Processing file /home/airflow/.local/lib/python3.8/site-packages/airflow/example_dags/example_branch_day_of_week_operator.py for tasks to queue
[2025-02-07T13:23:04.830+0000] {logging_mixin.py:154} INFO - [2025-02-07T13:23:04.830+0000] {dagbag.py:536} INFO - Filling up the DagBag from /home/airflow/.local/lib/python3.8/site-packages/airflow/example_dags/example_branch_day_of_week_operator.py
[2025-02-07T13:23:04.839+0000] {processor.py:839} INFO - DAG(s) dict_keys(['example_weekday_branch_operator']) retrieved from /home/airflow/.local/lib/python3.8/site-packages/airflow/example_dags/example_branch_day_of_week_operator.py
[2025-02-07T13:23:04.868+0000] {logging_mixin.py:154} INFO - [2025-02-07T13:23:04.868+0000] {dag.py:2941} INFO - Sync 1 DAGs
[2025-02-07T13:23:04.892+0000] {logging_mixin.py:154} INFO - [2025-02-07T13:23:04.892+0000] {dag.py:3722} INFO - Setting next_dagrun for example_weekday_branch_operator to 2025-02-06T00:00:00+00:00, run_after=2025-02-07T00:00:00+00:00
[2025-02-07T13:23:04.910+0000] {processor.py:179} INFO - Processing /home/airflow/.local/lib/python3.8/site-packages/airflow/example_dags/example_branch_day_of_week_operator.py took 0.085 seconds
[2025-02-07T13:23:35.869+0000] {processor.py:157} INFO - Started process (PID=2114) to work on /home/airflow/.local/lib/python3.8/site-packages/airflow/example_dags/example_branch_day_of_week_operator.py
[2025-02-07T13:23:35.872+0000] {processor.py:829} INFO - Processing file /home/airflow/.local/lib/python3.8/site-packages/airflow/example_dags/example_branch_day_of_week_operator.py for tasks to queue
[2025-02-07T13:23:35.874+0000] {logging_mixin.py:154} INFO - [2025-02-07T13:23:35.874+0000] {dagbag.py:536} INFO - Filling up the DagBag from /home/airflow/.local/lib/python3.8/site-packages/airflow/example_dags/example_branch_day_of_week_operator.py
[2025-02-07T13:23:35.902+0000] {processor.py:839} INFO - DAG(s) dict_keys(['example_weekday_branch_operator']) retrieved from /home/airflow/.local/lib/python3.8/site-packages/airflow/example_dags/example_branch_day_of_week_operator.py
[2025-02-07T13:23:35.974+0000] {logging_mixin.py:154} INFO - [2025-02-07T13:23:35.973+0000] {dag.py:2941} INFO - Sync 1 DAGs
[2025-02-07T13:23:36.056+0000] {logging_mixin.py:154} INFO - [2025-02-07T13:23:36.055+0000] {dag.py:3722} INFO - Setting next_dagrun for example_weekday_branch_operator to 2025-02-06T00:00:00+00:00, run_after=2025-02-07T00:00:00+00:00
[2025-02-07T13:23:36.160+0000] {processor.py:179} INFO - Processing /home/airflow/.local/lib/python3.8/site-packages/airflow/example_dags/example_branch_day_of_week_operator.py took 0.301 seconds
[2025-02-07T13:24:07.174+0000] {processor.py:157} INFO - Started process (PID=2357) to work on /home/airflow/.local/lib/python3.8/site-packages/airflow/example_dags/example_branch_day_of_week_operator.py
[2025-02-07T13:24:07.178+0000] {processor.py:829} INFO - Processing file /home/airflow/.local/lib/python3.8/site-packages/airflow/example_dags/example_branch_day_of_week_operator.py for tasks to queue
[2025-02-07T13:24:07.180+0000] {logging_mixin.py:154} INFO - [2025-02-07T13:24:07.179+0000] {dagbag.py:536} INFO - Filling up the DagBag from /home/airflow/.local/lib/python3.8/site-packages/airflow/example_dags/example_branch_day_of_week_operator.py
[2025-02-07T13:24:07.208+0000] {processor.py:839} INFO - DAG(s) dict_keys(['example_weekday_branch_operator']) retrieved from /home/airflow/.local/lib/python3.8/site-packages/airflow/example_dags/example_branch_day_of_week_operator.py
[2025-02-07T13:24:07.285+0000] {logging_mixin.py:154} INFO - [2025-02-07T13:24:07.284+0000] {dag.py:2941} INFO - Sync 1 DAGs
[2025-02-07T13:24:07.359+0000] {logging_mixin.py:154} INFO - [2025-02-07T13:24:07.358+0000] {dag.py:3722} INFO - Setting next_dagrun for example_weekday_branch_operator to 2025-02-06T00:00:00+00:00, run_after=2025-02-07T00:00:00+00:00
[2025-02-07T13:24:07.406+0000] {processor.py:179} INFO - Processing /home/airflow/.local/lib/python3.8/site-packages/airflow/example_dags/example_branch_day_of_week_operator.py took 0.246 seconds
[2025-02-07T13:24:38.121+0000] {processor.py:157} INFO - Started process (PID=2600) to work on /home/airflow/.local/lib/python3.8/site-packages/airflow/example_dags/example_branch_day_of_week_operator.py
[2025-02-07T13:24:38.124+0000] {processor.py:829} INFO - Processing file /home/airflow/.local/lib/python3.8/site-packages/airflow/example_dags/example_branch_day_of_week_operator.py for tasks to queue
[2025-02-07T13:24:38.129+0000] {logging_mixin.py:154} INFO - [2025-02-07T13:24:38.128+0000] {dagbag.py:536} INFO - Filling up the DagBag from /home/airflow/.local/lib/python3.8/site-packages/airflow/example_dags/example_branch_day_of_week_operator.py
[2025-02-07T13:24:38.155+0000] {processor.py:839} INFO - DAG(s) dict_keys(['example_weekday_branch_operator']) retrieved from /home/airflow/.local/lib/python3.8/site-packages/airflow/example_dags/example_branch_day_of_week_operator.py
[2025-02-07T13:24:38.236+0000] {logging_mixin.py:154} INFO - [2025-02-07T13:24:38.236+0000] {dag.py:2941} INFO - Sync 1 DAGs
[2025-02-07T13:24:38.331+0000] {logging_mixin.py:154} INFO - [2025-02-07T13:24:38.330+0000] {dag.py:3722} INFO - Setting next_dagrun for example_weekday_branch_operator to 2025-02-06T00:00:00+00:00, run_after=2025-02-07T00:00:00+00:00
[2025-02-07T13:24:38.385+0000] {processor.py:179} INFO - Processing /home/airflow/.local/lib/python3.8/site-packages/airflow/example_dags/example_branch_day_of_week_operator.py took 0.274 seconds
[2025-02-07T13:25:09.541+0000] {processor.py:157} INFO - Started process (PID=2844) to work on /home/airflow/.local/lib/python3.8/site-packages/airflow/example_dags/example_branch_day_of_week_operator.py
[2025-02-07T13:25:09.544+0000] {processor.py:829} INFO - Processing file /home/airflow/.local/lib/python3.8/site-packages/airflow/example_dags/example_branch_day_of_week_operator.py for tasks to queue
[2025-02-07T13:25:09.546+0000] {logging_mixin.py:154} INFO - [2025-02-07T13:25:09.545+0000] {dagbag.py:536} INFO - Filling up the DagBag from /home/airflow/.local/lib/python3.8/site-packages/airflow/example_dags/example_branch_day_of_week_operator.py
[2025-02-07T13:25:09.580+0000] {processor.py:839} INFO - DAG(s) dict_keys(['example_weekday_branch_operator']) retrieved from /home/airflow/.local/lib/python3.8/site-packages/airflow/example_dags/example_branch_day_of_week_operator.py
[2025-02-07T13:25:09.678+0000] {logging_mixin.py:154} INFO - [2025-02-07T13:25:09.678+0000] {dag.py:2941} INFO - Sync 1 DAGs
[2025-02-07T13:25:09.766+0000] {logging_mixin.py:154} INFO - [2025-02-07T13:25:09.766+0000] {dag.py:3722} INFO - Setting next_dagrun for example_weekday_branch_operator to 2025-02-06T00:00:00+00:00, run_after=2025-02-07T00:00:00+00:00
[2025-02-07T13:25:09.829+0000] {processor.py:179} INFO - Processing /home/airflow/.local/lib/python3.8/site-packages/airflow/example_dags/example_branch_day_of_week_operator.py took 0.298 seconds
[2025-02-07T13:27:13.477+0000] {processor.py:157} INFO - Started process (PID=411) to work on /home/airflow/.local/lib/python3.8/site-packages/airflow/example_dags/example_branch_day_of_week_operator.py
[2025-02-07T13:27:13.478+0000] {processor.py:829} INFO - Processing file /home/airflow/.local/lib/python3.8/site-packages/airflow/example_dags/example_branch_day_of_week_operator.py for tasks to queue
[2025-02-07T13:27:13.479+0000] {logging_mixin.py:154} INFO - [2025-02-07T13:27:13.478+0000] {dagbag.py:536} INFO - Filling up the DagBag from /home/airflow/.local/lib/python3.8/site-packages/airflow/example_dags/example_branch_day_of_week_operator.py
[2025-02-07T13:27:13.487+0000] {processor.py:839} INFO - DAG(s) dict_keys(['example_weekday_branch_operator']) retrieved from /home/airflow/.local/lib/python3.8/site-packages/airflow/example_dags/example_branch_day_of_week_operator.py
[2025-02-07T13:27:13.514+0000] {logging_mixin.py:154} INFO - [2025-02-07T13:27:13.514+0000] {dag.py:2941} INFO - Sync 1 DAGs
[2025-02-07T13:27:13.539+0000] {logging_mixin.py:154} INFO - [2025-02-07T13:27:13.539+0000] {dag.py:3722} INFO - Setting next_dagrun for example_weekday_branch_operator to 2025-02-06T00:00:00+00:00, run_after=2025-02-07T00:00:00+00:00
[2025-02-07T13:27:13.558+0000] {processor.py:179} INFO - Processing /home/airflow/.local/lib/python3.8/site-packages/airflow/example_dags/example_branch_day_of_week_operator.py took 0.085 seconds
[2025-02-07T21:29:21.543+0000] {processor.py:157} INFO - Started process (PID=411) to work on /home/airflow/.local/lib/python3.8/site-packages/airflow/example_dags/example_branch_day_of_week_operator.py
[2025-02-07T21:29:21.547+0000] {processor.py:829} INFO - Processing file /home/airflow/.local/lib/python3.8/site-packages/airflow/example_dags/example_branch_day_of_week_operator.py for tasks to queue
[2025-02-07T21:29:21.552+0000] {logging_mixin.py:154} INFO - [2025-02-07T21:29:21.552+0000] {dagbag.py:536} INFO - Filling up the DagBag from /home/airflow/.local/lib/python3.8/site-packages/airflow/example_dags/example_branch_day_of_week_operator.py
[2025-02-07T21:29:21.577+0000] {processor.py:839} INFO - DAG(s) dict_keys(['example_weekday_branch_operator']) retrieved from /home/airflow/.local/lib/python3.8/site-packages/airflow/example_dags/example_branch_day_of_week_operator.py
[2025-02-07T21:29:21.668+0000] {logging_mixin.py:154} INFO - [2025-02-07T21:29:21.668+0000] {dag.py:2941} INFO - Sync 1 DAGs
[2025-02-07T21:29:21.746+0000] {logging_mixin.py:154} INFO - [2025-02-07T21:29:21.745+0000] {dag.py:3722} INFO - Setting next_dagrun for example_weekday_branch_operator to 2025-02-06T00:00:00+00:00, run_after=2025-02-07T00:00:00+00:00
[2025-02-07T21:29:21.806+0000] {processor.py:179} INFO - Processing /home/airflow/.local/lib/python3.8/site-packages/airflow/example_dags/example_branch_day_of_week_operator.py took 0.276 seconds
