[2025-02-07T13:19:49.767+0000] {processor.py:157} INFO - Started process (PID=259) to work on /home/airflow/.local/lib/python3.8/site-packages/airflow/example_dags/example_time_delta_sensor_async.py
[2025-02-07T13:19:49.769+0000] {processor.py:829} INFO - Processing file /home/airflow/.local/lib/python3.8/site-packages/airflow/example_dags/example_time_delta_sensor_async.py for tasks to queue
[2025-02-07T13:19:49.771+0000] {logging_mixin.py:154} INFO - [2025-02-07T13:19:49.770+0000] {dagbag.py:536} INFO - Filling up the DagBag from /home/airflow/.local/lib/python3.8/site-packages/airflow/example_dags/example_time_delta_sensor_async.py
[2025-02-07T13:19:49.793+0000] {processor.py:839} INFO - DAG(s) dict_keys(['example_time_delta_sensor_async']) retrieved from /home/airflow/.local/lib/python3.8/site-packages/airflow/example_dags/example_time_delta_sensor_async.py
[2025-02-07T13:19:49.888+0000] {logging_mixin.py:154} INFO - [2025-02-07T13:19:49.888+0000] {dag.py:2941} INFO - Sync 1 DAGs
[2025-02-07T13:19:49.956+0000] {logging_mixin.py:154} INFO - [2025-02-07T13:19:49.954+0000] {dag.py:3722} INFO - Setting next_dagrun for example_time_delta_sensor_async to None, run_after=None
[2025-02-07T13:19:50.057+0000] {processor.py:179} INFO - Processing /home/airflow/.local/lib/python3.8/site-packages/airflow/example_dags/example_time_delta_sensor_async.py took 0.299 seconds
[2025-02-07T13:20:21.166+0000] {processor.py:157} INFO - Started process (PID=501) to work on /home/airflow/.local/lib/python3.8/site-packages/airflow/example_dags/example_time_delta_sensor_async.py
[2025-02-07T13:20:21.169+0000] {processor.py:829} INFO - Processing file /home/airflow/.local/lib/python3.8/site-packages/airflow/example_dags/example_time_delta_sensor_async.py for tasks to queue
[2025-02-07T13:20:21.171+0000] {logging_mixin.py:154} INFO - [2025-02-07T13:20:21.170+0000] {dagbag.py:536} INFO - Filling up the DagBag from /home/airflow/.local/lib/python3.8/site-packages/airflow/example_dags/example_time_delta_sensor_async.py
[2025-02-07T13:20:21.190+0000] {processor.py:839} INFO - DAG(s) dict_keys(['example_time_delta_sensor_async']) retrieved from /home/airflow/.local/lib/python3.8/site-packages/airflow/example_dags/example_time_delta_sensor_async.py
[2025-02-07T13:20:21.290+0000] {logging_mixin.py:154} INFO - [2025-02-07T13:20:21.289+0000] {dag.py:2941} INFO - Sync 1 DAGs
[2025-02-07T13:20:21.341+0000] {logging_mixin.py:154} INFO - [2025-02-07T13:20:21.340+0000] {dag.py:3722} INFO - Setting next_dagrun for example_time_delta_sensor_async to None, run_after=None
[2025-02-07T13:20:21.405+0000] {processor.py:179} INFO - Processing /home/airflow/.local/lib/python3.8/site-packages/airflow/example_dags/example_time_delta_sensor_async.py took 0.250 seconds
[2025-02-07T13:20:51.873+0000] {processor.py:157} INFO - Started process (PID=746) to work on /home/airflow/.local/lib/python3.8/site-packages/airflow/example_dags/example_time_delta_sensor_async.py
[2025-02-07T13:20:51.877+0000] {processor.py:829} INFO - Processing file /home/airflow/.local/lib/python3.8/site-packages/airflow/example_dags/example_time_delta_sensor_async.py for tasks to queue
[2025-02-07T13:20:51.879+0000] {logging_mixin.py:154} INFO - [2025-02-07T13:20:51.878+0000] {dagbag.py:536} INFO - Filling up the DagBag from /home/airflow/.local/lib/python3.8/site-packages/airflow/example_dags/example_time_delta_sensor_async.py
[2025-02-07T13:20:51.894+0000] {processor.py:839} INFO - DAG(s) dict_keys(['example_time_delta_sensor_async']) retrieved from /home/airflow/.local/lib/python3.8/site-packages/airflow/example_dags/example_time_delta_sensor_async.py
[2025-02-07T13:20:51.958+0000] {logging_mixin.py:154} INFO - [2025-02-07T13:20:51.957+0000] {dag.py:2941} INFO - Sync 1 DAGs
[2025-02-07T13:20:51.992+0000] {logging_mixin.py:154} INFO - [2025-02-07T13:20:51.991+0000] {dag.py:3722} INFO - Setting next_dagrun for example_time_delta_sensor_async to None, run_after=None
[2025-02-07T13:20:52.042+0000] {processor.py:179} INFO - Processing /home/airflow/.local/lib/python3.8/site-packages/airflow/example_dags/example_time_delta_sensor_async.py took 0.184 seconds
[2025-02-07T13:21:22.813+0000] {processor.py:157} INFO - Started process (PID=987) to work on /home/airflow/.local/lib/python3.8/site-packages/airflow/example_dags/example_time_delta_sensor_async.py
[2025-02-07T13:21:22.816+0000] {processor.py:829} INFO - Processing file /home/airflow/.local/lib/python3.8/site-packages/airflow/example_dags/example_time_delta_sensor_async.py for tasks to queue
[2025-02-07T13:21:22.818+0000] {logging_mixin.py:154} INFO - [2025-02-07T13:21:22.818+0000] {dagbag.py:536} INFO - Filling up the DagBag from /home/airflow/.local/lib/python3.8/site-packages/airflow/example_dags/example_time_delta_sensor_async.py
[2025-02-07T13:21:22.832+0000] {processor.py:839} INFO - DAG(s) dict_keys(['example_time_delta_sensor_async']) retrieved from /home/airflow/.local/lib/python3.8/site-packages/airflow/example_dags/example_time_delta_sensor_async.py
[2025-02-07T13:21:22.912+0000] {logging_mixin.py:154} INFO - [2025-02-07T13:21:22.912+0000] {dag.py:2941} INFO - Sync 1 DAGs
[2025-02-07T13:21:22.946+0000] {logging_mixin.py:154} INFO - [2025-02-07T13:21:22.945+0000] {dag.py:3722} INFO - Setting next_dagrun for example_time_delta_sensor_async to None, run_after=None
[2025-02-07T13:21:22.997+0000] {processor.py:179} INFO - Processing /home/airflow/.local/lib/python3.8/site-packages/airflow/example_dags/example_time_delta_sensor_async.py took 0.193 seconds
[2025-02-07T13:21:54.164+0000] {processor.py:157} INFO - Started process (PID=1230) to work on /home/airflow/.local/lib/python3.8/site-packages/airflow/example_dags/example_time_delta_sensor_async.py
[2025-02-07T13:21:54.166+0000] {processor.py:829} INFO - Processing file /home/airflow/.local/lib/python3.8/site-packages/airflow/example_dags/example_time_delta_sensor_async.py for tasks to queue
[2025-02-07T13:21:54.167+0000] {logging_mixin.py:154} INFO - [2025-02-07T13:21:54.167+0000] {dagbag.py:536} INFO - Filling up the DagBag from /home/airflow/.local/lib/python3.8/site-packages/airflow/example_dags/example_time_delta_sensor_async.py
[2025-02-07T13:21:54.179+0000] {processor.py:839} INFO - DAG(s) dict_keys(['example_time_delta_sensor_async']) retrieved from /home/airflow/.local/lib/python3.8/site-packages/airflow/example_dags/example_time_delta_sensor_async.py
[2025-02-07T13:21:54.254+0000] {logging_mixin.py:154} INFO - [2025-02-07T13:21:54.253+0000] {dag.py:2941} INFO - Sync 1 DAGs
[2025-02-07T13:21:54.312+0000] {logging_mixin.py:154} INFO - [2025-02-07T13:21:54.311+0000] {dag.py:3722} INFO - Setting next_dagrun for example_time_delta_sensor_async to None, run_after=None
[2025-02-07T13:21:54.370+0000] {processor.py:179} INFO - Processing /home/airflow/.local/lib/python3.8/site-packages/airflow/example_dags/example_time_delta_sensor_async.py took 0.216 seconds
[2025-02-07T13:22:25.519+0000] {processor.py:157} INFO - Started process (PID=1475) to work on /home/airflow/.local/lib/python3.8/site-packages/airflow/example_dags/example_time_delta_sensor_async.py
[2025-02-07T13:22:25.524+0000] {processor.py:829} INFO - Processing file /home/airflow/.local/lib/python3.8/site-packages/airflow/example_dags/example_time_delta_sensor_async.py for tasks to queue
[2025-02-07T13:22:25.528+0000] {logging_mixin.py:154} INFO - [2025-02-07T13:22:25.526+0000] {dagbag.py:536} INFO - Filling up the DagBag from /home/airflow/.local/lib/python3.8/site-packages/airflow/example_dags/example_time_delta_sensor_async.py
[2025-02-07T13:22:25.545+0000] {processor.py:839} INFO - DAG(s) dict_keys(['example_time_delta_sensor_async']) retrieved from /home/airflow/.local/lib/python3.8/site-packages/airflow/example_dags/example_time_delta_sensor_async.py
[2025-02-07T13:22:25.627+0000] {logging_mixin.py:154} INFO - [2025-02-07T13:22:25.627+0000] {dag.py:2941} INFO - Sync 1 DAGs
[2025-02-07T13:22:25.670+0000] {logging_mixin.py:154} INFO - [2025-02-07T13:22:25.669+0000] {dag.py:3722} INFO - Setting next_dagrun for example_time_delta_sensor_async to None, run_after=None
[2025-02-07T13:22:25.775+0000] {processor.py:179} INFO - Processing /home/airflow/.local/lib/python3.8/site-packages/airflow/example_dags/example_time_delta_sensor_async.py took 0.266 seconds
[2025-02-07T13:22:56.967+0000] {processor.py:157} INFO - Started process (PID=1716) to work on /home/airflow/.local/lib/python3.8/site-packages/airflow/example_dags/example_time_delta_sensor_async.py
[2025-02-07T13:22:56.970+0000] {processor.py:829} INFO - Processing file /home/airflow/.local/lib/python3.8/site-packages/airflow/example_dags/example_time_delta_sensor_async.py for tasks to queue
[2025-02-07T13:22:56.972+0000] {logging_mixin.py:154} INFO - [2025-02-07T13:22:56.971+0000] {dagbag.py:536} INFO - Filling up the DagBag from /home/airflow/.local/lib/python3.8/site-packages/airflow/example_dags/example_time_delta_sensor_async.py
[2025-02-07T13:22:56.987+0000] {processor.py:839} INFO - DAG(s) dict_keys(['example_time_delta_sensor_async']) retrieved from /home/airflow/.local/lib/python3.8/site-packages/airflow/example_dags/example_time_delta_sensor_async.py
[2025-02-07T13:22:57.064+0000] {logging_mixin.py:154} INFO - [2025-02-07T13:22:57.064+0000] {dag.py:2941} INFO - Sync 1 DAGs
[2025-02-07T13:22:57.125+0000] {logging_mixin.py:154} INFO - [2025-02-07T13:22:57.124+0000] {dag.py:3722} INFO - Setting next_dagrun for example_time_delta_sensor_async to None, run_after=None
[2025-02-07T13:22:57.247+0000] {processor.py:179} INFO - Processing /home/airflow/.local/lib/python3.8/site-packages/airflow/example_dags/example_time_delta_sensor_async.py took 0.291 seconds
[2025-02-07T13:23:27.597+0000] {processor.py:157} INFO - Started process (PID=1959) to work on /home/airflow/.local/lib/python3.8/site-packages/airflow/example_dags/example_time_delta_sensor_async.py
[2025-02-07T13:23:27.604+0000] {processor.py:829} INFO - Processing file /home/airflow/.local/lib/python3.8/site-packages/airflow/example_dags/example_time_delta_sensor_async.py for tasks to queue
[2025-02-07T13:23:27.606+0000] {logging_mixin.py:154} INFO - [2025-02-07T13:23:27.605+0000] {dagbag.py:536} INFO - Filling up the DagBag from /home/airflow/.local/lib/python3.8/site-packages/airflow/example_dags/example_time_delta_sensor_async.py
[2025-02-07T13:23:27.624+0000] {processor.py:839} INFO - DAG(s) dict_keys(['example_time_delta_sensor_async']) retrieved from /home/airflow/.local/lib/python3.8/site-packages/airflow/example_dags/example_time_delta_sensor_async.py
[2025-02-07T13:23:27.724+0000] {logging_mixin.py:154} INFO - [2025-02-07T13:23:27.723+0000] {dag.py:2941} INFO - Sync 1 DAGs
[2025-02-07T13:23:27.765+0000] {logging_mixin.py:154} INFO - [2025-02-07T13:23:27.764+0000] {dag.py:3722} INFO - Setting next_dagrun for example_time_delta_sensor_async to None, run_after=None
[2025-02-07T13:23:27.839+0000] {processor.py:179} INFO - Processing /home/airflow/.local/lib/python3.8/site-packages/airflow/example_dags/example_time_delta_sensor_async.py took 0.259 seconds
[2025-02-07T13:23:57.932+0000] {processor.py:157} INFO - Started process (PID=2199) to work on /home/airflow/.local/lib/python3.8/site-packages/airflow/example_dags/example_time_delta_sensor_async.py
[2025-02-07T13:23:57.935+0000] {processor.py:829} INFO - Processing file /home/airflow/.local/lib/python3.8/site-packages/airflow/example_dags/example_time_delta_sensor_async.py for tasks to queue
[2025-02-07T13:23:57.937+0000] {logging_mixin.py:154} INFO - [2025-02-07T13:23:57.936+0000] {dagbag.py:536} INFO - Filling up the DagBag from /home/airflow/.local/lib/python3.8/site-packages/airflow/example_dags/example_time_delta_sensor_async.py
[2025-02-07T13:23:57.951+0000] {processor.py:839} INFO - DAG(s) dict_keys(['example_time_delta_sensor_async']) retrieved from /home/airflow/.local/lib/python3.8/site-packages/airflow/example_dags/example_time_delta_sensor_async.py
[2025-02-07T13:23:58.014+0000] {logging_mixin.py:154} INFO - [2025-02-07T13:23:58.014+0000] {dag.py:2941} INFO - Sync 1 DAGs
[2025-02-07T13:23:58.058+0000] {logging_mixin.py:154} INFO - [2025-02-07T13:23:58.058+0000] {dag.py:3722} INFO - Setting next_dagrun for example_time_delta_sensor_async to None, run_after=None
[2025-02-07T13:23:58.117+0000] {processor.py:179} INFO - Processing /home/airflow/.local/lib/python3.8/site-packages/airflow/example_dags/example_time_delta_sensor_async.py took 0.194 seconds
[2025-02-07T13:24:28.368+0000] {processor.py:157} INFO - Started process (PID=2442) to work on /home/airflow/.local/lib/python3.8/site-packages/airflow/example_dags/example_time_delta_sensor_async.py
[2025-02-07T13:24:28.370+0000] {processor.py:829} INFO - Processing file /home/airflow/.local/lib/python3.8/site-packages/airflow/example_dags/example_time_delta_sensor_async.py for tasks to queue
[2025-02-07T13:24:28.372+0000] {logging_mixin.py:154} INFO - [2025-02-07T13:24:28.371+0000] {dagbag.py:536} INFO - Filling up the DagBag from /home/airflow/.local/lib/python3.8/site-packages/airflow/example_dags/example_time_delta_sensor_async.py
[2025-02-07T13:24:28.384+0000] {processor.py:839} INFO - DAG(s) dict_keys(['example_time_delta_sensor_async']) retrieved from /home/airflow/.local/lib/python3.8/site-packages/airflow/example_dags/example_time_delta_sensor_async.py
[2025-02-07T13:24:28.463+0000] {logging_mixin.py:154} INFO - [2025-02-07T13:24:28.463+0000] {dag.py:2941} INFO - Sync 1 DAGs
[2025-02-07T13:24:28.492+0000] {logging_mixin.py:154} INFO - [2025-02-07T13:24:28.491+0000] {dag.py:3722} INFO - Setting next_dagrun for example_time_delta_sensor_async to None, run_after=None
[2025-02-07T13:24:28.552+0000] {processor.py:179} INFO - Processing /home/airflow/.local/lib/python3.8/site-packages/airflow/example_dags/example_time_delta_sensor_async.py took 0.192 seconds
[2025-02-07T13:24:58.801+0000] {processor.py:157} INFO - Started process (PID=2684) to work on /home/airflow/.local/lib/python3.8/site-packages/airflow/example_dags/example_time_delta_sensor_async.py
[2025-02-07T13:24:58.804+0000] {processor.py:829} INFO - Processing file /home/airflow/.local/lib/python3.8/site-packages/airflow/example_dags/example_time_delta_sensor_async.py for tasks to queue
[2025-02-07T13:24:58.805+0000] {logging_mixin.py:154} INFO - [2025-02-07T13:24:58.805+0000] {dagbag.py:536} INFO - Filling up the DagBag from /home/airflow/.local/lib/python3.8/site-packages/airflow/example_dags/example_time_delta_sensor_async.py
[2025-02-07T13:24:58.828+0000] {processor.py:839} INFO - DAG(s) dict_keys(['example_time_delta_sensor_async']) retrieved from /home/airflow/.local/lib/python3.8/site-packages/airflow/example_dags/example_time_delta_sensor_async.py
[2025-02-07T13:24:58.890+0000] {logging_mixin.py:154} INFO - [2025-02-07T13:24:58.889+0000] {dag.py:2941} INFO - Sync 1 DAGs
[2025-02-07T13:24:58.946+0000] {logging_mixin.py:154} INFO - [2025-02-07T13:24:58.945+0000] {dag.py:3722} INFO - Setting next_dagrun for example_time_delta_sensor_async to None, run_after=None
[2025-02-07T13:24:59.048+0000] {processor.py:179} INFO - Processing /home/airflow/.local/lib/python3.8/site-packages/airflow/example_dags/example_time_delta_sensor_async.py took 0.256 seconds
[2025-02-07T13:27:08.447+0000] {processor.py:157} INFO - Started process (PID=256) to work on /home/airflow/.local/lib/python3.8/site-packages/airflow/example_dags/example_time_delta_sensor_async.py
[2025-02-07T13:27:08.449+0000] {processor.py:829} INFO - Processing file /home/airflow/.local/lib/python3.8/site-packages/airflow/example_dags/example_time_delta_sensor_async.py for tasks to queue
[2025-02-07T13:27:08.450+0000] {logging_mixin.py:154} INFO - [2025-02-07T13:27:08.449+0000] {dagbag.py:536} INFO - Filling up the DagBag from /home/airflow/.local/lib/python3.8/site-packages/airflow/example_dags/example_time_delta_sensor_async.py
[2025-02-07T13:27:08.458+0000] {processor.py:839} INFO - DAG(s) dict_keys(['example_time_delta_sensor_async']) retrieved from /home/airflow/.local/lib/python3.8/site-packages/airflow/example_dags/example_time_delta_sensor_async.py
[2025-02-07T13:27:08.488+0000] {logging_mixin.py:154} INFO - [2025-02-07T13:27:08.488+0000] {dag.py:2941} INFO - Sync 1 DAGs
[2025-02-07T13:27:08.500+0000] {logging_mixin.py:154} INFO - [2025-02-07T13:27:08.499+0000] {dag.py:3722} INFO - Setting next_dagrun for example_time_delta_sensor_async to None, run_after=None
[2025-02-07T13:27:08.519+0000] {processor.py:179} INFO - Processing /home/airflow/.local/lib/python3.8/site-packages/airflow/example_dags/example_time_delta_sensor_async.py took 0.079 seconds
[2025-02-07T21:29:12.676+0000] {processor.py:157} INFO - Started process (PID=256) to work on /home/airflow/.local/lib/python3.8/site-packages/airflow/example_dags/example_time_delta_sensor_async.py
[2025-02-07T21:29:12.679+0000] {processor.py:829} INFO - Processing file /home/airflow/.local/lib/python3.8/site-packages/airflow/example_dags/example_time_delta_sensor_async.py for tasks to queue
[2025-02-07T21:29:12.685+0000] {logging_mixin.py:154} INFO - [2025-02-07T21:29:12.684+0000] {dagbag.py:536} INFO - Filling up the DagBag from /home/airflow/.local/lib/python3.8/site-packages/airflow/example_dags/example_time_delta_sensor_async.py
[2025-02-07T21:29:12.726+0000] {processor.py:839} INFO - DAG(s) dict_keys(['example_time_delta_sensor_async']) retrieved from /home/airflow/.local/lib/python3.8/site-packages/airflow/example_dags/example_time_delta_sensor_async.py
[2025-02-07T21:29:12.836+0000] {logging_mixin.py:154} INFO - [2025-02-07T21:29:12.836+0000] {dag.py:2941} INFO - Sync 1 DAGs
[2025-02-07T21:29:12.885+0000] {logging_mixin.py:154} INFO - [2025-02-07T21:29:12.885+0000] {dag.py:3722} INFO - Setting next_dagrun for example_time_delta_sensor_async to None, run_after=None
[2025-02-07T21:29:12.962+0000] {processor.py:179} INFO - Processing /home/airflow/.local/lib/python3.8/site-packages/airflow/example_dags/example_time_delta_sensor_async.py took 0.305 seconds
[2025-02-07T21:29:43.967+0000] {processor.py:157} INFO - Started process (PID=501) to work on /home/airflow/.local/lib/python3.8/site-packages/airflow/example_dags/example_time_delta_sensor_async.py
[2025-02-07T21:29:43.969+0000] {processor.py:829} INFO - Processing file /home/airflow/.local/lib/python3.8/site-packages/airflow/example_dags/example_time_delta_sensor_async.py for tasks to queue
[2025-02-07T21:29:43.971+0000] {logging_mixin.py:154} INFO - [2025-02-07T21:29:43.971+0000] {dagbag.py:536} INFO - Filling up the DagBag from /home/airflow/.local/lib/python3.8/site-packages/airflow/example_dags/example_time_delta_sensor_async.py
[2025-02-07T21:29:43.988+0000] {processor.py:839} INFO - DAG(s) dict_keys(['example_time_delta_sensor_async']) retrieved from /home/airflow/.local/lib/python3.8/site-packages/airflow/example_dags/example_time_delta_sensor_async.py
[2025-02-07T21:29:44.046+0000] {logging_mixin.py:154} INFO - [2025-02-07T21:29:44.045+0000] {dag.py:2941} INFO - Sync 1 DAGs
[2025-02-07T21:29:44.073+0000] {logging_mixin.py:154} INFO - [2025-02-07T21:29:44.072+0000] {dag.py:3722} INFO - Setting next_dagrun for example_time_delta_sensor_async to None, run_after=None
[2025-02-07T21:29:44.126+0000] {processor.py:179} INFO - Processing /home/airflow/.local/lib/python3.8/site-packages/airflow/example_dags/example_time_delta_sensor_async.py took 0.171 seconds
