[2025-02-07T13:19:49.886+0000] {processor.py:157} INFO - Started process (PID=263) to work on /home/airflow/.local/lib/python3.8/site-packages/airflow/example_dags/example_sensors.py
[2025-02-07T13:19:49.889+0000] {processor.py:829} INFO - Processing file /home/airflow/.local/lib/python3.8/site-packages/airflow/example_dags/example_sensors.py for tasks to queue
[2025-02-07T13:19:49.892+0000] {logging_mixin.py:154} INFO - [2025-02-07T13:19:49.891+0000] {dagbag.py:536} INFO - Filling up the DagBag from /home/airflow/.local/lib/python3.8/site-packages/airflow/example_dags/example_sensors.py
[2025-02-07T13:19:49.941+0000] {processor.py:839} INFO - DAG(s) dict_keys(['example_sensors']) retrieved from /home/airflow/.local/lib/python3.8/site-packages/airflow/example_dags/example_sensors.py
[2025-02-07T13:19:50.082+0000] {logging_mixin.py:154} INFO - [2025-02-07T13:19:50.081+0000] {dag.py:2941} INFO - Sync 1 DAGs
[2025-02-07T13:19:50.192+0000] {logging_mixin.py:154} INFO - [2025-02-07T13:19:50.192+0000] {dag.py:3722} INFO - Setting next_dagrun for example_sensors to None, run_after=None
[2025-02-07T13:19:50.277+0000] {processor.py:179} INFO - Processing /home/airflow/.local/lib/python3.8/site-packages/airflow/example_dags/example_sensors.py took 0.406 seconds
[2025-02-07T13:20:21.291+0000] {processor.py:157} INFO - Started process (PID=506) to work on /home/airflow/.local/lib/python3.8/site-packages/airflow/example_dags/example_sensors.py
[2025-02-07T13:20:21.293+0000] {processor.py:829} INFO - Processing file /home/airflow/.local/lib/python3.8/site-packages/airflow/example_dags/example_sensors.py for tasks to queue
[2025-02-07T13:20:21.296+0000] {logging_mixin.py:154} INFO - [2025-02-07T13:20:21.295+0000] {dagbag.py:536} INFO - Filling up the DagBag from /home/airflow/.local/lib/python3.8/site-packages/airflow/example_dags/example_sensors.py
[2025-02-07T13:20:21.330+0000] {processor.py:839} INFO - DAG(s) dict_keys(['example_sensors']) retrieved from /home/airflow/.local/lib/python3.8/site-packages/airflow/example_dags/example_sensors.py
[2025-02-07T13:20:21.420+0000] {logging_mixin.py:154} INFO - [2025-02-07T13:20:21.419+0000] {dag.py:2941} INFO - Sync 1 DAGs
[2025-02-07T13:20:21.461+0000] {logging_mixin.py:154} INFO - [2025-02-07T13:20:21.461+0000] {dag.py:3722} INFO - Setting next_dagrun for example_sensors to None, run_after=None
[2025-02-07T13:20:21.520+0000] {processor.py:179} INFO - Processing /home/airflow/.local/lib/python3.8/site-packages/airflow/example_dags/example_sensors.py took 0.240 seconds
[2025-02-07T13:20:51.895+0000] {processor.py:157} INFO - Started process (PID=749) to work on /home/airflow/.local/lib/python3.8/site-packages/airflow/example_dags/example_sensors.py
[2025-02-07T13:20:51.897+0000] {processor.py:829} INFO - Processing file /home/airflow/.local/lib/python3.8/site-packages/airflow/example_dags/example_sensors.py for tasks to queue
[2025-02-07T13:20:51.899+0000] {logging_mixin.py:154} INFO - [2025-02-07T13:20:51.898+0000] {dagbag.py:536} INFO - Filling up the DagBag from /home/airflow/.local/lib/python3.8/site-packages/airflow/example_dags/example_sensors.py
[2025-02-07T13:20:51.935+0000] {processor.py:839} INFO - DAG(s) dict_keys(['example_sensors']) retrieved from /home/airflow/.local/lib/python3.8/site-packages/airflow/example_dags/example_sensors.py
[2025-02-07T13:20:51.997+0000] {logging_mixin.py:154} INFO - [2025-02-07T13:20:51.997+0000] {dag.py:2941} INFO - Sync 1 DAGs
[2025-02-07T13:20:52.033+0000] {logging_mixin.py:154} INFO - [2025-02-07T13:20:52.033+0000] {dag.py:3722} INFO - Setting next_dagrun for example_sensors to None, run_after=None
[2025-02-07T13:20:52.093+0000] {processor.py:179} INFO - Processing /home/airflow/.local/lib/python3.8/site-packages/airflow/example_dags/example_sensors.py took 0.209 seconds
[2025-02-07T13:21:22.916+0000] {processor.py:157} INFO - Started process (PID=992) to work on /home/airflow/.local/lib/python3.8/site-packages/airflow/example_dags/example_sensors.py
[2025-02-07T13:21:22.919+0000] {processor.py:829} INFO - Processing file /home/airflow/.local/lib/python3.8/site-packages/airflow/example_dags/example_sensors.py for tasks to queue
[2025-02-07T13:21:22.921+0000] {logging_mixin.py:154} INFO - [2025-02-07T13:21:22.920+0000] {dagbag.py:536} INFO - Filling up the DagBag from /home/airflow/.local/lib/python3.8/site-packages/airflow/example_dags/example_sensors.py
[2025-02-07T13:21:22.950+0000] {processor.py:839} INFO - DAG(s) dict_keys(['example_sensors']) retrieved from /home/airflow/.local/lib/python3.8/site-packages/airflow/example_dags/example_sensors.py
[2025-02-07T13:21:23.028+0000] {logging_mixin.py:154} INFO - [2025-02-07T13:21:23.027+0000] {dag.py:2941} INFO - Sync 1 DAGs
[2025-02-07T13:21:23.062+0000] {logging_mixin.py:154} INFO - [2025-02-07T13:21:23.062+0000] {dag.py:3722} INFO - Setting next_dagrun for example_sensors to None, run_after=None
[2025-02-07T13:21:23.122+0000] {processor.py:179} INFO - Processing /home/airflow/.local/lib/python3.8/site-packages/airflow/example_dags/example_sensors.py took 0.217 seconds
[2025-02-07T13:21:54.443+0000] {processor.py:157} INFO - Started process (PID=1237) to work on /home/airflow/.local/lib/python3.8/site-packages/airflow/example_dags/example_sensors.py
[2025-02-07T13:21:54.445+0000] {processor.py:829} INFO - Processing file /home/airflow/.local/lib/python3.8/site-packages/airflow/example_dags/example_sensors.py for tasks to queue
[2025-02-07T13:21:54.447+0000] {logging_mixin.py:154} INFO - [2025-02-07T13:21:54.446+0000] {dagbag.py:536} INFO - Filling up the DagBag from /home/airflow/.local/lib/python3.8/site-packages/airflow/example_dags/example_sensors.py
[2025-02-07T13:21:54.474+0000] {processor.py:839} INFO - DAG(s) dict_keys(['example_sensors']) retrieved from /home/airflow/.local/lib/python3.8/site-packages/airflow/example_dags/example_sensors.py
[2025-02-07T13:21:54.557+0000] {logging_mixin.py:154} INFO - [2025-02-07T13:21:54.556+0000] {dag.py:2941} INFO - Sync 1 DAGs
[2025-02-07T13:21:54.598+0000] {logging_mixin.py:154} INFO - [2025-02-07T13:21:54.598+0000] {dag.py:3722} INFO - Setting next_dagrun for example_sensors to None, run_after=None
[2025-02-07T13:21:54.651+0000] {processor.py:179} INFO - Processing /home/airflow/.local/lib/python3.8/site-packages/airflow/example_dags/example_sensors.py took 0.218 seconds
[2025-02-07T13:22:25.892+0000] {processor.py:157} INFO - Started process (PID=1480) to work on /home/airflow/.local/lib/python3.8/site-packages/airflow/example_dags/example_sensors.py
[2025-02-07T13:22:25.896+0000] {processor.py:829} INFO - Processing file /home/airflow/.local/lib/python3.8/site-packages/airflow/example_dags/example_sensors.py for tasks to queue
[2025-02-07T13:22:25.899+0000] {logging_mixin.py:154} INFO - [2025-02-07T13:22:25.899+0000] {dagbag.py:536} INFO - Filling up the DagBag from /home/airflow/.local/lib/python3.8/site-packages/airflow/example_dags/example_sensors.py
[2025-02-07T13:22:25.933+0000] {processor.py:839} INFO - DAG(s) dict_keys(['example_sensors']) retrieved from /home/airflow/.local/lib/python3.8/site-packages/airflow/example_dags/example_sensors.py
[2025-02-07T13:22:26.089+0000] {logging_mixin.py:154} INFO - [2025-02-07T13:22:26.088+0000] {dag.py:2941} INFO - Sync 1 DAGs
[2025-02-07T13:22:26.195+0000] {logging_mixin.py:154} INFO - [2025-02-07T13:22:26.195+0000] {dag.py:3722} INFO - Setting next_dagrun for example_sensors to None, run_after=None
[2025-02-07T13:22:26.281+0000] {processor.py:179} INFO - Processing /home/airflow/.local/lib/python3.8/site-packages/airflow/example_dags/example_sensors.py took 0.404 seconds
[2025-02-07T13:22:57.176+0000] {processor.py:157} INFO - Started process (PID=1721) to work on /home/airflow/.local/lib/python3.8/site-packages/airflow/example_dags/example_sensors.py
[2025-02-07T13:22:57.179+0000] {processor.py:829} INFO - Processing file /home/airflow/.local/lib/python3.8/site-packages/airflow/example_dags/example_sensors.py for tasks to queue
[2025-02-07T13:22:57.182+0000] {logging_mixin.py:154} INFO - [2025-02-07T13:22:57.181+0000] {dagbag.py:536} INFO - Filling up the DagBag from /home/airflow/.local/lib/python3.8/site-packages/airflow/example_dags/example_sensors.py
[2025-02-07T13:22:57.235+0000] {processor.py:839} INFO - DAG(s) dict_keys(['example_sensors']) retrieved from /home/airflow/.local/lib/python3.8/site-packages/airflow/example_dags/example_sensors.py
[2025-02-07T13:22:57.353+0000] {logging_mixin.py:154} INFO - [2025-02-07T13:22:57.353+0000] {dag.py:2941} INFO - Sync 1 DAGs
[2025-02-07T13:22:57.406+0000] {logging_mixin.py:154} INFO - [2025-02-07T13:22:57.400+0000] {dag.py:3722} INFO - Setting next_dagrun for example_sensors to None, run_after=None
[2025-02-07T13:22:57.495+0000] {processor.py:179} INFO - Processing /home/airflow/.local/lib/python3.8/site-packages/airflow/example_dags/example_sensors.py took 0.333 seconds
[2025-02-07T13:23:27.957+0000] {processor.py:157} INFO - Started process (PID=1964) to work on /home/airflow/.local/lib/python3.8/site-packages/airflow/example_dags/example_sensors.py
[2025-02-07T13:23:27.959+0000] {processor.py:829} INFO - Processing file /home/airflow/.local/lib/python3.8/site-packages/airflow/example_dags/example_sensors.py for tasks to queue
[2025-02-07T13:23:27.962+0000] {logging_mixin.py:154} INFO - [2025-02-07T13:23:27.961+0000] {dagbag.py:536} INFO - Filling up the DagBag from /home/airflow/.local/lib/python3.8/site-packages/airflow/example_dags/example_sensors.py
[2025-02-07T13:23:28.000+0000] {processor.py:839} INFO - DAG(s) dict_keys(['example_sensors']) retrieved from /home/airflow/.local/lib/python3.8/site-packages/airflow/example_dags/example_sensors.py
[2025-02-07T13:23:28.159+0000] {logging_mixin.py:154} INFO - [2025-02-07T13:23:28.158+0000] {dag.py:2941} INFO - Sync 1 DAGs
[2025-02-07T13:23:28.208+0000] {logging_mixin.py:154} INFO - [2025-02-07T13:23:28.207+0000] {dag.py:3722} INFO - Setting next_dagrun for example_sensors to None, run_after=None
[2025-02-07T13:23:28.309+0000] {processor.py:179} INFO - Processing /home/airflow/.local/lib/python3.8/site-packages/airflow/example_dags/example_sensors.py took 0.364 seconds
[2025-02-07T13:23:58.972+0000] {processor.py:157} INFO - Started process (PID=2207) to work on /home/airflow/.local/lib/python3.8/site-packages/airflow/example_dags/example_sensors.py
[2025-02-07T13:23:58.975+0000] {processor.py:829} INFO - Processing file /home/airflow/.local/lib/python3.8/site-packages/airflow/example_dags/example_sensors.py for tasks to queue
[2025-02-07T13:23:58.977+0000] {logging_mixin.py:154} INFO - [2025-02-07T13:23:58.976+0000] {dagbag.py:536} INFO - Filling up the DagBag from /home/airflow/.local/lib/python3.8/site-packages/airflow/example_dags/example_sensors.py
[2025-02-07T13:23:59.005+0000] {processor.py:839} INFO - DAG(s) dict_keys(['example_sensors']) retrieved from /home/airflow/.local/lib/python3.8/site-packages/airflow/example_dags/example_sensors.py
[2025-02-07T13:23:59.081+0000] {logging_mixin.py:154} INFO - [2025-02-07T13:23:59.080+0000] {dag.py:2941} INFO - Sync 1 DAGs
[2025-02-07T13:23:59.120+0000] {logging_mixin.py:154} INFO - [2025-02-07T13:23:59.120+0000] {dag.py:3722} INFO - Setting next_dagrun for example_sensors to None, run_after=None
[2025-02-07T13:23:59.190+0000] {processor.py:179} INFO - Processing /home/airflow/.local/lib/python3.8/site-packages/airflow/example_dags/example_sensors.py took 0.228 seconds
[2025-02-07T13:24:29.436+0000] {processor.py:157} INFO - Started process (PID=2447) to work on /home/airflow/.local/lib/python3.8/site-packages/airflow/example_dags/example_sensors.py
[2025-02-07T13:24:29.441+0000] {processor.py:829} INFO - Processing file /home/airflow/.local/lib/python3.8/site-packages/airflow/example_dags/example_sensors.py for tasks to queue
[2025-02-07T13:24:29.446+0000] {logging_mixin.py:154} INFO - [2025-02-07T13:24:29.444+0000] {dagbag.py:536} INFO - Filling up the DagBag from /home/airflow/.local/lib/python3.8/site-packages/airflow/example_dags/example_sensors.py
[2025-02-07T13:24:29.486+0000] {processor.py:839} INFO - DAG(s) dict_keys(['example_sensors']) retrieved from /home/airflow/.local/lib/python3.8/site-packages/airflow/example_dags/example_sensors.py
[2025-02-07T13:24:29.558+0000] {logging_mixin.py:154} INFO - [2025-02-07T13:24:29.557+0000] {dag.py:2941} INFO - Sync 1 DAGs
[2025-02-07T13:24:29.596+0000] {logging_mixin.py:154} INFO - [2025-02-07T13:24:29.595+0000] {dag.py:3722} INFO - Setting next_dagrun for example_sensors to None, run_after=None
[2025-02-07T13:24:29.684+0000] {processor.py:179} INFO - Processing /home/airflow/.local/lib/python3.8/site-packages/airflow/example_dags/example_sensors.py took 0.269 seconds
[2025-02-07T13:24:59.827+0000] {processor.py:157} INFO - Started process (PID=2691) to work on /home/airflow/.local/lib/python3.8/site-packages/airflow/example_dags/example_sensors.py
[2025-02-07T13:24:59.830+0000] {processor.py:829} INFO - Processing file /home/airflow/.local/lib/python3.8/site-packages/airflow/example_dags/example_sensors.py for tasks to queue
[2025-02-07T13:24:59.832+0000] {logging_mixin.py:154} INFO - [2025-02-07T13:24:59.831+0000] {dagbag.py:536} INFO - Filling up the DagBag from /home/airflow/.local/lib/python3.8/site-packages/airflow/example_dags/example_sensors.py
[2025-02-07T13:24:59.874+0000] {processor.py:839} INFO - DAG(s) dict_keys(['example_sensors']) retrieved from /home/airflow/.local/lib/python3.8/site-packages/airflow/example_dags/example_sensors.py
[2025-02-07T13:24:59.982+0000] {logging_mixin.py:154} INFO - [2025-02-07T13:24:59.981+0000] {dag.py:2941} INFO - Sync 1 DAGs
[2025-02-07T13:25:00.057+0000] {logging_mixin.py:154} INFO - [2025-02-07T13:25:00.057+0000] {dag.py:3722} INFO - Setting next_dagrun for example_sensors to None, run_after=None
[2025-02-07T13:25:00.109+0000] {processor.py:179} INFO - Processing /home/airflow/.local/lib/python3.8/site-packages/airflow/example_dags/example_sensors.py took 0.291 seconds
[2025-02-07T13:27:08.537+0000] {processor.py:157} INFO - Started process (PID=263) to work on /home/airflow/.local/lib/python3.8/site-packages/airflow/example_dags/example_sensors.py
[2025-02-07T13:27:08.538+0000] {processor.py:829} INFO - Processing file /home/airflow/.local/lib/python3.8/site-packages/airflow/example_dags/example_sensors.py for tasks to queue
[2025-02-07T13:27:08.539+0000] {logging_mixin.py:154} INFO - [2025-02-07T13:27:08.539+0000] {dagbag.py:536} INFO - Filling up the DagBag from /home/airflow/.local/lib/python3.8/site-packages/airflow/example_dags/example_sensors.py
[2025-02-07T13:27:08.552+0000] {processor.py:839} INFO - DAG(s) dict_keys(['example_sensors']) retrieved from /home/airflow/.local/lib/python3.8/site-packages/airflow/example_dags/example_sensors.py
[2025-02-07T13:27:08.583+0000] {logging_mixin.py:154} INFO - [2025-02-07T13:27:08.582+0000] {dag.py:2941} INFO - Sync 1 DAGs
[2025-02-07T13:27:08.594+0000] {logging_mixin.py:154} INFO - [2025-02-07T13:27:08.594+0000] {dag.py:3722} INFO - Setting next_dagrun for example_sensors to None, run_after=None
[2025-02-07T13:27:08.612+0000] {processor.py:179} INFO - Processing /home/airflow/.local/lib/python3.8/site-packages/airflow/example_dags/example_sensors.py took 0.079 seconds
[2025-02-07T21:29:13.046+0000] {processor.py:157} INFO - Started process (PID=263) to work on /home/airflow/.local/lib/python3.8/site-packages/airflow/example_dags/example_sensors.py
[2025-02-07T21:29:13.049+0000] {processor.py:829} INFO - Processing file /home/airflow/.local/lib/python3.8/site-packages/airflow/example_dags/example_sensors.py for tasks to queue
[2025-02-07T21:29:13.053+0000] {logging_mixin.py:154} INFO - [2025-02-07T21:29:13.052+0000] {dagbag.py:536} INFO - Filling up the DagBag from /home/airflow/.local/lib/python3.8/site-packages/airflow/example_dags/example_sensors.py
[2025-02-07T21:29:13.112+0000] {processor.py:839} INFO - DAG(s) dict_keys(['example_sensors']) retrieved from /home/airflow/.local/lib/python3.8/site-packages/airflow/example_dags/example_sensors.py
[2025-02-07T21:29:13.230+0000] {logging_mixin.py:154} INFO - [2025-02-07T21:29:13.230+0000] {dag.py:2941} INFO - Sync 1 DAGs
[2025-02-07T21:29:13.303+0000] {logging_mixin.py:154} INFO - [2025-02-07T21:29:13.303+0000] {dag.py:3722} INFO - Setting next_dagrun for example_sensors to None, run_after=None
[2025-02-07T21:29:13.406+0000] {processor.py:179} INFO - Processing /home/airflow/.local/lib/python3.8/site-packages/airflow/example_dags/example_sensors.py took 0.373 seconds
[2025-02-07T21:29:44.182+0000] {processor.py:157} INFO - Started process (PID=506) to work on /home/airflow/.local/lib/python3.8/site-packages/airflow/example_dags/example_sensors.py
[2025-02-07T21:29:44.186+0000] {processor.py:829} INFO - Processing file /home/airflow/.local/lib/python3.8/site-packages/airflow/example_dags/example_sensors.py for tasks to queue
[2025-02-07T21:29:44.190+0000] {logging_mixin.py:154} INFO - [2025-02-07T21:29:44.189+0000] {dagbag.py:536} INFO - Filling up the DagBag from /home/airflow/.local/lib/python3.8/site-packages/airflow/example_dags/example_sensors.py
[2025-02-07T21:29:44.229+0000] {processor.py:839} INFO - DAG(s) dict_keys(['example_sensors']) retrieved from /home/airflow/.local/lib/python3.8/site-packages/airflow/example_dags/example_sensors.py
[2025-02-07T21:29:44.302+0000] {logging_mixin.py:154} INFO - [2025-02-07T21:29:44.301+0000] {dag.py:2941} INFO - Sync 1 DAGs
[2025-02-07T21:29:44.352+0000] {logging_mixin.py:154} INFO - [2025-02-07T21:29:44.351+0000] {dag.py:3722} INFO - Setting next_dagrun for example_sensors to None, run_after=None
[2025-02-07T21:29:44.412+0000] {processor.py:179} INFO - Processing /home/airflow/.local/lib/python3.8/site-packages/airflow/example_dags/example_sensors.py took 0.240 seconds
