[2025-02-07T13:19:53.644+0000] {processor.py:157} INFO - Started process (PID=308) to work on /home/airflow/.local/lib/python3.8/site-packages/airflow/example_dags/example_branch_datetime_operator.py
[2025-02-07T13:19:53.655+0000] {processor.py:829} INFO - Processing file /home/airflow/.local/lib/python3.8/site-packages/airflow/example_dags/example_branch_datetime_operator.py for tasks to queue
[2025-02-07T13:19:53.660+0000] {logging_mixin.py:154} INFO - [2025-02-07T13:19:53.659+0000] {dagbag.py:536} INFO - Filling up the DagBag from /home/airflow/.local/lib/python3.8/site-packages/airflow/example_dags/example_branch_datetime_operator.py
[2025-02-07T13:19:53.722+0000] {processor.py:839} INFO - DAG(s) dict_keys(['example_branch_datetime_operator', 'example_branch_datetime_operator_3', 'example_branch_datetime_operator_2']) retrieved from /home/airflow/.local/lib/python3.8/site-packages/airflow/example_dags/example_branch_datetime_operator.py
[2025-02-07T13:19:53.857+0000] {logging_mixin.py:154} INFO - [2025-02-07T13:19:53.856+0000] {dag.py:2941} INFO - Sync 3 DAGs
[2025-02-07T13:19:53.927+0000] {logging_mixin.py:154} INFO - [2025-02-07T13:19:53.926+0000] {dag.py:3722} INFO - Setting next_dagrun for example_branch_datetime_operator to 2025-02-06T00:00:00+00:00, run_after=2025-02-07T00:00:00+00:00
[2025-02-07T13:19:53.944+0000] {logging_mixin.py:154} INFO - [2025-02-07T13:19:53.943+0000] {dag.py:3722} INFO - Setting next_dagrun for example_branch_datetime_operator_2 to 2025-02-06T00:00:00+00:00, run_after=2025-02-07T00:00:00+00:00
[2025-02-07T13:19:53.953+0000] {logging_mixin.py:154} INFO - [2025-02-07T13:19:53.952+0000] {dag.py:3722} INFO - Setting next_dagrun for example_branch_datetime_operator_3 to 2025-02-06T00:00:00+00:00, run_after=2025-02-07T00:00:00+00:00
[2025-02-07T13:19:54.008+0000] {processor.py:179} INFO - Processing /home/airflow/.local/lib/python3.8/site-packages/airflow/example_dags/example_branch_datetime_operator.py took 0.387 seconds
[2025-02-07T13:20:24.817+0000] {processor.py:157} INFO - Started process (PID=551) to work on /home/airflow/.local/lib/python3.8/site-packages/airflow/example_dags/example_branch_datetime_operator.py
[2025-02-07T13:20:24.820+0000] {processor.py:829} INFO - Processing file /home/airflow/.local/lib/python3.8/site-packages/airflow/example_dags/example_branch_datetime_operator.py for tasks to queue
[2025-02-07T13:20:24.823+0000] {logging_mixin.py:154} INFO - [2025-02-07T13:20:24.822+0000] {dagbag.py:536} INFO - Filling up the DagBag from /home/airflow/.local/lib/python3.8/site-packages/airflow/example_dags/example_branch_datetime_operator.py
[2025-02-07T13:20:24.850+0000] {processor.py:839} INFO - DAG(s) dict_keys(['example_branch_datetime_operator_3', 'example_branch_datetime_operator', 'example_branch_datetime_operator_2']) retrieved from /home/airflow/.local/lib/python3.8/site-packages/airflow/example_dags/example_branch_datetime_operator.py
[2025-02-07T13:20:24.933+0000] {logging_mixin.py:154} INFO - [2025-02-07T13:20:24.933+0000] {dag.py:2941} INFO - Sync 3 DAGs
[2025-02-07T13:20:25.012+0000] {logging_mixin.py:154} INFO - [2025-02-07T13:20:25.012+0000] {dag.py:3722} INFO - Setting next_dagrun for example_branch_datetime_operator to 2025-02-06T00:00:00+00:00, run_after=2025-02-07T00:00:00+00:00
[2025-02-07T13:20:25.061+0000] {logging_mixin.py:154} INFO - [2025-02-07T13:20:25.061+0000] {dag.py:3722} INFO - Setting next_dagrun for example_branch_datetime_operator_2 to 2025-02-06T00:00:00+00:00, run_after=2025-02-07T00:00:00+00:00
[2025-02-07T13:20:25.103+0000] {logging_mixin.py:154} INFO - [2025-02-07T13:20:25.101+0000] {dag.py:3722} INFO - Setting next_dagrun for example_branch_datetime_operator_3 to 2025-02-06T00:00:00+00:00, run_after=2025-02-07T00:00:00+00:00
[2025-02-07T13:20:25.245+0000] {processor.py:179} INFO - Processing /home/airflow/.local/lib/python3.8/site-packages/airflow/example_dags/example_branch_datetime_operator.py took 0.437 seconds
[2025-02-07T13:20:55.864+0000] {processor.py:157} INFO - Started process (PID=796) to work on /home/airflow/.local/lib/python3.8/site-packages/airflow/example_dags/example_branch_datetime_operator.py
[2025-02-07T13:20:55.866+0000] {processor.py:829} INFO - Processing file /home/airflow/.local/lib/python3.8/site-packages/airflow/example_dags/example_branch_datetime_operator.py for tasks to queue
[2025-02-07T13:20:55.869+0000] {logging_mixin.py:154} INFO - [2025-02-07T13:20:55.868+0000] {dagbag.py:536} INFO - Filling up the DagBag from /home/airflow/.local/lib/python3.8/site-packages/airflow/example_dags/example_branch_datetime_operator.py
[2025-02-07T13:20:55.900+0000] {processor.py:839} INFO - DAG(s) dict_keys(['example_branch_datetime_operator_3', 'example_branch_datetime_operator', 'example_branch_datetime_operator_2']) retrieved from /home/airflow/.local/lib/python3.8/site-packages/airflow/example_dags/example_branch_datetime_operator.py
[2025-02-07T13:20:55.996+0000] {logging_mixin.py:154} INFO - [2025-02-07T13:20:55.995+0000] {dag.py:2941} INFO - Sync 3 DAGs
[2025-02-07T13:20:56.067+0000] {logging_mixin.py:154} INFO - [2025-02-07T13:20:56.067+0000] {dag.py:3722} INFO - Setting next_dagrun for example_branch_datetime_operator to 2025-02-06T00:00:00+00:00, run_after=2025-02-07T00:00:00+00:00
[2025-02-07T13:20:56.080+0000] {logging_mixin.py:154} INFO - [2025-02-07T13:20:56.080+0000] {dag.py:3722} INFO - Setting next_dagrun for example_branch_datetime_operator_2 to 2025-02-06T00:00:00+00:00, run_after=2025-02-07T00:00:00+00:00
[2025-02-07T13:20:56.088+0000] {logging_mixin.py:154} INFO - [2025-02-07T13:20:56.088+0000] {dag.py:3722} INFO - Setting next_dagrun for example_branch_datetime_operator_3 to 2025-02-06T00:00:00+00:00, run_after=2025-02-07T00:00:00+00:00
[2025-02-07T13:20:56.144+0000] {processor.py:179} INFO - Processing /home/airflow/.local/lib/python3.8/site-packages/airflow/example_dags/example_branch_datetime_operator.py took 0.291 seconds
[2025-02-07T13:21:26.718+0000] {processor.py:157} INFO - Started process (PID=1042) to work on /home/airflow/.local/lib/python3.8/site-packages/airflow/example_dags/example_branch_datetime_operator.py
[2025-02-07T13:21:26.721+0000] {processor.py:829} INFO - Processing file /home/airflow/.local/lib/python3.8/site-packages/airflow/example_dags/example_branch_datetime_operator.py for tasks to queue
[2025-02-07T13:21:26.725+0000] {logging_mixin.py:154} INFO - [2025-02-07T13:21:26.723+0000] {dagbag.py:536} INFO - Filling up the DagBag from /home/airflow/.local/lib/python3.8/site-packages/airflow/example_dags/example_branch_datetime_operator.py
[2025-02-07T13:21:26.785+0000] {processor.py:839} INFO - DAG(s) dict_keys(['example_branch_datetime_operator_3', 'example_branch_datetime_operator', 'example_branch_datetime_operator_2']) retrieved from /home/airflow/.local/lib/python3.8/site-packages/airflow/example_dags/example_branch_datetime_operator.py
[2025-02-07T13:21:26.893+0000] {logging_mixin.py:154} INFO - [2025-02-07T13:21:26.892+0000] {dag.py:2941} INFO - Sync 3 DAGs
[2025-02-07T13:21:26.987+0000] {logging_mixin.py:154} INFO - [2025-02-07T13:21:26.986+0000] {dag.py:3722} INFO - Setting next_dagrun for example_branch_datetime_operator to 2025-02-06T00:00:00+00:00, run_after=2025-02-07T00:00:00+00:00
[2025-02-07T13:21:27.004+0000] {logging_mixin.py:154} INFO - [2025-02-07T13:21:27.003+0000] {dag.py:3722} INFO - Setting next_dagrun for example_branch_datetime_operator_2 to 2025-02-06T00:00:00+00:00, run_after=2025-02-07T00:00:00+00:00
[2025-02-07T13:21:27.013+0000] {logging_mixin.py:154} INFO - [2025-02-07T13:21:27.012+0000] {dag.py:3722} INFO - Setting next_dagrun for example_branch_datetime_operator_3 to 2025-02-06T00:00:00+00:00, run_after=2025-02-07T00:00:00+00:00
[2025-02-07T13:21:27.062+0000] {processor.py:179} INFO - Processing /home/airflow/.local/lib/python3.8/site-packages/airflow/example_dags/example_branch_datetime_operator.py took 0.357 seconds
[2025-02-07T13:21:58.108+0000] {processor.py:157} INFO - Started process (PID=1285) to work on /home/airflow/.local/lib/python3.8/site-packages/airflow/example_dags/example_branch_datetime_operator.py
[2025-02-07T13:21:58.110+0000] {processor.py:829} INFO - Processing file /home/airflow/.local/lib/python3.8/site-packages/airflow/example_dags/example_branch_datetime_operator.py for tasks to queue
[2025-02-07T13:21:58.112+0000] {logging_mixin.py:154} INFO - [2025-02-07T13:21:58.111+0000] {dagbag.py:536} INFO - Filling up the DagBag from /home/airflow/.local/lib/python3.8/site-packages/airflow/example_dags/example_branch_datetime_operator.py
[2025-02-07T13:21:58.164+0000] {processor.py:839} INFO - DAG(s) dict_keys(['example_branch_datetime_operator', 'example_branch_datetime_operator_2', 'example_branch_datetime_operator_3']) retrieved from /home/airflow/.local/lib/python3.8/site-packages/airflow/example_dags/example_branch_datetime_operator.py
[2025-02-07T13:21:58.277+0000] {logging_mixin.py:154} INFO - [2025-02-07T13:21:58.276+0000] {dag.py:2941} INFO - Sync 3 DAGs
[2025-02-07T13:21:58.352+0000] {logging_mixin.py:154} INFO - [2025-02-07T13:21:58.351+0000] {dag.py:3722} INFO - Setting next_dagrun for example_branch_datetime_operator to 2025-02-06T00:00:00+00:00, run_after=2025-02-07T00:00:00+00:00
[2025-02-07T13:21:58.372+0000] {logging_mixin.py:154} INFO - [2025-02-07T13:21:58.372+0000] {dag.py:3722} INFO - Setting next_dagrun for example_branch_datetime_operator_2 to 2025-02-06T00:00:00+00:00, run_after=2025-02-07T00:00:00+00:00
[2025-02-07T13:21:58.386+0000] {logging_mixin.py:154} INFO - [2025-02-07T13:21:58.385+0000] {dag.py:3722} INFO - Setting next_dagrun for example_branch_datetime_operator_3 to 2025-02-06T00:00:00+00:00, run_after=2025-02-07T00:00:00+00:00
[2025-02-07T13:21:58.476+0000] {processor.py:179} INFO - Processing /home/airflow/.local/lib/python3.8/site-packages/airflow/example_dags/example_branch_datetime_operator.py took 0.404 seconds
[2025-02-07T13:22:28.947+0000] {processor.py:157} INFO - Started process (PID=1528) to work on /home/airflow/.local/lib/python3.8/site-packages/airflow/example_dags/example_branch_datetime_operator.py
[2025-02-07T13:22:28.951+0000] {processor.py:829} INFO - Processing file /home/airflow/.local/lib/python3.8/site-packages/airflow/example_dags/example_branch_datetime_operator.py for tasks to queue
[2025-02-07T13:22:28.957+0000] {logging_mixin.py:154} INFO - [2025-02-07T13:22:28.955+0000] {dagbag.py:536} INFO - Filling up the DagBag from /home/airflow/.local/lib/python3.8/site-packages/airflow/example_dags/example_branch_datetime_operator.py
[2025-02-07T13:22:28.999+0000] {processor.py:839} INFO - DAG(s) dict_keys(['example_branch_datetime_operator_2', 'example_branch_datetime_operator_3', 'example_branch_datetime_operator']) retrieved from /home/airflow/.local/lib/python3.8/site-packages/airflow/example_dags/example_branch_datetime_operator.py
[2025-02-07T13:22:29.104+0000] {logging_mixin.py:154} INFO - [2025-02-07T13:22:29.103+0000] {dag.py:2941} INFO - Sync 3 DAGs
[2025-02-07T13:22:29.195+0000] {logging_mixin.py:154} INFO - [2025-02-07T13:22:29.194+0000] {dag.py:3722} INFO - Setting next_dagrun for example_branch_datetime_operator to 2025-02-06T00:00:00+00:00, run_after=2025-02-07T00:00:00+00:00
[2025-02-07T13:22:29.212+0000] {logging_mixin.py:154} INFO - [2025-02-07T13:22:29.212+0000] {dag.py:3722} INFO - Setting next_dagrun for example_branch_datetime_operator_2 to 2025-02-06T00:00:00+00:00, run_after=2025-02-07T00:00:00+00:00
[2025-02-07T13:22:29.220+0000] {logging_mixin.py:154} INFO - [2025-02-07T13:22:29.220+0000] {dag.py:3722} INFO - Setting next_dagrun for example_branch_datetime_operator_3 to 2025-02-06T00:00:00+00:00, run_after=2025-02-07T00:00:00+00:00
[2025-02-07T13:22:29.284+0000] {processor.py:179} INFO - Processing /home/airflow/.local/lib/python3.8/site-packages/airflow/example_dags/example_branch_datetime_operator.py took 0.353 seconds
[2025-02-07T13:22:59.432+0000] {processor.py:157} INFO - Started process (PID=1768) to work on /home/airflow/.local/lib/python3.8/site-packages/airflow/example_dags/example_branch_datetime_operator.py
[2025-02-07T13:22:59.434+0000] {processor.py:829} INFO - Processing file /home/airflow/.local/lib/python3.8/site-packages/airflow/example_dags/example_branch_datetime_operator.py for tasks to queue
[2025-02-07T13:22:59.437+0000] {logging_mixin.py:154} INFO - [2025-02-07T13:22:59.436+0000] {dagbag.py:536} INFO - Filling up the DagBag from /home/airflow/.local/lib/python3.8/site-packages/airflow/example_dags/example_branch_datetime_operator.py
[2025-02-07T13:22:59.467+0000] {processor.py:839} INFO - DAG(s) dict_keys(['example_branch_datetime_operator_3', 'example_branch_datetime_operator', 'example_branch_datetime_operator_2']) retrieved from /home/airflow/.local/lib/python3.8/site-packages/airflow/example_dags/example_branch_datetime_operator.py
[2025-02-07T13:22:59.566+0000] {logging_mixin.py:154} INFO - [2025-02-07T13:22:59.565+0000] {dag.py:2941} INFO - Sync 3 DAGs
[2025-02-07T13:22:59.660+0000] {logging_mixin.py:154} INFO - [2025-02-07T13:22:59.660+0000] {dag.py:3722} INFO - Setting next_dagrun for example_branch_datetime_operator to 2025-02-06T00:00:00+00:00, run_after=2025-02-07T00:00:00+00:00
[2025-02-07T13:22:59.674+0000] {logging_mixin.py:154} INFO - [2025-02-07T13:22:59.674+0000] {dag.py:3722} INFO - Setting next_dagrun for example_branch_datetime_operator_2 to 2025-02-06T00:00:00+00:00, run_after=2025-02-07T00:00:00+00:00
[2025-02-07T13:22:59.684+0000] {logging_mixin.py:154} INFO - [2025-02-07T13:22:59.683+0000] {dag.py:3722} INFO - Setting next_dagrun for example_branch_datetime_operator_3 to 2025-02-06T00:00:00+00:00, run_after=2025-02-07T00:00:00+00:00
[2025-02-07T13:22:59.726+0000] {processor.py:179} INFO - Processing /home/airflow/.local/lib/python3.8/site-packages/airflow/example_dags/example_branch_datetime_operator.py took 0.307 seconds
[2025-02-07T13:23:29.856+0000] {processor.py:157} INFO - Started process (PID=2009) to work on /home/airflow/.local/lib/python3.8/site-packages/airflow/example_dags/example_branch_datetime_operator.py
[2025-02-07T13:23:29.861+0000] {processor.py:829} INFO - Processing file /home/airflow/.local/lib/python3.8/site-packages/airflow/example_dags/example_branch_datetime_operator.py for tasks to queue
[2025-02-07T13:23:29.865+0000] {logging_mixin.py:154} INFO - [2025-02-07T13:23:29.864+0000] {dagbag.py:536} INFO - Filling up the DagBag from /home/airflow/.local/lib/python3.8/site-packages/airflow/example_dags/example_branch_datetime_operator.py
[2025-02-07T13:23:29.951+0000] {processor.py:839} INFO - DAG(s) dict_keys(['example_branch_datetime_operator_3', 'example_branch_datetime_operator', 'example_branch_datetime_operator_2']) retrieved from /home/airflow/.local/lib/python3.8/site-packages/airflow/example_dags/example_branch_datetime_operator.py
[2025-02-07T13:23:30.053+0000] {logging_mixin.py:154} INFO - [2025-02-07T13:23:30.053+0000] {dag.py:2941} INFO - Sync 3 DAGs
[2025-02-07T13:23:30.133+0000] {logging_mixin.py:154} INFO - [2025-02-07T13:23:30.132+0000] {dag.py:3722} INFO - Setting next_dagrun for example_branch_datetime_operator to 2025-02-06T00:00:00+00:00, run_after=2025-02-07T00:00:00+00:00
[2025-02-07T13:23:30.156+0000] {logging_mixin.py:154} INFO - [2025-02-07T13:23:30.156+0000] {dag.py:3722} INFO - Setting next_dagrun for example_branch_datetime_operator_2 to 2025-02-06T00:00:00+00:00, run_after=2025-02-07T00:00:00+00:00
[2025-02-07T13:23:30.167+0000] {logging_mixin.py:154} INFO - [2025-02-07T13:23:30.167+0000] {dag.py:3722} INFO - Setting next_dagrun for example_branch_datetime_operator_3 to 2025-02-06T00:00:00+00:00, run_after=2025-02-07T00:00:00+00:00
[2025-02-07T13:23:30.215+0000] {processor.py:179} INFO - Processing /home/airflow/.local/lib/python3.8/site-packages/airflow/example_dags/example_branch_datetime_operator.py took 0.381 seconds
[2025-02-07T13:24:00.834+0000] {processor.py:157} INFO - Started process (PID=2247) to work on /home/airflow/.local/lib/python3.8/site-packages/airflow/example_dags/example_branch_datetime_operator.py
[2025-02-07T13:24:00.836+0000] {processor.py:829} INFO - Processing file /home/airflow/.local/lib/python3.8/site-packages/airflow/example_dags/example_branch_datetime_operator.py for tasks to queue
[2025-02-07T13:24:00.838+0000] {logging_mixin.py:154} INFO - [2025-02-07T13:24:00.837+0000] {dagbag.py:536} INFO - Filling up the DagBag from /home/airflow/.local/lib/python3.8/site-packages/airflow/example_dags/example_branch_datetime_operator.py
[2025-02-07T13:24:00.868+0000] {processor.py:839} INFO - DAG(s) dict_keys(['example_branch_datetime_operator_3', 'example_branch_datetime_operator_2', 'example_branch_datetime_operator']) retrieved from /home/airflow/.local/lib/python3.8/site-packages/airflow/example_dags/example_branch_datetime_operator.py
[2025-02-07T13:24:00.999+0000] {logging_mixin.py:154} INFO - [2025-02-07T13:24:00.998+0000] {dag.py:2941} INFO - Sync 3 DAGs
[2025-02-07T13:24:01.081+0000] {logging_mixin.py:154} INFO - [2025-02-07T13:24:01.079+0000] {dag.py:3722} INFO - Setting next_dagrun for example_branch_datetime_operator to 2025-02-06T00:00:00+00:00, run_after=2025-02-07T00:00:00+00:00
[2025-02-07T13:24:01.114+0000] {logging_mixin.py:154} INFO - [2025-02-07T13:24:01.114+0000] {dag.py:3722} INFO - Setting next_dagrun for example_branch_datetime_operator_2 to 2025-02-06T00:00:00+00:00, run_after=2025-02-07T00:00:00+00:00
[2025-02-07T13:24:01.131+0000] {logging_mixin.py:154} INFO - [2025-02-07T13:24:01.130+0000] {dag.py:3722} INFO - Setting next_dagrun for example_branch_datetime_operator_3 to 2025-02-06T00:00:00+00:00, run_after=2025-02-07T00:00:00+00:00
[2025-02-07T13:24:01.190+0000] {processor.py:179} INFO - Processing /home/airflow/.local/lib/python3.8/site-packages/airflow/example_dags/example_branch_datetime_operator.py took 0.367 seconds
[2025-02-07T13:24:31.891+0000] {processor.py:157} INFO - Started process (PID=2490) to work on /home/airflow/.local/lib/python3.8/site-packages/airflow/example_dags/example_branch_datetime_operator.py
[2025-02-07T13:24:31.894+0000] {processor.py:829} INFO - Processing file /home/airflow/.local/lib/python3.8/site-packages/airflow/example_dags/example_branch_datetime_operator.py for tasks to queue
[2025-02-07T13:24:31.898+0000] {logging_mixin.py:154} INFO - [2025-02-07T13:24:31.897+0000] {dagbag.py:536} INFO - Filling up the DagBag from /home/airflow/.local/lib/python3.8/site-packages/airflow/example_dags/example_branch_datetime_operator.py
[2025-02-07T13:24:31.928+0000] {processor.py:839} INFO - DAG(s) dict_keys(['example_branch_datetime_operator_2', 'example_branch_datetime_operator', 'example_branch_datetime_operator_3']) retrieved from /home/airflow/.local/lib/python3.8/site-packages/airflow/example_dags/example_branch_datetime_operator.py
[2025-02-07T13:24:32.028+0000] {logging_mixin.py:154} INFO - [2025-02-07T13:24:32.028+0000] {dag.py:2941} INFO - Sync 3 DAGs
[2025-02-07T13:24:32.103+0000] {logging_mixin.py:154} INFO - [2025-02-07T13:24:32.102+0000] {dag.py:3722} INFO - Setting next_dagrun for example_branch_datetime_operator to 2025-02-06T00:00:00+00:00, run_after=2025-02-07T00:00:00+00:00
[2025-02-07T13:24:32.118+0000] {logging_mixin.py:154} INFO - [2025-02-07T13:24:32.117+0000] {dag.py:3722} INFO - Setting next_dagrun for example_branch_datetime_operator_2 to 2025-02-06T00:00:00+00:00, run_after=2025-02-07T00:00:00+00:00
[2025-02-07T13:24:32.128+0000] {logging_mixin.py:154} INFO - [2025-02-07T13:24:32.128+0000] {dag.py:3722} INFO - Setting next_dagrun for example_branch_datetime_operator_3 to 2025-02-06T00:00:00+00:00, run_after=2025-02-07T00:00:00+00:00
[2025-02-07T13:24:32.178+0000] {processor.py:179} INFO - Processing /home/airflow/.local/lib/python3.8/site-packages/airflow/example_dags/example_branch_datetime_operator.py took 0.298 seconds
[2025-02-07T13:25:03.291+0000] {processor.py:157} INFO - Started process (PID=2734) to work on /home/airflow/.local/lib/python3.8/site-packages/airflow/example_dags/example_branch_datetime_operator.py
[2025-02-07T13:25:03.295+0000] {processor.py:829} INFO - Processing file /home/airflow/.local/lib/python3.8/site-packages/airflow/example_dags/example_branch_datetime_operator.py for tasks to queue
[2025-02-07T13:25:03.298+0000] {logging_mixin.py:154} INFO - [2025-02-07T13:25:03.297+0000] {dagbag.py:536} INFO - Filling up the DagBag from /home/airflow/.local/lib/python3.8/site-packages/airflow/example_dags/example_branch_datetime_operator.py
[2025-02-07T13:25:03.333+0000] {processor.py:839} INFO - DAG(s) dict_keys(['example_branch_datetime_operator_2', 'example_branch_datetime_operator_3', 'example_branch_datetime_operator']) retrieved from /home/airflow/.local/lib/python3.8/site-packages/airflow/example_dags/example_branch_datetime_operator.py
[2025-02-07T13:25:03.442+0000] {logging_mixin.py:154} INFO - [2025-02-07T13:25:03.441+0000] {dag.py:2941} INFO - Sync 3 DAGs
[2025-02-07T13:25:03.529+0000] {logging_mixin.py:154} INFO - [2025-02-07T13:25:03.528+0000] {dag.py:3722} INFO - Setting next_dagrun for example_branch_datetime_operator to 2025-02-06T00:00:00+00:00, run_after=2025-02-07T00:00:00+00:00
[2025-02-07T13:25:03.552+0000] {logging_mixin.py:154} INFO - [2025-02-07T13:25:03.551+0000] {dag.py:3722} INFO - Setting next_dagrun for example_branch_datetime_operator_2 to 2025-02-06T00:00:00+00:00, run_after=2025-02-07T00:00:00+00:00
[2025-02-07T13:25:03.568+0000] {logging_mixin.py:154} INFO - [2025-02-07T13:25:03.568+0000] {dag.py:3722} INFO - Setting next_dagrun for example_branch_datetime_operator_3 to 2025-02-06T00:00:00+00:00, run_after=2025-02-07T00:00:00+00:00
[2025-02-07T13:25:03.612+0000] {processor.py:179} INFO - Processing /home/airflow/.local/lib/python3.8/site-packages/airflow/example_dags/example_branch_datetime_operator.py took 0.336 seconds
[2025-02-07T13:27:09.368+0000] {processor.py:157} INFO - Started process (PID=306) to work on /home/airflow/.local/lib/python3.8/site-packages/airflow/example_dags/example_branch_datetime_operator.py
[2025-02-07T13:27:09.369+0000] {processor.py:829} INFO - Processing file /home/airflow/.local/lib/python3.8/site-packages/airflow/example_dags/example_branch_datetime_operator.py for tasks to queue
[2025-02-07T13:27:09.370+0000] {logging_mixin.py:154} INFO - [2025-02-07T13:27:09.370+0000] {dagbag.py:536} INFO - Filling up the DagBag from /home/airflow/.local/lib/python3.8/site-packages/airflow/example_dags/example_branch_datetime_operator.py
[2025-02-07T13:27:09.383+0000] {processor.py:839} INFO - DAG(s) dict_keys(['example_branch_datetime_operator_2', 'example_branch_datetime_operator_3', 'example_branch_datetime_operator']) retrieved from /home/airflow/.local/lib/python3.8/site-packages/airflow/example_dags/example_branch_datetime_operator.py
[2025-02-07T13:27:09.435+0000] {logging_mixin.py:154} INFO - [2025-02-07T13:27:09.434+0000] {dag.py:2941} INFO - Sync 3 DAGs
[2025-02-07T13:27:09.470+0000] {logging_mixin.py:154} INFO - [2025-02-07T13:27:09.470+0000] {dag.py:3722} INFO - Setting next_dagrun for example_branch_datetime_operator to 2025-02-06T00:00:00+00:00, run_after=2025-02-07T00:00:00+00:00
[2025-02-07T13:27:09.475+0000] {logging_mixin.py:154} INFO - [2025-02-07T13:27:09.475+0000] {dag.py:3722} INFO - Setting next_dagrun for example_branch_datetime_operator_2 to 2025-02-06T00:00:00+00:00, run_after=2025-02-07T00:00:00+00:00
[2025-02-07T13:27:09.478+0000] {logging_mixin.py:154} INFO - [2025-02-07T13:27:09.478+0000] {dag.py:3722} INFO - Setting next_dagrun for example_branch_datetime_operator_3 to 2025-02-06T00:00:00+00:00, run_after=2025-02-07T00:00:00+00:00
[2025-02-07T13:27:09.497+0000] {processor.py:179} INFO - Processing /home/airflow/.local/lib/python3.8/site-packages/airflow/example_dags/example_branch_datetime_operator.py took 0.134 seconds
[2025-02-07T21:29:15.810+0000] {processor.py:157} INFO - Started process (PID=306) to work on /home/airflow/.local/lib/python3.8/site-packages/airflow/example_dags/example_branch_datetime_operator.py
[2025-02-07T21:29:15.814+0000] {processor.py:829} INFO - Processing file /home/airflow/.local/lib/python3.8/site-packages/airflow/example_dags/example_branch_datetime_operator.py for tasks to queue
[2025-02-07T21:29:15.818+0000] {logging_mixin.py:154} INFO - [2025-02-07T21:29:15.816+0000] {dagbag.py:536} INFO - Filling up the DagBag from /home/airflow/.local/lib/python3.8/site-packages/airflow/example_dags/example_branch_datetime_operator.py
[2025-02-07T21:29:15.856+0000] {processor.py:839} INFO - DAG(s) dict_keys(['example_branch_datetime_operator_2', 'example_branch_datetime_operator_3', 'example_branch_datetime_operator']) retrieved from /home/airflow/.local/lib/python3.8/site-packages/airflow/example_dags/example_branch_datetime_operator.py
[2025-02-07T21:29:15.995+0000] {logging_mixin.py:154} INFO - [2025-02-07T21:29:15.994+0000] {dag.py:2941} INFO - Sync 3 DAGs
[2025-02-07T21:29:16.095+0000] {logging_mixin.py:154} INFO - [2025-02-07T21:29:16.094+0000] {dag.py:3722} INFO - Setting next_dagrun for example_branch_datetime_operator to 2025-02-06T00:00:00+00:00, run_after=2025-02-07T00:00:00+00:00
[2025-02-07T21:29:16.120+0000] {logging_mixin.py:154} INFO - [2025-02-07T21:29:16.119+0000] {dag.py:3722} INFO - Setting next_dagrun for example_branch_datetime_operator_2 to 2025-02-06T00:00:00+00:00, run_after=2025-02-07T00:00:00+00:00
[2025-02-07T21:29:16.146+0000] {logging_mixin.py:154} INFO - [2025-02-07T21:29:16.146+0000] {dag.py:3722} INFO - Setting next_dagrun for example_branch_datetime_operator_3 to 2025-02-06T00:00:00+00:00, run_after=2025-02-07T00:00:00+00:00
[2025-02-07T21:29:16.206+0000] {processor.py:179} INFO - Processing /home/airflow/.local/lib/python3.8/site-packages/airflow/example_dags/example_branch_datetime_operator.py took 0.415 seconds
[2025-02-07T21:29:46.420+0000] {processor.py:157} INFO - Started process (PID=544) to work on /home/airflow/.local/lib/python3.8/site-packages/airflow/example_dags/example_branch_datetime_operator.py
[2025-02-07T21:29:46.423+0000] {processor.py:829} INFO - Processing file /home/airflow/.local/lib/python3.8/site-packages/airflow/example_dags/example_branch_datetime_operator.py for tasks to queue
[2025-02-07T21:29:46.426+0000] {logging_mixin.py:154} INFO - [2025-02-07T21:29:46.426+0000] {dagbag.py:536} INFO - Filling up the DagBag from /home/airflow/.local/lib/python3.8/site-packages/airflow/example_dags/example_branch_datetime_operator.py
[2025-02-07T21:29:46.453+0000] {processor.py:839} INFO - DAG(s) dict_keys(['example_branch_datetime_operator_3', 'example_branch_datetime_operator', 'example_branch_datetime_operator_2']) retrieved from /home/airflow/.local/lib/python3.8/site-packages/airflow/example_dags/example_branch_datetime_operator.py
[2025-02-07T21:29:46.527+0000] {logging_mixin.py:154} INFO - [2025-02-07T21:29:46.527+0000] {dag.py:2941} INFO - Sync 3 DAGs
[2025-02-07T21:29:46.582+0000] {logging_mixin.py:154} INFO - [2025-02-07T21:29:46.582+0000] {dag.py:3722} INFO - Setting next_dagrun for example_branch_datetime_operator to 2025-02-06T00:00:00+00:00, run_after=2025-02-07T00:00:00+00:00
[2025-02-07T21:29:46.595+0000] {logging_mixin.py:154} INFO - [2025-02-07T21:29:46.595+0000] {dag.py:3722} INFO - Setting next_dagrun for example_branch_datetime_operator_2 to 2025-02-06T00:00:00+00:00, run_after=2025-02-07T00:00:00+00:00
[2025-02-07T21:29:46.613+0000] {logging_mixin.py:154} INFO - [2025-02-07T21:29:46.609+0000] {dag.py:3722} INFO - Setting next_dagrun for example_branch_datetime_operator_3 to 2025-02-06T00:00:00+00:00, run_after=2025-02-07T00:00:00+00:00
[2025-02-07T21:29:46.655+0000] {processor.py:179} INFO - Processing /home/airflow/.local/lib/python3.8/site-packages/airflow/example_dags/example_branch_datetime_operator.py took 0.245 seconds
