[2025-02-07T13:19:54.855+0000] {processor.py:157} INFO - Started process (PID=343) to work on /home/airflow/.local/lib/python3.8/site-packages/airflow/example_dags/example_setup_teardown_taskflow.py
[2025-02-07T13:19:54.857+0000] {processor.py:829} INFO - Processing file /home/airflow/.local/lib/python3.8/site-packages/airflow/example_dags/example_setup_teardown_taskflow.py for tasks to queue
[2025-02-07T13:19:54.858+0000] {logging_mixin.py:154} INFO - [2025-02-07T13:19:54.858+0000] {dagbag.py:536} INFO - Filling up the DagBag from /home/airflow/.local/lib/python3.8/site-packages/airflow/example_dags/example_setup_teardown_taskflow.py
[2025-02-07T13:19:54.883+0000] {processor.py:839} INFO - DAG(s) dict_keys(['example_setup_teardown_taskflow']) retrieved from /home/airflow/.local/lib/python3.8/site-packages/airflow/example_dags/example_setup_teardown_taskflow.py
[2025-02-07T13:19:54.935+0000] {logging_mixin.py:154} INFO - [2025-02-07T13:19:54.935+0000] {dag.py:2941} INFO - Sync 1 DAGs
[2025-02-07T13:19:55.000+0000] {logging_mixin.py:154} INFO - [2025-02-07T13:19:54.999+0000] {dag.py:3722} INFO - Setting next_dagrun for example_setup_teardown_taskflow to 2025-02-06T13:19:54.998778+00:00, run_after=2025-02-07T13:19:54.998778+00:00
[2025-02-07T13:19:55.042+0000] {processor.py:179} INFO - Processing /home/airflow/.local/lib/python3.8/site-packages/airflow/example_dags/example_setup_teardown_taskflow.py took 0.196 seconds
[2025-02-07T13:20:26.296+0000] {processor.py:157} INFO - Started process (PID=586) to work on /home/airflow/.local/lib/python3.8/site-packages/airflow/example_dags/example_setup_teardown_taskflow.py
[2025-02-07T13:20:26.299+0000] {processor.py:829} INFO - Processing file /home/airflow/.local/lib/python3.8/site-packages/airflow/example_dags/example_setup_teardown_taskflow.py for tasks to queue
[2025-02-07T13:20:26.302+0000] {logging_mixin.py:154} INFO - [2025-02-07T13:20:26.301+0000] {dagbag.py:536} INFO - Filling up the DagBag from /home/airflow/.local/lib/python3.8/site-packages/airflow/example_dags/example_setup_teardown_taskflow.py
[2025-02-07T13:20:26.334+0000] {processor.py:839} INFO - DAG(s) dict_keys(['example_setup_teardown_taskflow']) retrieved from /home/airflow/.local/lib/python3.8/site-packages/airflow/example_dags/example_setup_teardown_taskflow.py
[2025-02-07T13:20:26.423+0000] {logging_mixin.py:154} INFO - [2025-02-07T13:20:26.422+0000] {dag.py:2941} INFO - Sync 1 DAGs
[2025-02-07T13:20:26.495+0000] {logging_mixin.py:154} INFO - [2025-02-07T13:20:26.495+0000] {dag.py:3722} INFO - Setting next_dagrun for example_setup_teardown_taskflow to 2025-02-06T13:20:26.494513+00:00, run_after=2025-02-07T13:20:26.494513+00:00
[2025-02-07T13:20:26.548+0000] {processor.py:179} INFO - Processing /home/airflow/.local/lib/python3.8/site-packages/airflow/example_dags/example_setup_teardown_taskflow.py took 0.262 seconds
[2025-02-07T13:20:56.881+0000] {processor.py:157} INFO - Started process (PID=829) to work on /home/airflow/.local/lib/python3.8/site-packages/airflow/example_dags/example_setup_teardown_taskflow.py
[2025-02-07T13:20:56.884+0000] {processor.py:829} INFO - Processing file /home/airflow/.local/lib/python3.8/site-packages/airflow/example_dags/example_setup_teardown_taskflow.py for tasks to queue
[2025-02-07T13:20:56.886+0000] {logging_mixin.py:154} INFO - [2025-02-07T13:20:56.885+0000] {dagbag.py:536} INFO - Filling up the DagBag from /home/airflow/.local/lib/python3.8/site-packages/airflow/example_dags/example_setup_teardown_taskflow.py
[2025-02-07T13:20:56.913+0000] {processor.py:839} INFO - DAG(s) dict_keys(['example_setup_teardown_taskflow']) retrieved from /home/airflow/.local/lib/python3.8/site-packages/airflow/example_dags/example_setup_teardown_taskflow.py
[2025-02-07T13:20:56.986+0000] {logging_mixin.py:154} INFO - [2025-02-07T13:20:56.985+0000] {dag.py:2941} INFO - Sync 1 DAGs
[2025-02-07T13:20:57.051+0000] {logging_mixin.py:154} INFO - [2025-02-07T13:20:57.050+0000] {dag.py:3722} INFO - Setting next_dagrun for example_setup_teardown_taskflow to 2025-02-06T13:20:57.049370+00:00, run_after=2025-02-07T13:20:57.049370+00:00
[2025-02-07T13:20:57.108+0000] {processor.py:179} INFO - Processing /home/airflow/.local/lib/python3.8/site-packages/airflow/example_dags/example_setup_teardown_taskflow.py took 0.238 seconds
[2025-02-07T13:21:27.827+0000] {processor.py:157} INFO - Started process (PID=1072) to work on /home/airflow/.local/lib/python3.8/site-packages/airflow/example_dags/example_setup_teardown_taskflow.py
[2025-02-07T13:21:27.833+0000] {processor.py:829} INFO - Processing file /home/airflow/.local/lib/python3.8/site-packages/airflow/example_dags/example_setup_teardown_taskflow.py for tasks to queue
[2025-02-07T13:21:27.844+0000] {logging_mixin.py:154} INFO - [2025-02-07T13:21:27.843+0000] {dagbag.py:536} INFO - Filling up the DagBag from /home/airflow/.local/lib/python3.8/site-packages/airflow/example_dags/example_setup_teardown_taskflow.py
[2025-02-07T13:21:27.880+0000] {processor.py:839} INFO - DAG(s) dict_keys(['example_setup_teardown_taskflow']) retrieved from /home/airflow/.local/lib/python3.8/site-packages/airflow/example_dags/example_setup_teardown_taskflow.py
[2025-02-07T13:21:27.944+0000] {logging_mixin.py:154} INFO - [2025-02-07T13:21:27.943+0000] {dag.py:2941} INFO - Sync 1 DAGs
[2025-02-07T13:21:28.011+0000] {logging_mixin.py:154} INFO - [2025-02-07T13:21:28.010+0000] {dag.py:3722} INFO - Setting next_dagrun for example_setup_teardown_taskflow to 2025-02-06T13:21:28.009644+00:00, run_after=2025-02-07T13:21:28.009644+00:00
[2025-02-07T13:21:28.068+0000] {processor.py:179} INFO - Processing /home/airflow/.local/lib/python3.8/site-packages/airflow/example_dags/example_setup_teardown_taskflow.py took 0.251 seconds
[2025-02-07T13:21:59.455+0000] {processor.py:157} INFO - Started process (PID=1315) to work on /home/airflow/.local/lib/python3.8/site-packages/airflow/example_dags/example_setup_teardown_taskflow.py
[2025-02-07T13:21:59.458+0000] {processor.py:829} INFO - Processing file /home/airflow/.local/lib/python3.8/site-packages/airflow/example_dags/example_setup_teardown_taskflow.py for tasks to queue
[2025-02-07T13:21:59.460+0000] {logging_mixin.py:154} INFO - [2025-02-07T13:21:59.459+0000] {dagbag.py:536} INFO - Filling up the DagBag from /home/airflow/.local/lib/python3.8/site-packages/airflow/example_dags/example_setup_teardown_taskflow.py
[2025-02-07T13:21:59.494+0000] {processor.py:839} INFO - DAG(s) dict_keys(['example_setup_teardown_taskflow']) retrieved from /home/airflow/.local/lib/python3.8/site-packages/airflow/example_dags/example_setup_teardown_taskflow.py
[2025-02-07T13:21:59.577+0000] {logging_mixin.py:154} INFO - [2025-02-07T13:21:59.577+0000] {dag.py:2941} INFO - Sync 1 DAGs
[2025-02-07T13:21:59.651+0000] {logging_mixin.py:154} INFO - [2025-02-07T13:21:59.650+0000] {dag.py:3722} INFO - Setting next_dagrun for example_setup_teardown_taskflow to 2025-02-06T13:21:59.649675+00:00, run_after=2025-02-07T13:21:59.649675+00:00
[2025-02-07T13:21:59.727+0000] {processor.py:179} INFO - Processing /home/airflow/.local/lib/python3.8/site-packages/airflow/example_dags/example_setup_teardown_taskflow.py took 0.283 seconds
[2025-02-07T13:22:30.827+0000] {processor.py:157} INFO - Started process (PID=1558) to work on /home/airflow/.local/lib/python3.8/site-packages/airflow/example_dags/example_setup_teardown_taskflow.py
[2025-02-07T13:22:30.832+0000] {processor.py:829} INFO - Processing file /home/airflow/.local/lib/python3.8/site-packages/airflow/example_dags/example_setup_teardown_taskflow.py for tasks to queue
[2025-02-07T13:22:30.836+0000] {logging_mixin.py:154} INFO - [2025-02-07T13:22:30.834+0000] {dagbag.py:536} INFO - Filling up the DagBag from /home/airflow/.local/lib/python3.8/site-packages/airflow/example_dags/example_setup_teardown_taskflow.py
[2025-02-07T13:22:30.902+0000] {processor.py:839} INFO - DAG(s) dict_keys(['example_setup_teardown_taskflow']) retrieved from /home/airflow/.local/lib/python3.8/site-packages/airflow/example_dags/example_setup_teardown_taskflow.py
[2025-02-07T13:22:30.970+0000] {logging_mixin.py:154} INFO - [2025-02-07T13:22:30.969+0000] {dag.py:2941} INFO - Sync 1 DAGs
[2025-02-07T13:22:31.044+0000] {logging_mixin.py:154} INFO - [2025-02-07T13:22:31.043+0000] {dag.py:3722} INFO - Setting next_dagrun for example_setup_teardown_taskflow to 2025-02-06T13:22:31.042928+00:00, run_after=2025-02-07T13:22:31.042928+00:00
[2025-02-07T13:22:31.123+0000] {processor.py:179} INFO - Processing /home/airflow/.local/lib/python3.8/site-packages/airflow/example_dags/example_setup_teardown_taskflow.py took 0.312 seconds
[2025-02-07T13:23:01.710+0000] {processor.py:157} INFO - Started process (PID=1803) to work on /home/airflow/.local/lib/python3.8/site-packages/airflow/example_dags/example_setup_teardown_taskflow.py
[2025-02-07T13:23:01.716+0000] {processor.py:829} INFO - Processing file /home/airflow/.local/lib/python3.8/site-packages/airflow/example_dags/example_setup_teardown_taskflow.py for tasks to queue
[2025-02-07T13:23:01.717+0000] {logging_mixin.py:154} INFO - [2025-02-07T13:23:01.717+0000] {dagbag.py:536} INFO - Filling up the DagBag from /home/airflow/.local/lib/python3.8/site-packages/airflow/example_dags/example_setup_teardown_taskflow.py
[2025-02-07T13:23:01.737+0000] {processor.py:839} INFO - DAG(s) dict_keys(['example_setup_teardown_taskflow']) retrieved from /home/airflow/.local/lib/python3.8/site-packages/airflow/example_dags/example_setup_teardown_taskflow.py
[2025-02-07T13:23:01.766+0000] {logging_mixin.py:154} INFO - [2025-02-07T13:23:01.766+0000] {dag.py:2941} INFO - Sync 1 DAGs
[2025-02-07T13:23:01.790+0000] {logging_mixin.py:154} INFO - [2025-02-07T13:23:01.790+0000] {dag.py:3722} INFO - Setting next_dagrun for example_setup_teardown_taskflow to 2025-02-06T13:23:01.790497+00:00, run_after=2025-02-07T13:23:01.790497+00:00
[2025-02-07T13:23:01.809+0000] {processor.py:179} INFO - Processing /home/airflow/.local/lib/python3.8/site-packages/airflow/example_dags/example_setup_teardown_taskflow.py took 0.104 seconds
[2025-02-07T13:23:33.439+0000] {processor.py:157} INFO - Started process (PID=2044) to work on /home/airflow/.local/lib/python3.8/site-packages/airflow/example_dags/example_setup_teardown_taskflow.py
[2025-02-07T13:23:33.442+0000] {processor.py:829} INFO - Processing file /home/airflow/.local/lib/python3.8/site-packages/airflow/example_dags/example_setup_teardown_taskflow.py for tasks to queue
[2025-02-07T13:23:33.444+0000] {logging_mixin.py:154} INFO - [2025-02-07T13:23:33.444+0000] {dagbag.py:536} INFO - Filling up the DagBag from /home/airflow/.local/lib/python3.8/site-packages/airflow/example_dags/example_setup_teardown_taskflow.py
[2025-02-07T13:23:33.485+0000] {processor.py:839} INFO - DAG(s) dict_keys(['example_setup_teardown_taskflow']) retrieved from /home/airflow/.local/lib/python3.8/site-packages/airflow/example_dags/example_setup_teardown_taskflow.py
[2025-02-07T13:23:33.563+0000] {logging_mixin.py:154} INFO - [2025-02-07T13:23:33.562+0000] {dag.py:2941} INFO - Sync 1 DAGs
[2025-02-07T13:23:33.641+0000] {logging_mixin.py:154} INFO - [2025-02-07T13:23:33.641+0000] {dag.py:3722} INFO - Setting next_dagrun for example_setup_teardown_taskflow to 2025-02-06T13:23:33.640541+00:00, run_after=2025-02-07T13:23:33.640541+00:00
[2025-02-07T13:23:33.706+0000] {processor.py:179} INFO - Processing /home/airflow/.local/lib/python3.8/site-packages/airflow/example_dags/example_setup_teardown_taskflow.py took 0.280 seconds
[2025-02-07T13:24:04.472+0000] {processor.py:157} INFO - Started process (PID=2287) to work on /home/airflow/.local/lib/python3.8/site-packages/airflow/example_dags/example_setup_teardown_taskflow.py
[2025-02-07T13:24:04.474+0000] {processor.py:829} INFO - Processing file /home/airflow/.local/lib/python3.8/site-packages/airflow/example_dags/example_setup_teardown_taskflow.py for tasks to queue
[2025-02-07T13:24:04.476+0000] {logging_mixin.py:154} INFO - [2025-02-07T13:24:04.475+0000] {dagbag.py:536} INFO - Filling up the DagBag from /home/airflow/.local/lib/python3.8/site-packages/airflow/example_dags/example_setup_teardown_taskflow.py
[2025-02-07T13:24:04.506+0000] {processor.py:839} INFO - DAG(s) dict_keys(['example_setup_teardown_taskflow']) retrieved from /home/airflow/.local/lib/python3.8/site-packages/airflow/example_dags/example_setup_teardown_taskflow.py
[2025-02-07T13:24:04.593+0000] {logging_mixin.py:154} INFO - [2025-02-07T13:24:04.592+0000] {dag.py:2941} INFO - Sync 1 DAGs
[2025-02-07T13:24:04.675+0000] {logging_mixin.py:154} INFO - [2025-02-07T13:24:04.674+0000] {dag.py:3722} INFO - Setting next_dagrun for example_setup_teardown_taskflow to 2025-02-06T13:24:04.672857+00:00, run_after=2025-02-07T13:24:04.672857+00:00
[2025-02-07T13:24:04.733+0000] {processor.py:179} INFO - Processing /home/airflow/.local/lib/python3.8/site-packages/airflow/example_dags/example_setup_teardown_taskflow.py took 0.272 seconds
[2025-02-07T13:24:35.139+0000] {processor.py:157} INFO - Started process (PID=2530) to work on /home/airflow/.local/lib/python3.8/site-packages/airflow/example_dags/example_setup_teardown_taskflow.py
[2025-02-07T13:24:35.143+0000] {processor.py:829} INFO - Processing file /home/airflow/.local/lib/python3.8/site-packages/airflow/example_dags/example_setup_teardown_taskflow.py for tasks to queue
[2025-02-07T13:24:35.145+0000] {logging_mixin.py:154} INFO - [2025-02-07T13:24:35.145+0000] {dagbag.py:536} INFO - Filling up the DagBag from /home/airflow/.local/lib/python3.8/site-packages/airflow/example_dags/example_setup_teardown_taskflow.py
[2025-02-07T13:24:35.176+0000] {processor.py:839} INFO - DAG(s) dict_keys(['example_setup_teardown_taskflow']) retrieved from /home/airflow/.local/lib/python3.8/site-packages/airflow/example_dags/example_setup_teardown_taskflow.py
[2025-02-07T13:24:35.240+0000] {logging_mixin.py:154} INFO - [2025-02-07T13:24:35.240+0000] {dag.py:2941} INFO - Sync 1 DAGs
[2025-02-07T13:24:35.325+0000] {logging_mixin.py:154} INFO - [2025-02-07T13:24:35.325+0000] {dag.py:3722} INFO - Setting next_dagrun for example_setup_teardown_taskflow to 2025-02-06T13:24:35.324659+00:00, run_after=2025-02-07T13:24:35.324659+00:00
[2025-02-07T13:24:35.387+0000] {processor.py:179} INFO - Processing /home/airflow/.local/lib/python3.8/site-packages/airflow/example_dags/example_setup_teardown_taskflow.py took 0.258 seconds
[2025-02-07T13:25:05.494+0000] {processor.py:157} INFO - Started process (PID=2769) to work on /home/airflow/.local/lib/python3.8/site-packages/airflow/example_dags/example_setup_teardown_taskflow.py
[2025-02-07T13:25:05.497+0000] {processor.py:829} INFO - Processing file /home/airflow/.local/lib/python3.8/site-packages/airflow/example_dags/example_setup_teardown_taskflow.py for tasks to queue
[2025-02-07T13:25:05.501+0000] {logging_mixin.py:154} INFO - [2025-02-07T13:25:05.498+0000] {dagbag.py:536} INFO - Filling up the DagBag from /home/airflow/.local/lib/python3.8/site-packages/airflow/example_dags/example_setup_teardown_taskflow.py
[2025-02-07T13:25:05.555+0000] {processor.py:839} INFO - DAG(s) dict_keys(['example_setup_teardown_taskflow']) retrieved from /home/airflow/.local/lib/python3.8/site-packages/airflow/example_dags/example_setup_teardown_taskflow.py
[2025-02-07T13:25:05.647+0000] {logging_mixin.py:154} INFO - [2025-02-07T13:25:05.647+0000] {dag.py:2941} INFO - Sync 1 DAGs
[2025-02-07T13:25:05.716+0000] {logging_mixin.py:154} INFO - [2025-02-07T13:25:05.716+0000] {dag.py:3722} INFO - Setting next_dagrun for example_setup_teardown_taskflow to 2025-02-06T13:25:05.715526+00:00, run_after=2025-02-07T13:25:05.715526+00:00
[2025-02-07T13:25:05.786+0000] {processor.py:179} INFO - Processing /home/airflow/.local/lib/python3.8/site-packages/airflow/example_dags/example_setup_teardown_taskflow.py took 0.302 seconds
[2025-02-07T13:27:10.081+0000] {processor.py:157} INFO - Started process (PID=341) to work on /home/airflow/.local/lib/python3.8/site-packages/airflow/example_dags/example_setup_teardown_taskflow.py
[2025-02-07T13:27:10.084+0000] {processor.py:829} INFO - Processing file /home/airflow/.local/lib/python3.8/site-packages/airflow/example_dags/example_setup_teardown_taskflow.py for tasks to queue
[2025-02-07T13:27:10.085+0000] {logging_mixin.py:154} INFO - [2025-02-07T13:27:10.085+0000] {dagbag.py:536} INFO - Filling up the DagBag from /home/airflow/.local/lib/python3.8/site-packages/airflow/example_dags/example_setup_teardown_taskflow.py
[2025-02-07T13:27:10.099+0000] {processor.py:839} INFO - DAG(s) dict_keys(['example_setup_teardown_taskflow']) retrieved from /home/airflow/.local/lib/python3.8/site-packages/airflow/example_dags/example_setup_teardown_taskflow.py
[2025-02-07T13:27:10.128+0000] {logging_mixin.py:154} INFO - [2025-02-07T13:27:10.128+0000] {dag.py:2941} INFO - Sync 1 DAGs
[2025-02-07T13:27:10.164+0000] {logging_mixin.py:154} INFO - [2025-02-07T13:27:10.163+0000] {dag.py:3722} INFO - Setting next_dagrun for example_setup_teardown_taskflow to 2025-02-06T13:27:10.163352+00:00, run_after=2025-02-07T13:27:10.163352+00:00
[2025-02-07T13:27:10.189+0000] {processor.py:179} INFO - Processing /home/airflow/.local/lib/python3.8/site-packages/airflow/example_dags/example_setup_teardown_taskflow.py took 0.113 seconds
[2025-02-07T21:29:18.255+0000] {processor.py:157} INFO - Started process (PID=343) to work on /home/airflow/.local/lib/python3.8/site-packages/airflow/example_dags/example_setup_teardown_taskflow.py
[2025-02-07T21:29:18.259+0000] {processor.py:829} INFO - Processing file /home/airflow/.local/lib/python3.8/site-packages/airflow/example_dags/example_setup_teardown_taskflow.py for tasks to queue
[2025-02-07T21:29:18.261+0000] {logging_mixin.py:154} INFO - [2025-02-07T21:29:18.260+0000] {dagbag.py:536} INFO - Filling up the DagBag from /home/airflow/.local/lib/python3.8/site-packages/airflow/example_dags/example_setup_teardown_taskflow.py
[2025-02-07T21:29:18.319+0000] {processor.py:839} INFO - DAG(s) dict_keys(['example_setup_teardown_taskflow']) retrieved from /home/airflow/.local/lib/python3.8/site-packages/airflow/example_dags/example_setup_teardown_taskflow.py
[2025-02-07T21:29:18.408+0000] {logging_mixin.py:154} INFO - [2025-02-07T21:29:18.407+0000] {dag.py:2941} INFO - Sync 1 DAGs
[2025-02-07T21:29:18.495+0000] {logging_mixin.py:154} INFO - [2025-02-07T21:29:18.494+0000] {dag.py:3722} INFO - Setting next_dagrun for example_setup_teardown_taskflow to 2025-02-06T21:29:18.494213+00:00, run_after=2025-02-07T21:29:18.494213+00:00
[2025-02-07T21:29:18.561+0000] {processor.py:179} INFO - Processing /home/airflow/.local/lib/python3.8/site-packages/airflow/example_dags/example_setup_teardown_taskflow.py took 0.320 seconds
[2025-02-07T21:29:49.070+0000] {processor.py:157} INFO - Started process (PID=586) to work on /home/airflow/.local/lib/python3.8/site-packages/airflow/example_dags/example_setup_teardown_taskflow.py
[2025-02-07T21:29:49.073+0000] {processor.py:829} INFO - Processing file /home/airflow/.local/lib/python3.8/site-packages/airflow/example_dags/example_setup_teardown_taskflow.py for tasks to queue
[2025-02-07T21:29:49.075+0000] {logging_mixin.py:154} INFO - [2025-02-07T21:29:49.074+0000] {dagbag.py:536} INFO - Filling up the DagBag from /home/airflow/.local/lib/python3.8/site-packages/airflow/example_dags/example_setup_teardown_taskflow.py
[2025-02-07T21:29:49.103+0000] {processor.py:839} INFO - DAG(s) dict_keys(['example_setup_teardown_taskflow']) retrieved from /home/airflow/.local/lib/python3.8/site-packages/airflow/example_dags/example_setup_teardown_taskflow.py
[2025-02-07T21:29:49.162+0000] {logging_mixin.py:154} INFO - [2025-02-07T21:29:49.161+0000] {dag.py:2941} INFO - Sync 1 DAGs
[2025-02-07T21:29:49.226+0000] {logging_mixin.py:154} INFO - [2025-02-07T21:29:49.225+0000] {dag.py:3722} INFO - Setting next_dagrun for example_setup_teardown_taskflow to 2025-02-06T21:29:49.225229+00:00, run_after=2025-02-07T21:29:49.225229+00:00
[2025-02-07T21:29:49.276+0000] {processor.py:179} INFO - Processing /home/airflow/.local/lib/python3.8/site-packages/airflow/example_dags/example_setup_teardown_taskflow.py took 0.217 seconds
