[2025-02-07T13:19:54.224+0000] {processor.py:157} INFO - Started process (PID=323) to work on /home/airflow/.local/lib/python3.8/site-packages/airflow/example_dags/example_setup_teardown.py
[2025-02-07T13:19:54.226+0000] {processor.py:829} INFO - Processing file /home/airflow/.local/lib/python3.8/site-packages/airflow/example_dags/example_setup_teardown.py for tasks to queue
[2025-02-07T13:19:54.228+0000] {logging_mixin.py:154} INFO - [2025-02-07T13:19:54.227+0000] {dagbag.py:536} INFO - Filling up the DagBag from /home/airflow/.local/lib/python3.8/site-packages/airflow/example_dags/example_setup_teardown.py
[2025-02-07T13:19:54.251+0000] {processor.py:839} INFO - DAG(s) dict_keys(['example_setup_teardown']) retrieved from /home/airflow/.local/lib/python3.8/site-packages/airflow/example_dags/example_setup_teardown.py
[2025-02-07T13:19:54.335+0000] {logging_mixin.py:154} INFO - [2025-02-07T13:19:54.334+0000] {dag.py:2941} INFO - Sync 1 DAGs
[2025-02-07T13:19:54.409+0000] {logging_mixin.py:154} INFO - [2025-02-07T13:19:54.409+0000] {dag.py:3722} INFO - Setting next_dagrun for example_setup_teardown to 2025-02-06T13:19:54.404924+00:00, run_after=2025-02-07T13:19:54.404924+00:00
[2025-02-07T13:19:54.489+0000] {processor.py:179} INFO - Processing /home/airflow/.local/lib/python3.8/site-packages/airflow/example_dags/example_setup_teardown.py took 0.274 seconds
[2025-02-07T13:20:25.666+0000] {processor.py:157} INFO - Started process (PID=568) to work on /home/airflow/.local/lib/python3.8/site-packages/airflow/example_dags/example_setup_teardown.py
[2025-02-07T13:20:25.673+0000] {processor.py:829} INFO - Processing file /home/airflow/.local/lib/python3.8/site-packages/airflow/example_dags/example_setup_teardown.py for tasks to queue
[2025-02-07T13:20:25.676+0000] {logging_mixin.py:154} INFO - [2025-02-07T13:20:25.675+0000] {dagbag.py:536} INFO - Filling up the DagBag from /home/airflow/.local/lib/python3.8/site-packages/airflow/example_dags/example_setup_teardown.py
[2025-02-07T13:20:25.699+0000] {processor.py:839} INFO - DAG(s) dict_keys(['example_setup_teardown']) retrieved from /home/airflow/.local/lib/python3.8/site-packages/airflow/example_dags/example_setup_teardown.py
[2025-02-07T13:20:25.764+0000] {logging_mixin.py:154} INFO - [2025-02-07T13:20:25.763+0000] {dag.py:2941} INFO - Sync 1 DAGs
[2025-02-07T13:20:25.833+0000] {logging_mixin.py:154} INFO - [2025-02-07T13:20:25.832+0000] {dag.py:3722} INFO - Setting next_dagrun for example_setup_teardown to 2025-02-06T13:20:25.831956+00:00, run_after=2025-02-07T13:20:25.831956+00:00
[2025-02-07T13:20:25.882+0000] {processor.py:179} INFO - Processing /home/airflow/.local/lib/python3.8/site-packages/airflow/example_dags/example_setup_teardown.py took 0.229 seconds
[2025-02-07T13:20:56.232+0000] {processor.py:157} INFO - Started process (PID=809) to work on /home/airflow/.local/lib/python3.8/site-packages/airflow/example_dags/example_setup_teardown.py
[2025-02-07T13:20:56.235+0000] {processor.py:829} INFO - Processing file /home/airflow/.local/lib/python3.8/site-packages/airflow/example_dags/example_setup_teardown.py for tasks to queue
[2025-02-07T13:20:56.239+0000] {logging_mixin.py:154} INFO - [2025-02-07T13:20:56.238+0000] {dagbag.py:536} INFO - Filling up the DagBag from /home/airflow/.local/lib/python3.8/site-packages/airflow/example_dags/example_setup_teardown.py
[2025-02-07T13:20:56.261+0000] {processor.py:839} INFO - DAG(s) dict_keys(['example_setup_teardown']) retrieved from /home/airflow/.local/lib/python3.8/site-packages/airflow/example_dags/example_setup_teardown.py
[2025-02-07T13:20:56.321+0000] {logging_mixin.py:154} INFO - [2025-02-07T13:20:56.320+0000] {dag.py:2941} INFO - Sync 1 DAGs
[2025-02-07T13:20:56.411+0000] {logging_mixin.py:154} INFO - [2025-02-07T13:20:56.410+0000] {dag.py:3722} INFO - Setting next_dagrun for example_setup_teardown to 2025-02-06T13:20:56.409856+00:00, run_after=2025-02-07T13:20:56.409856+00:00
[2025-02-07T13:20:56.464+0000] {processor.py:179} INFO - Processing /home/airflow/.local/lib/python3.8/site-packages/airflow/example_dags/example_setup_teardown.py took 0.242 seconds
[2025-02-07T13:21:27.214+0000] {processor.py:157} INFO - Started process (PID=1052) to work on /home/airflow/.local/lib/python3.8/site-packages/airflow/example_dags/example_setup_teardown.py
[2025-02-07T13:21:27.218+0000] {processor.py:829} INFO - Processing file /home/airflow/.local/lib/python3.8/site-packages/airflow/example_dags/example_setup_teardown.py for tasks to queue
[2025-02-07T13:21:27.224+0000] {logging_mixin.py:154} INFO - [2025-02-07T13:21:27.221+0000] {dagbag.py:536} INFO - Filling up the DagBag from /home/airflow/.local/lib/python3.8/site-packages/airflow/example_dags/example_setup_teardown.py
[2025-02-07T13:21:27.248+0000] {processor.py:839} INFO - DAG(s) dict_keys(['example_setup_teardown']) retrieved from /home/airflow/.local/lib/python3.8/site-packages/airflow/example_dags/example_setup_teardown.py
[2025-02-07T13:21:27.322+0000] {logging_mixin.py:154} INFO - [2025-02-07T13:21:27.320+0000] {dag.py:2941} INFO - Sync 1 DAGs
[2025-02-07T13:21:27.395+0000] {logging_mixin.py:154} INFO - [2025-02-07T13:21:27.393+0000] {dag.py:3722} INFO - Setting next_dagrun for example_setup_teardown to 2025-02-06T13:21:27.392168+00:00, run_after=2025-02-07T13:21:27.392168+00:00
[2025-02-07T13:21:27.457+0000] {processor.py:179} INFO - Processing /home/airflow/.local/lib/python3.8/site-packages/airflow/example_dags/example_setup_teardown.py took 0.254 seconds
[2025-02-07T13:21:58.823+0000] {processor.py:157} INFO - Started process (PID=1295) to work on /home/airflow/.local/lib/python3.8/site-packages/airflow/example_dags/example_setup_teardown.py
[2025-02-07T13:21:58.825+0000] {processor.py:829} INFO - Processing file /home/airflow/.local/lib/python3.8/site-packages/airflow/example_dags/example_setup_teardown.py for tasks to queue
[2025-02-07T13:21:58.828+0000] {logging_mixin.py:154} INFO - [2025-02-07T13:21:58.827+0000] {dagbag.py:536} INFO - Filling up the DagBag from /home/airflow/.local/lib/python3.8/site-packages/airflow/example_dags/example_setup_teardown.py
[2025-02-07T13:21:58.852+0000] {processor.py:839} INFO - DAG(s) dict_keys(['example_setup_teardown']) retrieved from /home/airflow/.local/lib/python3.8/site-packages/airflow/example_dags/example_setup_teardown.py
[2025-02-07T13:21:58.922+0000] {logging_mixin.py:154} INFO - [2025-02-07T13:21:58.921+0000] {dag.py:2941} INFO - Sync 1 DAGs
[2025-02-07T13:21:59.008+0000] {logging_mixin.py:154} INFO - [2025-02-07T13:21:59.008+0000] {dag.py:3722} INFO - Setting next_dagrun for example_setup_teardown to 2025-02-06T13:21:59.005063+00:00, run_after=2025-02-07T13:21:59.005063+00:00
[2025-02-07T13:21:59.069+0000] {processor.py:179} INFO - Processing /home/airflow/.local/lib/python3.8/site-packages/airflow/example_dags/example_setup_teardown.py took 0.255 seconds
[2025-02-07T13:22:29.967+0000] {processor.py:157} INFO - Started process (PID=1538) to work on /home/airflow/.local/lib/python3.8/site-packages/airflow/example_dags/example_setup_teardown.py
[2025-02-07T13:22:29.970+0000] {processor.py:829} INFO - Processing file /home/airflow/.local/lib/python3.8/site-packages/airflow/example_dags/example_setup_teardown.py for tasks to queue
[2025-02-07T13:22:29.976+0000] {logging_mixin.py:154} INFO - [2025-02-07T13:22:29.973+0000] {dagbag.py:536} INFO - Filling up the DagBag from /home/airflow/.local/lib/python3.8/site-packages/airflow/example_dags/example_setup_teardown.py
[2025-02-07T13:22:30.010+0000] {processor.py:839} INFO - DAG(s) dict_keys(['example_setup_teardown']) retrieved from /home/airflow/.local/lib/python3.8/site-packages/airflow/example_dags/example_setup_teardown.py
[2025-02-07T13:22:30.096+0000] {logging_mixin.py:154} INFO - [2025-02-07T13:22:30.095+0000] {dag.py:2941} INFO - Sync 1 DAGs
[2025-02-07T13:22:30.226+0000] {logging_mixin.py:154} INFO - [2025-02-07T13:22:30.225+0000] {dag.py:3722} INFO - Setting next_dagrun for example_setup_teardown to 2025-02-06T13:22:30.224183+00:00, run_after=2025-02-07T13:22:30.224183+00:00
[2025-02-07T13:22:30.286+0000] {processor.py:179} INFO - Processing /home/airflow/.local/lib/python3.8/site-packages/airflow/example_dags/example_setup_teardown.py took 0.335 seconds
[2025-02-07T13:23:00.494+0000] {processor.py:157} INFO - Started process (PID=1776) to work on /home/airflow/.local/lib/python3.8/site-packages/airflow/example_dags/example_setup_teardown.py
[2025-02-07T13:23:00.496+0000] {processor.py:829} INFO - Processing file /home/airflow/.local/lib/python3.8/site-packages/airflow/example_dags/example_setup_teardown.py for tasks to queue
[2025-02-07T13:23:00.501+0000] {logging_mixin.py:154} INFO - [2025-02-07T13:23:00.498+0000] {dagbag.py:536} INFO - Filling up the DagBag from /home/airflow/.local/lib/python3.8/site-packages/airflow/example_dags/example_setup_teardown.py
[2025-02-07T13:23:00.527+0000] {processor.py:839} INFO - DAG(s) dict_keys(['example_setup_teardown']) retrieved from /home/airflow/.local/lib/python3.8/site-packages/airflow/example_dags/example_setup_teardown.py
[2025-02-07T13:23:00.610+0000] {logging_mixin.py:154} INFO - [2025-02-07T13:23:00.609+0000] {dag.py:2941} INFO - Sync 1 DAGs
[2025-02-07T13:23:00.684+0000] {logging_mixin.py:154} INFO - [2025-02-07T13:23:00.684+0000] {dag.py:3722} INFO - Setting next_dagrun for example_setup_teardown to 2025-02-06T13:23:00.683248+00:00, run_after=2025-02-07T13:23:00.683248+00:00
[2025-02-07T13:23:00.731+0000] {processor.py:179} INFO - Processing /home/airflow/.local/lib/python3.8/site-packages/airflow/example_dags/example_setup_teardown.py took 0.247 seconds
[2025-02-07T13:23:31.076+0000] {processor.py:157} INFO - Started process (PID=2019) to work on /home/airflow/.local/lib/python3.8/site-packages/airflow/example_dags/example_setup_teardown.py
[2025-02-07T13:23:31.079+0000] {processor.py:829} INFO - Processing file /home/airflow/.local/lib/python3.8/site-packages/airflow/example_dags/example_setup_teardown.py for tasks to queue
[2025-02-07T13:23:31.081+0000] {logging_mixin.py:154} INFO - [2025-02-07T13:23:31.080+0000] {dagbag.py:536} INFO - Filling up the DagBag from /home/airflow/.local/lib/python3.8/site-packages/airflow/example_dags/example_setup_teardown.py
[2025-02-07T13:23:31.117+0000] {processor.py:839} INFO - DAG(s) dict_keys(['example_setup_teardown']) retrieved from /home/airflow/.local/lib/python3.8/site-packages/airflow/example_dags/example_setup_teardown.py
[2025-02-07T13:23:31.234+0000] {logging_mixin.py:154} INFO - [2025-02-07T13:23:31.232+0000] {dag.py:2941} INFO - Sync 1 DAGs
[2025-02-07T13:23:31.322+0000] {logging_mixin.py:154} INFO - [2025-02-07T13:23:31.321+0000] {dag.py:3722} INFO - Setting next_dagrun for example_setup_teardown to 2025-02-06T13:23:31.321199+00:00, run_after=2025-02-07T13:23:31.321199+00:00
[2025-02-07T13:23:31.367+0000] {processor.py:179} INFO - Processing /home/airflow/.local/lib/python3.8/site-packages/airflow/example_dags/example_setup_teardown.py took 0.302 seconds
[2025-02-07T13:24:01.470+0000] {processor.py:157} INFO - Started process (PID=2262) to work on /home/airflow/.local/lib/python3.8/site-packages/airflow/example_dags/example_setup_teardown.py
[2025-02-07T13:24:01.472+0000] {processor.py:829} INFO - Processing file /home/airflow/.local/lib/python3.8/site-packages/airflow/example_dags/example_setup_teardown.py for tasks to queue
[2025-02-07T13:24:01.474+0000] {logging_mixin.py:154} INFO - [2025-02-07T13:24:01.473+0000] {dagbag.py:536} INFO - Filling up the DagBag from /home/airflow/.local/lib/python3.8/site-packages/airflow/example_dags/example_setup_teardown.py
[2025-02-07T13:24:01.497+0000] {processor.py:839} INFO - DAG(s) dict_keys(['example_setup_teardown']) retrieved from /home/airflow/.local/lib/python3.8/site-packages/airflow/example_dags/example_setup_teardown.py
[2025-02-07T13:24:01.559+0000] {logging_mixin.py:154} INFO - [2025-02-07T13:24:01.559+0000] {dag.py:2941} INFO - Sync 1 DAGs
[2025-02-07T13:24:01.630+0000] {logging_mixin.py:154} INFO - [2025-02-07T13:24:01.629+0000] {dag.py:3722} INFO - Setting next_dagrun for example_setup_teardown to 2025-02-06T13:24:01.628890+00:00, run_after=2025-02-07T13:24:01.628890+00:00
[2025-02-07T13:24:01.693+0000] {processor.py:179} INFO - Processing /home/airflow/.local/lib/python3.8/site-packages/airflow/example_dags/example_setup_teardown.py took 0.232 seconds
[2025-02-07T13:24:32.336+0000] {processor.py:157} INFO - Started process (PID=2505) to work on /home/airflow/.local/lib/python3.8/site-packages/airflow/example_dags/example_setup_teardown.py
[2025-02-07T13:24:32.339+0000] {processor.py:829} INFO - Processing file /home/airflow/.local/lib/python3.8/site-packages/airflow/example_dags/example_setup_teardown.py for tasks to queue
[2025-02-07T13:24:32.341+0000] {logging_mixin.py:154} INFO - [2025-02-07T13:24:32.340+0000] {dagbag.py:536} INFO - Filling up the DagBag from /home/airflow/.local/lib/python3.8/site-packages/airflow/example_dags/example_setup_teardown.py
[2025-02-07T13:24:32.363+0000] {processor.py:839} INFO - DAG(s) dict_keys(['example_setup_teardown']) retrieved from /home/airflow/.local/lib/python3.8/site-packages/airflow/example_dags/example_setup_teardown.py
[2025-02-07T13:24:32.449+0000] {logging_mixin.py:154} INFO - [2025-02-07T13:24:32.448+0000] {dag.py:2941} INFO - Sync 1 DAGs
[2025-02-07T13:24:32.516+0000] {logging_mixin.py:154} INFO - [2025-02-07T13:24:32.516+0000] {dag.py:3722} INFO - Setting next_dagrun for example_setup_teardown to 2025-02-06T13:24:32.515396+00:00, run_after=2025-02-07T13:24:32.515396+00:00
[2025-02-07T13:24:32.593+0000] {processor.py:179} INFO - Processing /home/airflow/.local/lib/python3.8/site-packages/airflow/example_dags/example_setup_teardown.py took 0.269 seconds
[2025-02-07T13:25:03.759+0000] {processor.py:157} INFO - Started process (PID=2749) to work on /home/airflow/.local/lib/python3.8/site-packages/airflow/example_dags/example_setup_teardown.py
[2025-02-07T13:25:03.762+0000] {processor.py:829} INFO - Processing file /home/airflow/.local/lib/python3.8/site-packages/airflow/example_dags/example_setup_teardown.py for tasks to queue
[2025-02-07T13:25:03.764+0000] {logging_mixin.py:154} INFO - [2025-02-07T13:25:03.763+0000] {dagbag.py:536} INFO - Filling up the DagBag from /home/airflow/.local/lib/python3.8/site-packages/airflow/example_dags/example_setup_teardown.py
[2025-02-07T13:25:03.786+0000] {processor.py:839} INFO - DAG(s) dict_keys(['example_setup_teardown']) retrieved from /home/airflow/.local/lib/python3.8/site-packages/airflow/example_dags/example_setup_teardown.py
[2025-02-07T13:25:03.869+0000] {logging_mixin.py:154} INFO - [2025-02-07T13:25:03.869+0000] {dag.py:2941} INFO - Sync 1 DAGs
[2025-02-07T13:25:03.932+0000] {logging_mixin.py:154} INFO - [2025-02-07T13:25:03.931+0000] {dag.py:3722} INFO - Setting next_dagrun for example_setup_teardown to 2025-02-06T13:25:03.931162+00:00, run_after=2025-02-07T13:25:03.931162+00:00
[2025-02-07T13:25:03.988+0000] {processor.py:179} INFO - Processing /home/airflow/.local/lib/python3.8/site-packages/airflow/example_dags/example_setup_teardown.py took 0.245 seconds
[2025-02-07T13:27:09.759+0000] {processor.py:157} INFO - Started process (PID=321) to work on /home/airflow/.local/lib/python3.8/site-packages/airflow/example_dags/example_setup_teardown.py
[2025-02-07T13:27:09.760+0000] {processor.py:829} INFO - Processing file /home/airflow/.local/lib/python3.8/site-packages/airflow/example_dags/example_setup_teardown.py for tasks to queue
[2025-02-07T13:27:09.761+0000] {logging_mixin.py:154} INFO - [2025-02-07T13:27:09.761+0000] {dagbag.py:536} INFO - Filling up the DagBag from /home/airflow/.local/lib/python3.8/site-packages/airflow/example_dags/example_setup_teardown.py
[2025-02-07T13:27:09.772+0000] {processor.py:839} INFO - DAG(s) dict_keys(['example_setup_teardown']) retrieved from /home/airflow/.local/lib/python3.8/site-packages/airflow/example_dags/example_setup_teardown.py
[2025-02-07T13:27:09.809+0000] {logging_mixin.py:154} INFO - [2025-02-07T13:27:09.809+0000] {dag.py:2941} INFO - Sync 1 DAGs
[2025-02-07T13:27:09.840+0000] {logging_mixin.py:154} INFO - [2025-02-07T13:27:09.839+0000] {dag.py:3722} INFO - Setting next_dagrun for example_setup_teardown to 2025-02-06T13:27:09.839624+00:00, run_after=2025-02-07T13:27:09.839624+00:00
[2025-02-07T13:27:09.867+0000] {processor.py:179} INFO - Processing /home/airflow/.local/lib/python3.8/site-packages/airflow/example_dags/example_setup_teardown.py took 0.114 seconds
[2025-02-07T21:29:16.944+0000] {processor.py:157} INFO - Started process (PID=321) to work on /home/airflow/.local/lib/python3.8/site-packages/airflow/example_dags/example_setup_teardown.py
[2025-02-07T21:29:16.951+0000] {processor.py:829} INFO - Processing file /home/airflow/.local/lib/python3.8/site-packages/airflow/example_dags/example_setup_teardown.py for tasks to queue
[2025-02-07T21:29:16.955+0000] {logging_mixin.py:154} INFO - [2025-02-07T21:29:16.952+0000] {dagbag.py:536} INFO - Filling up the DagBag from /home/airflow/.local/lib/python3.8/site-packages/airflow/example_dags/example_setup_teardown.py
[2025-02-07T21:29:17.015+0000] {processor.py:839} INFO - DAG(s) dict_keys(['example_setup_teardown']) retrieved from /home/airflow/.local/lib/python3.8/site-packages/airflow/example_dags/example_setup_teardown.py
[2025-02-07T21:29:17.147+0000] {logging_mixin.py:154} INFO - [2025-02-07T21:29:17.147+0000] {dag.py:2941} INFO - Sync 1 DAGs
[2025-02-07T21:29:17.312+0000] {logging_mixin.py:154} INFO - [2025-02-07T21:29:17.309+0000] {dag.py:3722} INFO - Setting next_dagrun for example_setup_teardown to 2025-02-06T21:29:17.308455+00:00, run_after=2025-02-07T21:29:17.308455+00:00
[2025-02-07T21:29:17.456+0000] {processor.py:179} INFO - Processing /home/airflow/.local/lib/python3.8/site-packages/airflow/example_dags/example_setup_teardown.py took 0.545 seconds
[2025-02-07T21:29:48.358+0000] {processor.py:157} INFO - Started process (PID=566) to work on /home/airflow/.local/lib/python3.8/site-packages/airflow/example_dags/example_setup_teardown.py
[2025-02-07T21:29:48.360+0000] {processor.py:829} INFO - Processing file /home/airflow/.local/lib/python3.8/site-packages/airflow/example_dags/example_setup_teardown.py for tasks to queue
[2025-02-07T21:29:48.363+0000] {logging_mixin.py:154} INFO - [2025-02-07T21:29:48.362+0000] {dagbag.py:536} INFO - Filling up the DagBag from /home/airflow/.local/lib/python3.8/site-packages/airflow/example_dags/example_setup_teardown.py
[2025-02-07T21:29:48.385+0000] {processor.py:839} INFO - DAG(s) dict_keys(['example_setup_teardown']) retrieved from /home/airflow/.local/lib/python3.8/site-packages/airflow/example_dags/example_setup_teardown.py
[2025-02-07T21:29:48.445+0000] {logging_mixin.py:154} INFO - [2025-02-07T21:29:48.444+0000] {dag.py:2941} INFO - Sync 1 DAGs
[2025-02-07T21:29:48.497+0000] {logging_mixin.py:154} INFO - [2025-02-07T21:29:48.496+0000] {dag.py:3722} INFO - Setting next_dagrun for example_setup_teardown to 2025-02-06T21:29:48.496174+00:00, run_after=2025-02-07T21:29:48.496174+00:00
[2025-02-07T21:29:48.537+0000] {processor.py:179} INFO - Processing /home/airflow/.local/lib/python3.8/site-packages/airflow/example_dags/example_setup_teardown.py took 0.190 seconds
