[2025-02-07T13:19:57.154+0000] {processor.py:157} INFO - Started process (PID=408) to work on /home/airflow/.local/lib/python3.8/site-packages/airflow/example_dags/example_datasets.py
[2025-02-07T13:19:57.156+0000] {processor.py:829} INFO - Processing file /home/airflow/.local/lib/python3.8/site-packages/airflow/example_dags/example_datasets.py for tasks to queue
[2025-02-07T13:19:57.158+0000] {logging_mixin.py:154} INFO - [2025-02-07T13:19:57.157+0000] {dagbag.py:536} INFO - Filling up the DagBag from /home/airflow/.local/lib/python3.8/site-packages/airflow/example_dags/example_datasets.py
[2025-02-07T13:19:57.185+0000] {processor.py:839} INFO - DAG(s) dict_keys(['dataset_consumes_1', 'dataset_produces_1', 'dataset_consumes_1_never_scheduled', 'dataset_produces_2', 'dataset_consumes_1_and_2', 'dataset_consumes_unknown_never_scheduled']) retrieved from /home/airflow/.local/lib/python3.8/site-packages/airflow/example_dags/example_datasets.py
[2025-02-07T13:19:57.301+0000] {logging_mixin.py:154} INFO - [2025-02-07T13:19:57.300+0000] {dag.py:2941} INFO - Sync 6 DAGs
[2025-02-07T13:19:57.367+0000] {logging_mixin.py:154} INFO - [2025-02-07T13:19:57.367+0000] {dag.py:3722} INFO - Setting next_dagrun for dataset_consumes_1 to None, run_after=None
[2025-02-07T13:19:57.377+0000] {logging_mixin.py:154} INFO - [2025-02-07T13:19:57.377+0000] {dag.py:3722} INFO - Setting next_dagrun for dataset_consumes_1_and_2 to None, run_after=None
[2025-02-07T13:19:57.381+0000] {logging_mixin.py:154} INFO - [2025-02-07T13:19:57.381+0000] {dag.py:3722} INFO - Setting next_dagrun for dataset_consumes_1_never_scheduled to None, run_after=None
[2025-02-07T13:19:57.386+0000] {logging_mixin.py:154} INFO - [2025-02-07T13:19:57.385+0000] {dag.py:3722} INFO - Setting next_dagrun for dataset_consumes_unknown_never_scheduled to None, run_after=None
[2025-02-07T13:19:57.397+0000] {logging_mixin.py:154} INFO - [2025-02-07T13:19:57.397+0000] {dag.py:3722} INFO - Setting next_dagrun for dataset_produces_1 to 2025-02-06T00:00:00+00:00, run_after=2025-02-07T00:00:00+00:00
[2025-02-07T13:19:57.404+0000] {logging_mixin.py:154} INFO - [2025-02-07T13:19:57.403+0000] {dag.py:3722} INFO - Setting next_dagrun for dataset_produces_2 to None, run_after=None
[2025-02-07T13:19:57.489+0000] {processor.py:179} INFO - Processing /home/airflow/.local/lib/python3.8/site-packages/airflow/example_dags/example_datasets.py took 0.347 seconds
[2025-02-07T13:20:29.101+0000] {processor.py:157} INFO - Started process (PID=651) to work on /home/airflow/.local/lib/python3.8/site-packages/airflow/example_dags/example_datasets.py
[2025-02-07T13:20:29.104+0000] {processor.py:829} INFO - Processing file /home/airflow/.local/lib/python3.8/site-packages/airflow/example_dags/example_datasets.py for tasks to queue
[2025-02-07T13:20:29.107+0000] {logging_mixin.py:154} INFO - [2025-02-07T13:20:29.106+0000] {dagbag.py:536} INFO - Filling up the DagBag from /home/airflow/.local/lib/python3.8/site-packages/airflow/example_dags/example_datasets.py
[2025-02-07T13:20:29.138+0000] {processor.py:839} INFO - DAG(s) dict_keys(['dataset_consumes_1_never_scheduled', 'dataset_produces_1', 'dataset_consumes_1_and_2', 'dataset_consumes_unknown_never_scheduled', 'dataset_produces_2', 'dataset_consumes_1']) retrieved from /home/airflow/.local/lib/python3.8/site-packages/airflow/example_dags/example_datasets.py
[2025-02-07T13:20:29.278+0000] {logging_mixin.py:154} INFO - [2025-02-07T13:20:29.277+0000] {dag.py:2941} INFO - Sync 6 DAGs
[2025-02-07T13:20:29.363+0000] {logging_mixin.py:154} INFO - [2025-02-07T13:20:29.362+0000] {dag.py:3722} INFO - Setting next_dagrun for dataset_consumes_1 to None, run_after=None
[2025-02-07T13:20:29.378+0000] {logging_mixin.py:154} INFO - [2025-02-07T13:20:29.377+0000] {dag.py:3722} INFO - Setting next_dagrun for dataset_consumes_1_and_2 to None, run_after=None
[2025-02-07T13:20:29.383+0000] {logging_mixin.py:154} INFO - [2025-02-07T13:20:29.382+0000] {dag.py:3722} INFO - Setting next_dagrun for dataset_consumes_1_never_scheduled to None, run_after=None
[2025-02-07T13:20:29.392+0000] {logging_mixin.py:154} INFO - [2025-02-07T13:20:29.389+0000] {dag.py:3722} INFO - Setting next_dagrun for dataset_consumes_unknown_never_scheduled to None, run_after=None
[2025-02-07T13:20:29.445+0000] {logging_mixin.py:154} INFO - [2025-02-07T13:20:29.444+0000] {dag.py:3722} INFO - Setting next_dagrun for dataset_produces_1 to 2025-02-06T00:00:00+00:00, run_after=2025-02-07T00:00:00+00:00
[2025-02-07T13:20:29.456+0000] {logging_mixin.py:154} INFO - [2025-02-07T13:20:29.455+0000] {dag.py:3722} INFO - Setting next_dagrun for dataset_produces_2 to None, run_after=None
[2025-02-07T13:20:29.569+0000] {processor.py:179} INFO - Processing /home/airflow/.local/lib/python3.8/site-packages/airflow/example_dags/example_datasets.py took 0.480 seconds
[2025-02-07T13:20:59.838+0000] {processor.py:157} INFO - Started process (PID=896) to work on /home/airflow/.local/lib/python3.8/site-packages/airflow/example_dags/example_datasets.py
[2025-02-07T13:20:59.840+0000] {processor.py:829} INFO - Processing file /home/airflow/.local/lib/python3.8/site-packages/airflow/example_dags/example_datasets.py for tasks to queue
[2025-02-07T13:20:59.842+0000] {logging_mixin.py:154} INFO - [2025-02-07T13:20:59.841+0000] {dagbag.py:536} INFO - Filling up the DagBag from /home/airflow/.local/lib/python3.8/site-packages/airflow/example_dags/example_datasets.py
[2025-02-07T13:20:59.869+0000] {processor.py:839} INFO - DAG(s) dict_keys(['dataset_consumes_1', 'dataset_consumes_1_and_2', 'dataset_produces_1', 'dataset_consumes_unknown_never_scheduled', 'dataset_consumes_1_never_scheduled', 'dataset_produces_2']) retrieved from /home/airflow/.local/lib/python3.8/site-packages/airflow/example_dags/example_datasets.py
[2025-02-07T13:20:59.999+0000] {logging_mixin.py:154} INFO - [2025-02-07T13:20:59.999+0000] {dag.py:2941} INFO - Sync 6 DAGs
[2025-02-07T13:21:00.033+0000] {logging_mixin.py:154} INFO - [2025-02-07T13:21:00.033+0000] {dag.py:3722} INFO - Setting next_dagrun for dataset_consumes_1 to None, run_after=None
[2025-02-07T13:21:00.037+0000] {logging_mixin.py:154} INFO - [2025-02-07T13:21:00.037+0000] {dag.py:3722} INFO - Setting next_dagrun for dataset_consumes_1_and_2 to None, run_after=None
[2025-02-07T13:21:00.039+0000] {logging_mixin.py:154} INFO - [2025-02-07T13:21:00.039+0000] {dag.py:3722} INFO - Setting next_dagrun for dataset_consumes_1_never_scheduled to None, run_after=None
[2025-02-07T13:21:00.041+0000] {logging_mixin.py:154} INFO - [2025-02-07T13:21:00.041+0000] {dag.py:3722} INFO - Setting next_dagrun for dataset_consumes_unknown_never_scheduled to None, run_after=None
[2025-02-07T13:21:00.044+0000] {logging_mixin.py:154} INFO - [2025-02-07T13:21:00.044+0000] {dag.py:3722} INFO - Setting next_dagrun for dataset_produces_1 to 2025-02-06T00:00:00+00:00, run_after=2025-02-07T00:00:00+00:00
[2025-02-07T13:21:00.045+0000] {logging_mixin.py:154} INFO - [2025-02-07T13:21:00.045+0000] {dag.py:3722} INFO - Setting next_dagrun for dataset_produces_2 to None, run_after=None
[2025-02-07T13:21:00.090+0000] {processor.py:179} INFO - Processing /home/airflow/.local/lib/python3.8/site-packages/airflow/example_dags/example_datasets.py took 0.262 seconds
[2025-02-07T13:21:30.168+0000] {processor.py:157} INFO - Started process (PID=1137) to work on /home/airflow/.local/lib/python3.8/site-packages/airflow/example_dags/example_datasets.py
[2025-02-07T13:21:30.171+0000] {processor.py:829} INFO - Processing file /home/airflow/.local/lib/python3.8/site-packages/airflow/example_dags/example_datasets.py for tasks to queue
[2025-02-07T13:21:30.174+0000] {logging_mixin.py:154} INFO - [2025-02-07T13:21:30.173+0000] {dagbag.py:536} INFO - Filling up the DagBag from /home/airflow/.local/lib/python3.8/site-packages/airflow/example_dags/example_datasets.py
[2025-02-07T13:21:30.207+0000] {processor.py:839} INFO - DAG(s) dict_keys(['dataset_produces_1', 'dataset_consumes_1_and_2', 'dataset_consumes_unknown_never_scheduled', 'dataset_produces_2', 'dataset_consumes_1_never_scheduled', 'dataset_consumes_1']) retrieved from /home/airflow/.local/lib/python3.8/site-packages/airflow/example_dags/example_datasets.py
[2025-02-07T13:21:30.326+0000] {logging_mixin.py:154} INFO - [2025-02-07T13:21:30.325+0000] {dag.py:2941} INFO - Sync 6 DAGs
[2025-02-07T13:21:30.424+0000] {logging_mixin.py:154} INFO - [2025-02-07T13:21:30.423+0000] {dag.py:3722} INFO - Setting next_dagrun for dataset_consumes_1 to None, run_after=None
[2025-02-07T13:21:30.433+0000] {logging_mixin.py:154} INFO - [2025-02-07T13:21:30.432+0000] {dag.py:3722} INFO - Setting next_dagrun for dataset_consumes_1_and_2 to None, run_after=None
[2025-02-07T13:21:30.437+0000] {logging_mixin.py:154} INFO - [2025-02-07T13:21:30.437+0000] {dag.py:3722} INFO - Setting next_dagrun for dataset_consumes_1_never_scheduled to None, run_after=None
[2025-02-07T13:21:30.441+0000] {logging_mixin.py:154} INFO - [2025-02-07T13:21:30.440+0000] {dag.py:3722} INFO - Setting next_dagrun for dataset_consumes_unknown_never_scheduled to None, run_after=None
[2025-02-07T13:21:30.455+0000] {logging_mixin.py:154} INFO - [2025-02-07T13:21:30.454+0000] {dag.py:3722} INFO - Setting next_dagrun for dataset_produces_1 to 2025-02-06T00:00:00+00:00, run_after=2025-02-07T00:00:00+00:00
[2025-02-07T13:21:30.460+0000] {logging_mixin.py:154} INFO - [2025-02-07T13:21:30.459+0000] {dag.py:3722} INFO - Setting next_dagrun for dataset_produces_2 to None, run_after=None
[2025-02-07T13:21:30.559+0000] {processor.py:179} INFO - Processing /home/airflow/.local/lib/python3.8/site-packages/airflow/example_dags/example_datasets.py took 0.402 seconds
[2025-02-07T13:22:01.983+0000] {processor.py:157} INFO - Started process (PID=1380) to work on /home/airflow/.local/lib/python3.8/site-packages/airflow/example_dags/example_datasets.py
[2025-02-07T13:22:01.985+0000] {processor.py:829} INFO - Processing file /home/airflow/.local/lib/python3.8/site-packages/airflow/example_dags/example_datasets.py for tasks to queue
[2025-02-07T13:22:01.990+0000] {logging_mixin.py:154} INFO - [2025-02-07T13:22:01.989+0000] {dagbag.py:536} INFO - Filling up the DagBag from /home/airflow/.local/lib/python3.8/site-packages/airflow/example_dags/example_datasets.py
[2025-02-07T13:22:02.018+0000] {processor.py:839} INFO - DAG(s) dict_keys(['dataset_consumes_unknown_never_scheduled', 'dataset_consumes_1_never_scheduled', 'dataset_produces_1', 'dataset_produces_2', 'dataset_consumes_1', 'dataset_consumes_1_and_2']) retrieved from /home/airflow/.local/lib/python3.8/site-packages/airflow/example_dags/example_datasets.py
[2025-02-07T13:22:02.124+0000] {logging_mixin.py:154} INFO - [2025-02-07T13:22:02.123+0000] {dag.py:2941} INFO - Sync 6 DAGs
[2025-02-07T13:22:02.210+0000] {logging_mixin.py:154} INFO - [2025-02-07T13:22:02.210+0000] {dag.py:3722} INFO - Setting next_dagrun for dataset_consumes_1 to None, run_after=None
[2025-02-07T13:22:02.221+0000] {logging_mixin.py:154} INFO - [2025-02-07T13:22:02.221+0000] {dag.py:3722} INFO - Setting next_dagrun for dataset_consumes_1_and_2 to None, run_after=None
[2025-02-07T13:22:02.227+0000] {logging_mixin.py:154} INFO - [2025-02-07T13:22:02.224+0000] {dag.py:3722} INFO - Setting next_dagrun for dataset_consumes_1_never_scheduled to None, run_after=None
[2025-02-07T13:22:02.244+0000] {logging_mixin.py:154} INFO - [2025-02-07T13:22:02.240+0000] {dag.py:3722} INFO - Setting next_dagrun for dataset_consumes_unknown_never_scheduled to None, run_after=None
[2025-02-07T13:22:02.263+0000] {logging_mixin.py:154} INFO - [2025-02-07T13:22:02.263+0000] {dag.py:3722} INFO - Setting next_dagrun for dataset_produces_1 to 2025-02-06T00:00:00+00:00, run_after=2025-02-07T00:00:00+00:00
[2025-02-07T13:22:02.268+0000] {logging_mixin.py:154} INFO - [2025-02-07T13:22:02.268+0000] {dag.py:3722} INFO - Setting next_dagrun for dataset_produces_2 to None, run_after=None
[2025-02-07T13:22:02.362+0000] {processor.py:179} INFO - Processing /home/airflow/.local/lib/python3.8/site-packages/airflow/example_dags/example_datasets.py took 0.388 seconds
[2025-02-07T13:22:34.348+0000] {processor.py:157} INFO - Started process (PID=1624) to work on /home/airflow/.local/lib/python3.8/site-packages/airflow/example_dags/example_datasets.py
[2025-02-07T13:22:34.351+0000] {processor.py:829} INFO - Processing file /home/airflow/.local/lib/python3.8/site-packages/airflow/example_dags/example_datasets.py for tasks to queue
[2025-02-07T13:22:34.353+0000] {logging_mixin.py:154} INFO - [2025-02-07T13:22:34.352+0000] {dagbag.py:536} INFO - Filling up the DagBag from /home/airflow/.local/lib/python3.8/site-packages/airflow/example_dags/example_datasets.py
[2025-02-07T13:22:34.388+0000] {processor.py:839} INFO - DAG(s) dict_keys(['dataset_produces_1', 'dataset_produces_2', 'dataset_consumes_1_never_scheduled', 'dataset_consumes_1', 'dataset_consumes_1_and_2', 'dataset_consumes_unknown_never_scheduled']) retrieved from /home/airflow/.local/lib/python3.8/site-packages/airflow/example_dags/example_datasets.py
[2025-02-07T13:22:34.541+0000] {logging_mixin.py:154} INFO - [2025-02-07T13:22:34.540+0000] {dag.py:2941} INFO - Sync 6 DAGs
[2025-02-07T13:22:34.619+0000] {logging_mixin.py:154} INFO - [2025-02-07T13:22:34.617+0000] {dag.py:3722} INFO - Setting next_dagrun for dataset_consumes_1 to None, run_after=None
[2025-02-07T13:22:34.640+0000] {logging_mixin.py:154} INFO - [2025-02-07T13:22:34.638+0000] {dag.py:3722} INFO - Setting next_dagrun for dataset_consumes_1_and_2 to None, run_after=None
[2025-02-07T13:22:34.646+0000] {logging_mixin.py:154} INFO - [2025-02-07T13:22:34.646+0000] {dag.py:3722} INFO - Setting next_dagrun for dataset_consumes_1_never_scheduled to None, run_after=None
[2025-02-07T13:22:34.650+0000] {logging_mixin.py:154} INFO - [2025-02-07T13:22:34.650+0000] {dag.py:3722} INFO - Setting next_dagrun for dataset_consumes_unknown_never_scheduled to None, run_after=None
[2025-02-07T13:22:34.660+0000] {logging_mixin.py:154} INFO - [2025-02-07T13:22:34.660+0000] {dag.py:3722} INFO - Setting next_dagrun for dataset_produces_1 to 2025-02-06T00:00:00+00:00, run_after=2025-02-07T00:00:00+00:00
[2025-02-07T13:22:34.664+0000] {logging_mixin.py:154} INFO - [2025-02-07T13:22:34.663+0000] {dag.py:3722} INFO - Setting next_dagrun for dataset_produces_2 to None, run_after=None
[2025-02-07T13:22:34.770+0000] {processor.py:179} INFO - Processing /home/airflow/.local/lib/python3.8/site-packages/airflow/example_dags/example_datasets.py took 0.432 seconds
[2025-02-07T13:23:04.903+0000] {processor.py:157} INFO - Started process (PID=1871) to work on /home/airflow/.local/lib/python3.8/site-packages/airflow/example_dags/example_datasets.py
[2025-02-07T13:23:04.904+0000] {processor.py:829} INFO - Processing file /home/airflow/.local/lib/python3.8/site-packages/airflow/example_dags/example_datasets.py for tasks to queue
[2025-02-07T13:23:04.905+0000] {logging_mixin.py:154} INFO - [2025-02-07T13:23:04.904+0000] {dagbag.py:536} INFO - Filling up the DagBag from /home/airflow/.local/lib/python3.8/site-packages/airflow/example_dags/example_datasets.py
[2025-02-07T13:23:04.915+0000] {processor.py:839} INFO - DAG(s) dict_keys(['dataset_consumes_unknown_never_scheduled', 'dataset_consumes_1_never_scheduled', 'dataset_consumes_1', 'dataset_produces_1', 'dataset_produces_2', 'dataset_consumes_1_and_2']) retrieved from /home/airflow/.local/lib/python3.8/site-packages/airflow/example_dags/example_datasets.py
[2025-02-07T13:23:04.952+0000] {logging_mixin.py:154} INFO - [2025-02-07T13:23:04.951+0000] {dag.py:2941} INFO - Sync 6 DAGs
[2025-02-07T13:23:04.978+0000] {logging_mixin.py:154} INFO - [2025-02-07T13:23:04.978+0000] {dag.py:3722} INFO - Setting next_dagrun for dataset_consumes_1 to None, run_after=None
[2025-02-07T13:23:04.981+0000] {logging_mixin.py:154} INFO - [2025-02-07T13:23:04.981+0000] {dag.py:3722} INFO - Setting next_dagrun for dataset_consumes_1_and_2 to None, run_after=None
[2025-02-07T13:23:04.983+0000] {logging_mixin.py:154} INFO - [2025-02-07T13:23:04.983+0000] {dag.py:3722} INFO - Setting next_dagrun for dataset_consumes_1_never_scheduled to None, run_after=None
[2025-02-07T13:23:04.984+0000] {logging_mixin.py:154} INFO - [2025-02-07T13:23:04.983+0000] {dag.py:3722} INFO - Setting next_dagrun for dataset_consumes_unknown_never_scheduled to None, run_after=None
[2025-02-07T13:23:04.986+0000] {logging_mixin.py:154} INFO - [2025-02-07T13:23:04.986+0000] {dag.py:3722} INFO - Setting next_dagrun for dataset_produces_1 to 2025-02-06T00:00:00+00:00, run_after=2025-02-07T00:00:00+00:00
[2025-02-07T13:23:04.987+0000] {logging_mixin.py:154} INFO - [2025-02-07T13:23:04.987+0000] {dag.py:3722} INFO - Setting next_dagrun for dataset_produces_2 to None, run_after=None
[2025-02-07T13:23:05.015+0000] {processor.py:179} INFO - Processing /home/airflow/.local/lib/python3.8/site-packages/airflow/example_dags/example_datasets.py took 0.116 seconds
[2025-02-07T13:23:35.857+0000] {processor.py:157} INFO - Started process (PID=2111) to work on /home/airflow/.local/lib/python3.8/site-packages/airflow/example_dags/example_datasets.py
[2025-02-07T13:23:35.861+0000] {processor.py:829} INFO - Processing file /home/airflow/.local/lib/python3.8/site-packages/airflow/example_dags/example_datasets.py for tasks to queue
[2025-02-07T13:23:35.866+0000] {logging_mixin.py:154} INFO - [2025-02-07T13:23:35.865+0000] {dagbag.py:536} INFO - Filling up the DagBag from /home/airflow/.local/lib/python3.8/site-packages/airflow/example_dags/example_datasets.py
[2025-02-07T13:23:35.911+0000] {processor.py:839} INFO - DAG(s) dict_keys(['dataset_consumes_unknown_never_scheduled', 'dataset_consumes_1', 'dataset_consumes_1_never_scheduled', 'dataset_produces_1', 'dataset_produces_2', 'dataset_consumes_1_and_2']) retrieved from /home/airflow/.local/lib/python3.8/site-packages/airflow/example_dags/example_datasets.py
[2025-02-07T13:23:36.028+0000] {logging_mixin.py:154} INFO - [2025-02-07T13:23:36.028+0000] {dag.py:2941} INFO - Sync 6 DAGs
[2025-02-07T13:23:36.140+0000] {logging_mixin.py:154} INFO - [2025-02-07T13:23:36.139+0000] {dag.py:3722} INFO - Setting next_dagrun for dataset_consumes_1 to None, run_after=None
[2025-02-07T13:23:36.152+0000] {logging_mixin.py:154} INFO - [2025-02-07T13:23:36.152+0000] {dag.py:3722} INFO - Setting next_dagrun for dataset_consumes_1_and_2 to None, run_after=None
[2025-02-07T13:23:36.156+0000] {logging_mixin.py:154} INFO - [2025-02-07T13:23:36.156+0000] {dag.py:3722} INFO - Setting next_dagrun for dataset_consumes_1_never_scheduled to None, run_after=None
[2025-02-07T13:23:36.159+0000] {logging_mixin.py:154} INFO - [2025-02-07T13:23:36.159+0000] {dag.py:3722} INFO - Setting next_dagrun for dataset_consumes_unknown_never_scheduled to None, run_after=None
[2025-02-07T13:23:36.168+0000] {logging_mixin.py:154} INFO - [2025-02-07T13:23:36.168+0000] {dag.py:3722} INFO - Setting next_dagrun for dataset_produces_1 to 2025-02-06T00:00:00+00:00, run_after=2025-02-07T00:00:00+00:00
[2025-02-07T13:23:36.172+0000] {logging_mixin.py:154} INFO - [2025-02-07T13:23:36.171+0000] {dag.py:3722} INFO - Setting next_dagrun for dataset_produces_2 to None, run_after=None
[2025-02-07T13:23:36.259+0000] {processor.py:179} INFO - Processing /home/airflow/.local/lib/python3.8/site-packages/airflow/example_dags/example_datasets.py took 0.416 seconds
[2025-02-07T13:24:06.932+0000] {processor.py:157} INFO - Started process (PID=2352) to work on /home/airflow/.local/lib/python3.8/site-packages/airflow/example_dags/example_datasets.py
[2025-02-07T13:24:06.934+0000] {processor.py:829} INFO - Processing file /home/airflow/.local/lib/python3.8/site-packages/airflow/example_dags/example_datasets.py for tasks to queue
[2025-02-07T13:24:06.936+0000] {logging_mixin.py:154} INFO - [2025-02-07T13:24:06.935+0000] {dagbag.py:536} INFO - Filling up the DagBag from /home/airflow/.local/lib/python3.8/site-packages/airflow/example_dags/example_datasets.py
[2025-02-07T13:24:06.965+0000] {processor.py:839} INFO - DAG(s) dict_keys(['dataset_consumes_1_never_scheduled', 'dataset_consumes_1', 'dataset_produces_1', 'dataset_produces_2', 'dataset_consumes_unknown_never_scheduled', 'dataset_consumes_1_and_2']) retrieved from /home/airflow/.local/lib/python3.8/site-packages/airflow/example_dags/example_datasets.py
[2025-02-07T13:24:07.071+0000] {logging_mixin.py:154} INFO - [2025-02-07T13:24:07.071+0000] {dag.py:2941} INFO - Sync 6 DAGs
[2025-02-07T13:24:07.148+0000] {logging_mixin.py:154} INFO - [2025-02-07T13:24:07.147+0000] {dag.py:3722} INFO - Setting next_dagrun for dataset_consumes_1 to None, run_after=None
[2025-02-07T13:24:07.171+0000] {logging_mixin.py:154} INFO - [2025-02-07T13:24:07.162+0000] {dag.py:3722} INFO - Setting next_dagrun for dataset_consumes_1_and_2 to None, run_after=None
[2025-02-07T13:24:07.194+0000] {logging_mixin.py:154} INFO - [2025-02-07T13:24:07.188+0000] {dag.py:3722} INFO - Setting next_dagrun for dataset_consumes_1_never_scheduled to None, run_after=None
[2025-02-07T13:24:07.209+0000] {logging_mixin.py:154} INFO - [2025-02-07T13:24:07.206+0000] {dag.py:3722} INFO - Setting next_dagrun for dataset_consumes_unknown_never_scheduled to None, run_after=None
[2025-02-07T13:24:07.237+0000] {logging_mixin.py:154} INFO - [2025-02-07T13:24:07.237+0000] {dag.py:3722} INFO - Setting next_dagrun for dataset_produces_1 to 2025-02-06T00:00:00+00:00, run_after=2025-02-07T00:00:00+00:00
[2025-02-07T13:24:07.263+0000] {logging_mixin.py:154} INFO - [2025-02-07T13:24:07.262+0000] {dag.py:3722} INFO - Setting next_dagrun for dataset_produces_2 to None, run_after=None
[2025-02-07T13:24:07.431+0000] {processor.py:179} INFO - Processing /home/airflow/.local/lib/python3.8/site-packages/airflow/example_dags/example_datasets.py took 0.508 seconds
[2025-02-07T13:24:38.015+0000] {processor.py:157} INFO - Started process (PID=2595) to work on /home/airflow/.local/lib/python3.8/site-packages/airflow/example_dags/example_datasets.py
[2025-02-07T13:24:38.019+0000] {processor.py:829} INFO - Processing file /home/airflow/.local/lib/python3.8/site-packages/airflow/example_dags/example_datasets.py for tasks to queue
[2025-02-07T13:24:38.022+0000] {logging_mixin.py:154} INFO - [2025-02-07T13:24:38.021+0000] {dagbag.py:536} INFO - Filling up the DagBag from /home/airflow/.local/lib/python3.8/site-packages/airflow/example_dags/example_datasets.py
[2025-02-07T13:24:38.052+0000] {processor.py:839} INFO - DAG(s) dict_keys(['dataset_produces_1', 'dataset_produces_2', 'dataset_consumes_1', 'dataset_consumes_unknown_never_scheduled', 'dataset_consumes_1_and_2', 'dataset_consumes_1_never_scheduled']) retrieved from /home/airflow/.local/lib/python3.8/site-packages/airflow/example_dags/example_datasets.py
[2025-02-07T13:24:38.163+0000] {logging_mixin.py:154} INFO - [2025-02-07T13:24:38.163+0000] {dag.py:2941} INFO - Sync 6 DAGs
[2025-02-07T13:24:38.242+0000] {logging_mixin.py:154} INFO - [2025-02-07T13:24:38.241+0000] {dag.py:3722} INFO - Setting next_dagrun for dataset_consumes_1 to None, run_after=None
[2025-02-07T13:24:38.253+0000] {logging_mixin.py:154} INFO - [2025-02-07T13:24:38.253+0000] {dag.py:3722} INFO - Setting next_dagrun for dataset_consumes_1_and_2 to None, run_after=None
[2025-02-07T13:24:38.258+0000] {logging_mixin.py:154} INFO - [2025-02-07T13:24:38.257+0000] {dag.py:3722} INFO - Setting next_dagrun for dataset_consumes_1_never_scheduled to None, run_after=None
[2025-02-07T13:24:38.260+0000] {logging_mixin.py:154} INFO - [2025-02-07T13:24:38.260+0000] {dag.py:3722} INFO - Setting next_dagrun for dataset_consumes_unknown_never_scheduled to None, run_after=None
[2025-02-07T13:24:38.270+0000] {logging_mixin.py:154} INFO - [2025-02-07T13:24:38.270+0000] {dag.py:3722} INFO - Setting next_dagrun for dataset_produces_1 to 2025-02-06T00:00:00+00:00, run_after=2025-02-07T00:00:00+00:00
[2025-02-07T13:24:38.274+0000] {logging_mixin.py:154} INFO - [2025-02-07T13:24:38.273+0000] {dag.py:3722} INFO - Setting next_dagrun for dataset_produces_2 to None, run_after=None
[2025-02-07T13:24:38.361+0000] {processor.py:179} INFO - Processing /home/airflow/.local/lib/python3.8/site-packages/airflow/example_dags/example_datasets.py took 0.357 seconds
[2025-02-07T13:25:09.473+0000] {processor.py:157} INFO - Started process (PID=2839) to work on /home/airflow/.local/lib/python3.8/site-packages/airflow/example_dags/example_datasets.py
[2025-02-07T13:25:09.475+0000] {processor.py:829} INFO - Processing file /home/airflow/.local/lib/python3.8/site-packages/airflow/example_dags/example_datasets.py for tasks to queue
[2025-02-07T13:25:09.479+0000] {logging_mixin.py:154} INFO - [2025-02-07T13:25:09.477+0000] {dagbag.py:536} INFO - Filling up the DagBag from /home/airflow/.local/lib/python3.8/site-packages/airflow/example_dags/example_datasets.py
[2025-02-07T13:25:09.516+0000] {processor.py:839} INFO - DAG(s) dict_keys(['dataset_consumes_1_and_2', 'dataset_consumes_1', 'dataset_produces_2', 'dataset_consumes_unknown_never_scheduled', 'dataset_produces_1', 'dataset_consumes_1_never_scheduled']) retrieved from /home/airflow/.local/lib/python3.8/site-packages/airflow/example_dags/example_datasets.py
[2025-02-07T13:25:09.667+0000] {logging_mixin.py:154} INFO - [2025-02-07T13:25:09.666+0000] {dag.py:2941} INFO - Sync 6 DAGs
[2025-02-07T13:25:09.747+0000] {logging_mixin.py:154} INFO - [2025-02-07T13:25:09.746+0000] {dag.py:3722} INFO - Setting next_dagrun for dataset_consumes_1 to None, run_after=None
[2025-02-07T13:25:09.758+0000] {logging_mixin.py:154} INFO - [2025-02-07T13:25:09.757+0000] {dag.py:3722} INFO - Setting next_dagrun for dataset_consumes_1_and_2 to None, run_after=None
[2025-02-07T13:25:09.761+0000] {logging_mixin.py:154} INFO - [2025-02-07T13:25:09.761+0000] {dag.py:3722} INFO - Setting next_dagrun for dataset_consumes_1_never_scheduled to None, run_after=None
[2025-02-07T13:25:09.766+0000] {logging_mixin.py:154} INFO - [2025-02-07T13:25:09.766+0000] {dag.py:3722} INFO - Setting next_dagrun for dataset_consumes_unknown_never_scheduled to None, run_after=None
[2025-02-07T13:25:09.794+0000] {logging_mixin.py:154} INFO - [2025-02-07T13:25:09.792+0000] {dag.py:3722} INFO - Setting next_dagrun for dataset_produces_1 to 2025-02-06T00:00:00+00:00, run_after=2025-02-07T00:00:00+00:00
[2025-02-07T13:25:09.802+0000] {logging_mixin.py:154} INFO - [2025-02-07T13:25:09.802+0000] {dag.py:3722} INFO - Setting next_dagrun for dataset_produces_2 to None, run_after=None
[2025-02-07T13:25:09.914+0000] {processor.py:179} INFO - Processing /home/airflow/.local/lib/python3.8/site-packages/airflow/example_dags/example_datasets.py took 0.456 seconds
[2025-02-07T13:27:13.369+0000] {processor.py:157} INFO - Started process (PID=406) to work on /home/airflow/.local/lib/python3.8/site-packages/airflow/example_dags/example_datasets.py
[2025-02-07T13:27:13.372+0000] {processor.py:829} INFO - Processing file /home/airflow/.local/lib/python3.8/site-packages/airflow/example_dags/example_datasets.py for tasks to queue
[2025-02-07T13:27:13.373+0000] {logging_mixin.py:154} INFO - [2025-02-07T13:27:13.372+0000] {dagbag.py:536} INFO - Filling up the DagBag from /home/airflow/.local/lib/python3.8/site-packages/airflow/example_dags/example_datasets.py
[2025-02-07T13:27:13.384+0000] {processor.py:839} INFO - DAG(s) dict_keys(['dataset_consumes_1_never_scheduled', 'dataset_produces_2', 'dataset_consumes_unknown_never_scheduled', 'dataset_consumes_1', 'dataset_consumes_1_and_2', 'dataset_produces_1']) retrieved from /home/airflow/.local/lib/python3.8/site-packages/airflow/example_dags/example_datasets.py
[2025-02-07T13:27:13.480+0000] {logging_mixin.py:154} INFO - [2025-02-07T13:27:13.480+0000] {dag.py:2941} INFO - Sync 6 DAGs
[2025-02-07T13:27:13.503+0000] {logging_mixin.py:154} INFO - [2025-02-07T13:27:13.503+0000] {dag.py:3722} INFO - Setting next_dagrun for dataset_consumes_1 to None, run_after=None
[2025-02-07T13:27:13.506+0000] {logging_mixin.py:154} INFO - [2025-02-07T13:27:13.506+0000] {dag.py:3722} INFO - Setting next_dagrun for dataset_consumes_1_and_2 to None, run_after=None
[2025-02-07T13:27:13.511+0000] {logging_mixin.py:154} INFO - [2025-02-07T13:27:13.510+0000] {dag.py:3722} INFO - Setting next_dagrun for dataset_consumes_1_never_scheduled to None, run_after=None
[2025-02-07T13:27:13.512+0000] {logging_mixin.py:154} INFO - [2025-02-07T13:27:13.512+0000] {dag.py:3722} INFO - Setting next_dagrun for dataset_consumes_unknown_never_scheduled to None, run_after=None
[2025-02-07T13:27:13.515+0000] {logging_mixin.py:154} INFO - [2025-02-07T13:27:13.515+0000] {dag.py:3722} INFO - Setting next_dagrun for dataset_produces_1 to 2025-02-06T00:00:00+00:00, run_after=2025-02-07T00:00:00+00:00
[2025-02-07T13:27:13.516+0000] {logging_mixin.py:154} INFO - [2025-02-07T13:27:13.516+0000] {dag.py:3722} INFO - Setting next_dagrun for dataset_produces_2 to None, run_after=None
[2025-02-07T13:27:13.547+0000] {processor.py:179} INFO - Processing /home/airflow/.local/lib/python3.8/site-packages/airflow/example_dags/example_datasets.py took 0.183 seconds
[2025-02-07T21:29:21.339+0000] {processor.py:157} INFO - Started process (PID=406) to work on /home/airflow/.local/lib/python3.8/site-packages/airflow/example_dags/example_datasets.py
[2025-02-07T21:29:21.344+0000] {processor.py:829} INFO - Processing file /home/airflow/.local/lib/python3.8/site-packages/airflow/example_dags/example_datasets.py for tasks to queue
[2025-02-07T21:29:21.346+0000] {logging_mixin.py:154} INFO - [2025-02-07T21:29:21.346+0000] {dagbag.py:536} INFO - Filling up the DagBag from /home/airflow/.local/lib/python3.8/site-packages/airflow/example_dags/example_datasets.py
[2025-02-07T21:29:21.402+0000] {processor.py:839} INFO - DAG(s) dict_keys(['dataset_consumes_1_and_2', 'dataset_consumes_1', 'dataset_produces_2', 'dataset_consumes_1_never_scheduled', 'dataset_consumes_unknown_never_scheduled', 'dataset_produces_1']) retrieved from /home/airflow/.local/lib/python3.8/site-packages/airflow/example_dags/example_datasets.py
[2025-02-07T21:29:21.546+0000] {logging_mixin.py:154} INFO - [2025-02-07T21:29:21.546+0000] {dag.py:2941} INFO - Sync 6 DAGs
[2025-02-07T21:29:21.640+0000] {logging_mixin.py:154} INFO - [2025-02-07T21:29:21.640+0000] {dag.py:3722} INFO - Setting next_dagrun for dataset_consumes_1 to None, run_after=None
[2025-02-07T21:29:21.650+0000] {logging_mixin.py:154} INFO - [2025-02-07T21:29:21.649+0000] {dag.py:3722} INFO - Setting next_dagrun for dataset_consumes_1_and_2 to None, run_after=None
[2025-02-07T21:29:21.654+0000] {logging_mixin.py:154} INFO - [2025-02-07T21:29:21.653+0000] {dag.py:3722} INFO - Setting next_dagrun for dataset_consumes_1_never_scheduled to None, run_after=None
[2025-02-07T21:29:21.658+0000] {logging_mixin.py:154} INFO - [2025-02-07T21:29:21.657+0000] {dag.py:3722} INFO - Setting next_dagrun for dataset_consumes_unknown_never_scheduled to None, run_after=None
[2025-02-07T21:29:21.669+0000] {logging_mixin.py:154} INFO - [2025-02-07T21:29:21.669+0000] {dag.py:3722} INFO - Setting next_dagrun for dataset_produces_1 to 2025-02-06T00:00:00+00:00, run_after=2025-02-07T00:00:00+00:00
[2025-02-07T21:29:21.672+0000] {logging_mixin.py:154} INFO - [2025-02-07T21:29:21.672+0000] {dag.py:3722} INFO - Setting next_dagrun for dataset_produces_2 to None, run_after=None
[2025-02-07T21:29:21.786+0000] {processor.py:179} INFO - Processing /home/airflow/.local/lib/python3.8/site-packages/airflow/example_dags/example_datasets.py took 0.467 seconds
