[2025-02-07T13:19:56.318+0000] {processor.py:157} INFO - Started process (PID=383) to work on /home/airflow/.local/lib/python3.8/site-packages/airflow/example_dags/example_xcom.py
[2025-02-07T13:19:56.320+0000] {processor.py:829} INFO - Processing file /home/airflow/.local/lib/python3.8/site-packages/airflow/example_dags/example_xcom.py for tasks to queue
[2025-02-07T13:19:56.323+0000] {logging_mixin.py:154} INFO - [2025-02-07T13:19:56.322+0000] {dagbag.py:536} INFO - Filling up the DagBag from /home/airflow/.local/lib/python3.8/site-packages/airflow/example_dags/example_xcom.py
[2025-02-07T13:19:56.347+0000] {processor.py:839} INFO - DAG(s) dict_keys(['example_xcom']) retrieved from /home/airflow/.local/lib/python3.8/site-packages/airflow/example_dags/example_xcom.py
[2025-02-07T13:19:56.422+0000] {logging_mixin.py:154} INFO - [2025-02-07T13:19:56.422+0000] {dag.py:2941} INFO - Sync 1 DAGs
[2025-02-07T13:19:56.509+0000] {logging_mixin.py:154} INFO - [2025-02-07T13:19:56.508+0000] {dag.py:3722} INFO - Setting next_dagrun for example_xcom to 2021-01-01T00:00:00+00:00, run_after=2021-01-01T00:00:00+00:00
[2025-02-07T13:19:56.563+0000] {processor.py:179} INFO - Processing /home/airflow/.local/lib/python3.8/site-packages/airflow/example_dags/example_xcom.py took 0.255 seconds
[2025-02-07T13:20:27.749+0000] {processor.py:157} INFO - Started process (PID=626) to work on /home/airflow/.local/lib/python3.8/site-packages/airflow/example_dags/example_xcom.py
[2025-02-07T13:20:27.753+0000] {processor.py:829} INFO - Processing file /home/airflow/.local/lib/python3.8/site-packages/airflow/example_dags/example_xcom.py for tasks to queue
[2025-02-07T13:20:27.754+0000] {logging_mixin.py:154} INFO - [2025-02-07T13:20:27.753+0000] {dagbag.py:536} INFO - Filling up the DagBag from /home/airflow/.local/lib/python3.8/site-packages/airflow/example_dags/example_xcom.py
[2025-02-07T13:20:27.783+0000] {processor.py:839} INFO - DAG(s) dict_keys(['example_xcom']) retrieved from /home/airflow/.local/lib/python3.8/site-packages/airflow/example_dags/example_xcom.py
[2025-02-07T13:20:27.898+0000] {logging_mixin.py:154} INFO - [2025-02-07T13:20:27.898+0000] {dag.py:2941} INFO - Sync 1 DAGs
[2025-02-07T13:20:28.040+0000] {logging_mixin.py:154} INFO - [2025-02-07T13:20:28.036+0000] {dag.py:3722} INFO - Setting next_dagrun for example_xcom to 2021-01-01T00:00:00+00:00, run_after=2021-01-01T00:00:00+00:00
[2025-02-07T13:20:28.124+0000] {processor.py:179} INFO - Processing /home/airflow/.local/lib/python3.8/site-packages/airflow/example_dags/example_xcom.py took 0.385 seconds
[2025-02-07T13:20:58.511+0000] {processor.py:157} INFO - Started process (PID=871) to work on /home/airflow/.local/lib/python3.8/site-packages/airflow/example_dags/example_xcom.py
[2025-02-07T13:20:58.514+0000] {processor.py:829} INFO - Processing file /home/airflow/.local/lib/python3.8/site-packages/airflow/example_dags/example_xcom.py for tasks to queue
[2025-02-07T13:20:58.517+0000] {logging_mixin.py:154} INFO - [2025-02-07T13:20:58.516+0000] {dagbag.py:536} INFO - Filling up the DagBag from /home/airflow/.local/lib/python3.8/site-packages/airflow/example_dags/example_xcom.py
[2025-02-07T13:20:58.550+0000] {processor.py:839} INFO - DAG(s) dict_keys(['example_xcom']) retrieved from /home/airflow/.local/lib/python3.8/site-packages/airflow/example_dags/example_xcom.py
[2025-02-07T13:20:58.634+0000] {logging_mixin.py:154} INFO - [2025-02-07T13:20:58.634+0000] {dag.py:2941} INFO - Sync 1 DAGs
[2025-02-07T13:20:58.711+0000] {logging_mixin.py:154} INFO - [2025-02-07T13:20:58.711+0000] {dag.py:3722} INFO - Setting next_dagrun for example_xcom to 2021-01-01T00:00:00+00:00, run_after=2021-01-01T00:00:00+00:00
[2025-02-07T13:20:58.791+0000] {processor.py:179} INFO - Processing /home/airflow/.local/lib/python3.8/site-packages/airflow/example_dags/example_xcom.py took 0.296 seconds
[2025-02-07T13:21:29.090+0000] {processor.py:157} INFO - Started process (PID=1112) to work on /home/airflow/.local/lib/python3.8/site-packages/airflow/example_dags/example_xcom.py
[2025-02-07T13:21:29.092+0000] {processor.py:829} INFO - Processing file /home/airflow/.local/lib/python3.8/site-packages/airflow/example_dags/example_xcom.py for tasks to queue
[2025-02-07T13:21:29.094+0000] {logging_mixin.py:154} INFO - [2025-02-07T13:21:29.094+0000] {dagbag.py:536} INFO - Filling up the DagBag from /home/airflow/.local/lib/python3.8/site-packages/airflow/example_dags/example_xcom.py
[2025-02-07T13:21:29.117+0000] {processor.py:839} INFO - DAG(s) dict_keys(['example_xcom']) retrieved from /home/airflow/.local/lib/python3.8/site-packages/airflow/example_dags/example_xcom.py
[2025-02-07T13:21:29.221+0000] {logging_mixin.py:154} INFO - [2025-02-07T13:21:29.221+0000] {dag.py:2941} INFO - Sync 1 DAGs
[2025-02-07T13:21:29.307+0000] {logging_mixin.py:154} INFO - [2025-02-07T13:21:29.307+0000] {dag.py:3722} INFO - Setting next_dagrun for example_xcom to 2021-01-01T00:00:00+00:00, run_after=2021-01-01T00:00:00+00:00
[2025-02-07T13:21:29.395+0000] {processor.py:179} INFO - Processing /home/airflow/.local/lib/python3.8/site-packages/airflow/example_dags/example_xcom.py took 0.315 seconds
[2025-02-07T13:22:00.858+0000] {processor.py:157} INFO - Started process (PID=1355) to work on /home/airflow/.local/lib/python3.8/site-packages/airflow/example_dags/example_xcom.py
[2025-02-07T13:22:00.862+0000] {processor.py:829} INFO - Processing file /home/airflow/.local/lib/python3.8/site-packages/airflow/example_dags/example_xcom.py for tasks to queue
[2025-02-07T13:22:00.864+0000] {logging_mixin.py:154} INFO - [2025-02-07T13:22:00.863+0000] {dagbag.py:536} INFO - Filling up the DagBag from /home/airflow/.local/lib/python3.8/site-packages/airflow/example_dags/example_xcom.py
[2025-02-07T13:22:00.887+0000] {processor.py:839} INFO - DAG(s) dict_keys(['example_xcom']) retrieved from /home/airflow/.local/lib/python3.8/site-packages/airflow/example_dags/example_xcom.py
[2025-02-07T13:22:00.967+0000] {logging_mixin.py:154} INFO - [2025-02-07T13:22:00.966+0000] {dag.py:2941} INFO - Sync 1 DAGs
[2025-02-07T13:22:01.056+0000] {logging_mixin.py:154} INFO - [2025-02-07T13:22:01.056+0000] {dag.py:3722} INFO - Setting next_dagrun for example_xcom to 2021-01-01T00:00:00+00:00, run_after=2021-01-01T00:00:00+00:00
[2025-02-07T13:22:01.169+0000] {processor.py:179} INFO - Processing /home/airflow/.local/lib/python3.8/site-packages/airflow/example_dags/example_xcom.py took 0.322 seconds
[2025-02-07T13:22:32.946+0000] {processor.py:157} INFO - Started process (PID=1600) to work on /home/airflow/.local/lib/python3.8/site-packages/airflow/example_dags/example_xcom.py
[2025-02-07T13:22:32.950+0000] {processor.py:829} INFO - Processing file /home/airflow/.local/lib/python3.8/site-packages/airflow/example_dags/example_xcom.py for tasks to queue
[2025-02-07T13:22:32.953+0000] {logging_mixin.py:154} INFO - [2025-02-07T13:22:32.952+0000] {dagbag.py:536} INFO - Filling up the DagBag from /home/airflow/.local/lib/python3.8/site-packages/airflow/example_dags/example_xcom.py
[2025-02-07T13:22:32.983+0000] {processor.py:839} INFO - DAG(s) dict_keys(['example_xcom']) retrieved from /home/airflow/.local/lib/python3.8/site-packages/airflow/example_dags/example_xcom.py
[2025-02-07T13:22:33.081+0000] {logging_mixin.py:154} INFO - [2025-02-07T13:22:33.080+0000] {dag.py:2941} INFO - Sync 1 DAGs
[2025-02-07T13:22:33.150+0000] {logging_mixin.py:154} INFO - [2025-02-07T13:22:33.150+0000] {dag.py:3722} INFO - Setting next_dagrun for example_xcom to 2021-01-01T00:00:00+00:00, run_after=2021-01-01T00:00:00+00:00
[2025-02-07T13:22:33.258+0000] {processor.py:179} INFO - Processing /home/airflow/.local/lib/python3.8/site-packages/airflow/example_dags/example_xcom.py took 0.326 seconds
[2025-02-07T13:23:03.410+0000] {processor.py:157} INFO - Started process (PID=1843) to work on /home/airflow/.local/lib/python3.8/site-packages/airflow/example_dags/example_xcom.py
[2025-02-07T13:23:03.420+0000] {processor.py:829} INFO - Processing file /home/airflow/.local/lib/python3.8/site-packages/airflow/example_dags/example_xcom.py for tasks to queue
[2025-02-07T13:23:03.422+0000] {logging_mixin.py:154} INFO - [2025-02-07T13:23:03.421+0000] {dagbag.py:536} INFO - Filling up the DagBag from /home/airflow/.local/lib/python3.8/site-packages/airflow/example_dags/example_xcom.py
[2025-02-07T13:23:03.449+0000] {processor.py:839} INFO - DAG(s) dict_keys(['example_xcom']) retrieved from /home/airflow/.local/lib/python3.8/site-packages/airflow/example_dags/example_xcom.py
[2025-02-07T13:23:03.520+0000] {logging_mixin.py:154} INFO - [2025-02-07T13:23:03.519+0000] {dag.py:2941} INFO - Sync 1 DAGs
[2025-02-07T13:23:03.582+0000] {logging_mixin.py:154} INFO - [2025-02-07T13:23:03.581+0000] {dag.py:3722} INFO - Setting next_dagrun for example_xcom to 2021-01-01T00:00:00+00:00, run_after=2021-01-01T00:00:00+00:00
[2025-02-07T13:23:03.632+0000] {processor.py:179} INFO - Processing /home/airflow/.local/lib/python3.8/site-packages/airflow/example_dags/example_xcom.py took 0.232 seconds
[2025-02-07T13:23:34.848+0000] {processor.py:157} INFO - Started process (PID=2084) to work on /home/airflow/.local/lib/python3.8/site-packages/airflow/example_dags/example_xcom.py
[2025-02-07T13:23:34.851+0000] {processor.py:829} INFO - Processing file /home/airflow/.local/lib/python3.8/site-packages/airflow/example_dags/example_xcom.py for tasks to queue
[2025-02-07T13:23:34.853+0000] {logging_mixin.py:154} INFO - [2025-02-07T13:23:34.853+0000] {dagbag.py:536} INFO - Filling up the DagBag from /home/airflow/.local/lib/python3.8/site-packages/airflow/example_dags/example_xcom.py
[2025-02-07T13:23:34.884+0000] {processor.py:839} INFO - DAG(s) dict_keys(['example_xcom']) retrieved from /home/airflow/.local/lib/python3.8/site-packages/airflow/example_dags/example_xcom.py
[2025-02-07T13:23:34.949+0000] {logging_mixin.py:154} INFO - [2025-02-07T13:23:34.949+0000] {dag.py:2941} INFO - Sync 1 DAGs
[2025-02-07T13:23:35.025+0000] {logging_mixin.py:154} INFO - [2025-02-07T13:23:35.024+0000] {dag.py:3722} INFO - Setting next_dagrun for example_xcom to 2021-01-01T00:00:00+00:00, run_after=2021-01-01T00:00:00+00:00
[2025-02-07T13:23:35.081+0000] {processor.py:179} INFO - Processing /home/airflow/.local/lib/python3.8/site-packages/airflow/example_dags/example_xcom.py took 0.246 seconds
[2025-02-07T13:24:06.161+0000] {processor.py:157} INFO - Started process (PID=2327) to work on /home/airflow/.local/lib/python3.8/site-packages/airflow/example_dags/example_xcom.py
[2025-02-07T13:24:06.164+0000] {processor.py:829} INFO - Processing file /home/airflow/.local/lib/python3.8/site-packages/airflow/example_dags/example_xcom.py for tasks to queue
[2025-02-07T13:24:06.166+0000] {logging_mixin.py:154} INFO - [2025-02-07T13:24:06.165+0000] {dagbag.py:536} INFO - Filling up the DagBag from /home/airflow/.local/lib/python3.8/site-packages/airflow/example_dags/example_xcom.py
[2025-02-07T13:24:06.190+0000] {processor.py:839} INFO - DAG(s) dict_keys(['example_xcom']) retrieved from /home/airflow/.local/lib/python3.8/site-packages/airflow/example_dags/example_xcom.py
[2025-02-07T13:24:06.273+0000] {logging_mixin.py:154} INFO - [2025-02-07T13:24:06.272+0000] {dag.py:2941} INFO - Sync 1 DAGs
[2025-02-07T13:24:06.329+0000] {logging_mixin.py:154} INFO - [2025-02-07T13:24:06.328+0000] {dag.py:3722} INFO - Setting next_dagrun for example_xcom to 2021-01-01T00:00:00+00:00, run_after=2021-01-01T00:00:00+00:00
[2025-02-07T13:24:06.375+0000] {processor.py:179} INFO - Processing /home/airflow/.local/lib/python3.8/site-packages/airflow/example_dags/example_xcom.py took 0.230 seconds
[2025-02-07T13:24:37.099+0000] {processor.py:157} INFO - Started process (PID=2572) to work on /home/airflow/.local/lib/python3.8/site-packages/airflow/example_dags/example_xcom.py
[2025-02-07T13:24:37.102+0000] {processor.py:829} INFO - Processing file /home/airflow/.local/lib/python3.8/site-packages/airflow/example_dags/example_xcom.py for tasks to queue
[2025-02-07T13:24:37.104+0000] {logging_mixin.py:154} INFO - [2025-02-07T13:24:37.103+0000] {dagbag.py:536} INFO - Filling up the DagBag from /home/airflow/.local/lib/python3.8/site-packages/airflow/example_dags/example_xcom.py
[2025-02-07T13:24:37.123+0000] {processor.py:839} INFO - DAG(s) dict_keys(['example_xcom']) retrieved from /home/airflow/.local/lib/python3.8/site-packages/airflow/example_dags/example_xcom.py
[2025-02-07T13:24:37.178+0000] {logging_mixin.py:154} INFO - [2025-02-07T13:24:37.178+0000] {dag.py:2941} INFO - Sync 1 DAGs
[2025-02-07T13:24:37.254+0000] {logging_mixin.py:154} INFO - [2025-02-07T13:24:37.253+0000] {dag.py:3722} INFO - Setting next_dagrun for example_xcom to 2021-01-01T00:00:00+00:00, run_after=2021-01-01T00:00:00+00:00
[2025-02-07T13:24:37.308+0000] {processor.py:179} INFO - Processing /home/airflow/.local/lib/python3.8/site-packages/airflow/example_dags/example_xcom.py took 0.220 seconds
[2025-02-07T13:25:08.300+0000] {processor.py:157} INFO - Started process (PID=2816) to work on /home/airflow/.local/lib/python3.8/site-packages/airflow/example_dags/example_xcom.py
[2025-02-07T13:25:08.303+0000] {processor.py:829} INFO - Processing file /home/airflow/.local/lib/python3.8/site-packages/airflow/example_dags/example_xcom.py for tasks to queue
[2025-02-07T13:25:08.305+0000] {logging_mixin.py:154} INFO - [2025-02-07T13:25:08.305+0000] {dagbag.py:536} INFO - Filling up the DagBag from /home/airflow/.local/lib/python3.8/site-packages/airflow/example_dags/example_xcom.py
[2025-02-07T13:25:08.330+0000] {processor.py:839} INFO - DAG(s) dict_keys(['example_xcom']) retrieved from /home/airflow/.local/lib/python3.8/site-packages/airflow/example_dags/example_xcom.py
[2025-02-07T13:25:08.431+0000] {logging_mixin.py:154} INFO - [2025-02-07T13:25:08.430+0000] {dag.py:2941} INFO - Sync 1 DAGs
[2025-02-07T13:25:08.502+0000] {logging_mixin.py:154} INFO - [2025-02-07T13:25:08.502+0000] {dag.py:3722} INFO - Setting next_dagrun for example_xcom to 2021-01-01T00:00:00+00:00, run_after=2021-01-01T00:00:00+00:00
[2025-02-07T13:25:08.549+0000] {processor.py:179} INFO - Processing /home/airflow/.local/lib/python3.8/site-packages/airflow/example_dags/example_xcom.py took 0.257 seconds
[2025-02-07T13:27:12.589+0000] {processor.py:157} INFO - Started process (PID=381) to work on /home/airflow/.local/lib/python3.8/site-packages/airflow/example_dags/example_xcom.py
[2025-02-07T13:27:12.595+0000] {processor.py:829} INFO - Processing file /home/airflow/.local/lib/python3.8/site-packages/airflow/example_dags/example_xcom.py for tasks to queue
[2025-02-07T13:27:12.598+0000] {logging_mixin.py:154} INFO - [2025-02-07T13:27:12.596+0000] {dagbag.py:536} INFO - Filling up the DagBag from /home/airflow/.local/lib/python3.8/site-packages/airflow/example_dags/example_xcom.py
[2025-02-07T13:27:12.634+0000] {processor.py:839} INFO - DAG(s) dict_keys(['example_xcom']) retrieved from /home/airflow/.local/lib/python3.8/site-packages/airflow/example_dags/example_xcom.py
[2025-02-07T13:27:12.736+0000] {logging_mixin.py:154} INFO - [2025-02-07T13:27:12.735+0000] {dag.py:2941} INFO - Sync 1 DAGs
[2025-02-07T13:27:12.815+0000] {logging_mixin.py:154} INFO - [2025-02-07T13:27:12.813+0000] {dag.py:3722} INFO - Setting next_dagrun for example_xcom to 2021-01-01T00:00:00+00:00, run_after=2021-01-01T00:00:00+00:00
[2025-02-07T13:27:12.887+0000] {processor.py:179} INFO - Processing /home/airflow/.local/lib/python3.8/site-packages/airflow/example_dags/example_xcom.py took 0.318 seconds
[2025-02-07T21:29:20.040+0000] {processor.py:157} INFO - Started process (PID=381) to work on /home/airflow/.local/lib/python3.8/site-packages/airflow/example_dags/example_xcom.py
[2025-02-07T21:29:20.044+0000] {processor.py:829} INFO - Processing file /home/airflow/.local/lib/python3.8/site-packages/airflow/example_dags/example_xcom.py for tasks to queue
[2025-02-07T21:29:20.046+0000] {logging_mixin.py:154} INFO - [2025-02-07T21:29:20.045+0000] {dagbag.py:536} INFO - Filling up the DagBag from /home/airflow/.local/lib/python3.8/site-packages/airflow/example_dags/example_xcom.py
[2025-02-07T21:29:20.084+0000] {processor.py:839} INFO - DAG(s) dict_keys(['example_xcom']) retrieved from /home/airflow/.local/lib/python3.8/site-packages/airflow/example_dags/example_xcom.py
[2025-02-07T21:29:20.160+0000] {logging_mixin.py:154} INFO - [2025-02-07T21:29:20.159+0000] {dag.py:2941} INFO - Sync 1 DAGs
[2025-02-07T21:29:20.274+0000] {logging_mixin.py:154} INFO - [2025-02-07T21:29:20.271+0000] {dag.py:3722} INFO - Setting next_dagrun for example_xcom to 2021-01-01T00:00:00+00:00, run_after=2021-01-01T00:00:00+00:00
[2025-02-07T21:29:20.409+0000] {processor.py:179} INFO - Processing /home/airflow/.local/lib/python3.8/site-packages/airflow/example_dags/example_xcom.py took 0.390 seconds
[2025-02-07T21:29:50.574+0000] {processor.py:157} INFO - Started process (PID=626) to work on /home/airflow/.local/lib/python3.8/site-packages/airflow/example_dags/example_xcom.py
[2025-02-07T21:29:50.577+0000] {processor.py:829} INFO - Processing file /home/airflow/.local/lib/python3.8/site-packages/airflow/example_dags/example_xcom.py for tasks to queue
[2025-02-07T21:29:50.579+0000] {logging_mixin.py:154} INFO - [2025-02-07T21:29:50.579+0000] {dagbag.py:536} INFO - Filling up the DagBag from /home/airflow/.local/lib/python3.8/site-packages/airflow/example_dags/example_xcom.py
[2025-02-07T21:29:50.601+0000] {processor.py:839} INFO - DAG(s) dict_keys(['example_xcom']) retrieved from /home/airflow/.local/lib/python3.8/site-packages/airflow/example_dags/example_xcom.py
[2025-02-07T21:29:50.660+0000] {logging_mixin.py:154} INFO - [2025-02-07T21:29:50.660+0000] {dag.py:2941} INFO - Sync 1 DAGs
[2025-02-07T21:29:50.713+0000] {logging_mixin.py:154} INFO - [2025-02-07T21:29:50.713+0000] {dag.py:3722} INFO - Setting next_dagrun for example_xcom to 2021-01-01T00:00:00+00:00, run_after=2021-01-01T00:00:00+00:00
[2025-02-07T21:29:50.759+0000] {processor.py:179} INFO - Processing /home/airflow/.local/lib/python3.8/site-packages/airflow/example_dags/example_xcom.py took 0.194 seconds
