[2025-02-07T13:19:55.389+0000] {processor.py:157} INFO - Started process (PID=358) to work on /home/airflow/.local/lib/python3.8/site-packages/airflow/example_dags/example_local_kubernetes_executor.py
[2025-02-07T13:19:55.392+0000] {processor.py:829} INFO - Processing file /home/airflow/.local/lib/python3.8/site-packages/airflow/example_dags/example_local_kubernetes_executor.py for tasks to queue
[2025-02-07T13:19:55.400+0000] {logging_mixin.py:154} INFO - [2025-02-07T13:19:55.393+0000] {dagbag.py:536} INFO - Filling up the DagBag from /home/airflow/.local/lib/python3.8/site-packages/airflow/example_dags/example_local_kubernetes_executor.py
[2025-02-07T13:19:55.425+0000] {processor.py:839} INFO - DAG(s) dict_keys(['example_local_kubernetes_executor']) retrieved from /home/airflow/.local/lib/python3.8/site-packages/airflow/example_dags/example_local_kubernetes_executor.py
[2025-02-07T13:19:55.507+0000] {logging_mixin.py:154} INFO - [2025-02-07T13:19:55.506+0000] {dag.py:2941} INFO - Sync 1 DAGs
[2025-02-07T13:19:55.549+0000] {logging_mixin.py:154} INFO - [2025-02-07T13:19:55.549+0000] {dag.py:3722} INFO - Setting next_dagrun for example_local_kubernetes_executor to None, run_after=None
[2025-02-07T13:19:55.604+0000] {processor.py:179} INFO - Processing /home/airflow/.local/lib/python3.8/site-packages/airflow/example_dags/example_local_kubernetes_executor.py took 0.227 seconds
[2025-02-07T13:20:26.761+0000] {processor.py:157} INFO - Started process (PID=601) to work on /home/airflow/.local/lib/python3.8/site-packages/airflow/example_dags/example_local_kubernetes_executor.py
[2025-02-07T13:20:26.764+0000] {processor.py:829} INFO - Processing file /home/airflow/.local/lib/python3.8/site-packages/airflow/example_dags/example_local_kubernetes_executor.py for tasks to queue
[2025-02-07T13:20:26.768+0000] {logging_mixin.py:154} INFO - [2025-02-07T13:20:26.767+0000] {dagbag.py:536} INFO - Filling up the DagBag from /home/airflow/.local/lib/python3.8/site-packages/airflow/example_dags/example_local_kubernetes_executor.py
[2025-02-07T13:20:26.791+0000] {processor.py:839} INFO - DAG(s) dict_keys(['example_local_kubernetes_executor']) retrieved from /home/airflow/.local/lib/python3.8/site-packages/airflow/example_dags/example_local_kubernetes_executor.py
[2025-02-07T13:20:26.880+0000] {logging_mixin.py:154} INFO - [2025-02-07T13:20:26.879+0000] {dag.py:2941} INFO - Sync 1 DAGs
[2025-02-07T13:20:26.925+0000] {logging_mixin.py:154} INFO - [2025-02-07T13:20:26.924+0000] {dag.py:3722} INFO - Setting next_dagrun for example_local_kubernetes_executor to None, run_after=None
[2025-02-07T13:20:26.987+0000] {processor.py:179} INFO - Processing /home/airflow/.local/lib/python3.8/site-packages/airflow/example_dags/example_local_kubernetes_executor.py took 0.236 seconds
[2025-02-07T13:20:57.422+0000] {processor.py:157} INFO - Started process (PID=844) to work on /home/airflow/.local/lib/python3.8/site-packages/airflow/example_dags/example_local_kubernetes_executor.py
[2025-02-07T13:20:57.424+0000] {processor.py:829} INFO - Processing file /home/airflow/.local/lib/python3.8/site-packages/airflow/example_dags/example_local_kubernetes_executor.py for tasks to queue
[2025-02-07T13:20:57.427+0000] {logging_mixin.py:154} INFO - [2025-02-07T13:20:57.426+0000] {dagbag.py:536} INFO - Filling up the DagBag from /home/airflow/.local/lib/python3.8/site-packages/airflow/example_dags/example_local_kubernetes_executor.py
[2025-02-07T13:20:57.448+0000] {processor.py:839} INFO - DAG(s) dict_keys(['example_local_kubernetes_executor']) retrieved from /home/airflow/.local/lib/python3.8/site-packages/airflow/example_dags/example_local_kubernetes_executor.py
[2025-02-07T13:20:57.543+0000] {logging_mixin.py:154} INFO - [2025-02-07T13:20:57.542+0000] {dag.py:2941} INFO - Sync 1 DAGs
[2025-02-07T13:20:57.581+0000] {logging_mixin.py:154} INFO - [2025-02-07T13:20:57.580+0000] {dag.py:3722} INFO - Setting next_dagrun for example_local_kubernetes_executor to None, run_after=None
[2025-02-07T13:20:57.637+0000] {processor.py:179} INFO - Processing /home/airflow/.local/lib/python3.8/site-packages/airflow/example_dags/example_local_kubernetes_executor.py took 0.226 seconds
[2025-02-07T13:21:28.345+0000] {processor.py:157} INFO - Started process (PID=1087) to work on /home/airflow/.local/lib/python3.8/site-packages/airflow/example_dags/example_local_kubernetes_executor.py
[2025-02-07T13:21:28.348+0000] {processor.py:829} INFO - Processing file /home/airflow/.local/lib/python3.8/site-packages/airflow/example_dags/example_local_kubernetes_executor.py for tasks to queue
[2025-02-07T13:21:28.350+0000] {logging_mixin.py:154} INFO - [2025-02-07T13:21:28.349+0000] {dagbag.py:536} INFO - Filling up the DagBag from /home/airflow/.local/lib/python3.8/site-packages/airflow/example_dags/example_local_kubernetes_executor.py
[2025-02-07T13:21:28.377+0000] {processor.py:839} INFO - DAG(s) dict_keys(['example_local_kubernetes_executor']) retrieved from /home/airflow/.local/lib/python3.8/site-packages/airflow/example_dags/example_local_kubernetes_executor.py
[2025-02-07T13:21:28.478+0000] {logging_mixin.py:154} INFO - [2025-02-07T13:21:28.477+0000] {dag.py:2941} INFO - Sync 1 DAGs
[2025-02-07T13:21:28.517+0000] {logging_mixin.py:154} INFO - [2025-02-07T13:21:28.516+0000] {dag.py:3722} INFO - Setting next_dagrun for example_local_kubernetes_executor to None, run_after=None
[2025-02-07T13:21:28.579+0000] {processor.py:179} INFO - Processing /home/airflow/.local/lib/python3.8/site-packages/airflow/example_dags/example_local_kubernetes_executor.py took 0.245 seconds
[2025-02-07T13:21:59.978+0000] {processor.py:157} INFO - Started process (PID=1330) to work on /home/airflow/.local/lib/python3.8/site-packages/airflow/example_dags/example_local_kubernetes_executor.py
[2025-02-07T13:21:59.980+0000] {processor.py:829} INFO - Processing file /home/airflow/.local/lib/python3.8/site-packages/airflow/example_dags/example_local_kubernetes_executor.py for tasks to queue
[2025-02-07T13:21:59.982+0000] {logging_mixin.py:154} INFO - [2025-02-07T13:21:59.982+0000] {dagbag.py:536} INFO - Filling up the DagBag from /home/airflow/.local/lib/python3.8/site-packages/airflow/example_dags/example_local_kubernetes_executor.py
[2025-02-07T13:22:00.006+0000] {processor.py:839} INFO - DAG(s) dict_keys(['example_local_kubernetes_executor']) retrieved from /home/airflow/.local/lib/python3.8/site-packages/airflow/example_dags/example_local_kubernetes_executor.py
[2025-02-07T13:22:00.125+0000] {logging_mixin.py:154} INFO - [2025-02-07T13:22:00.124+0000] {dag.py:2941} INFO - Sync 1 DAGs
[2025-02-07T13:22:00.171+0000] {logging_mixin.py:154} INFO - [2025-02-07T13:22:00.171+0000] {dag.py:3722} INFO - Setting next_dagrun for example_local_kubernetes_executor to None, run_after=None
[2025-02-07T13:22:00.224+0000] {processor.py:179} INFO - Processing /home/airflow/.local/lib/python3.8/site-packages/airflow/example_dags/example_local_kubernetes_executor.py took 0.261 seconds
[2025-02-07T13:22:31.584+0000] {processor.py:157} INFO - Started process (PID=1573) to work on /home/airflow/.local/lib/python3.8/site-packages/airflow/example_dags/example_local_kubernetes_executor.py
[2025-02-07T13:22:31.590+0000] {processor.py:829} INFO - Processing file /home/airflow/.local/lib/python3.8/site-packages/airflow/example_dags/example_local_kubernetes_executor.py for tasks to queue
[2025-02-07T13:22:31.597+0000] {logging_mixin.py:154} INFO - [2025-02-07T13:22:31.596+0000] {dagbag.py:536} INFO - Filling up the DagBag from /home/airflow/.local/lib/python3.8/site-packages/airflow/example_dags/example_local_kubernetes_executor.py
[2025-02-07T13:22:31.628+0000] {processor.py:839} INFO - DAG(s) dict_keys(['example_local_kubernetes_executor']) retrieved from /home/airflow/.local/lib/python3.8/site-packages/airflow/example_dags/example_local_kubernetes_executor.py
[2025-02-07T13:22:31.725+0000] {logging_mixin.py:154} INFO - [2025-02-07T13:22:31.724+0000] {dag.py:2941} INFO - Sync 1 DAGs
[2025-02-07T13:22:31.763+0000] {logging_mixin.py:154} INFO - [2025-02-07T13:22:31.763+0000] {dag.py:3722} INFO - Setting next_dagrun for example_local_kubernetes_executor to None, run_after=None
[2025-02-07T13:22:31.818+0000] {processor.py:179} INFO - Processing /home/airflow/.local/lib/python3.8/site-packages/airflow/example_dags/example_local_kubernetes_executor.py took 0.259 seconds
[2025-02-07T13:23:02.845+0000] {processor.py:157} INFO - Started process (PID=1816) to work on /home/airflow/.local/lib/python3.8/site-packages/airflow/example_dags/example_local_kubernetes_executor.py
[2025-02-07T13:23:02.846+0000] {processor.py:829} INFO - Processing file /home/airflow/.local/lib/python3.8/site-packages/airflow/example_dags/example_local_kubernetes_executor.py for tasks to queue
[2025-02-07T13:23:02.847+0000] {logging_mixin.py:154} INFO - [2025-02-07T13:23:02.847+0000] {dagbag.py:536} INFO - Filling up the DagBag from /home/airflow/.local/lib/python3.8/site-packages/airflow/example_dags/example_local_kubernetes_executor.py
[2025-02-07T13:23:02.855+0000] {processor.py:839} INFO - DAG(s) dict_keys(['example_local_kubernetes_executor']) retrieved from /home/airflow/.local/lib/python3.8/site-packages/airflow/example_dags/example_local_kubernetes_executor.py
[2025-02-07T13:23:02.886+0000] {logging_mixin.py:154} INFO - [2025-02-07T13:23:02.886+0000] {dag.py:2941} INFO - Sync 1 DAGs
[2025-02-07T13:23:02.898+0000] {logging_mixin.py:154} INFO - [2025-02-07T13:23:02.898+0000] {dag.py:3722} INFO - Setting next_dagrun for example_local_kubernetes_executor to None, run_after=None
[2025-02-07T13:23:02.923+0000] {processor.py:179} INFO - Processing /home/airflow/.local/lib/python3.8/site-packages/airflow/example_dags/example_local_kubernetes_executor.py took 0.081 seconds
[2025-02-07T13:23:33.944+0000] {processor.py:157} INFO - Started process (PID=2059) to work on /home/airflow/.local/lib/python3.8/site-packages/airflow/example_dags/example_local_kubernetes_executor.py
[2025-02-07T13:23:33.947+0000] {processor.py:829} INFO - Processing file /home/airflow/.local/lib/python3.8/site-packages/airflow/example_dags/example_local_kubernetes_executor.py for tasks to queue
[2025-02-07T13:23:33.949+0000] {logging_mixin.py:154} INFO - [2025-02-07T13:23:33.949+0000] {dagbag.py:536} INFO - Filling up the DagBag from /home/airflow/.local/lib/python3.8/site-packages/airflow/example_dags/example_local_kubernetes_executor.py
[2025-02-07T13:23:33.974+0000] {processor.py:839} INFO - DAG(s) dict_keys(['example_local_kubernetes_executor']) retrieved from /home/airflow/.local/lib/python3.8/site-packages/airflow/example_dags/example_local_kubernetes_executor.py
[2025-02-07T13:23:34.064+0000] {logging_mixin.py:154} INFO - [2025-02-07T13:23:34.064+0000] {dag.py:2941} INFO - Sync 1 DAGs
[2025-02-07T13:23:34.109+0000] {logging_mixin.py:154} INFO - [2025-02-07T13:23:34.109+0000] {dag.py:3722} INFO - Setting next_dagrun for example_local_kubernetes_executor to None, run_after=None
[2025-02-07T13:23:34.164+0000] {processor.py:179} INFO - Processing /home/airflow/.local/lib/python3.8/site-packages/airflow/example_dags/example_local_kubernetes_executor.py took 0.231 seconds
[2025-02-07T13:24:05.142+0000] {processor.py:157} INFO - Started process (PID=2302) to work on /home/airflow/.local/lib/python3.8/site-packages/airflow/example_dags/example_local_kubernetes_executor.py
[2025-02-07T13:24:05.144+0000] {processor.py:829} INFO - Processing file /home/airflow/.local/lib/python3.8/site-packages/airflow/example_dags/example_local_kubernetes_executor.py for tasks to queue
[2025-02-07T13:24:05.147+0000] {logging_mixin.py:154} INFO - [2025-02-07T13:24:05.146+0000] {dagbag.py:536} INFO - Filling up the DagBag from /home/airflow/.local/lib/python3.8/site-packages/airflow/example_dags/example_local_kubernetes_executor.py
[2025-02-07T13:24:05.176+0000] {processor.py:839} INFO - DAG(s) dict_keys(['example_local_kubernetes_executor']) retrieved from /home/airflow/.local/lib/python3.8/site-packages/airflow/example_dags/example_local_kubernetes_executor.py
[2025-02-07T13:24:05.286+0000] {logging_mixin.py:154} INFO - [2025-02-07T13:24:05.284+0000] {dag.py:2941} INFO - Sync 1 DAGs
[2025-02-07T13:24:05.331+0000] {logging_mixin.py:154} INFO - [2025-02-07T13:24:05.330+0000] {dag.py:3722} INFO - Setting next_dagrun for example_local_kubernetes_executor to None, run_after=None
[2025-02-07T13:24:05.397+0000] {processor.py:179} INFO - Processing /home/airflow/.local/lib/python3.8/site-packages/airflow/example_dags/example_local_kubernetes_executor.py took 0.267 seconds
[2025-02-07T13:24:36.157+0000] {processor.py:157} INFO - Started process (PID=2547) to work on /home/airflow/.local/lib/python3.8/site-packages/airflow/example_dags/example_local_kubernetes_executor.py
[2025-02-07T13:24:36.160+0000] {processor.py:829} INFO - Processing file /home/airflow/.local/lib/python3.8/site-packages/airflow/example_dags/example_local_kubernetes_executor.py for tasks to queue
[2025-02-07T13:24:36.161+0000] {logging_mixin.py:154} INFO - [2025-02-07T13:24:36.161+0000] {dagbag.py:536} INFO - Filling up the DagBag from /home/airflow/.local/lib/python3.8/site-packages/airflow/example_dags/example_local_kubernetes_executor.py
[2025-02-07T13:24:36.181+0000] {processor.py:839} INFO - DAG(s) dict_keys(['example_local_kubernetes_executor']) retrieved from /home/airflow/.local/lib/python3.8/site-packages/airflow/example_dags/example_local_kubernetes_executor.py
[2025-02-07T13:24:36.289+0000] {logging_mixin.py:154} INFO - [2025-02-07T13:24:36.288+0000] {dag.py:2941} INFO - Sync 1 DAGs
[2025-02-07T13:24:36.329+0000] {logging_mixin.py:154} INFO - [2025-02-07T13:24:36.328+0000] {dag.py:3722} INFO - Setting next_dagrun for example_local_kubernetes_executor to None, run_after=None
[2025-02-07T13:24:36.394+0000] {processor.py:179} INFO - Processing /home/airflow/.local/lib/python3.8/site-packages/airflow/example_dags/example_local_kubernetes_executor.py took 0.246 seconds
[2025-02-07T13:25:06.893+0000] {processor.py:157} INFO - Started process (PID=2789) to work on /home/airflow/.local/lib/python3.8/site-packages/airflow/example_dags/example_local_kubernetes_executor.py
[2025-02-07T13:25:06.895+0000] {processor.py:829} INFO - Processing file /home/airflow/.local/lib/python3.8/site-packages/airflow/example_dags/example_local_kubernetes_executor.py for tasks to queue
[2025-02-07T13:25:06.898+0000] {logging_mixin.py:154} INFO - [2025-02-07T13:25:06.897+0000] {dagbag.py:536} INFO - Filling up the DagBag from /home/airflow/.local/lib/python3.8/site-packages/airflow/example_dags/example_local_kubernetes_executor.py
[2025-02-07T13:25:06.923+0000] {processor.py:839} INFO - DAG(s) dict_keys(['example_local_kubernetes_executor']) retrieved from /home/airflow/.local/lib/python3.8/site-packages/airflow/example_dags/example_local_kubernetes_executor.py
[2025-02-07T13:25:07.035+0000] {logging_mixin.py:154} INFO - [2025-02-07T13:25:07.035+0000] {dag.py:2941} INFO - Sync 1 DAGs
[2025-02-07T13:25:07.076+0000] {logging_mixin.py:154} INFO - [2025-02-07T13:25:07.075+0000] {dag.py:3722} INFO - Setting next_dagrun for example_local_kubernetes_executor to None, run_after=None
[2025-02-07T13:25:07.134+0000] {processor.py:179} INFO - Processing /home/airflow/.local/lib/python3.8/site-packages/airflow/example_dags/example_local_kubernetes_executor.py took 0.255 seconds
[2025-02-07T13:27:10.609+0000] {processor.py:157} INFO - Started process (PID=356) to work on /home/airflow/.local/lib/python3.8/site-packages/airflow/example_dags/example_local_kubernetes_executor.py
[2025-02-07T13:27:10.638+0000] {processor.py:829} INFO - Processing file /home/airflow/.local/lib/python3.8/site-packages/airflow/example_dags/example_local_kubernetes_executor.py for tasks to queue
[2025-02-07T13:27:10.649+0000] {logging_mixin.py:154} INFO - [2025-02-07T13:27:10.645+0000] {dagbag.py:536} INFO - Filling up the DagBag from /home/airflow/.local/lib/python3.8/site-packages/airflow/example_dags/example_local_kubernetes_executor.py
[2025-02-07T13:27:10.820+0000] {processor.py:839} INFO - DAG(s) dict_keys(['example_local_kubernetes_executor']) retrieved from /home/airflow/.local/lib/python3.8/site-packages/airflow/example_dags/example_local_kubernetes_executor.py
[2025-02-07T13:27:11.210+0000] {logging_mixin.py:154} INFO - [2025-02-07T13:27:11.210+0000] {dag.py:2941} INFO - Sync 1 DAGs
[2025-02-07T13:27:11.319+0000] {logging_mixin.py:154} INFO - [2025-02-07T13:27:11.318+0000] {dag.py:3722} INFO - Setting next_dagrun for example_local_kubernetes_executor to None, run_after=None
[2025-02-07T13:27:11.440+0000] {processor.py:179} INFO - Processing /home/airflow/.local/lib/python3.8/site-packages/airflow/example_dags/example_local_kubernetes_executor.py took 0.887 seconds
[2025-02-07T21:29:19.107+0000] {processor.py:157} INFO - Started process (PID=356) to work on /home/airflow/.local/lib/python3.8/site-packages/airflow/example_dags/example_local_kubernetes_executor.py
[2025-02-07T21:29:19.113+0000] {processor.py:829} INFO - Processing file /home/airflow/.local/lib/python3.8/site-packages/airflow/example_dags/example_local_kubernetes_executor.py for tasks to queue
[2025-02-07T21:29:19.120+0000] {logging_mixin.py:154} INFO - [2025-02-07T21:29:19.119+0000] {dagbag.py:536} INFO - Filling up the DagBag from /home/airflow/.local/lib/python3.8/site-packages/airflow/example_dags/example_local_kubernetes_executor.py
[2025-02-07T21:29:19.153+0000] {processor.py:839} INFO - DAG(s) dict_keys(['example_local_kubernetes_executor']) retrieved from /home/airflow/.local/lib/python3.8/site-packages/airflow/example_dags/example_local_kubernetes_executor.py
[2025-02-07T21:29:19.286+0000] {logging_mixin.py:154} INFO - [2025-02-07T21:29:19.285+0000] {dag.py:2941} INFO - Sync 1 DAGs
[2025-02-07T21:29:19.344+0000] {logging_mixin.py:154} INFO - [2025-02-07T21:29:19.343+0000] {dag.py:3722} INFO - Setting next_dagrun for example_local_kubernetes_executor to None, run_after=None
[2025-02-07T21:29:19.397+0000] {processor.py:179} INFO - Processing /home/airflow/.local/lib/python3.8/site-packages/airflow/example_dags/example_local_kubernetes_executor.py took 0.301 seconds
[2025-02-07T21:29:49.569+0000] {processor.py:157} INFO - Started process (PID=601) to work on /home/airflow/.local/lib/python3.8/site-packages/airflow/example_dags/example_local_kubernetes_executor.py
[2025-02-07T21:29:49.571+0000] {processor.py:829} INFO - Processing file /home/airflow/.local/lib/python3.8/site-packages/airflow/example_dags/example_local_kubernetes_executor.py for tasks to queue
[2025-02-07T21:29:49.573+0000] {logging_mixin.py:154} INFO - [2025-02-07T21:29:49.573+0000] {dagbag.py:536} INFO - Filling up the DagBag from /home/airflow/.local/lib/python3.8/site-packages/airflow/example_dags/example_local_kubernetes_executor.py
[2025-02-07T21:29:49.602+0000] {processor.py:839} INFO - DAG(s) dict_keys(['example_local_kubernetes_executor']) retrieved from /home/airflow/.local/lib/python3.8/site-packages/airflow/example_dags/example_local_kubernetes_executor.py
[2025-02-07T21:29:49.675+0000] {logging_mixin.py:154} INFO - [2025-02-07T21:29:49.674+0000] {dag.py:2941} INFO - Sync 1 DAGs
[2025-02-07T21:29:49.706+0000] {logging_mixin.py:154} INFO - [2025-02-07T21:29:49.706+0000] {dag.py:3722} INFO - Setting next_dagrun for example_local_kubernetes_executor to None, run_after=None
[2025-02-07T21:29:49.751+0000] {processor.py:179} INFO - Processing /home/airflow/.local/lib/python3.8/site-packages/airflow/example_dags/example_local_kubernetes_executor.py took 0.191 seconds
