[2025-02-07T13:19:55.063+0000] {processor.py:157} INFO - Started process (PID=348) to work on /home/airflow/.local/lib/python3.8/site-packages/airflow/example_dags/example_xcomargs.py
[2025-02-07T13:19:55.067+0000] {processor.py:829} INFO - Processing file /home/airflow/.local/lib/python3.8/site-packages/airflow/example_dags/example_xcomargs.py for tasks to queue
[2025-02-07T13:19:55.070+0000] {logging_mixin.py:154} INFO - [2025-02-07T13:19:55.069+0000] {dagbag.py:536} INFO - Filling up the DagBag from /home/airflow/.local/lib/python3.8/site-packages/airflow/example_dags/example_xcomargs.py
[2025-02-07T13:19:55.097+0000] {processor.py:839} INFO - DAG(s) dict_keys(['example_xcom_args_with_operators', 'example_xcom_args']) retrieved from /home/airflow/.local/lib/python3.8/site-packages/airflow/example_dags/example_xcomargs.py
[2025-02-07T13:19:55.175+0000] {logging_mixin.py:154} INFO - [2025-02-07T13:19:55.174+0000] {dag.py:2941} INFO - Sync 2 DAGs
[2025-02-07T13:19:55.233+0000] {logging_mixin.py:154} INFO - [2025-02-07T13:19:55.232+0000] {dag.py:3722} INFO - Setting next_dagrun for example_xcom_args to None, run_after=None
[2025-02-07T13:19:55.243+0000] {logging_mixin.py:154} INFO - [2025-02-07T13:19:55.242+0000] {dag.py:3722} INFO - Setting next_dagrun for example_xcom_args_with_operators to None, run_after=None
[2025-02-07T13:19:55.301+0000] {processor.py:179} INFO - Processing /home/airflow/.local/lib/python3.8/site-packages/airflow/example_dags/example_xcomargs.py took 0.255 seconds
[2025-02-07T13:20:26.431+0000] {processor.py:157} INFO - Started process (PID=591) to work on /home/airflow/.local/lib/python3.8/site-packages/airflow/example_dags/example_xcomargs.py
[2025-02-07T13:20:26.434+0000] {processor.py:829} INFO - Processing file /home/airflow/.local/lib/python3.8/site-packages/airflow/example_dags/example_xcomargs.py for tasks to queue
[2025-02-07T13:20:26.436+0000] {logging_mixin.py:154} INFO - [2025-02-07T13:20:26.436+0000] {dagbag.py:536} INFO - Filling up the DagBag from /home/airflow/.local/lib/python3.8/site-packages/airflow/example_dags/example_xcomargs.py
[2025-02-07T13:20:26.466+0000] {processor.py:839} INFO - DAG(s) dict_keys(['example_xcom_args', 'example_xcom_args_with_operators']) retrieved from /home/airflow/.local/lib/python3.8/site-packages/airflow/example_dags/example_xcomargs.py
[2025-02-07T13:20:26.542+0000] {logging_mixin.py:154} INFO - [2025-02-07T13:20:26.542+0000] {dag.py:2941} INFO - Sync 2 DAGs
[2025-02-07T13:20:26.596+0000] {logging_mixin.py:154} INFO - [2025-02-07T13:20:26.595+0000] {dag.py:3722} INFO - Setting next_dagrun for example_xcom_args to None, run_after=None
[2025-02-07T13:20:26.607+0000] {logging_mixin.py:154} INFO - [2025-02-07T13:20:26.606+0000] {dag.py:3722} INFO - Setting next_dagrun for example_xcom_args_with_operators to None, run_after=None
[2025-02-07T13:20:26.653+0000] {processor.py:179} INFO - Processing /home/airflow/.local/lib/python3.8/site-packages/airflow/example_dags/example_xcomargs.py took 0.235 seconds
[2025-02-07T13:20:57.114+0000] {processor.py:157} INFO - Started process (PID=834) to work on /home/airflow/.local/lib/python3.8/site-packages/airflow/example_dags/example_xcomargs.py
[2025-02-07T13:20:57.116+0000] {processor.py:829} INFO - Processing file /home/airflow/.local/lib/python3.8/site-packages/airflow/example_dags/example_xcomargs.py for tasks to queue
[2025-02-07T13:20:57.118+0000] {logging_mixin.py:154} INFO - [2025-02-07T13:20:57.117+0000] {dagbag.py:536} INFO - Filling up the DagBag from /home/airflow/.local/lib/python3.8/site-packages/airflow/example_dags/example_xcomargs.py
[2025-02-07T13:20:57.144+0000] {processor.py:839} INFO - DAG(s) dict_keys(['example_xcom_args', 'example_xcom_args_with_operators']) retrieved from /home/airflow/.local/lib/python3.8/site-packages/airflow/example_dags/example_xcomargs.py
[2025-02-07T13:20:57.223+0000] {logging_mixin.py:154} INFO - [2025-02-07T13:20:57.222+0000] {dag.py:2941} INFO - Sync 2 DAGs
[2025-02-07T13:20:57.261+0000] {logging_mixin.py:154} INFO - [2025-02-07T13:20:57.260+0000] {dag.py:3722} INFO - Setting next_dagrun for example_xcom_args to None, run_after=None
[2025-02-07T13:20:57.274+0000] {logging_mixin.py:154} INFO - [2025-02-07T13:20:57.274+0000] {dag.py:3722} INFO - Setting next_dagrun for example_xcom_args_with_operators to None, run_after=None
[2025-02-07T13:20:57.330+0000] {processor.py:179} INFO - Processing /home/airflow/.local/lib/python3.8/site-packages/airflow/example_dags/example_xcomargs.py took 0.226 seconds
[2025-02-07T13:21:28.070+0000] {processor.py:157} INFO - Started process (PID=1077) to work on /home/airflow/.local/lib/python3.8/site-packages/airflow/example_dags/example_xcomargs.py
[2025-02-07T13:21:28.073+0000] {processor.py:829} INFO - Processing file /home/airflow/.local/lib/python3.8/site-packages/airflow/example_dags/example_xcomargs.py for tasks to queue
[2025-02-07T13:21:28.074+0000] {logging_mixin.py:154} INFO - [2025-02-07T13:21:28.074+0000] {dagbag.py:536} INFO - Filling up the DagBag from /home/airflow/.local/lib/python3.8/site-packages/airflow/example_dags/example_xcomargs.py
[2025-02-07T13:21:28.097+0000] {processor.py:839} INFO - DAG(s) dict_keys(['example_xcom_args', 'example_xcom_args_with_operators']) retrieved from /home/airflow/.local/lib/python3.8/site-packages/airflow/example_dags/example_xcomargs.py
[2025-02-07T13:21:28.171+0000] {logging_mixin.py:154} INFO - [2025-02-07T13:21:28.171+0000] {dag.py:2941} INFO - Sync 2 DAGs
[2025-02-07T13:21:28.216+0000] {logging_mixin.py:154} INFO - [2025-02-07T13:21:28.215+0000] {dag.py:3722} INFO - Setting next_dagrun for example_xcom_args to None, run_after=None
[2025-02-07T13:21:28.227+0000] {logging_mixin.py:154} INFO - [2025-02-07T13:21:28.227+0000] {dag.py:3722} INFO - Setting next_dagrun for example_xcom_args_with_operators to None, run_after=None
[2025-02-07T13:21:28.276+0000] {processor.py:179} INFO - Processing /home/airflow/.local/lib/python3.8/site-packages/airflow/example_dags/example_xcomargs.py took 0.218 seconds
[2025-02-07T13:21:59.613+0000] {processor.py:157} INFO - Started process (PID=1320) to work on /home/airflow/.local/lib/python3.8/site-packages/airflow/example_dags/example_xcomargs.py
[2025-02-07T13:21:59.616+0000] {processor.py:829} INFO - Processing file /home/airflow/.local/lib/python3.8/site-packages/airflow/example_dags/example_xcomargs.py for tasks to queue
[2025-02-07T13:21:59.623+0000] {logging_mixin.py:154} INFO - [2025-02-07T13:21:59.620+0000] {dagbag.py:536} INFO - Filling up the DagBag from /home/airflow/.local/lib/python3.8/site-packages/airflow/example_dags/example_xcomargs.py
[2025-02-07T13:21:59.654+0000] {processor.py:839} INFO - DAG(s) dict_keys(['example_xcom_args_with_operators', 'example_xcom_args']) retrieved from /home/airflow/.local/lib/python3.8/site-packages/airflow/example_dags/example_xcomargs.py
[2025-02-07T13:21:59.755+0000] {logging_mixin.py:154} INFO - [2025-02-07T13:21:59.754+0000] {dag.py:2941} INFO - Sync 2 DAGs
[2025-02-07T13:21:59.797+0000] {logging_mixin.py:154} INFO - [2025-02-07T13:21:59.796+0000] {dag.py:3722} INFO - Setting next_dagrun for example_xcom_args to None, run_after=None
[2025-02-07T13:21:59.807+0000] {logging_mixin.py:154} INFO - [2025-02-07T13:21:59.807+0000] {dag.py:3722} INFO - Setting next_dagrun for example_xcom_args_with_operators to None, run_after=None
[2025-02-07T13:21:59.877+0000] {processor.py:179} INFO - Processing /home/airflow/.local/lib/python3.8/site-packages/airflow/example_dags/example_xcomargs.py took 0.275 seconds
[2025-02-07T13:22:31.217+0000] {processor.py:157} INFO - Started process (PID=1565) to work on /home/airflow/.local/lib/python3.8/site-packages/airflow/example_dags/example_xcomargs.py
[2025-02-07T13:22:31.222+0000] {processor.py:829} INFO - Processing file /home/airflow/.local/lib/python3.8/site-packages/airflow/example_dags/example_xcomargs.py for tasks to queue
[2025-02-07T13:22:31.225+0000] {logging_mixin.py:154} INFO - [2025-02-07T13:22:31.223+0000] {dagbag.py:536} INFO - Filling up the DagBag from /home/airflow/.local/lib/python3.8/site-packages/airflow/example_dags/example_xcomargs.py
[2025-02-07T13:22:31.250+0000] {processor.py:839} INFO - DAG(s) dict_keys(['example_xcom_args_with_operators', 'example_xcom_args']) retrieved from /home/airflow/.local/lib/python3.8/site-packages/airflow/example_dags/example_xcomargs.py
[2025-02-07T13:22:31.344+0000] {logging_mixin.py:154} INFO - [2025-02-07T13:22:31.343+0000] {dag.py:2941} INFO - Sync 2 DAGs
[2025-02-07T13:22:31.388+0000] {logging_mixin.py:154} INFO - [2025-02-07T13:22:31.388+0000] {dag.py:3722} INFO - Setting next_dagrun for example_xcom_args to None, run_after=None
[2025-02-07T13:22:31.397+0000] {logging_mixin.py:154} INFO - [2025-02-07T13:22:31.397+0000] {dag.py:3722} INFO - Setting next_dagrun for example_xcom_args_with_operators to None, run_after=None
[2025-02-07T13:22:31.454+0000] {processor.py:179} INFO - Processing /home/airflow/.local/lib/python3.8/site-packages/airflow/example_dags/example_xcomargs.py took 0.252 seconds
[2025-02-07T13:23:01.716+0000] {processor.py:157} INFO - Started process (PID=1805) to work on /home/airflow/.local/lib/python3.8/site-packages/airflow/example_dags/example_xcomargs.py
[2025-02-07T13:23:01.720+0000] {processor.py:829} INFO - Processing file /home/airflow/.local/lib/python3.8/site-packages/airflow/example_dags/example_xcomargs.py for tasks to queue
[2025-02-07T13:23:01.722+0000] {logging_mixin.py:154} INFO - [2025-02-07T13:23:01.722+0000] {dagbag.py:536} INFO - Filling up the DagBag from /home/airflow/.local/lib/python3.8/site-packages/airflow/example_dags/example_xcomargs.py
[2025-02-07T13:23:01.735+0000] {processor.py:839} INFO - DAG(s) dict_keys(['example_xcom_args_with_operators', 'example_xcom_args']) retrieved from /home/airflow/.local/lib/python3.8/site-packages/airflow/example_dags/example_xcomargs.py
[2025-02-07T13:23:01.770+0000] {logging_mixin.py:154} INFO - [2025-02-07T13:23:01.769+0000] {dag.py:2941} INFO - Sync 2 DAGs
[2025-02-07T13:23:01.785+0000] {logging_mixin.py:154} INFO - [2025-02-07T13:23:01.784+0000] {dag.py:3722} INFO - Setting next_dagrun for example_xcom_args to None, run_after=None
[2025-02-07T13:23:01.789+0000] {logging_mixin.py:154} INFO - [2025-02-07T13:23:01.788+0000] {dag.py:3722} INFO - Setting next_dagrun for example_xcom_args_with_operators to None, run_after=None
[2025-02-07T13:23:01.803+0000] {processor.py:179} INFO - Processing /home/airflow/.local/lib/python3.8/site-packages/airflow/example_dags/example_xcomargs.py took 0.093 seconds
[2025-02-07T13:23:33.630+0000] {processor.py:157} INFO - Started process (PID=2049) to work on /home/airflow/.local/lib/python3.8/site-packages/airflow/example_dags/example_xcomargs.py
[2025-02-07T13:23:33.634+0000] {processor.py:829} INFO - Processing file /home/airflow/.local/lib/python3.8/site-packages/airflow/example_dags/example_xcomargs.py for tasks to queue
[2025-02-07T13:23:33.637+0000] {logging_mixin.py:154} INFO - [2025-02-07T13:23:33.636+0000] {dagbag.py:536} INFO - Filling up the DagBag from /home/airflow/.local/lib/python3.8/site-packages/airflow/example_dags/example_xcomargs.py
[2025-02-07T13:23:33.666+0000] {processor.py:839} INFO - DAG(s) dict_keys(['example_xcom_args', 'example_xcom_args_with_operators']) retrieved from /home/airflow/.local/lib/python3.8/site-packages/airflow/example_dags/example_xcomargs.py
[2025-02-07T13:23:33.747+0000] {logging_mixin.py:154} INFO - [2025-02-07T13:23:33.746+0000] {dag.py:2941} INFO - Sync 2 DAGs
[2025-02-07T13:23:33.795+0000] {logging_mixin.py:154} INFO - [2025-02-07T13:23:33.793+0000] {dag.py:3722} INFO - Setting next_dagrun for example_xcom_args to None, run_after=None
[2025-02-07T13:23:33.803+0000] {logging_mixin.py:154} INFO - [2025-02-07T13:23:33.803+0000] {dag.py:3722} INFO - Setting next_dagrun for example_xcom_args_with_operators to None, run_after=None
[2025-02-07T13:23:33.854+0000] {processor.py:179} INFO - Processing /home/airflow/.local/lib/python3.8/site-packages/airflow/example_dags/example_xcomargs.py took 0.234 seconds
[2025-02-07T13:24:04.825+0000] {processor.py:157} INFO - Started process (PID=2292) to work on /home/airflow/.local/lib/python3.8/site-packages/airflow/example_dags/example_xcomargs.py
[2025-02-07T13:24:04.830+0000] {processor.py:829} INFO - Processing file /home/airflow/.local/lib/python3.8/site-packages/airflow/example_dags/example_xcomargs.py for tasks to queue
[2025-02-07T13:24:04.835+0000] {logging_mixin.py:154} INFO - [2025-02-07T13:24:04.834+0000] {dagbag.py:536} INFO - Filling up the DagBag from /home/airflow/.local/lib/python3.8/site-packages/airflow/example_dags/example_xcomargs.py
[2025-02-07T13:24:04.862+0000] {processor.py:839} INFO - DAG(s) dict_keys(['example_xcom_args', 'example_xcom_args_with_operators']) retrieved from /home/airflow/.local/lib/python3.8/site-packages/airflow/example_dags/example_xcomargs.py
[2025-02-07T13:24:04.945+0000] {logging_mixin.py:154} INFO - [2025-02-07T13:24:04.944+0000] {dag.py:2941} INFO - Sync 2 DAGs
[2025-02-07T13:24:04.988+0000] {logging_mixin.py:154} INFO - [2025-02-07T13:24:04.987+0000] {dag.py:3722} INFO - Setting next_dagrun for example_xcom_args to None, run_after=None
[2025-02-07T13:24:04.998+0000] {logging_mixin.py:154} INFO - [2025-02-07T13:24:04.997+0000] {dag.py:3722} INFO - Setting next_dagrun for example_xcom_args_with_operators to None, run_after=None
[2025-02-07T13:24:05.046+0000] {processor.py:179} INFO - Processing /home/airflow/.local/lib/python3.8/site-packages/airflow/example_dags/example_xcomargs.py took 0.231 seconds
[2025-02-07T13:24:35.460+0000] {processor.py:157} INFO - Started process (PID=2535) to work on /home/airflow/.local/lib/python3.8/site-packages/airflow/example_dags/example_xcomargs.py
[2025-02-07T13:24:35.464+0000] {processor.py:829} INFO - Processing file /home/airflow/.local/lib/python3.8/site-packages/airflow/example_dags/example_xcomargs.py for tasks to queue
[2025-02-07T13:24:35.466+0000] {logging_mixin.py:154} INFO - [2025-02-07T13:24:35.465+0000] {dagbag.py:536} INFO - Filling up the DagBag from /home/airflow/.local/lib/python3.8/site-packages/airflow/example_dags/example_xcomargs.py
[2025-02-07T13:24:35.490+0000] {processor.py:839} INFO - DAG(s) dict_keys(['example_xcom_args', 'example_xcom_args_with_operators']) retrieved from /home/airflow/.local/lib/python3.8/site-packages/airflow/example_dags/example_xcomargs.py
[2025-02-07T13:24:35.562+0000] {logging_mixin.py:154} INFO - [2025-02-07T13:24:35.561+0000] {dag.py:2941} INFO - Sync 2 DAGs
[2025-02-07T13:24:35.611+0000] {logging_mixin.py:154} INFO - [2025-02-07T13:24:35.610+0000] {dag.py:3722} INFO - Setting next_dagrun for example_xcom_args to None, run_after=None
[2025-02-07T13:24:35.619+0000] {logging_mixin.py:154} INFO - [2025-02-07T13:24:35.619+0000] {dag.py:3722} INFO - Setting next_dagrun for example_xcom_args_with_operators to None, run_after=None
[2025-02-07T13:24:35.673+0000] {processor.py:179} INFO - Processing /home/airflow/.local/lib/python3.8/site-packages/airflow/example_dags/example_xcomargs.py took 0.224 seconds
[2025-02-07T13:25:05.891+0000] {processor.py:157} INFO - Started process (PID=2776) to work on /home/airflow/.local/lib/python3.8/site-packages/airflow/example_dags/example_xcomargs.py
[2025-02-07T13:25:05.894+0000] {processor.py:829} INFO - Processing file /home/airflow/.local/lib/python3.8/site-packages/airflow/example_dags/example_xcomargs.py for tasks to queue
[2025-02-07T13:25:05.896+0000] {logging_mixin.py:154} INFO - [2025-02-07T13:25:05.895+0000] {dagbag.py:536} INFO - Filling up the DagBag from /home/airflow/.local/lib/python3.8/site-packages/airflow/example_dags/example_xcomargs.py
[2025-02-07T13:25:05.924+0000] {processor.py:839} INFO - DAG(s) dict_keys(['example_xcom_args', 'example_xcom_args_with_operators']) retrieved from /home/airflow/.local/lib/python3.8/site-packages/airflow/example_dags/example_xcomargs.py
[2025-02-07T13:25:06.039+0000] {logging_mixin.py:154} INFO - [2025-02-07T13:25:06.039+0000] {dag.py:2941} INFO - Sync 2 DAGs
[2025-02-07T13:25:06.090+0000] {logging_mixin.py:154} INFO - [2025-02-07T13:25:06.089+0000] {dag.py:3722} INFO - Setting next_dagrun for example_xcom_args to None, run_after=None
[2025-02-07T13:25:06.104+0000] {logging_mixin.py:154} INFO - [2025-02-07T13:25:06.103+0000] {dag.py:3722} INFO - Setting next_dagrun for example_xcom_args_with_operators to None, run_after=None
[2025-02-07T13:25:06.186+0000] {processor.py:179} INFO - Processing /home/airflow/.local/lib/python3.8/site-packages/airflow/example_dags/example_xcomargs.py took 0.304 seconds
[2025-02-07T13:27:10.182+0000] {processor.py:157} INFO - Started process (PID=346) to work on /home/airflow/.local/lib/python3.8/site-packages/airflow/example_dags/example_xcomargs.py
[2025-02-07T13:27:10.184+0000] {processor.py:829} INFO - Processing file /home/airflow/.local/lib/python3.8/site-packages/airflow/example_dags/example_xcomargs.py for tasks to queue
[2025-02-07T13:27:10.184+0000] {logging_mixin.py:154} INFO - [2025-02-07T13:27:10.184+0000] {dagbag.py:536} INFO - Filling up the DagBag from /home/airflow/.local/lib/python3.8/site-packages/airflow/example_dags/example_xcomargs.py
[2025-02-07T13:27:10.211+0000] {processor.py:839} INFO - DAG(s) dict_keys(['example_xcom_args_with_operators', 'example_xcom_args']) retrieved from /home/airflow/.local/lib/python3.8/site-packages/airflow/example_dags/example_xcomargs.py
[2025-02-07T13:27:10.243+0000] {logging_mixin.py:154} INFO - [2025-02-07T13:27:10.243+0000] {dag.py:2941} INFO - Sync 2 DAGs
[2025-02-07T13:27:10.293+0000] {logging_mixin.py:154} INFO - [2025-02-07T13:27:10.293+0000] {dag.py:3722} INFO - Setting next_dagrun for example_xcom_args to None, run_after=None
[2025-02-07T13:27:10.308+0000] {logging_mixin.py:154} INFO - [2025-02-07T13:27:10.307+0000] {dag.py:3722} INFO - Setting next_dagrun for example_xcom_args_with_operators to None, run_after=None
[2025-02-07T13:27:10.364+0000] {processor.py:179} INFO - Processing /home/airflow/.local/lib/python3.8/site-packages/airflow/example_dags/example_xcomargs.py took 0.189 seconds
[2025-02-07T21:29:18.661+0000] {processor.py:157} INFO - Started process (PID=348) to work on /home/airflow/.local/lib/python3.8/site-packages/airflow/example_dags/example_xcomargs.py
[2025-02-07T21:29:18.665+0000] {processor.py:829} INFO - Processing file /home/airflow/.local/lib/python3.8/site-packages/airflow/example_dags/example_xcomargs.py for tasks to queue
[2025-02-07T21:29:18.669+0000] {logging_mixin.py:154} INFO - [2025-02-07T21:29:18.668+0000] {dagbag.py:536} INFO - Filling up the DagBag from /home/airflow/.local/lib/python3.8/site-packages/airflow/example_dags/example_xcomargs.py
[2025-02-07T21:29:18.703+0000] {processor.py:839} INFO - DAG(s) dict_keys(['example_xcom_args', 'example_xcom_args_with_operators']) retrieved from /home/airflow/.local/lib/python3.8/site-packages/airflow/example_dags/example_xcomargs.py
[2025-02-07T21:29:18.810+0000] {logging_mixin.py:154} INFO - [2025-02-07T21:29:18.809+0000] {dag.py:2941} INFO - Sync 2 DAGs
[2025-02-07T21:29:18.907+0000] {logging_mixin.py:154} INFO - [2025-02-07T21:29:18.907+0000] {dag.py:3722} INFO - Setting next_dagrun for example_xcom_args to None, run_after=None
[2025-02-07T21:29:18.922+0000] {logging_mixin.py:154} INFO - [2025-02-07T21:29:18.922+0000] {dag.py:3722} INFO - Setting next_dagrun for example_xcom_args_with_operators to None, run_after=None
[2025-02-07T21:29:18.982+0000] {processor.py:179} INFO - Processing /home/airflow/.local/lib/python3.8/site-packages/airflow/example_dags/example_xcomargs.py took 0.336 seconds
[2025-02-07T21:29:49.082+0000] {processor.py:157} INFO - Started process (PID=589) to work on /home/airflow/.local/lib/python3.8/site-packages/airflow/example_dags/example_xcomargs.py
[2025-02-07T21:29:49.085+0000] {processor.py:829} INFO - Processing file /home/airflow/.local/lib/python3.8/site-packages/airflow/example_dags/example_xcomargs.py for tasks to queue
[2025-02-07T21:29:49.088+0000] {logging_mixin.py:154} INFO - [2025-02-07T21:29:49.087+0000] {dagbag.py:536} INFO - Filling up the DagBag from /home/airflow/.local/lib/python3.8/site-packages/airflow/example_dags/example_xcomargs.py
[2025-02-07T21:29:49.109+0000] {processor.py:839} INFO - DAG(s) dict_keys(['example_xcom_args', 'example_xcom_args_with_operators']) retrieved from /home/airflow/.local/lib/python3.8/site-packages/airflow/example_dags/example_xcomargs.py
[2025-02-07T21:29:49.174+0000] {logging_mixin.py:154} INFO - [2025-02-07T21:29:49.174+0000] {dag.py:2941} INFO - Sync 2 DAGs
[2025-02-07T21:29:49.207+0000] {logging_mixin.py:154} INFO - [2025-02-07T21:29:49.207+0000] {dag.py:3722} INFO - Setting next_dagrun for example_xcom_args to None, run_after=None
[2025-02-07T21:29:49.215+0000] {logging_mixin.py:154} INFO - [2025-02-07T21:29:49.214+0000] {dag.py:3722} INFO - Setting next_dagrun for example_xcom_args_with_operators to None, run_after=None
[2025-02-07T21:29:49.256+0000] {processor.py:179} INFO - Processing /home/airflow/.local/lib/python3.8/site-packages/airflow/example_dags/example_xcomargs.py took 0.183 seconds
