[2025-02-07T13:19:49.489+0000] {processor.py:157} INFO - Started process (PID=253) to work on /home/airflow/.local/lib/python3.8/site-packages/airflow/example_dags/example_dynamic_task_mapping_with_no_taskflow_operators.py
[2025-02-07T13:19:49.491+0000] {processor.py:829} INFO - Processing file /home/airflow/.local/lib/python3.8/site-packages/airflow/example_dags/example_dynamic_task_mapping_with_no_taskflow_operators.py for tasks to queue
[2025-02-07T13:19:49.493+0000] {logging_mixin.py:154} INFO - [2025-02-07T13:19:49.492+0000] {dagbag.py:536} INFO - Filling up the DagBag from /home/airflow/.local/lib/python3.8/site-packages/airflow/example_dags/example_dynamic_task_mapping_with_no_taskflow_operators.py
[2025-02-07T13:19:49.523+0000] {processor.py:839} INFO - DAG(s) dict_keys(['example_dynamic_task_mapping_with_no_taskflow_operators']) retrieved from /home/airflow/.local/lib/python3.8/site-packages/airflow/example_dags/example_dynamic_task_mapping_with_no_taskflow_operators.py
[2025-02-07T13:19:49.607+0000] {logging_mixin.py:154} INFO - [2025-02-07T13:19:49.606+0000] {dag.py:2941} INFO - Sync 1 DAGs
[2025-02-07T13:19:49.672+0000] {logging_mixin.py:154} INFO - [2025-02-07T13:19:49.671+0000] {dag.py:3722} INFO - Setting next_dagrun for example_dynamic_task_mapping_with_no_taskflow_operators to 2025-02-06T13:19:49.670978+00:00, run_after=2025-02-07T13:19:49.670978+00:00
[2025-02-07T13:19:49.724+0000] {processor.py:179} INFO - Processing /home/airflow/.local/lib/python3.8/site-packages/airflow/example_dags/example_dynamic_task_mapping_with_no_taskflow_operators.py took 0.246 seconds
[2025-02-07T13:20:20.951+0000] {processor.py:157} INFO - Started process (PID=496) to work on /home/airflow/.local/lib/python3.8/site-packages/airflow/example_dags/example_dynamic_task_mapping_with_no_taskflow_operators.py
[2025-02-07T13:20:20.954+0000] {processor.py:829} INFO - Processing file /home/airflow/.local/lib/python3.8/site-packages/airflow/example_dags/example_dynamic_task_mapping_with_no_taskflow_operators.py for tasks to queue
[2025-02-07T13:20:20.956+0000] {logging_mixin.py:154} INFO - [2025-02-07T13:20:20.955+0000] {dagbag.py:536} INFO - Filling up the DagBag from /home/airflow/.local/lib/python3.8/site-packages/airflow/example_dags/example_dynamic_task_mapping_with_no_taskflow_operators.py
[2025-02-07T13:20:20.978+0000] {processor.py:839} INFO - DAG(s) dict_keys(['example_dynamic_task_mapping_with_no_taskflow_operators']) retrieved from /home/airflow/.local/lib/python3.8/site-packages/airflow/example_dags/example_dynamic_task_mapping_with_no_taskflow_operators.py
[2025-02-07T13:20:21.049+0000] {logging_mixin.py:154} INFO - [2025-02-07T13:20:21.049+0000] {dag.py:2941} INFO - Sync 1 DAGs
[2025-02-07T13:20:21.124+0000] {logging_mixin.py:154} INFO - [2025-02-07T13:20:21.123+0000] {dag.py:3722} INFO - Setting next_dagrun for example_dynamic_task_mapping_with_no_taskflow_operators to 2025-02-06T13:20:21.122905+00:00, run_after=2025-02-07T13:20:21.122905+00:00
[2025-02-07T13:20:21.173+0000] {processor.py:179} INFO - Processing /home/airflow/.local/lib/python3.8/site-packages/airflow/example_dags/example_dynamic_task_mapping_with_no_taskflow_operators.py took 0.233 seconds
[2025-02-07T13:20:51.599+0000] {processor.py:157} INFO - Started process (PID=741) to work on /home/airflow/.local/lib/python3.8/site-packages/airflow/example_dags/example_dynamic_task_mapping_with_no_taskflow_operators.py
[2025-02-07T13:20:51.601+0000] {processor.py:829} INFO - Processing file /home/airflow/.local/lib/python3.8/site-packages/airflow/example_dags/example_dynamic_task_mapping_with_no_taskflow_operators.py for tasks to queue
[2025-02-07T13:20:51.603+0000] {logging_mixin.py:154} INFO - [2025-02-07T13:20:51.602+0000] {dagbag.py:536} INFO - Filling up the DagBag from /home/airflow/.local/lib/python3.8/site-packages/airflow/example_dags/example_dynamic_task_mapping_with_no_taskflow_operators.py
[2025-02-07T13:20:51.622+0000] {processor.py:839} INFO - DAG(s) dict_keys(['example_dynamic_task_mapping_with_no_taskflow_operators']) retrieved from /home/airflow/.local/lib/python3.8/site-packages/airflow/example_dags/example_dynamic_task_mapping_with_no_taskflow_operators.py
[2025-02-07T13:20:51.677+0000] {logging_mixin.py:154} INFO - [2025-02-07T13:20:51.676+0000] {dag.py:2941} INFO - Sync 1 DAGs
[2025-02-07T13:20:51.742+0000] {logging_mixin.py:154} INFO - [2025-02-07T13:20:51.741+0000] {dag.py:3722} INFO - Setting next_dagrun for example_dynamic_task_mapping_with_no_taskflow_operators to 2025-02-06T13:20:51.740576+00:00, run_after=2025-02-07T13:20:51.740576+00:00
[2025-02-07T13:20:51.793+0000] {processor.py:179} INFO - Processing /home/airflow/.local/lib/python3.8/site-packages/airflow/example_dags/example_dynamic_task_mapping_with_no_taskflow_operators.py took 0.202 seconds
[2025-02-07T13:21:22.601+0000] {processor.py:157} INFO - Started process (PID=982) to work on /home/airflow/.local/lib/python3.8/site-packages/airflow/example_dags/example_dynamic_task_mapping_with_no_taskflow_operators.py
[2025-02-07T13:21:22.603+0000] {processor.py:829} INFO - Processing file /home/airflow/.local/lib/python3.8/site-packages/airflow/example_dags/example_dynamic_task_mapping_with_no_taskflow_operators.py for tasks to queue
[2025-02-07T13:21:22.605+0000] {logging_mixin.py:154} INFO - [2025-02-07T13:21:22.604+0000] {dagbag.py:536} INFO - Filling up the DagBag from /home/airflow/.local/lib/python3.8/site-packages/airflow/example_dags/example_dynamic_task_mapping_with_no_taskflow_operators.py
[2025-02-07T13:21:22.630+0000] {processor.py:839} INFO - DAG(s) dict_keys(['example_dynamic_task_mapping_with_no_taskflow_operators']) retrieved from /home/airflow/.local/lib/python3.8/site-packages/airflow/example_dags/example_dynamic_task_mapping_with_no_taskflow_operators.py
[2025-02-07T13:21:22.704+0000] {logging_mixin.py:154} INFO - [2025-02-07T13:21:22.704+0000] {dag.py:2941} INFO - Sync 1 DAGs
[2025-02-07T13:21:22.767+0000] {logging_mixin.py:154} INFO - [2025-02-07T13:21:22.767+0000] {dag.py:3722} INFO - Setting next_dagrun for example_dynamic_task_mapping_with_no_taskflow_operators to 2025-02-06T13:21:22.766148+00:00, run_after=2025-02-07T13:21:22.766148+00:00
[2025-02-07T13:21:22.818+0000] {processor.py:179} INFO - Processing /home/airflow/.local/lib/python3.8/site-packages/airflow/example_dags/example_dynamic_task_mapping_with_no_taskflow_operators.py took 0.227 seconds
[2025-02-07T13:21:54.145+0000] {processor.py:157} INFO - Started process (PID=1227) to work on /home/airflow/.local/lib/python3.8/site-packages/airflow/example_dags/example_dynamic_task_mapping_with_no_taskflow_operators.py
[2025-02-07T13:21:54.148+0000] {processor.py:829} INFO - Processing file /home/airflow/.local/lib/python3.8/site-packages/airflow/example_dags/example_dynamic_task_mapping_with_no_taskflow_operators.py for tasks to queue
[2025-02-07T13:21:54.149+0000] {logging_mixin.py:154} INFO - [2025-02-07T13:21:54.149+0000] {dagbag.py:536} INFO - Filling up the DagBag from /home/airflow/.local/lib/python3.8/site-packages/airflow/example_dags/example_dynamic_task_mapping_with_no_taskflow_operators.py
[2025-02-07T13:21:54.168+0000] {processor.py:839} INFO - DAG(s) dict_keys(['example_dynamic_task_mapping_with_no_taskflow_operators']) retrieved from /home/airflow/.local/lib/python3.8/site-packages/airflow/example_dags/example_dynamic_task_mapping_with_no_taskflow_operators.py
[2025-02-07T13:21:54.240+0000] {logging_mixin.py:154} INFO - [2025-02-07T13:21:54.239+0000] {dag.py:2941} INFO - Sync 1 DAGs
[2025-02-07T13:21:54.317+0000] {logging_mixin.py:154} INFO - [2025-02-07T13:21:54.317+0000] {dag.py:3722} INFO - Setting next_dagrun for example_dynamic_task_mapping_with_no_taskflow_operators to 2025-02-06T13:21:54.316239+00:00, run_after=2025-02-07T13:21:54.316239+00:00
[2025-02-07T13:21:54.378+0000] {processor.py:179} INFO - Processing /home/airflow/.local/lib/python3.8/site-packages/airflow/example_dags/example_dynamic_task_mapping_with_no_taskflow_operators.py took 0.243 seconds
[2025-02-07T13:22:25.239+0000] {processor.py:157} INFO - Started process (PID=1468) to work on /home/airflow/.local/lib/python3.8/site-packages/airflow/example_dags/example_dynamic_task_mapping_with_no_taskflow_operators.py
[2025-02-07T13:22:25.242+0000] {processor.py:829} INFO - Processing file /home/airflow/.local/lib/python3.8/site-packages/airflow/example_dags/example_dynamic_task_mapping_with_no_taskflow_operators.py for tasks to queue
[2025-02-07T13:22:25.245+0000] {logging_mixin.py:154} INFO - [2025-02-07T13:22:25.245+0000] {dagbag.py:536} INFO - Filling up the DagBag from /home/airflow/.local/lib/python3.8/site-packages/airflow/example_dags/example_dynamic_task_mapping_with_no_taskflow_operators.py
[2025-02-07T13:22:25.273+0000] {processor.py:839} INFO - DAG(s) dict_keys(['example_dynamic_task_mapping_with_no_taskflow_operators']) retrieved from /home/airflow/.local/lib/python3.8/site-packages/airflow/example_dags/example_dynamic_task_mapping_with_no_taskflow_operators.py
[2025-02-07T13:22:25.346+0000] {logging_mixin.py:154} INFO - [2025-02-07T13:22:25.345+0000] {dag.py:2941} INFO - Sync 1 DAGs
[2025-02-07T13:22:25.413+0000] {logging_mixin.py:154} INFO - [2025-02-07T13:22:25.412+0000] {dag.py:3722} INFO - Setting next_dagrun for example_dynamic_task_mapping_with_no_taskflow_operators to 2025-02-06T13:22:25.411728+00:00, run_after=2025-02-07T13:22:25.411728+00:00
[2025-02-07T13:22:25.464+0000] {processor.py:179} INFO - Processing /home/airflow/.local/lib/python3.8/site-packages/airflow/example_dags/example_dynamic_task_mapping_with_no_taskflow_operators.py took 0.238 seconds
[2025-02-07T13:22:56.825+0000] {processor.py:157} INFO - Started process (PID=1711) to work on /home/airflow/.local/lib/python3.8/site-packages/airflow/example_dags/example_dynamic_task_mapping_with_no_taskflow_operators.py
[2025-02-07T13:22:56.828+0000] {processor.py:829} INFO - Processing file /home/airflow/.local/lib/python3.8/site-packages/airflow/example_dags/example_dynamic_task_mapping_with_no_taskflow_operators.py for tasks to queue
[2025-02-07T13:22:56.830+0000] {logging_mixin.py:154} INFO - [2025-02-07T13:22:56.830+0000] {dagbag.py:536} INFO - Filling up the DagBag from /home/airflow/.local/lib/python3.8/site-packages/airflow/example_dags/example_dynamic_task_mapping_with_no_taskflow_operators.py
[2025-02-07T13:22:56.854+0000] {processor.py:839} INFO - DAG(s) dict_keys(['example_dynamic_task_mapping_with_no_taskflow_operators']) retrieved from /home/airflow/.local/lib/python3.8/site-packages/airflow/example_dags/example_dynamic_task_mapping_with_no_taskflow_operators.py
[2025-02-07T13:22:56.927+0000] {logging_mixin.py:154} INFO - [2025-02-07T13:22:56.926+0000] {dag.py:2941} INFO - Sync 1 DAGs
[2025-02-07T13:22:56.997+0000] {logging_mixin.py:154} INFO - [2025-02-07T13:22:56.996+0000] {dag.py:3722} INFO - Setting next_dagrun for example_dynamic_task_mapping_with_no_taskflow_operators to 2025-02-06T13:22:56.996132+00:00, run_after=2025-02-07T13:22:56.996132+00:00
[2025-02-07T13:22:57.052+0000] {processor.py:179} INFO - Processing /home/airflow/.local/lib/python3.8/site-packages/airflow/example_dags/example_dynamic_task_mapping_with_no_taskflow_operators.py took 0.237 seconds
[2025-02-07T13:23:27.257+0000] {processor.py:157} INFO - Started process (PID=1954) to work on /home/airflow/.local/lib/python3.8/site-packages/airflow/example_dags/example_dynamic_task_mapping_with_no_taskflow_operators.py
[2025-02-07T13:23:27.260+0000] {processor.py:829} INFO - Processing file /home/airflow/.local/lib/python3.8/site-packages/airflow/example_dags/example_dynamic_task_mapping_with_no_taskflow_operators.py for tasks to queue
[2025-02-07T13:23:27.262+0000] {logging_mixin.py:154} INFO - [2025-02-07T13:23:27.261+0000] {dagbag.py:536} INFO - Filling up the DagBag from /home/airflow/.local/lib/python3.8/site-packages/airflow/example_dags/example_dynamic_task_mapping_with_no_taskflow_operators.py
[2025-02-07T13:23:27.286+0000] {processor.py:839} INFO - DAG(s) dict_keys(['example_dynamic_task_mapping_with_no_taskflow_operators']) retrieved from /home/airflow/.local/lib/python3.8/site-packages/airflow/example_dags/example_dynamic_task_mapping_with_no_taskflow_operators.py
[2025-02-07T13:23:27.363+0000] {logging_mixin.py:154} INFO - [2025-02-07T13:23:27.363+0000] {dag.py:2941} INFO - Sync 1 DAGs
[2025-02-07T13:23:27.434+0000] {logging_mixin.py:154} INFO - [2025-02-07T13:23:27.433+0000] {dag.py:3722} INFO - Setting next_dagrun for example_dynamic_task_mapping_with_no_taskflow_operators to 2025-02-06T13:23:27.433010+00:00, run_after=2025-02-07T13:23:27.433010+00:00
[2025-02-07T13:23:27.486+0000] {processor.py:179} INFO - Processing /home/airflow/.local/lib/python3.8/site-packages/airflow/example_dags/example_dynamic_task_mapping_with_no_taskflow_operators.py took 0.240 seconds
[2025-02-07T13:23:57.620+0000] {processor.py:157} INFO - Started process (PID=2194) to work on /home/airflow/.local/lib/python3.8/site-packages/airflow/example_dags/example_dynamic_task_mapping_with_no_taskflow_operators.py
[2025-02-07T13:23:57.622+0000] {processor.py:829} INFO - Processing file /home/airflow/.local/lib/python3.8/site-packages/airflow/example_dags/example_dynamic_task_mapping_with_no_taskflow_operators.py for tasks to queue
[2025-02-07T13:23:57.624+0000] {logging_mixin.py:154} INFO - [2025-02-07T13:23:57.623+0000] {dagbag.py:536} INFO - Filling up the DagBag from /home/airflow/.local/lib/python3.8/site-packages/airflow/example_dags/example_dynamic_task_mapping_with_no_taskflow_operators.py
[2025-02-07T13:23:57.646+0000] {processor.py:839} INFO - DAG(s) dict_keys(['example_dynamic_task_mapping_with_no_taskflow_operators']) retrieved from /home/airflow/.local/lib/python3.8/site-packages/airflow/example_dags/example_dynamic_task_mapping_with_no_taskflow_operators.py
[2025-02-07T13:23:57.727+0000] {logging_mixin.py:154} INFO - [2025-02-07T13:23:57.726+0000] {dag.py:2941} INFO - Sync 1 DAGs
[2025-02-07T13:23:57.798+0000] {logging_mixin.py:154} INFO - [2025-02-07T13:23:57.797+0000] {dag.py:3722} INFO - Setting next_dagrun for example_dynamic_task_mapping_with_no_taskflow_operators to 2025-02-06T13:23:57.796962+00:00, run_after=2025-02-07T13:23:57.796962+00:00
[2025-02-07T13:23:57.863+0000] {processor.py:179} INFO - Processing /home/airflow/.local/lib/python3.8/site-packages/airflow/example_dags/example_dynamic_task_mapping_with_no_taskflow_operators.py took 0.255 seconds
[2025-02-07T13:24:28.115+0000] {processor.py:157} INFO - Started process (PID=2437) to work on /home/airflow/.local/lib/python3.8/site-packages/airflow/example_dags/example_dynamic_task_mapping_with_no_taskflow_operators.py
[2025-02-07T13:24:28.119+0000] {processor.py:829} INFO - Processing file /home/airflow/.local/lib/python3.8/site-packages/airflow/example_dags/example_dynamic_task_mapping_with_no_taskflow_operators.py for tasks to queue
[2025-02-07T13:24:28.120+0000] {logging_mixin.py:154} INFO - [2025-02-07T13:24:28.120+0000] {dagbag.py:536} INFO - Filling up the DagBag from /home/airflow/.local/lib/python3.8/site-packages/airflow/example_dags/example_dynamic_task_mapping_with_no_taskflow_operators.py
[2025-02-07T13:24:28.141+0000] {processor.py:839} INFO - DAG(s) dict_keys(['example_dynamic_task_mapping_with_no_taskflow_operators']) retrieved from /home/airflow/.local/lib/python3.8/site-packages/airflow/example_dags/example_dynamic_task_mapping_with_no_taskflow_operators.py
[2025-02-07T13:24:28.194+0000] {logging_mixin.py:154} INFO - [2025-02-07T13:24:28.193+0000] {dag.py:2941} INFO - Sync 1 DAGs
[2025-02-07T13:24:28.257+0000] {logging_mixin.py:154} INFO - [2025-02-07T13:24:28.257+0000] {dag.py:3722} INFO - Setting next_dagrun for example_dynamic_task_mapping_with_no_taskflow_operators to 2025-02-06T13:24:28.257066+00:00, run_after=2025-02-07T13:24:28.257066+00:00
[2025-02-07T13:24:28.301+0000] {processor.py:179} INFO - Processing /home/airflow/.local/lib/python3.8/site-packages/airflow/example_dags/example_dynamic_task_mapping_with_no_taskflow_operators.py took 0.197 seconds
[2025-02-07T13:24:58.798+0000] {processor.py:157} INFO - Started process (PID=2681) to work on /home/airflow/.local/lib/python3.8/site-packages/airflow/example_dags/example_dynamic_task_mapping_with_no_taskflow_operators.py
[2025-02-07T13:24:58.803+0000] {processor.py:829} INFO - Processing file /home/airflow/.local/lib/python3.8/site-packages/airflow/example_dags/example_dynamic_task_mapping_with_no_taskflow_operators.py for tasks to queue
[2025-02-07T13:24:58.807+0000] {logging_mixin.py:154} INFO - [2025-02-07T13:24:58.806+0000] {dagbag.py:536} INFO - Filling up the DagBag from /home/airflow/.local/lib/python3.8/site-packages/airflow/example_dags/example_dynamic_task_mapping_with_no_taskflow_operators.py
[2025-02-07T13:24:58.885+0000] {processor.py:839} INFO - DAG(s) dict_keys(['example_dynamic_task_mapping_with_no_taskflow_operators']) retrieved from /home/airflow/.local/lib/python3.8/site-packages/airflow/example_dags/example_dynamic_task_mapping_with_no_taskflow_operators.py
[2025-02-07T13:24:58.950+0000] {logging_mixin.py:154} INFO - [2025-02-07T13:24:58.950+0000] {dag.py:2941} INFO - Sync 1 DAGs
[2025-02-07T13:24:59.024+0000] {logging_mixin.py:154} INFO - [2025-02-07T13:24:59.023+0000] {dag.py:3722} INFO - Setting next_dagrun for example_dynamic_task_mapping_with_no_taskflow_operators to 2025-02-06T13:24:59.022416+00:00, run_after=2025-02-07T13:24:59.022416+00:00
[2025-02-07T13:24:59.084+0000] {processor.py:179} INFO - Processing /home/airflow/.local/lib/python3.8/site-packages/airflow/example_dags/example_dynamic_task_mapping_with_no_taskflow_operators.py took 0.303 seconds
[2025-02-07T13:27:08.364+0000] {processor.py:157} INFO - Started process (PID=251) to work on /home/airflow/.local/lib/python3.8/site-packages/airflow/example_dags/example_dynamic_task_mapping_with_no_taskflow_operators.py
[2025-02-07T13:27:08.370+0000] {processor.py:829} INFO - Processing file /home/airflow/.local/lib/python3.8/site-packages/airflow/example_dags/example_dynamic_task_mapping_with_no_taskflow_operators.py for tasks to queue
[2025-02-07T13:27:08.372+0000] {logging_mixin.py:154} INFO - [2025-02-07T13:27:08.371+0000] {dagbag.py:536} INFO - Filling up the DagBag from /home/airflow/.local/lib/python3.8/site-packages/airflow/example_dags/example_dynamic_task_mapping_with_no_taskflow_operators.py
[2025-02-07T13:27:08.426+0000] {processor.py:839} INFO - DAG(s) dict_keys(['example_dynamic_task_mapping_with_no_taskflow_operators']) retrieved from /home/airflow/.local/lib/python3.8/site-packages/airflow/example_dags/example_dynamic_task_mapping_with_no_taskflow_operators.py
[2025-02-07T13:27:08.461+0000] {logging_mixin.py:154} INFO - [2025-02-07T13:27:08.461+0000] {dag.py:2941} INFO - Sync 1 DAGs
[2025-02-07T13:27:08.485+0000] {logging_mixin.py:154} INFO - [2025-02-07T13:27:08.485+0000] {dag.py:3722} INFO - Setting next_dagrun for example_dynamic_task_mapping_with_no_taskflow_operators to 2025-02-06T13:27:08.484999+00:00, run_after=2025-02-07T13:27:08.484999+00:00
[2025-02-07T13:27:08.500+0000] {processor.py:179} INFO - Processing /home/airflow/.local/lib/python3.8/site-packages/airflow/example_dags/example_dynamic_task_mapping_with_no_taskflow_operators.py took 0.157 seconds
[2025-02-07T21:29:12.598+0000] {processor.py:157} INFO - Started process (PID=251) to work on /home/airflow/.local/lib/python3.8/site-packages/airflow/example_dags/example_dynamic_task_mapping_with_no_taskflow_operators.py
[2025-02-07T21:29:12.605+0000] {processor.py:829} INFO - Processing file /home/airflow/.local/lib/python3.8/site-packages/airflow/example_dags/example_dynamic_task_mapping_with_no_taskflow_operators.py for tasks to queue
[2025-02-07T21:29:12.610+0000] {logging_mixin.py:154} INFO - [2025-02-07T21:29:12.609+0000] {dagbag.py:536} INFO - Filling up the DagBag from /home/airflow/.local/lib/python3.8/site-packages/airflow/example_dags/example_dynamic_task_mapping_with_no_taskflow_operators.py
[2025-02-07T21:29:12.644+0000] {processor.py:839} INFO - DAG(s) dict_keys(['example_dynamic_task_mapping_with_no_taskflow_operators']) retrieved from /home/airflow/.local/lib/python3.8/site-packages/airflow/example_dags/example_dynamic_task_mapping_with_no_taskflow_operators.py
[2025-02-07T21:29:12.749+0000] {logging_mixin.py:154} INFO - [2025-02-07T21:29:12.748+0000] {dag.py:2941} INFO - Sync 1 DAGs
[2025-02-07T21:29:12.835+0000] {logging_mixin.py:154} INFO - [2025-02-07T21:29:12.834+0000] {dag.py:3722} INFO - Setting next_dagrun for example_dynamic_task_mapping_with_no_taskflow_operators to 2025-02-06T21:29:12.833398+00:00, run_after=2025-02-07T21:29:12.833398+00:00
[2025-02-07T21:29:12.920+0000] {processor.py:179} INFO - Processing /home/airflow/.local/lib/python3.8/site-packages/airflow/example_dags/example_dynamic_task_mapping_with_no_taskflow_operators.py took 0.333 seconds
[2025-02-07T21:29:43.724+0000] {processor.py:157} INFO - Started process (PID=496) to work on /home/airflow/.local/lib/python3.8/site-packages/airflow/example_dags/example_dynamic_task_mapping_with_no_taskflow_operators.py
[2025-02-07T21:29:43.727+0000] {processor.py:829} INFO - Processing file /home/airflow/.local/lib/python3.8/site-packages/airflow/example_dags/example_dynamic_task_mapping_with_no_taskflow_operators.py for tasks to queue
[2025-02-07T21:29:43.730+0000] {logging_mixin.py:154} INFO - [2025-02-07T21:29:43.729+0000] {dagbag.py:536} INFO - Filling up the DagBag from /home/airflow/.local/lib/python3.8/site-packages/airflow/example_dags/example_dynamic_task_mapping_with_no_taskflow_operators.py
[2025-02-07T21:29:43.749+0000] {processor.py:839} INFO - DAG(s) dict_keys(['example_dynamic_task_mapping_with_no_taskflow_operators']) retrieved from /home/airflow/.local/lib/python3.8/site-packages/airflow/example_dags/example_dynamic_task_mapping_with_no_taskflow_operators.py
[2025-02-07T21:29:43.804+0000] {logging_mixin.py:154} INFO - [2025-02-07T21:29:43.804+0000] {dag.py:2941} INFO - Sync 1 DAGs
[2025-02-07T21:29:43.861+0000] {logging_mixin.py:154} INFO - [2025-02-07T21:29:43.860+0000] {dag.py:3722} INFO - Setting next_dagrun for example_dynamic_task_mapping_with_no_taskflow_operators to 2025-02-06T21:29:43.859901+00:00, run_after=2025-02-07T21:29:43.859901+00:00
[2025-02-07T21:29:43.908+0000] {processor.py:179} INFO - Processing /home/airflow/.local/lib/python3.8/site-packages/airflow/example_dags/example_dynamic_task_mapping_with_no_taskflow_operators.py took 0.192 seconds
