[2025-02-07T13:19:51.046+0000] {processor.py:157} INFO - Started process (PID=278) to work on /home/airflow/.local/lib/python3.8/site-packages/airflow/example_dags/example_branch_python_dop_operator_3.py
[2025-02-07T13:19:51.050+0000] {processor.py:829} INFO - Processing file /home/airflow/.local/lib/python3.8/site-packages/airflow/example_dags/example_branch_python_dop_operator_3.py for tasks to queue
[2025-02-07T13:19:51.054+0000] {logging_mixin.py:154} INFO - [2025-02-07T13:19:51.053+0000] {dagbag.py:536} INFO - Filling up the DagBag from /home/airflow/.local/lib/python3.8/site-packages/airflow/example_dags/example_branch_python_dop_operator_3.py
[2025-02-07T13:19:51.114+0000] {processor.py:839} INFO - DAG(s) dict_keys(['example_branch_dop_operator_v3']) retrieved from /home/airflow/.local/lib/python3.8/site-packages/airflow/example_dags/example_branch_python_dop_operator_3.py
[2025-02-07T13:19:51.208+0000] {logging_mixin.py:154} INFO - [2025-02-07T13:19:51.207+0000] {dag.py:2941} INFO - Sync 1 DAGs
[2025-02-07T13:19:51.333+0000] {logging_mixin.py:154} INFO - [2025-02-07T13:19:51.332+0000] {dag.py:3722} INFO - Setting next_dagrun for example_branch_dop_operator_v3 to 2025-02-07T13:18:00+00:00, run_after=2025-02-07T13:19:00+00:00
[2025-02-07T13:19:51.557+0000] {processor.py:179} INFO - Processing /home/airflow/.local/lib/python3.8/site-packages/airflow/example_dags/example_branch_python_dop_operator_3.py took 0.522 seconds
[2025-02-07T13:20:21.819+0000] {processor.py:157} INFO - Started process (PID=521) to work on /home/airflow/.local/lib/python3.8/site-packages/airflow/example_dags/example_branch_python_dop_operator_3.py
[2025-02-07T13:20:21.823+0000] {processor.py:829} INFO - Processing file /home/airflow/.local/lib/python3.8/site-packages/airflow/example_dags/example_branch_python_dop_operator_3.py for tasks to queue
[2025-02-07T13:20:21.831+0000] {logging_mixin.py:154} INFO - [2025-02-07T13:20:21.830+0000] {dagbag.py:536} INFO - Filling up the DagBag from /home/airflow/.local/lib/python3.8/site-packages/airflow/example_dags/example_branch_python_dop_operator_3.py
[2025-02-07T13:20:21.859+0000] {processor.py:839} INFO - DAG(s) dict_keys(['example_branch_dop_operator_v3']) retrieved from /home/airflow/.local/lib/python3.8/site-packages/airflow/example_dags/example_branch_python_dop_operator_3.py
[2025-02-07T13:20:21.918+0000] {logging_mixin.py:154} INFO - [2025-02-07T13:20:21.918+0000] {dag.py:2941} INFO - Sync 1 DAGs
[2025-02-07T13:20:22.025+0000] {logging_mixin.py:154} INFO - [2025-02-07T13:20:22.023+0000] {dag.py:3722} INFO - Setting next_dagrun for example_branch_dop_operator_v3 to 2025-02-07T13:19:00+00:00, run_after=2025-02-07T13:20:00+00:00
[2025-02-07T13:20:22.089+0000] {processor.py:179} INFO - Processing /home/airflow/.local/lib/python3.8/site-packages/airflow/example_dags/example_branch_python_dop_operator_3.py took 0.282 seconds
[2025-02-07T13:20:52.378+0000] {processor.py:157} INFO - Started process (PID=764) to work on /home/airflow/.local/lib/python3.8/site-packages/airflow/example_dags/example_branch_python_dop_operator_3.py
[2025-02-07T13:20:52.381+0000] {processor.py:829} INFO - Processing file /home/airflow/.local/lib/python3.8/site-packages/airflow/example_dags/example_branch_python_dop_operator_3.py for tasks to queue
[2025-02-07T13:20:52.385+0000] {logging_mixin.py:154} INFO - [2025-02-07T13:20:52.384+0000] {dagbag.py:536} INFO - Filling up the DagBag from /home/airflow/.local/lib/python3.8/site-packages/airflow/example_dags/example_branch_python_dop_operator_3.py
[2025-02-07T13:20:52.420+0000] {processor.py:839} INFO - DAG(s) dict_keys(['example_branch_dop_operator_v3']) retrieved from /home/airflow/.local/lib/python3.8/site-packages/airflow/example_dags/example_branch_python_dop_operator_3.py
[2025-02-07T13:20:52.493+0000] {logging_mixin.py:154} INFO - [2025-02-07T13:20:52.492+0000] {dag.py:2941} INFO - Sync 1 DAGs
[2025-02-07T13:20:52.586+0000] {logging_mixin.py:154} INFO - [2025-02-07T13:20:52.585+0000] {dag.py:3722} INFO - Setting next_dagrun for example_branch_dop_operator_v3 to 2025-02-07T13:19:00+00:00, run_after=2025-02-07T13:20:00+00:00
[2025-02-07T13:20:52.635+0000] {processor.py:179} INFO - Processing /home/airflow/.local/lib/python3.8/site-packages/airflow/example_dags/example_branch_python_dop_operator_3.py took 0.268 seconds
[2025-02-07T13:21:23.334+0000] {processor.py:157} INFO - Started process (PID=1007) to work on /home/airflow/.local/lib/python3.8/site-packages/airflow/example_dags/example_branch_python_dop_operator_3.py
[2025-02-07T13:21:23.336+0000] {processor.py:829} INFO - Processing file /home/airflow/.local/lib/python3.8/site-packages/airflow/example_dags/example_branch_python_dop_operator_3.py for tasks to queue
[2025-02-07T13:21:23.338+0000] {logging_mixin.py:154} INFO - [2025-02-07T13:21:23.337+0000] {dagbag.py:536} INFO - Filling up the DagBag from /home/airflow/.local/lib/python3.8/site-packages/airflow/example_dags/example_branch_python_dop_operator_3.py
[2025-02-07T13:21:23.368+0000] {processor.py:839} INFO - DAG(s) dict_keys(['example_branch_dop_operator_v3']) retrieved from /home/airflow/.local/lib/python3.8/site-packages/airflow/example_dags/example_branch_python_dop_operator_3.py
[2025-02-07T13:21:23.437+0000] {logging_mixin.py:154} INFO - [2025-02-07T13:21:23.437+0000] {dag.py:2941} INFO - Sync 1 DAGs
[2025-02-07T13:21:23.524+0000] {logging_mixin.py:154} INFO - [2025-02-07T13:21:23.523+0000] {dag.py:3722} INFO - Setting next_dagrun for example_branch_dop_operator_v3 to 2025-02-07T13:20:00+00:00, run_after=2025-02-07T13:21:00+00:00
[2025-02-07T13:21:23.582+0000] {processor.py:179} INFO - Processing /home/airflow/.local/lib/python3.8/site-packages/airflow/example_dags/example_branch_python_dop_operator_3.py took 0.258 seconds
[2025-02-07T13:21:55.069+0000] {processor.py:157} INFO - Started process (PID=1250) to work on /home/airflow/.local/lib/python3.8/site-packages/airflow/example_dags/example_branch_python_dop_operator_3.py
[2025-02-07T13:21:55.072+0000] {processor.py:829} INFO - Processing file /home/airflow/.local/lib/python3.8/site-packages/airflow/example_dags/example_branch_python_dop_operator_3.py for tasks to queue
[2025-02-07T13:21:55.074+0000] {logging_mixin.py:154} INFO - [2025-02-07T13:21:55.074+0000] {dagbag.py:536} INFO - Filling up the DagBag from /home/airflow/.local/lib/python3.8/site-packages/airflow/example_dags/example_branch_python_dop_operator_3.py
[2025-02-07T13:21:55.106+0000] {processor.py:839} INFO - DAG(s) dict_keys(['example_branch_dop_operator_v3']) retrieved from /home/airflow/.local/lib/python3.8/site-packages/airflow/example_dags/example_branch_python_dop_operator_3.py
[2025-02-07T13:21:55.173+0000] {logging_mixin.py:154} INFO - [2025-02-07T13:21:55.172+0000] {dag.py:2941} INFO - Sync 1 DAGs
[2025-02-07T13:21:55.250+0000] {logging_mixin.py:154} INFO - [2025-02-07T13:21:55.249+0000] {dag.py:3722} INFO - Setting next_dagrun for example_branch_dop_operator_v3 to 2025-02-07T13:20:00+00:00, run_after=2025-02-07T13:21:00+00:00
[2025-02-07T13:21:55.303+0000] {processor.py:179} INFO - Processing /home/airflow/.local/lib/python3.8/site-packages/airflow/example_dags/example_branch_python_dop_operator_3.py took 0.250 seconds
[2025-02-07T13:22:26.534+0000] {processor.py:157} INFO - Started process (PID=1493) to work on /home/airflow/.local/lib/python3.8/site-packages/airflow/example_dags/example_branch_python_dop_operator_3.py
[2025-02-07T13:22:26.542+0000] {processor.py:829} INFO - Processing file /home/airflow/.local/lib/python3.8/site-packages/airflow/example_dags/example_branch_python_dop_operator_3.py for tasks to queue
[2025-02-07T13:22:26.549+0000] {logging_mixin.py:154} INFO - [2025-02-07T13:22:26.548+0000] {dagbag.py:536} INFO - Filling up the DagBag from /home/airflow/.local/lib/python3.8/site-packages/airflow/example_dags/example_branch_python_dop_operator_3.py
[2025-02-07T13:22:26.599+0000] {processor.py:839} INFO - DAG(s) dict_keys(['example_branch_dop_operator_v3']) retrieved from /home/airflow/.local/lib/python3.8/site-packages/airflow/example_dags/example_branch_python_dop_operator_3.py
[2025-02-07T13:22:26.687+0000] {logging_mixin.py:154} INFO - [2025-02-07T13:22:26.686+0000] {dag.py:2941} INFO - Sync 1 DAGs
[2025-02-07T13:22:26.785+0000] {logging_mixin.py:154} INFO - [2025-02-07T13:22:26.784+0000] {dag.py:3722} INFO - Setting next_dagrun for example_branch_dop_operator_v3 to 2025-02-07T13:21:00+00:00, run_after=2025-02-07T13:22:00+00:00
[2025-02-07T13:22:26.860+0000] {processor.py:179} INFO - Processing /home/airflow/.local/lib/python3.8/site-packages/airflow/example_dags/example_branch_python_dop_operator_3.py took 0.344 seconds
[2025-02-07T13:22:57.876+0000] {processor.py:157} INFO - Started process (PID=1736) to work on /home/airflow/.local/lib/python3.8/site-packages/airflow/example_dags/example_branch_python_dop_operator_3.py
[2025-02-07T13:22:57.878+0000] {processor.py:829} INFO - Processing file /home/airflow/.local/lib/python3.8/site-packages/airflow/example_dags/example_branch_python_dop_operator_3.py for tasks to queue
[2025-02-07T13:22:57.881+0000] {logging_mixin.py:154} INFO - [2025-02-07T13:22:57.880+0000] {dagbag.py:536} INFO - Filling up the DagBag from /home/airflow/.local/lib/python3.8/site-packages/airflow/example_dags/example_branch_python_dop_operator_3.py
[2025-02-07T13:22:57.916+0000] {processor.py:839} INFO - DAG(s) dict_keys(['example_branch_dop_operator_v3']) retrieved from /home/airflow/.local/lib/python3.8/site-packages/airflow/example_dags/example_branch_python_dop_operator_3.py
[2025-02-07T13:22:57.992+0000] {logging_mixin.py:154} INFO - [2025-02-07T13:22:57.992+0000] {dag.py:2941} INFO - Sync 1 DAGs
[2025-02-07T13:22:58.088+0000] {logging_mixin.py:154} INFO - [2025-02-07T13:22:58.088+0000] {dag.py:3722} INFO - Setting next_dagrun for example_branch_dop_operator_v3 to 2025-02-07T13:21:00+00:00, run_after=2025-02-07T13:22:00+00:00
[2025-02-07T13:22:58.209+0000] {processor.py:179} INFO - Processing /home/airflow/.local/lib/python3.8/site-packages/airflow/example_dags/example_branch_python_dop_operator_3.py took 0.348 seconds
[2025-02-07T13:23:28.690+0000] {processor.py:157} INFO - Started process (PID=1979) to work on /home/airflow/.local/lib/python3.8/site-packages/airflow/example_dags/example_branch_python_dop_operator_3.py
[2025-02-07T13:23:28.693+0000] {processor.py:829} INFO - Processing file /home/airflow/.local/lib/python3.8/site-packages/airflow/example_dags/example_branch_python_dop_operator_3.py for tasks to queue
[2025-02-07T13:23:28.695+0000] {logging_mixin.py:154} INFO - [2025-02-07T13:23:28.694+0000] {dagbag.py:536} INFO - Filling up the DagBag from /home/airflow/.local/lib/python3.8/site-packages/airflow/example_dags/example_branch_python_dop_operator_3.py
[2025-02-07T13:23:28.721+0000] {processor.py:839} INFO - DAG(s) dict_keys(['example_branch_dop_operator_v3']) retrieved from /home/airflow/.local/lib/python3.8/site-packages/airflow/example_dags/example_branch_python_dop_operator_3.py
[2025-02-07T13:23:28.801+0000] {logging_mixin.py:154} INFO - [2025-02-07T13:23:28.800+0000] {dag.py:2941} INFO - Sync 1 DAGs
[2025-02-07T13:23:28.891+0000] {logging_mixin.py:154} INFO - [2025-02-07T13:23:28.891+0000] {dag.py:3722} INFO - Setting next_dagrun for example_branch_dop_operator_v3 to 2025-02-07T13:22:00+00:00, run_after=2025-02-07T13:23:00+00:00
[2025-02-07T13:23:28.964+0000] {processor.py:179} INFO - Processing /home/airflow/.local/lib/python3.8/site-packages/airflow/example_dags/example_branch_python_dop_operator_3.py took 0.284 seconds
[2025-02-07T13:23:59.941+0000] {processor.py:157} INFO - Started process (PID=2222) to work on /home/airflow/.local/lib/python3.8/site-packages/airflow/example_dags/example_branch_python_dop_operator_3.py
[2025-02-07T13:23:59.943+0000] {processor.py:829} INFO - Processing file /home/airflow/.local/lib/python3.8/site-packages/airflow/example_dags/example_branch_python_dop_operator_3.py for tasks to queue
[2025-02-07T13:23:59.945+0000] {logging_mixin.py:154} INFO - [2025-02-07T13:23:59.944+0000] {dagbag.py:536} INFO - Filling up the DagBag from /home/airflow/.local/lib/python3.8/site-packages/airflow/example_dags/example_branch_python_dop_operator_3.py
[2025-02-07T13:23:59.975+0000] {processor.py:839} INFO - DAG(s) dict_keys(['example_branch_dop_operator_v3']) retrieved from /home/airflow/.local/lib/python3.8/site-packages/airflow/example_dags/example_branch_python_dop_operator_3.py
[2025-02-07T13:24:00.042+0000] {logging_mixin.py:154} INFO - [2025-02-07T13:24:00.041+0000] {dag.py:2941} INFO - Sync 1 DAGs
[2025-02-07T13:24:00.176+0000] {logging_mixin.py:154} INFO - [2025-02-07T13:24:00.174+0000] {dag.py:3722} INFO - Setting next_dagrun for example_branch_dop_operator_v3 to 2025-02-07T13:23:00+00:00, run_after=2025-02-07T13:24:00+00:00
[2025-02-07T13:24:00.247+0000] {processor.py:179} INFO - Processing /home/airflow/.local/lib/python3.8/site-packages/airflow/example_dags/example_branch_python_dop_operator_3.py took 0.323 seconds
[2025-02-07T13:24:31.016+0000] {processor.py:157} INFO - Started process (PID=2465) to work on /home/airflow/.local/lib/python3.8/site-packages/airflow/example_dags/example_branch_python_dop_operator_3.py
[2025-02-07T13:24:31.020+0000] {processor.py:829} INFO - Processing file /home/airflow/.local/lib/python3.8/site-packages/airflow/example_dags/example_branch_python_dop_operator_3.py for tasks to queue
[2025-02-07T13:24:31.022+0000] {logging_mixin.py:154} INFO - [2025-02-07T13:24:31.021+0000] {dagbag.py:536} INFO - Filling up the DagBag from /home/airflow/.local/lib/python3.8/site-packages/airflow/example_dags/example_branch_python_dop_operator_3.py
[2025-02-07T13:24:31.062+0000] {processor.py:839} INFO - DAG(s) dict_keys(['example_branch_dop_operator_v3']) retrieved from /home/airflow/.local/lib/python3.8/site-packages/airflow/example_dags/example_branch_python_dop_operator_3.py
[2025-02-07T13:24:31.143+0000] {logging_mixin.py:154} INFO - [2025-02-07T13:24:31.142+0000] {dag.py:2941} INFO - Sync 1 DAGs
[2025-02-07T13:24:31.228+0000] {logging_mixin.py:154} INFO - [2025-02-07T13:24:31.227+0000] {dag.py:3722} INFO - Setting next_dagrun for example_branch_dop_operator_v3 to 2025-02-07T13:23:00+00:00, run_after=2025-02-07T13:24:00+00:00
[2025-02-07T13:24:31.272+0000] {processor.py:179} INFO - Processing /home/airflow/.local/lib/python3.8/site-packages/airflow/example_dags/example_branch_python_dop_operator_3.py took 0.267 seconds
[2025-02-07T13:25:01.527+0000] {processor.py:157} INFO - Started process (PID=2709) to work on /home/airflow/.local/lib/python3.8/site-packages/airflow/example_dags/example_branch_python_dop_operator_3.py
[2025-02-07T13:25:01.529+0000] {processor.py:829} INFO - Processing file /home/airflow/.local/lib/python3.8/site-packages/airflow/example_dags/example_branch_python_dop_operator_3.py for tasks to queue
[2025-02-07T13:25:01.533+0000] {logging_mixin.py:154} INFO - [2025-02-07T13:25:01.532+0000] {dagbag.py:536} INFO - Filling up the DagBag from /home/airflow/.local/lib/python3.8/site-packages/airflow/example_dags/example_branch_python_dop_operator_3.py
[2025-02-07T13:25:01.570+0000] {processor.py:839} INFO - DAG(s) dict_keys(['example_branch_dop_operator_v3']) retrieved from /home/airflow/.local/lib/python3.8/site-packages/airflow/example_dags/example_branch_python_dop_operator_3.py
[2025-02-07T13:25:01.650+0000] {logging_mixin.py:154} INFO - [2025-02-07T13:25:01.650+0000] {dag.py:2941} INFO - Sync 1 DAGs
[2025-02-07T13:25:01.734+0000] {logging_mixin.py:154} INFO - [2025-02-07T13:25:01.734+0000] {dag.py:3722} INFO - Setting next_dagrun for example_branch_dop_operator_v3 to 2025-02-07T13:24:00+00:00, run_after=2025-02-07T13:25:00+00:00
[2025-02-07T13:25:01.809+0000] {processor.py:179} INFO - Processing /home/airflow/.local/lib/python3.8/site-packages/airflow/example_dags/example_branch_python_dop_operator_3.py took 0.293 seconds
[2025-02-07T13:27:08.775+0000] {processor.py:157} INFO - Started process (PID=276) to work on /home/airflow/.local/lib/python3.8/site-packages/airflow/example_dags/example_branch_python_dop_operator_3.py
[2025-02-07T13:27:08.777+0000] {processor.py:829} INFO - Processing file /home/airflow/.local/lib/python3.8/site-packages/airflow/example_dags/example_branch_python_dop_operator_3.py for tasks to queue
[2025-02-07T13:27:08.778+0000] {logging_mixin.py:154} INFO - [2025-02-07T13:27:08.778+0000] {dagbag.py:536} INFO - Filling up the DagBag from /home/airflow/.local/lib/python3.8/site-packages/airflow/example_dags/example_branch_python_dop_operator_3.py
[2025-02-07T13:27:08.798+0000] {processor.py:839} INFO - DAG(s) dict_keys(['example_branch_dop_operator_v3']) retrieved from /home/airflow/.local/lib/python3.8/site-packages/airflow/example_dags/example_branch_python_dop_operator_3.py
[2025-02-07T13:27:08.852+0000] {logging_mixin.py:154} INFO - [2025-02-07T13:27:08.851+0000] {dag.py:2941} INFO - Sync 1 DAGs
[2025-02-07T13:27:08.917+0000] {logging_mixin.py:154} INFO - [2025-02-07T13:27:08.916+0000] {dag.py:3722} INFO - Setting next_dagrun for example_branch_dop_operator_v3 to 2025-02-07T13:26:00+00:00, run_after=2025-02-07T13:27:00+00:00
[2025-02-07T13:27:08.944+0000] {processor.py:179} INFO - Processing /home/airflow/.local/lib/python3.8/site-packages/airflow/example_dags/example_branch_python_dop_operator_3.py took 0.175 seconds
[2025-02-07T21:29:13.936+0000] {processor.py:157} INFO - Started process (PID=276) to work on /home/airflow/.local/lib/python3.8/site-packages/airflow/example_dags/example_branch_python_dop_operator_3.py
[2025-02-07T21:29:13.939+0000] {processor.py:829} INFO - Processing file /home/airflow/.local/lib/python3.8/site-packages/airflow/example_dags/example_branch_python_dop_operator_3.py for tasks to queue
[2025-02-07T21:29:13.944+0000] {logging_mixin.py:154} INFO - [2025-02-07T21:29:13.940+0000] {dagbag.py:536} INFO - Filling up the DagBag from /home/airflow/.local/lib/python3.8/site-packages/airflow/example_dags/example_branch_python_dop_operator_3.py
[2025-02-07T21:29:13.993+0000] {processor.py:839} INFO - DAG(s) dict_keys(['example_branch_dop_operator_v3']) retrieved from /home/airflow/.local/lib/python3.8/site-packages/airflow/example_dags/example_branch_python_dop_operator_3.py
[2025-02-07T21:29:14.099+0000] {logging_mixin.py:154} INFO - [2025-02-07T21:29:14.096+0000] {dag.py:2941} INFO - Sync 1 DAGs
[2025-02-07T21:29:14.211+0000] {logging_mixin.py:154} INFO - [2025-02-07T21:29:14.211+0000] {dag.py:3722} INFO - Setting next_dagrun for example_branch_dop_operator_v3 to 2025-02-07T21:28:00+00:00, run_after=2025-02-07T21:29:00+00:00
[2025-02-07T21:29:14.307+0000] {processor.py:179} INFO - Processing /home/airflow/.local/lib/python3.8/site-packages/airflow/example_dags/example_branch_python_dop_operator_3.py took 0.388 seconds
[2025-02-07T21:29:44.514+0000] {processor.py:157} INFO - Started process (PID=519) to work on /home/airflow/.local/lib/python3.8/site-packages/airflow/example_dags/example_branch_python_dop_operator_3.py
[2025-02-07T21:29:44.516+0000] {processor.py:829} INFO - Processing file /home/airflow/.local/lib/python3.8/site-packages/airflow/example_dags/example_branch_python_dop_operator_3.py for tasks to queue
[2025-02-07T21:29:44.518+0000] {logging_mixin.py:154} INFO - [2025-02-07T21:29:44.517+0000] {dagbag.py:536} INFO - Filling up the DagBag from /home/airflow/.local/lib/python3.8/site-packages/airflow/example_dags/example_branch_python_dop_operator_3.py
[2025-02-07T21:29:44.557+0000] {processor.py:839} INFO - DAG(s) dict_keys(['example_branch_dop_operator_v3']) retrieved from /home/airflow/.local/lib/python3.8/site-packages/airflow/example_dags/example_branch_python_dop_operator_3.py
[2025-02-07T21:29:44.628+0000] {logging_mixin.py:154} INFO - [2025-02-07T21:29:44.627+0000] {dag.py:2941} INFO - Sync 1 DAGs
[2025-02-07T21:29:44.689+0000] {logging_mixin.py:154} INFO - [2025-02-07T21:29:44.688+0000] {dag.py:3722} INFO - Setting next_dagrun for example_branch_dop_operator_v3 to 2025-02-07T21:28:00+00:00, run_after=2025-02-07T21:29:00+00:00
[2025-02-07T21:29:44.740+0000] {processor.py:179} INFO - Processing /home/airflow/.local/lib/python3.8/site-packages/airflow/example_dags/example_branch_python_dop_operator_3.py took 0.237 seconds
