[2025-02-07T13:19:54.576+0000] {processor.py:157} INFO - Started process (PID=333) to work on /home/airflow/.local/lib/python3.8/site-packages/airflow/example_dags/example_external_task_marker_dag.py
[2025-02-07T13:19:54.579+0000] {processor.py:829} INFO - Processing file /home/airflow/.local/lib/python3.8/site-packages/airflow/example_dags/example_external_task_marker_dag.py for tasks to queue
[2025-02-07T13:19:54.582+0000] {logging_mixin.py:154} INFO - [2025-02-07T13:19:54.581+0000] {dagbag.py:536} INFO - Filling up the DagBag from /home/airflow/.local/lib/python3.8/site-packages/airflow/example_dags/example_external_task_marker_dag.py
[2025-02-07T13:19:54.598+0000] {processor.py:839} INFO - DAG(s) dict_keys(['example_external_task_marker_child', 'example_external_task_marker_parent']) retrieved from /home/airflow/.local/lib/python3.8/site-packages/airflow/example_dags/example_external_task_marker_dag.py
[2025-02-07T13:19:54.666+0000] {logging_mixin.py:154} INFO - [2025-02-07T13:19:54.665+0000] {dag.py:2941} INFO - Sync 2 DAGs
[2025-02-07T13:19:54.711+0000] {logging_mixin.py:154} INFO - [2025-02-07T13:19:54.710+0000] {dag.py:3722} INFO - Setting next_dagrun for example_external_task_marker_child to None, run_after=None
[2025-02-07T13:19:54.720+0000] {logging_mixin.py:154} INFO - [2025-02-07T13:19:54.720+0000] {dag.py:3722} INFO - Setting next_dagrun for example_external_task_marker_parent to None, run_after=None
[2025-02-07T13:19:54.770+0000] {processor.py:179} INFO - Processing /home/airflow/.local/lib/python3.8/site-packages/airflow/example_dags/example_external_task_marker_dag.py took 0.207 seconds
[2025-02-07T13:20:25.989+0000] {processor.py:157} INFO - Started process (PID=576) to work on /home/airflow/.local/lib/python3.8/site-packages/airflow/example_dags/example_external_task_marker_dag.py
[2025-02-07T13:20:25.993+0000] {processor.py:829} INFO - Processing file /home/airflow/.local/lib/python3.8/site-packages/airflow/example_dags/example_external_task_marker_dag.py for tasks to queue
[2025-02-07T13:20:25.997+0000] {logging_mixin.py:154} INFO - [2025-02-07T13:20:25.997+0000] {dagbag.py:536} INFO - Filling up the DagBag from /home/airflow/.local/lib/python3.8/site-packages/airflow/example_dags/example_external_task_marker_dag.py
[2025-02-07T13:20:26.018+0000] {processor.py:839} INFO - DAG(s) dict_keys(['example_external_task_marker_parent', 'example_external_task_marker_child']) retrieved from /home/airflow/.local/lib/python3.8/site-packages/airflow/example_dags/example_external_task_marker_dag.py
[2025-02-07T13:20:26.095+0000] {logging_mixin.py:154} INFO - [2025-02-07T13:20:26.095+0000] {dag.py:2941} INFO - Sync 2 DAGs
[2025-02-07T13:20:26.134+0000] {logging_mixin.py:154} INFO - [2025-02-07T13:20:26.133+0000] {dag.py:3722} INFO - Setting next_dagrun for example_external_task_marker_child to None, run_after=None
[2025-02-07T13:20:26.148+0000] {logging_mixin.py:154} INFO - [2025-02-07T13:20:26.147+0000] {dag.py:3722} INFO - Setting next_dagrun for example_external_task_marker_parent to None, run_after=None
[2025-02-07T13:20:26.205+0000] {processor.py:179} INFO - Processing /home/airflow/.local/lib/python3.8/site-packages/airflow/example_dags/example_external_task_marker_dag.py took 0.231 seconds
[2025-02-07T13:20:56.566+0000] {processor.py:157} INFO - Started process (PID=819) to work on /home/airflow/.local/lib/python3.8/site-packages/airflow/example_dags/example_external_task_marker_dag.py
[2025-02-07T13:20:56.570+0000] {processor.py:829} INFO - Processing file /home/airflow/.local/lib/python3.8/site-packages/airflow/example_dags/example_external_task_marker_dag.py for tasks to queue
[2025-02-07T13:20:56.573+0000] {logging_mixin.py:154} INFO - [2025-02-07T13:20:56.571+0000] {dagbag.py:536} INFO - Filling up the DagBag from /home/airflow/.local/lib/python3.8/site-packages/airflow/example_dags/example_external_task_marker_dag.py
[2025-02-07T13:20:56.591+0000] {processor.py:839} INFO - DAG(s) dict_keys(['example_external_task_marker_child', 'example_external_task_marker_parent']) retrieved from /home/airflow/.local/lib/python3.8/site-packages/airflow/example_dags/example_external_task_marker_dag.py
[2025-02-07T13:20:56.662+0000] {logging_mixin.py:154} INFO - [2025-02-07T13:20:56.661+0000] {dag.py:2941} INFO - Sync 2 DAGs
[2025-02-07T13:20:56.721+0000] {logging_mixin.py:154} INFO - [2025-02-07T13:20:56.720+0000] {dag.py:3722} INFO - Setting next_dagrun for example_external_task_marker_child to None, run_after=None
[2025-02-07T13:20:56.732+0000] {logging_mixin.py:154} INFO - [2025-02-07T13:20:56.732+0000] {dag.py:3722} INFO - Setting next_dagrun for example_external_task_marker_parent to None, run_after=None
[2025-02-07T13:20:56.796+0000] {processor.py:179} INFO - Processing /home/airflow/.local/lib/python3.8/site-packages/airflow/example_dags/example_external_task_marker_dag.py took 0.241 seconds
[2025-02-07T13:21:27.544+0000] {processor.py:157} INFO - Started process (PID=1062) to work on /home/airflow/.local/lib/python3.8/site-packages/airflow/example_dags/example_external_task_marker_dag.py
[2025-02-07T13:21:27.547+0000] {processor.py:829} INFO - Processing file /home/airflow/.local/lib/python3.8/site-packages/airflow/example_dags/example_external_task_marker_dag.py for tasks to queue
[2025-02-07T13:21:27.549+0000] {logging_mixin.py:154} INFO - [2025-02-07T13:21:27.549+0000] {dagbag.py:536} INFO - Filling up the DagBag from /home/airflow/.local/lib/python3.8/site-packages/airflow/example_dags/example_external_task_marker_dag.py
[2025-02-07T13:21:27.569+0000] {processor.py:839} INFO - DAG(s) dict_keys(['example_external_task_marker_parent', 'example_external_task_marker_child']) retrieved from /home/airflow/.local/lib/python3.8/site-packages/airflow/example_dags/example_external_task_marker_dag.py
[2025-02-07T13:21:27.643+0000] {logging_mixin.py:154} INFO - [2025-02-07T13:21:27.642+0000] {dag.py:2941} INFO - Sync 2 DAGs
[2025-02-07T13:21:27.684+0000] {logging_mixin.py:154} INFO - [2025-02-07T13:21:27.683+0000] {dag.py:3722} INFO - Setting next_dagrun for example_external_task_marker_child to None, run_after=None
[2025-02-07T13:21:27.695+0000] {logging_mixin.py:154} INFO - [2025-02-07T13:21:27.694+0000] {dag.py:3722} INFO - Setting next_dagrun for example_external_task_marker_parent to None, run_after=None
[2025-02-07T13:21:27.744+0000] {processor.py:179} INFO - Processing /home/airflow/.local/lib/python3.8/site-packages/airflow/example_dags/example_external_task_marker_dag.py took 0.211 seconds
[2025-02-07T13:21:59.138+0000] {processor.py:157} INFO - Started process (PID=1305) to work on /home/airflow/.local/lib/python3.8/site-packages/airflow/example_dags/example_external_task_marker_dag.py
[2025-02-07T13:21:59.141+0000] {processor.py:829} INFO - Processing file /home/airflow/.local/lib/python3.8/site-packages/airflow/example_dags/example_external_task_marker_dag.py for tasks to queue
[2025-02-07T13:21:59.143+0000] {logging_mixin.py:154} INFO - [2025-02-07T13:21:59.143+0000] {dagbag.py:536} INFO - Filling up the DagBag from /home/airflow/.local/lib/python3.8/site-packages/airflow/example_dags/example_external_task_marker_dag.py
[2025-02-07T13:21:59.162+0000] {processor.py:839} INFO - DAG(s) dict_keys(['example_external_task_marker_parent', 'example_external_task_marker_child']) retrieved from /home/airflow/.local/lib/python3.8/site-packages/airflow/example_dags/example_external_task_marker_dag.py
[2025-02-07T13:21:59.243+0000] {logging_mixin.py:154} INFO - [2025-02-07T13:21:59.243+0000] {dag.py:2941} INFO - Sync 2 DAGs
[2025-02-07T13:21:59.281+0000] {logging_mixin.py:154} INFO - [2025-02-07T13:21:59.281+0000] {dag.py:3722} INFO - Setting next_dagrun for example_external_task_marker_child to None, run_after=None
[2025-02-07T13:21:59.292+0000] {logging_mixin.py:154} INFO - [2025-02-07T13:21:59.289+0000] {dag.py:3722} INFO - Setting next_dagrun for example_external_task_marker_parent to None, run_after=None
[2025-02-07T13:21:59.334+0000] {processor.py:179} INFO - Processing /home/airflow/.local/lib/python3.8/site-packages/airflow/example_dags/example_external_task_marker_dag.py took 0.207 seconds
[2025-02-07T13:22:30.509+0000] {processor.py:157} INFO - Started process (PID=1548) to work on /home/airflow/.local/lib/python3.8/site-packages/airflow/example_dags/example_external_task_marker_dag.py
[2025-02-07T13:22:30.512+0000] {processor.py:829} INFO - Processing file /home/airflow/.local/lib/python3.8/site-packages/airflow/example_dags/example_external_task_marker_dag.py for tasks to queue
[2025-02-07T13:22:30.514+0000] {logging_mixin.py:154} INFO - [2025-02-07T13:22:30.514+0000] {dagbag.py:536} INFO - Filling up the DagBag from /home/airflow/.local/lib/python3.8/site-packages/airflow/example_dags/example_external_task_marker_dag.py
[2025-02-07T13:22:30.535+0000] {processor.py:839} INFO - DAG(s) dict_keys(['example_external_task_marker_parent', 'example_external_task_marker_child']) retrieved from /home/airflow/.local/lib/python3.8/site-packages/airflow/example_dags/example_external_task_marker_dag.py
[2025-02-07T13:22:30.639+0000] {logging_mixin.py:154} INFO - [2025-02-07T13:22:30.639+0000] {dag.py:2941} INFO - Sync 2 DAGs
[2025-02-07T13:22:30.683+0000] {logging_mixin.py:154} INFO - [2025-02-07T13:22:30.683+0000] {dag.py:3722} INFO - Setting next_dagrun for example_external_task_marker_child to None, run_after=None
[2025-02-07T13:22:30.694+0000] {logging_mixin.py:154} INFO - [2025-02-07T13:22:30.693+0000] {dag.py:3722} INFO - Setting next_dagrun for example_external_task_marker_parent to None, run_after=None
[2025-02-07T13:22:30.737+0000] {processor.py:179} INFO - Processing /home/airflow/.local/lib/python3.8/site-packages/airflow/example_dags/example_external_task_marker_dag.py took 0.242 seconds
[2025-02-07T13:23:01.485+0000] {processor.py:157} INFO - Started process (PID=1791) to work on /home/airflow/.local/lib/python3.8/site-packages/airflow/example_dags/example_external_task_marker_dag.py
[2025-02-07T13:23:01.486+0000] {processor.py:829} INFO - Processing file /home/airflow/.local/lib/python3.8/site-packages/airflow/example_dags/example_external_task_marker_dag.py for tasks to queue
[2025-02-07T13:23:01.487+0000] {logging_mixin.py:154} INFO - [2025-02-07T13:23:01.486+0000] {dagbag.py:536} INFO - Filling up the DagBag from /home/airflow/.local/lib/python3.8/site-packages/airflow/example_dags/example_external_task_marker_dag.py
[2025-02-07T13:23:01.494+0000] {processor.py:839} INFO - DAG(s) dict_keys(['example_external_task_marker_child', 'example_external_task_marker_parent']) retrieved from /home/airflow/.local/lib/python3.8/site-packages/airflow/example_dags/example_external_task_marker_dag.py
[2025-02-07T13:23:01.523+0000] {logging_mixin.py:154} INFO - [2025-02-07T13:23:01.523+0000] {dag.py:2941} INFO - Sync 2 DAGs
[2025-02-07T13:23:01.535+0000] {logging_mixin.py:154} INFO - [2025-02-07T13:23:01.535+0000] {dag.py:3722} INFO - Setting next_dagrun for example_external_task_marker_child to None, run_after=None
[2025-02-07T13:23:01.538+0000] {logging_mixin.py:154} INFO - [2025-02-07T13:23:01.538+0000] {dag.py:3722} INFO - Setting next_dagrun for example_external_task_marker_parent to None, run_after=None
[2025-02-07T13:23:01.552+0000] {processor.py:179} INFO - Processing /home/airflow/.local/lib/python3.8/site-packages/airflow/example_dags/example_external_task_marker_dag.py took 0.078 seconds
[2025-02-07T13:23:32.780+0000] {processor.py:157} INFO - Started process (PID=2034) to work on /home/airflow/.local/lib/python3.8/site-packages/airflow/example_dags/example_external_task_marker_dag.py
[2025-02-07T13:23:32.783+0000] {processor.py:829} INFO - Processing file /home/airflow/.local/lib/python3.8/site-packages/airflow/example_dags/example_external_task_marker_dag.py for tasks to queue
[2025-02-07T13:23:32.785+0000] {logging_mixin.py:154} INFO - [2025-02-07T13:23:32.784+0000] {dagbag.py:536} INFO - Filling up the DagBag from /home/airflow/.local/lib/python3.8/site-packages/airflow/example_dags/example_external_task_marker_dag.py
[2025-02-07T13:23:32.809+0000] {processor.py:839} INFO - DAG(s) dict_keys(['example_external_task_marker_child', 'example_external_task_marker_parent']) retrieved from /home/airflow/.local/lib/python3.8/site-packages/airflow/example_dags/example_external_task_marker_dag.py
[2025-02-07T13:23:32.898+0000] {logging_mixin.py:154} INFO - [2025-02-07T13:23:32.898+0000] {dag.py:2941} INFO - Sync 2 DAGs
[2025-02-07T13:23:32.949+0000] {logging_mixin.py:154} INFO - [2025-02-07T13:23:32.948+0000] {dag.py:3722} INFO - Setting next_dagrun for example_external_task_marker_child to None, run_after=None
[2025-02-07T13:23:32.961+0000] {logging_mixin.py:154} INFO - [2025-02-07T13:23:32.960+0000] {dag.py:3722} INFO - Setting next_dagrun for example_external_task_marker_parent to None, run_after=None
[2025-02-07T13:23:33.033+0000] {processor.py:179} INFO - Processing /home/airflow/.local/lib/python3.8/site-packages/airflow/example_dags/example_external_task_marker_dag.py took 0.264 seconds
[2025-02-07T13:24:03.835+0000] {processor.py:157} INFO - Started process (PID=2277) to work on /home/airflow/.local/lib/python3.8/site-packages/airflow/example_dags/example_external_task_marker_dag.py
[2025-02-07T13:24:03.839+0000] {processor.py:829} INFO - Processing file /home/airflow/.local/lib/python3.8/site-packages/airflow/example_dags/example_external_task_marker_dag.py for tasks to queue
[2025-02-07T13:24:03.842+0000] {logging_mixin.py:154} INFO - [2025-02-07T13:24:03.841+0000] {dagbag.py:536} INFO - Filling up the DagBag from /home/airflow/.local/lib/python3.8/site-packages/airflow/example_dags/example_external_task_marker_dag.py
[2025-02-07T13:24:03.867+0000] {processor.py:839} INFO - DAG(s) dict_keys(['example_external_task_marker_child', 'example_external_task_marker_parent']) retrieved from /home/airflow/.local/lib/python3.8/site-packages/airflow/example_dags/example_external_task_marker_dag.py
[2025-02-07T13:24:03.952+0000] {logging_mixin.py:154} INFO - [2025-02-07T13:24:03.952+0000] {dag.py:2941} INFO - Sync 2 DAGs
[2025-02-07T13:24:04.000+0000] {logging_mixin.py:154} INFO - [2025-02-07T13:24:04.000+0000] {dag.py:3722} INFO - Setting next_dagrun for example_external_task_marker_child to None, run_after=None
[2025-02-07T13:24:04.009+0000] {logging_mixin.py:154} INFO - [2025-02-07T13:24:04.009+0000] {dag.py:3722} INFO - Setting next_dagrun for example_external_task_marker_parent to None, run_after=None
[2025-02-07T13:24:04.064+0000] {processor.py:179} INFO - Processing /home/airflow/.local/lib/python3.8/site-packages/airflow/example_dags/example_external_task_marker_dag.py took 0.242 seconds
[2025-02-07T13:24:34.783+0000] {processor.py:157} INFO - Started process (PID=2517) to work on /home/airflow/.local/lib/python3.8/site-packages/airflow/example_dags/example_external_task_marker_dag.py
[2025-02-07T13:24:34.785+0000] {processor.py:829} INFO - Processing file /home/airflow/.local/lib/python3.8/site-packages/airflow/example_dags/example_external_task_marker_dag.py for tasks to queue
[2025-02-07T13:24:34.787+0000] {logging_mixin.py:154} INFO - [2025-02-07T13:24:34.786+0000] {dagbag.py:536} INFO - Filling up the DagBag from /home/airflow/.local/lib/python3.8/site-packages/airflow/example_dags/example_external_task_marker_dag.py
[2025-02-07T13:24:34.804+0000] {processor.py:839} INFO - DAG(s) dict_keys(['example_external_task_marker_child', 'example_external_task_marker_parent']) retrieved from /home/airflow/.local/lib/python3.8/site-packages/airflow/example_dags/example_external_task_marker_dag.py
[2025-02-07T13:24:34.885+0000] {logging_mixin.py:154} INFO - [2025-02-07T13:24:34.884+0000] {dag.py:2941} INFO - Sync 2 DAGs
[2025-02-07T13:24:34.923+0000] {logging_mixin.py:154} INFO - [2025-02-07T13:24:34.922+0000] {dag.py:3722} INFO - Setting next_dagrun for example_external_task_marker_child to None, run_after=None
[2025-02-07T13:24:34.932+0000] {logging_mixin.py:154} INFO - [2025-02-07T13:24:34.932+0000] {dag.py:3722} INFO - Setting next_dagrun for example_external_task_marker_parent to None, run_after=None
[2025-02-07T13:24:34.979+0000] {processor.py:179} INFO - Processing /home/airflow/.local/lib/python3.8/site-packages/airflow/example_dags/example_external_task_marker_dag.py took 0.206 seconds
[2025-02-07T13:25:05.077+0000] {processor.py:157} INFO - Started process (PID=2761) to work on /home/airflow/.local/lib/python3.8/site-packages/airflow/example_dags/example_external_task_marker_dag.py
[2025-02-07T13:25:05.080+0000] {processor.py:829} INFO - Processing file /home/airflow/.local/lib/python3.8/site-packages/airflow/example_dags/example_external_task_marker_dag.py for tasks to queue
[2025-02-07T13:25:05.081+0000] {logging_mixin.py:154} INFO - [2025-02-07T13:25:05.081+0000] {dagbag.py:536} INFO - Filling up the DagBag from /home/airflow/.local/lib/python3.8/site-packages/airflow/example_dags/example_external_task_marker_dag.py
[2025-02-07T13:25:05.098+0000] {processor.py:839} INFO - DAG(s) dict_keys(['example_external_task_marker_parent', 'example_external_task_marker_child']) retrieved from /home/airflow/.local/lib/python3.8/site-packages/airflow/example_dags/example_external_task_marker_dag.py
[2025-02-07T13:25:05.206+0000] {logging_mixin.py:154} INFO - [2025-02-07T13:25:05.205+0000] {dag.py:2941} INFO - Sync 2 DAGs
[2025-02-07T13:25:05.290+0000] {logging_mixin.py:154} INFO - [2025-02-07T13:25:05.289+0000] {dag.py:3722} INFO - Setting next_dagrun for example_external_task_marker_child to None, run_after=None
[2025-02-07T13:25:05.308+0000] {logging_mixin.py:154} INFO - [2025-02-07T13:25:05.307+0000] {dag.py:3722} INFO - Setting next_dagrun for example_external_task_marker_parent to None, run_after=None
[2025-02-07T13:25:05.398+0000] {processor.py:179} INFO - Processing /home/airflow/.local/lib/python3.8/site-packages/airflow/example_dags/example_external_task_marker_dag.py took 0.331 seconds
[2025-02-07T13:27:09.913+0000] {processor.py:157} INFO - Started process (PID=331) to work on /home/airflow/.local/lib/python3.8/site-packages/airflow/example_dags/example_external_task_marker_dag.py
[2025-02-07T13:27:09.915+0000] {processor.py:829} INFO - Processing file /home/airflow/.local/lib/python3.8/site-packages/airflow/example_dags/example_external_task_marker_dag.py for tasks to queue
[2025-02-07T13:27:09.915+0000] {logging_mixin.py:154} INFO - [2025-02-07T13:27:09.915+0000] {dagbag.py:536} INFO - Filling up the DagBag from /home/airflow/.local/lib/python3.8/site-packages/airflow/example_dags/example_external_task_marker_dag.py
[2025-02-07T13:27:09.926+0000] {processor.py:839} INFO - DAG(s) dict_keys(['example_external_task_marker_child', 'example_external_task_marker_parent']) retrieved from /home/airflow/.local/lib/python3.8/site-packages/airflow/example_dags/example_external_task_marker_dag.py
[2025-02-07T13:27:09.961+0000] {logging_mixin.py:154} INFO - [2025-02-07T13:27:09.961+0000] {dag.py:2941} INFO - Sync 2 DAGs
[2025-02-07T13:27:09.981+0000] {logging_mixin.py:154} INFO - [2025-02-07T13:27:09.980+0000] {dag.py:3722} INFO - Setting next_dagrun for example_external_task_marker_child to None, run_after=None
[2025-02-07T13:27:09.986+0000] {logging_mixin.py:154} INFO - [2025-02-07T13:27:09.985+0000] {dag.py:3722} INFO - Setting next_dagrun for example_external_task_marker_parent to None, run_after=None
[2025-02-07T13:27:10.023+0000] {processor.py:179} INFO - Processing /home/airflow/.local/lib/python3.8/site-packages/airflow/example_dags/example_external_task_marker_dag.py took 0.115 seconds
[2025-02-07T21:29:17.664+0000] {processor.py:157} INFO - Started process (PID=331) to work on /home/airflow/.local/lib/python3.8/site-packages/airflow/example_dags/example_external_task_marker_dag.py
[2025-02-07T21:29:17.671+0000] {processor.py:829} INFO - Processing file /home/airflow/.local/lib/python3.8/site-packages/airflow/example_dags/example_external_task_marker_dag.py for tasks to queue
[2025-02-07T21:29:17.675+0000] {logging_mixin.py:154} INFO - [2025-02-07T21:29:17.673+0000] {dagbag.py:536} INFO - Filling up the DagBag from /home/airflow/.local/lib/python3.8/site-packages/airflow/example_dags/example_external_task_marker_dag.py
[2025-02-07T21:29:17.703+0000] {processor.py:839} INFO - DAG(s) dict_keys(['example_external_task_marker_child', 'example_external_task_marker_parent']) retrieved from /home/airflow/.local/lib/python3.8/site-packages/airflow/example_dags/example_external_task_marker_dag.py
[2025-02-07T21:29:17.871+0000] {logging_mixin.py:154} INFO - [2025-02-07T21:29:17.868+0000] {dag.py:2941} INFO - Sync 2 DAGs
[2025-02-07T21:29:17.998+0000] {logging_mixin.py:154} INFO - [2025-02-07T21:29:17.995+0000] {dag.py:3722} INFO - Setting next_dagrun for example_external_task_marker_child to None, run_after=None
[2025-02-07T21:29:18.045+0000] {logging_mixin.py:154} INFO - [2025-02-07T21:29:18.044+0000] {dag.py:3722} INFO - Setting next_dagrun for example_external_task_marker_parent to None, run_after=None
[2025-02-07T21:29:18.143+0000] {processor.py:179} INFO - Processing /home/airflow/.local/lib/python3.8/site-packages/airflow/example_dags/example_external_task_marker_dag.py took 0.489 seconds
[2025-02-07T21:29:48.589+0000] {processor.py:157} INFO - Started process (PID=576) to work on /home/airflow/.local/lib/python3.8/site-packages/airflow/example_dags/example_external_task_marker_dag.py
[2025-02-07T21:29:48.590+0000] {processor.py:829} INFO - Processing file /home/airflow/.local/lib/python3.8/site-packages/airflow/example_dags/example_external_task_marker_dag.py for tasks to queue
[2025-02-07T21:29:48.592+0000] {logging_mixin.py:154} INFO - [2025-02-07T21:29:48.591+0000] {dagbag.py:536} INFO - Filling up the DagBag from /home/airflow/.local/lib/python3.8/site-packages/airflow/example_dags/example_external_task_marker_dag.py
[2025-02-07T21:29:48.605+0000] {processor.py:839} INFO - DAG(s) dict_keys(['example_external_task_marker_parent', 'example_external_task_marker_child']) retrieved from /home/airflow/.local/lib/python3.8/site-packages/airflow/example_dags/example_external_task_marker_dag.py
[2025-02-07T21:29:48.669+0000] {logging_mixin.py:154} INFO - [2025-02-07T21:29:48.669+0000] {dag.py:2941} INFO - Sync 2 DAGs
[2025-02-07T21:29:48.698+0000] {logging_mixin.py:154} INFO - [2025-02-07T21:29:48.698+0000] {dag.py:3722} INFO - Setting next_dagrun for example_external_task_marker_child to None, run_after=None
[2025-02-07T21:29:48.707+0000] {logging_mixin.py:154} INFO - [2025-02-07T21:29:48.706+0000] {dag.py:3722} INFO - Setting next_dagrun for example_external_task_marker_parent to None, run_after=None
[2025-02-07T21:29:48.746+0000] {processor.py:179} INFO - Processing /home/airflow/.local/lib/python3.8/site-packages/airflow/example_dags/example_external_task_marker_dag.py took 0.163 seconds
