[2025-02-07T13:19:54.101+0000] {processor.py:157} INFO - Started process (PID=318) to work on /home/airflow/.local/lib/python3.8/site-packages/airflow/example_dags/example_short_circuit_operator.py
[2025-02-07T13:19:54.103+0000] {processor.py:829} INFO - Processing file /home/airflow/.local/lib/python3.8/site-packages/airflow/example_dags/example_short_circuit_operator.py for tasks to queue
[2025-02-07T13:19:54.105+0000] {logging_mixin.py:154} INFO - [2025-02-07T13:19:54.105+0000] {dagbag.py:536} INFO - Filling up the DagBag from /home/airflow/.local/lib/python3.8/site-packages/airflow/example_dags/example_short_circuit_operator.py
[2025-02-07T13:19:54.134+0000] {processor.py:839} INFO - DAG(s) dict_keys(['example_short_circuit_operator']) retrieved from /home/airflow/.local/lib/python3.8/site-packages/airflow/example_dags/example_short_circuit_operator.py
[2025-02-07T13:19:54.233+0000] {logging_mixin.py:154} INFO - [2025-02-07T13:19:54.233+0000] {dag.py:2941} INFO - Sync 1 DAGs
[2025-02-07T13:19:54.307+0000] {logging_mixin.py:154} INFO - [2025-02-07T13:19:54.307+0000] {dag.py:3722} INFO - Setting next_dagrun for example_short_circuit_operator to 2025-02-06T13:19:54.306519+00:00, run_after=2025-02-07T13:19:54.306519+00:00
[2025-02-07T13:19:54.348+0000] {processor.py:179} INFO - Processing /home/airflow/.local/lib/python3.8/site-packages/airflow/example_dags/example_short_circuit_operator.py took 0.258 seconds
[2025-02-07T13:20:25.334+0000] {processor.py:157} INFO - Started process (PID=563) to work on /home/airflow/.local/lib/python3.8/site-packages/airflow/example_dags/example_short_circuit_operator.py
[2025-02-07T13:20:25.337+0000] {processor.py:829} INFO - Processing file /home/airflow/.local/lib/python3.8/site-packages/airflow/example_dags/example_short_circuit_operator.py for tasks to queue
[2025-02-07T13:20:25.340+0000] {logging_mixin.py:154} INFO - [2025-02-07T13:20:25.339+0000] {dagbag.py:536} INFO - Filling up the DagBag from /home/airflow/.local/lib/python3.8/site-packages/airflow/example_dags/example_short_circuit_operator.py
[2025-02-07T13:20:25.370+0000] {processor.py:839} INFO - DAG(s) dict_keys(['example_short_circuit_operator']) retrieved from /home/airflow/.local/lib/python3.8/site-packages/airflow/example_dags/example_short_circuit_operator.py
[2025-02-07T13:20:25.453+0000] {logging_mixin.py:154} INFO - [2025-02-07T13:20:25.453+0000] {dag.py:2941} INFO - Sync 1 DAGs
[2025-02-07T13:20:25.522+0000] {logging_mixin.py:154} INFO - [2025-02-07T13:20:25.522+0000] {dag.py:3722} INFO - Setting next_dagrun for example_short_circuit_operator to 2025-02-06T13:20:25.521676+00:00, run_after=2025-02-07T13:20:25.521676+00:00
[2025-02-07T13:20:25.586+0000] {processor.py:179} INFO - Processing /home/airflow/.local/lib/python3.8/site-packages/airflow/example_dags/example_short_circuit_operator.py took 0.263 seconds
[2025-02-07T13:20:56.120+0000] {processor.py:157} INFO - Started process (PID=804) to work on /home/airflow/.local/lib/python3.8/site-packages/airflow/example_dags/example_short_circuit_operator.py
[2025-02-07T13:20:56.122+0000] {processor.py:829} INFO - Processing file /home/airflow/.local/lib/python3.8/site-packages/airflow/example_dags/example_short_circuit_operator.py for tasks to queue
[2025-02-07T13:20:56.125+0000] {logging_mixin.py:154} INFO - [2025-02-07T13:20:56.124+0000] {dagbag.py:536} INFO - Filling up the DagBag from /home/airflow/.local/lib/python3.8/site-packages/airflow/example_dags/example_short_circuit_operator.py
[2025-02-07T13:20:56.149+0000] {processor.py:839} INFO - DAG(s) dict_keys(['example_short_circuit_operator']) retrieved from /home/airflow/.local/lib/python3.8/site-packages/airflow/example_dags/example_short_circuit_operator.py
[2025-02-07T13:20:56.228+0000] {logging_mixin.py:154} INFO - [2025-02-07T13:20:56.228+0000] {dag.py:2941} INFO - Sync 1 DAGs
[2025-02-07T13:20:56.298+0000] {logging_mixin.py:154} INFO - [2025-02-07T13:20:56.297+0000] {dag.py:3722} INFO - Setting next_dagrun for example_short_circuit_operator to 2025-02-06T13:20:56.296490+00:00, run_after=2025-02-07T13:20:56.296490+00:00
[2025-02-07T13:20:56.362+0000] {processor.py:179} INFO - Processing /home/airflow/.local/lib/python3.8/site-packages/airflow/example_dags/example_short_circuit_operator.py took 0.252 seconds
[2025-02-07T13:21:27.153+0000] {processor.py:157} INFO - Started process (PID=1047) to work on /home/airflow/.local/lib/python3.8/site-packages/airflow/example_dags/example_short_circuit_operator.py
[2025-02-07T13:21:27.156+0000] {processor.py:829} INFO - Processing file /home/airflow/.local/lib/python3.8/site-packages/airflow/example_dags/example_short_circuit_operator.py for tasks to queue
[2025-02-07T13:21:27.158+0000] {logging_mixin.py:154} INFO - [2025-02-07T13:21:27.158+0000] {dagbag.py:536} INFO - Filling up the DagBag from /home/airflow/.local/lib/python3.8/site-packages/airflow/example_dags/example_short_circuit_operator.py
[2025-02-07T13:21:27.187+0000] {processor.py:839} INFO - DAG(s) dict_keys(['example_short_circuit_operator']) retrieved from /home/airflow/.local/lib/python3.8/site-packages/airflow/example_dags/example_short_circuit_operator.py
[2025-02-07T13:21:27.263+0000] {logging_mixin.py:154} INFO - [2025-02-07T13:21:27.263+0000] {dag.py:2941} INFO - Sync 1 DAGs
[2025-02-07T13:21:27.341+0000] {logging_mixin.py:154} INFO - [2025-02-07T13:21:27.340+0000] {dag.py:3722} INFO - Setting next_dagrun for example_short_circuit_operator to 2025-02-06T13:21:27.339497+00:00, run_after=2025-02-07T13:21:27.339497+00:00
[2025-02-07T13:21:27.410+0000] {processor.py:179} INFO - Processing /home/airflow/.local/lib/python3.8/site-packages/airflow/example_dags/example_short_circuit_operator.py took 0.268 seconds
[2025-02-07T13:21:58.556+0000] {processor.py:157} INFO - Started process (PID=1290) to work on /home/airflow/.local/lib/python3.8/site-packages/airflow/example_dags/example_short_circuit_operator.py
[2025-02-07T13:21:58.558+0000] {processor.py:829} INFO - Processing file /home/airflow/.local/lib/python3.8/site-packages/airflow/example_dags/example_short_circuit_operator.py for tasks to queue
[2025-02-07T13:21:58.560+0000] {logging_mixin.py:154} INFO - [2025-02-07T13:21:58.559+0000] {dagbag.py:536} INFO - Filling up the DagBag from /home/airflow/.local/lib/python3.8/site-packages/airflow/example_dags/example_short_circuit_operator.py
[2025-02-07T13:21:58.584+0000] {processor.py:839} INFO - DAG(s) dict_keys(['example_short_circuit_operator']) retrieved from /home/airflow/.local/lib/python3.8/site-packages/airflow/example_dags/example_short_circuit_operator.py
[2025-02-07T13:21:58.672+0000] {logging_mixin.py:154} INFO - [2025-02-07T13:21:58.671+0000] {dag.py:2941} INFO - Sync 1 DAGs
[2025-02-07T13:21:58.751+0000] {logging_mixin.py:154} INFO - [2025-02-07T13:21:58.749+0000] {dag.py:3722} INFO - Setting next_dagrun for example_short_circuit_operator to 2025-02-06T13:21:58.748642+00:00, run_after=2025-02-07T13:21:58.748642+00:00
[2025-02-07T13:21:58.821+0000] {processor.py:179} INFO - Processing /home/airflow/.local/lib/python3.8/site-packages/airflow/example_dags/example_short_circuit_operator.py took 0.277 seconds
[2025-02-07T13:22:29.371+0000] {processor.py:157} INFO - Started process (PID=1533) to work on /home/airflow/.local/lib/python3.8/site-packages/airflow/example_dags/example_short_circuit_operator.py
[2025-02-07T13:22:29.379+0000] {processor.py:829} INFO - Processing file /home/airflow/.local/lib/python3.8/site-packages/airflow/example_dags/example_short_circuit_operator.py for tasks to queue
[2025-02-07T13:22:29.381+0000] {logging_mixin.py:154} INFO - [2025-02-07T13:22:29.381+0000] {dagbag.py:536} INFO - Filling up the DagBag from /home/airflow/.local/lib/python3.8/site-packages/airflow/example_dags/example_short_circuit_operator.py
[2025-02-07T13:22:29.426+0000] {processor.py:839} INFO - DAG(s) dict_keys(['example_short_circuit_operator']) retrieved from /home/airflow/.local/lib/python3.8/site-packages/airflow/example_dags/example_short_circuit_operator.py
[2025-02-07T13:22:29.580+0000] {logging_mixin.py:154} INFO - [2025-02-07T13:22:29.578+0000] {dag.py:2941} INFO - Sync 1 DAGs
[2025-02-07T13:22:29.680+0000] {logging_mixin.py:154} INFO - [2025-02-07T13:22:29.679+0000] {dag.py:3722} INFO - Setting next_dagrun for example_short_circuit_operator to 2025-02-06T13:22:29.676197+00:00, run_after=2025-02-07T13:22:29.676197+00:00
[2025-02-07T13:22:29.840+0000] {processor.py:179} INFO - Processing /home/airflow/.local/lib/python3.8/site-packages/airflow/example_dags/example_short_circuit_operator.py took 0.486 seconds
[2025-02-07T13:23:00.479+0000] {processor.py:157} INFO - Started process (PID=1773) to work on /home/airflow/.local/lib/python3.8/site-packages/airflow/example_dags/example_short_circuit_operator.py
[2025-02-07T13:23:00.481+0000] {processor.py:829} INFO - Processing file /home/airflow/.local/lib/python3.8/site-packages/airflow/example_dags/example_short_circuit_operator.py for tasks to queue
[2025-02-07T13:23:00.483+0000] {logging_mixin.py:154} INFO - [2025-02-07T13:23:00.483+0000] {dagbag.py:536} INFO - Filling up the DagBag from /home/airflow/.local/lib/python3.8/site-packages/airflow/example_dags/example_short_circuit_operator.py
[2025-02-07T13:23:00.508+0000] {processor.py:839} INFO - DAG(s) dict_keys(['example_short_circuit_operator']) retrieved from /home/airflow/.local/lib/python3.8/site-packages/airflow/example_dags/example_short_circuit_operator.py
[2025-02-07T13:23:00.589+0000] {logging_mixin.py:154} INFO - [2025-02-07T13:23:00.589+0000] {dag.py:2941} INFO - Sync 1 DAGs
[2025-02-07T13:23:00.664+0000] {logging_mixin.py:154} INFO - [2025-02-07T13:23:00.664+0000] {dag.py:3722} INFO - Setting next_dagrun for example_short_circuit_operator to 2025-02-06T13:23:00.663503+00:00, run_after=2025-02-07T13:23:00.663503+00:00
[2025-02-07T13:23:00.723+0000] {processor.py:179} INFO - Processing /home/airflow/.local/lib/python3.8/site-packages/airflow/example_dags/example_short_circuit_operator.py took 0.256 seconds
[2025-02-07T13:23:31.056+0000] {processor.py:157} INFO - Started process (PID=2016) to work on /home/airflow/.local/lib/python3.8/site-packages/airflow/example_dags/example_short_circuit_operator.py
[2025-02-07T13:23:31.059+0000] {processor.py:829} INFO - Processing file /home/airflow/.local/lib/python3.8/site-packages/airflow/example_dags/example_short_circuit_operator.py for tasks to queue
[2025-02-07T13:23:31.061+0000] {logging_mixin.py:154} INFO - [2025-02-07T13:23:31.060+0000] {dagbag.py:536} INFO - Filling up the DagBag from /home/airflow/.local/lib/python3.8/site-packages/airflow/example_dags/example_short_circuit_operator.py
[2025-02-07T13:23:31.090+0000] {processor.py:839} INFO - DAG(s) dict_keys(['example_short_circuit_operator']) retrieved from /home/airflow/.local/lib/python3.8/site-packages/airflow/example_dags/example_short_circuit_operator.py
[2025-02-07T13:23:31.197+0000] {logging_mixin.py:154} INFO - [2025-02-07T13:23:31.197+0000] {dag.py:2941} INFO - Sync 1 DAGs
[2025-02-07T13:23:31.282+0000] {logging_mixin.py:154} INFO - [2025-02-07T13:23:31.281+0000] {dag.py:3722} INFO - Setting next_dagrun for example_short_circuit_operator to 2025-02-06T13:23:31.280951+00:00, run_after=2025-02-07T13:23:31.280951+00:00
[2025-02-07T13:23:31.343+0000] {processor.py:179} INFO - Processing /home/airflow/.local/lib/python3.8/site-packages/airflow/example_dags/example_short_circuit_operator.py took 0.301 seconds
[2025-02-07T13:24:01.453+0000] {processor.py:157} INFO - Started process (PID=2259) to work on /home/airflow/.local/lib/python3.8/site-packages/airflow/example_dags/example_short_circuit_operator.py
[2025-02-07T13:24:01.456+0000] {processor.py:829} INFO - Processing file /home/airflow/.local/lib/python3.8/site-packages/airflow/example_dags/example_short_circuit_operator.py for tasks to queue
[2025-02-07T13:24:01.457+0000] {logging_mixin.py:154} INFO - [2025-02-07T13:24:01.457+0000] {dagbag.py:536} INFO - Filling up the DagBag from /home/airflow/.local/lib/python3.8/site-packages/airflow/example_dags/example_short_circuit_operator.py
[2025-02-07T13:24:01.480+0000] {processor.py:839} INFO - DAG(s) dict_keys(['example_short_circuit_operator']) retrieved from /home/airflow/.local/lib/python3.8/site-packages/airflow/example_dags/example_short_circuit_operator.py
[2025-02-07T13:24:01.559+0000] {logging_mixin.py:154} INFO - [2025-02-07T13:24:01.558+0000] {dag.py:2941} INFO - Sync 1 DAGs
[2025-02-07T13:24:01.630+0000] {logging_mixin.py:154} INFO - [2025-02-07T13:24:01.629+0000] {dag.py:3722} INFO - Setting next_dagrun for example_short_circuit_operator to 2025-02-06T13:24:01.628988+00:00, run_after=2025-02-07T13:24:01.628988+00:00
[2025-02-07T13:24:01.691+0000] {processor.py:179} INFO - Processing /home/airflow/.local/lib/python3.8/site-packages/airflow/example_dags/example_short_circuit_operator.py took 0.246 seconds
[2025-02-07T13:24:32.287+0000] {processor.py:157} INFO - Started process (PID=2501) to work on /home/airflow/.local/lib/python3.8/site-packages/airflow/example_dags/example_short_circuit_operator.py
[2025-02-07T13:24:32.292+0000] {processor.py:829} INFO - Processing file /home/airflow/.local/lib/python3.8/site-packages/airflow/example_dags/example_short_circuit_operator.py for tasks to queue
[2025-02-07T13:24:32.294+0000] {logging_mixin.py:154} INFO - [2025-02-07T13:24:32.293+0000] {dagbag.py:536} INFO - Filling up the DagBag from /home/airflow/.local/lib/python3.8/site-packages/airflow/example_dags/example_short_circuit_operator.py
[2025-02-07T13:24:32.322+0000] {processor.py:839} INFO - DAG(s) dict_keys(['example_short_circuit_operator']) retrieved from /home/airflow/.local/lib/python3.8/site-packages/airflow/example_dags/example_short_circuit_operator.py
[2025-02-07T13:24:32.406+0000] {logging_mixin.py:154} INFO - [2025-02-07T13:24:32.405+0000] {dag.py:2941} INFO - Sync 1 DAGs
[2025-02-07T13:24:32.479+0000] {logging_mixin.py:154} INFO - [2025-02-07T13:24:32.479+0000] {dag.py:3722} INFO - Setting next_dagrun for example_short_circuit_operator to 2025-02-06T13:24:32.478666+00:00, run_after=2025-02-07T13:24:32.478666+00:00
[2025-02-07T13:24:32.528+0000] {processor.py:179} INFO - Processing /home/airflow/.local/lib/python3.8/site-packages/airflow/example_dags/example_short_circuit_operator.py took 0.252 seconds
[2025-02-07T13:25:03.709+0000] {processor.py:157} INFO - Started process (PID=2746) to work on /home/airflow/.local/lib/python3.8/site-packages/airflow/example_dags/example_short_circuit_operator.py
[2025-02-07T13:25:03.713+0000] {processor.py:829} INFO - Processing file /home/airflow/.local/lib/python3.8/site-packages/airflow/example_dags/example_short_circuit_operator.py for tasks to queue
[2025-02-07T13:25:03.715+0000] {logging_mixin.py:154} INFO - [2025-02-07T13:25:03.714+0000] {dagbag.py:536} INFO - Filling up the DagBag from /home/airflow/.local/lib/python3.8/site-packages/airflow/example_dags/example_short_circuit_operator.py
[2025-02-07T13:25:03.740+0000] {processor.py:839} INFO - DAG(s) dict_keys(['example_short_circuit_operator']) retrieved from /home/airflow/.local/lib/python3.8/site-packages/airflow/example_dags/example_short_circuit_operator.py
[2025-02-07T13:25:03.815+0000] {logging_mixin.py:154} INFO - [2025-02-07T13:25:03.815+0000] {dag.py:2941} INFO - Sync 1 DAGs
[2025-02-07T13:25:03.887+0000] {logging_mixin.py:154} INFO - [2025-02-07T13:25:03.886+0000] {dag.py:3722} INFO - Setting next_dagrun for example_short_circuit_operator to 2025-02-06T13:25:03.885575+00:00, run_after=2025-02-07T13:25:03.885575+00:00
[2025-02-07T13:25:03.932+0000] {processor.py:179} INFO - Processing /home/airflow/.local/lib/python3.8/site-packages/airflow/example_dags/example_short_circuit_operator.py took 0.238 seconds
[2025-02-07T13:27:09.666+0000] {processor.py:157} INFO - Started process (PID=316) to work on /home/airflow/.local/lib/python3.8/site-packages/airflow/example_dags/example_short_circuit_operator.py
[2025-02-07T13:27:09.668+0000] {processor.py:829} INFO - Processing file /home/airflow/.local/lib/python3.8/site-packages/airflow/example_dags/example_short_circuit_operator.py for tasks to queue
[2025-02-07T13:27:09.669+0000] {logging_mixin.py:154} INFO - [2025-02-07T13:27:09.669+0000] {dagbag.py:536} INFO - Filling up the DagBag from /home/airflow/.local/lib/python3.8/site-packages/airflow/example_dags/example_short_circuit_operator.py
[2025-02-07T13:27:09.681+0000] {processor.py:839} INFO - DAG(s) dict_keys(['example_short_circuit_operator']) retrieved from /home/airflow/.local/lib/python3.8/site-packages/airflow/example_dags/example_short_circuit_operator.py
[2025-02-07T13:27:09.716+0000] {logging_mixin.py:154} INFO - [2025-02-07T13:27:09.716+0000] {dag.py:2941} INFO - Sync 1 DAGs
[2025-02-07T13:27:09.752+0000] {logging_mixin.py:154} INFO - [2025-02-07T13:27:09.750+0000] {dag.py:3722} INFO - Setting next_dagrun for example_short_circuit_operator to 2025-02-06T13:27:09.749139+00:00, run_after=2025-02-07T13:27:09.749139+00:00
[2025-02-07T13:27:09.781+0000] {processor.py:179} INFO - Processing /home/airflow/.local/lib/python3.8/site-packages/airflow/example_dags/example_short_circuit_operator.py took 0.120 seconds
[2025-02-07T21:29:16.519+0000] {processor.py:157} INFO - Started process (PID=316) to work on /home/airflow/.local/lib/python3.8/site-packages/airflow/example_dags/example_short_circuit_operator.py
[2025-02-07T21:29:16.523+0000] {processor.py:829} INFO - Processing file /home/airflow/.local/lib/python3.8/site-packages/airflow/example_dags/example_short_circuit_operator.py for tasks to queue
[2025-02-07T21:29:16.527+0000] {logging_mixin.py:154} INFO - [2025-02-07T21:29:16.526+0000] {dagbag.py:536} INFO - Filling up the DagBag from /home/airflow/.local/lib/python3.8/site-packages/airflow/example_dags/example_short_circuit_operator.py
[2025-02-07T21:29:16.560+0000] {processor.py:839} INFO - DAG(s) dict_keys(['example_short_circuit_operator']) retrieved from /home/airflow/.local/lib/python3.8/site-packages/airflow/example_dags/example_short_circuit_operator.py
[2025-02-07T21:29:16.698+0000] {logging_mixin.py:154} INFO - [2025-02-07T21:29:16.696+0000] {dag.py:2941} INFO - Sync 1 DAGs
[2025-02-07T21:29:16.821+0000] {logging_mixin.py:154} INFO - [2025-02-07T21:29:16.820+0000] {dag.py:3722} INFO - Setting next_dagrun for example_short_circuit_operator to 2025-02-06T21:29:16.820169+00:00, run_after=2025-02-07T21:29:16.820169+00:00
[2025-02-07T21:29:16.945+0000] {processor.py:179} INFO - Processing /home/airflow/.local/lib/python3.8/site-packages/airflow/example_dags/example_short_circuit_operator.py took 0.456 seconds
[2025-02-07T21:29:47.104+0000] {processor.py:157} INFO - Started process (PID=559) to work on /home/airflow/.local/lib/python3.8/site-packages/airflow/example_dags/example_short_circuit_operator.py
[2025-02-07T21:29:47.106+0000] {processor.py:829} INFO - Processing file /home/airflow/.local/lib/python3.8/site-packages/airflow/example_dags/example_short_circuit_operator.py for tasks to queue
[2025-02-07T21:29:47.109+0000] {logging_mixin.py:154} INFO - [2025-02-07T21:29:47.108+0000] {dagbag.py:536} INFO - Filling up the DagBag from /home/airflow/.local/lib/python3.8/site-packages/airflow/example_dags/example_short_circuit_operator.py
[2025-02-07T21:29:47.139+0000] {processor.py:839} INFO - DAG(s) dict_keys(['example_short_circuit_operator']) retrieved from /home/airflow/.local/lib/python3.8/site-packages/airflow/example_dags/example_short_circuit_operator.py
[2025-02-07T21:29:47.216+0000] {logging_mixin.py:154} INFO - [2025-02-07T21:29:47.216+0000] {dag.py:2941} INFO - Sync 1 DAGs
[2025-02-07T21:29:47.299+0000] {logging_mixin.py:154} INFO - [2025-02-07T21:29:47.298+0000] {dag.py:3722} INFO - Setting next_dagrun for example_short_circuit_operator to 2025-02-06T21:29:47.297105+00:00, run_after=2025-02-07T21:29:47.297105+00:00
[2025-02-07T21:29:47.343+0000] {processor.py:179} INFO - Processing /home/airflow/.local/lib/python3.8/site-packages/airflow/example_dags/example_short_circuit_operator.py took 0.255 seconds
