[2025-02-07T13:19:55.124+0000] {processor.py:157} INFO - Started process (PID=353) to work on /home/airflow/.local/lib/python3.8/site-packages/airflow/example_dags/example_nested_branch_dag.py
[2025-02-07T13:19:55.126+0000] {processor.py:829} INFO - Processing file /home/airflow/.local/lib/python3.8/site-packages/airflow/example_dags/example_nested_branch_dag.py for tasks to queue
[2025-02-07T13:19:55.129+0000] {logging_mixin.py:154} INFO - [2025-02-07T13:19:55.128+0000] {dagbag.py:536} INFO - Filling up the DagBag from /home/airflow/.local/lib/python3.8/site-packages/airflow/example_dags/example_nested_branch_dag.py
[2025-02-07T13:19:55.166+0000] {processor.py:839} INFO - DAG(s) dict_keys(['example_nested_branch_dag']) retrieved from /home/airflow/.local/lib/python3.8/site-packages/airflow/example_dags/example_nested_branch_dag.py
[2025-02-07T13:19:55.248+0000] {logging_mixin.py:154} INFO - [2025-02-07T13:19:55.247+0000] {dag.py:2941} INFO - Sync 1 DAGs
[2025-02-07T13:19:55.327+0000] {logging_mixin.py:154} INFO - [2025-02-07T13:19:55.326+0000] {dag.py:3722} INFO - Setting next_dagrun for example_nested_branch_dag to 2025-02-06T00:00:00+00:00, run_after=2025-02-07T00:00:00+00:00
[2025-02-07T13:19:55.393+0000] {processor.py:179} INFO - Processing /home/airflow/.local/lib/python3.8/site-packages/airflow/example_dags/example_nested_branch_dag.py took 0.280 seconds
[2025-02-07T13:20:26.632+0000] {processor.py:157} INFO - Started process (PID=596) to work on /home/airflow/.local/lib/python3.8/site-packages/airflow/example_dags/example_nested_branch_dag.py
[2025-02-07T13:20:26.634+0000] {processor.py:829} INFO - Processing file /home/airflow/.local/lib/python3.8/site-packages/airflow/example_dags/example_nested_branch_dag.py for tasks to queue
[2025-02-07T13:20:26.637+0000] {logging_mixin.py:154} INFO - [2025-02-07T13:20:26.636+0000] {dagbag.py:536} INFO - Filling up the DagBag from /home/airflow/.local/lib/python3.8/site-packages/airflow/example_dags/example_nested_branch_dag.py
[2025-02-07T13:20:26.688+0000] {processor.py:839} INFO - DAG(s) dict_keys(['example_nested_branch_dag']) retrieved from /home/airflow/.local/lib/python3.8/site-packages/airflow/example_dags/example_nested_branch_dag.py
[2025-02-07T13:20:26.772+0000] {logging_mixin.py:154} INFO - [2025-02-07T13:20:26.771+0000] {dag.py:2941} INFO - Sync 1 DAGs
[2025-02-07T13:20:26.850+0000] {logging_mixin.py:154} INFO - [2025-02-07T13:20:26.849+0000] {dag.py:3722} INFO - Setting next_dagrun for example_nested_branch_dag to 2025-02-06T00:00:00+00:00, run_after=2025-02-07T00:00:00+00:00
[2025-02-07T13:20:26.908+0000] {processor.py:179} INFO - Processing /home/airflow/.local/lib/python3.8/site-packages/airflow/example_dags/example_nested_branch_dag.py took 0.289 seconds
[2025-02-07T13:20:57.190+0000] {processor.py:157} INFO - Started process (PID=839) to work on /home/airflow/.local/lib/python3.8/site-packages/airflow/example_dags/example_nested_branch_dag.py
[2025-02-07T13:20:57.192+0000] {processor.py:829} INFO - Processing file /home/airflow/.local/lib/python3.8/site-packages/airflow/example_dags/example_nested_branch_dag.py for tasks to queue
[2025-02-07T13:20:57.194+0000] {logging_mixin.py:154} INFO - [2025-02-07T13:20:57.193+0000] {dagbag.py:536} INFO - Filling up the DagBag from /home/airflow/.local/lib/python3.8/site-packages/airflow/example_dags/example_nested_branch_dag.py
[2025-02-07T13:20:57.223+0000] {processor.py:839} INFO - DAG(s) dict_keys(['example_nested_branch_dag']) retrieved from /home/airflow/.local/lib/python3.8/site-packages/airflow/example_dags/example_nested_branch_dag.py
[2025-02-07T13:20:57.299+0000] {logging_mixin.py:154} INFO - [2025-02-07T13:20:57.298+0000] {dag.py:2941} INFO - Sync 1 DAGs
[2025-02-07T13:20:57.382+0000] {logging_mixin.py:154} INFO - [2025-02-07T13:20:57.381+0000] {dag.py:3722} INFO - Setting next_dagrun for example_nested_branch_dag to 2025-02-06T00:00:00+00:00, run_after=2025-02-07T00:00:00+00:00
[2025-02-07T13:20:57.438+0000] {processor.py:179} INFO - Processing /home/airflow/.local/lib/python3.8/site-packages/airflow/example_dags/example_nested_branch_dag.py took 0.258 seconds
[2025-02-07T13:21:28.146+0000] {processor.py:157} INFO - Started process (PID=1082) to work on /home/airflow/.local/lib/python3.8/site-packages/airflow/example_dags/example_nested_branch_dag.py
[2025-02-07T13:21:28.149+0000] {processor.py:829} INFO - Processing file /home/airflow/.local/lib/python3.8/site-packages/airflow/example_dags/example_nested_branch_dag.py for tasks to queue
[2025-02-07T13:21:28.152+0000] {logging_mixin.py:154} INFO - [2025-02-07T13:21:28.151+0000] {dagbag.py:536} INFO - Filling up the DagBag from /home/airflow/.local/lib/python3.8/site-packages/airflow/example_dags/example_nested_branch_dag.py
[2025-02-07T13:21:28.180+0000] {processor.py:839} INFO - DAG(s) dict_keys(['example_nested_branch_dag']) retrieved from /home/airflow/.local/lib/python3.8/site-packages/airflow/example_dags/example_nested_branch_dag.py
[2025-02-07T13:21:28.262+0000] {logging_mixin.py:154} INFO - [2025-02-07T13:21:28.259+0000] {dag.py:2941} INFO - Sync 1 DAGs
[2025-02-07T13:21:28.333+0000] {logging_mixin.py:154} INFO - [2025-02-07T13:21:28.333+0000] {dag.py:3722} INFO - Setting next_dagrun for example_nested_branch_dag to 2025-02-06T00:00:00+00:00, run_after=2025-02-07T00:00:00+00:00
[2025-02-07T13:21:28.410+0000] {processor.py:179} INFO - Processing /home/airflow/.local/lib/python3.8/site-packages/airflow/example_dags/example_nested_branch_dag.py took 0.273 seconds
[2025-02-07T13:21:59.815+0000] {processor.py:157} INFO - Started process (PID=1325) to work on /home/airflow/.local/lib/python3.8/site-packages/airflow/example_dags/example_nested_branch_dag.py
[2025-02-07T13:21:59.817+0000] {processor.py:829} INFO - Processing file /home/airflow/.local/lib/python3.8/site-packages/airflow/example_dags/example_nested_branch_dag.py for tasks to queue
[2025-02-07T13:21:59.819+0000] {logging_mixin.py:154} INFO - [2025-02-07T13:21:59.818+0000] {dagbag.py:536} INFO - Filling up the DagBag from /home/airflow/.local/lib/python3.8/site-packages/airflow/example_dags/example_nested_branch_dag.py
[2025-02-07T13:21:59.856+0000] {processor.py:839} INFO - DAG(s) dict_keys(['example_nested_branch_dag']) retrieved from /home/airflow/.local/lib/python3.8/site-packages/airflow/example_dags/example_nested_branch_dag.py
[2025-02-07T13:21:59.927+0000] {logging_mixin.py:154} INFO - [2025-02-07T13:21:59.927+0000] {dag.py:2941} INFO - Sync 1 DAGs
[2025-02-07T13:22:00.020+0000] {logging_mixin.py:154} INFO - [2025-02-07T13:22:00.019+0000] {dag.py:3722} INFO - Setting next_dagrun for example_nested_branch_dag to 2025-02-06T00:00:00+00:00, run_after=2025-02-07T00:00:00+00:00
[2025-02-07T13:22:00.092+0000] {processor.py:179} INFO - Processing /home/airflow/.local/lib/python3.8/site-packages/airflow/example_dags/example_nested_branch_dag.py took 0.288 seconds
[2025-02-07T13:22:31.557+0000] {processor.py:157} INFO - Started process (PID=1570) to work on /home/airflow/.local/lib/python3.8/site-packages/airflow/example_dags/example_nested_branch_dag.py
[2025-02-07T13:22:31.561+0000] {processor.py:829} INFO - Processing file /home/airflow/.local/lib/python3.8/site-packages/airflow/example_dags/example_nested_branch_dag.py for tasks to queue
[2025-02-07T13:22:31.565+0000] {logging_mixin.py:154} INFO - [2025-02-07T13:22:31.564+0000] {dagbag.py:536} INFO - Filling up the DagBag from /home/airflow/.local/lib/python3.8/site-packages/airflow/example_dags/example_nested_branch_dag.py
[2025-02-07T13:22:31.616+0000] {processor.py:839} INFO - DAG(s) dict_keys(['example_nested_branch_dag']) retrieved from /home/airflow/.local/lib/python3.8/site-packages/airflow/example_dags/example_nested_branch_dag.py
[2025-02-07T13:22:31.699+0000] {logging_mixin.py:154} INFO - [2025-02-07T13:22:31.699+0000] {dag.py:2941} INFO - Sync 1 DAGs
[2025-02-07T13:22:31.774+0000] {logging_mixin.py:154} INFO - [2025-02-07T13:22:31.774+0000] {dag.py:3722} INFO - Setting next_dagrun for example_nested_branch_dag to 2025-02-06T00:00:00+00:00, run_after=2025-02-07T00:00:00+00:00
[2025-02-07T13:22:31.826+0000] {processor.py:179} INFO - Processing /home/airflow/.local/lib/python3.8/site-packages/airflow/example_dags/example_nested_branch_dag.py took 0.288 seconds
[2025-02-07T13:23:02.840+0000] {processor.py:157} INFO - Started process (PID=1813) to work on /home/airflow/.local/lib/python3.8/site-packages/airflow/example_dags/example_nested_branch_dag.py
[2025-02-07T13:23:02.841+0000] {processor.py:829} INFO - Processing file /home/airflow/.local/lib/python3.8/site-packages/airflow/example_dags/example_nested_branch_dag.py for tasks to queue
[2025-02-07T13:23:02.842+0000] {logging_mixin.py:154} INFO - [2025-02-07T13:23:02.842+0000] {dagbag.py:536} INFO - Filling up the DagBag from /home/airflow/.local/lib/python3.8/site-packages/airflow/example_dags/example_nested_branch_dag.py
[2025-02-07T13:23:02.854+0000] {processor.py:839} INFO - DAG(s) dict_keys(['example_nested_branch_dag']) retrieved from /home/airflow/.local/lib/python3.8/site-packages/airflow/example_dags/example_nested_branch_dag.py
[2025-02-07T13:23:02.878+0000] {logging_mixin.py:154} INFO - [2025-02-07T13:23:02.878+0000] {dag.py:2941} INFO - Sync 1 DAGs
[2025-02-07T13:23:02.900+0000] {logging_mixin.py:154} INFO - [2025-02-07T13:23:02.900+0000] {dag.py:3722} INFO - Setting next_dagrun for example_nested_branch_dag to 2025-02-06T00:00:00+00:00, run_after=2025-02-07T00:00:00+00:00
[2025-02-07T13:23:02.919+0000] {processor.py:179} INFO - Processing /home/airflow/.local/lib/python3.8/site-packages/airflow/example_dags/example_nested_branch_dag.py took 0.085 seconds
[2025-02-07T13:23:33.803+0000] {processor.py:157} INFO - Started process (PID=2054) to work on /home/airflow/.local/lib/python3.8/site-packages/airflow/example_dags/example_nested_branch_dag.py
[2025-02-07T13:23:33.806+0000] {processor.py:829} INFO - Processing file /home/airflow/.local/lib/python3.8/site-packages/airflow/example_dags/example_nested_branch_dag.py for tasks to queue
[2025-02-07T13:23:33.809+0000] {logging_mixin.py:154} INFO - [2025-02-07T13:23:33.808+0000] {dagbag.py:536} INFO - Filling up the DagBag from /home/airflow/.local/lib/python3.8/site-packages/airflow/example_dags/example_nested_branch_dag.py
[2025-02-07T13:23:33.872+0000] {processor.py:839} INFO - DAG(s) dict_keys(['example_nested_branch_dag']) retrieved from /home/airflow/.local/lib/python3.8/site-packages/airflow/example_dags/example_nested_branch_dag.py
[2025-02-07T13:23:33.940+0000] {logging_mixin.py:154} INFO - [2025-02-07T13:23:33.940+0000] {dag.py:2941} INFO - Sync 1 DAGs
[2025-02-07T13:23:34.013+0000] {logging_mixin.py:154} INFO - [2025-02-07T13:23:34.013+0000] {dag.py:3722} INFO - Setting next_dagrun for example_nested_branch_dag to 2025-02-06T00:00:00+00:00, run_after=2025-02-07T00:00:00+00:00
[2025-02-07T13:23:34.064+0000] {processor.py:179} INFO - Processing /home/airflow/.local/lib/python3.8/site-packages/airflow/example_dags/example_nested_branch_dag.py took 0.273 seconds
[2025-02-07T13:24:04.988+0000] {processor.py:157} INFO - Started process (PID=2297) to work on /home/airflow/.local/lib/python3.8/site-packages/airflow/example_dags/example_nested_branch_dag.py
[2025-02-07T13:24:04.990+0000] {processor.py:829} INFO - Processing file /home/airflow/.local/lib/python3.8/site-packages/airflow/example_dags/example_nested_branch_dag.py for tasks to queue
[2025-02-07T13:24:04.992+0000] {logging_mixin.py:154} INFO - [2025-02-07T13:24:04.992+0000] {dagbag.py:536} INFO - Filling up the DagBag from /home/airflow/.local/lib/python3.8/site-packages/airflow/example_dags/example_nested_branch_dag.py
[2025-02-07T13:24:05.024+0000] {processor.py:839} INFO - DAG(s) dict_keys(['example_nested_branch_dag']) retrieved from /home/airflow/.local/lib/python3.8/site-packages/airflow/example_dags/example_nested_branch_dag.py
[2025-02-07T13:24:05.114+0000] {logging_mixin.py:154} INFO - [2025-02-07T13:24:05.113+0000] {dag.py:2941} INFO - Sync 1 DAGs
[2025-02-07T13:24:05.199+0000] {logging_mixin.py:154} INFO - [2025-02-07T13:24:05.198+0000] {dag.py:3722} INFO - Setting next_dagrun for example_nested_branch_dag to 2025-02-06T00:00:00+00:00, run_after=2025-02-07T00:00:00+00:00
[2025-02-07T13:24:05.257+0000] {processor.py:179} INFO - Processing /home/airflow/.local/lib/python3.8/site-packages/airflow/example_dags/example_nested_branch_dag.py took 0.279 seconds
[2025-02-07T13:24:35.794+0000] {processor.py:157} INFO - Started process (PID=2540) to work on /home/airflow/.local/lib/python3.8/site-packages/airflow/example_dags/example_nested_branch_dag.py
[2025-02-07T13:24:35.796+0000] {processor.py:829} INFO - Processing file /home/airflow/.local/lib/python3.8/site-packages/airflow/example_dags/example_nested_branch_dag.py for tasks to queue
[2025-02-07T13:24:35.798+0000] {logging_mixin.py:154} INFO - [2025-02-07T13:24:35.797+0000] {dagbag.py:536} INFO - Filling up the DagBag from /home/airflow/.local/lib/python3.8/site-packages/airflow/example_dags/example_nested_branch_dag.py
[2025-02-07T13:24:35.847+0000] {processor.py:839} INFO - DAG(s) dict_keys(['example_nested_branch_dag']) retrieved from /home/airflow/.local/lib/python3.8/site-packages/airflow/example_dags/example_nested_branch_dag.py
[2025-02-07T13:24:35.918+0000] {logging_mixin.py:154} INFO - [2025-02-07T13:24:35.917+0000] {dag.py:2941} INFO - Sync 1 DAGs
[2025-02-07T13:24:35.995+0000] {logging_mixin.py:154} INFO - [2025-02-07T13:24:35.994+0000] {dag.py:3722} INFO - Setting next_dagrun for example_nested_branch_dag to 2025-02-06T00:00:00+00:00, run_after=2025-02-07T00:00:00+00:00
[2025-02-07T13:24:36.048+0000] {processor.py:179} INFO - Processing /home/airflow/.local/lib/python3.8/site-packages/airflow/example_dags/example_nested_branch_dag.py took 0.265 seconds
[2025-02-07T13:25:06.316+0000] {processor.py:157} INFO - Started process (PID=2784) to work on /home/airflow/.local/lib/python3.8/site-packages/airflow/example_dags/example_nested_branch_dag.py
[2025-02-07T13:25:06.320+0000] {processor.py:829} INFO - Processing file /home/airflow/.local/lib/python3.8/site-packages/airflow/example_dags/example_nested_branch_dag.py for tasks to queue
[2025-02-07T13:25:06.323+0000] {logging_mixin.py:154} INFO - [2025-02-07T13:25:06.322+0000] {dagbag.py:536} INFO - Filling up the DagBag from /home/airflow/.local/lib/python3.8/site-packages/airflow/example_dags/example_nested_branch_dag.py
[2025-02-07T13:25:06.357+0000] {processor.py:839} INFO - DAG(s) dict_keys(['example_nested_branch_dag']) retrieved from /home/airflow/.local/lib/python3.8/site-packages/airflow/example_dags/example_nested_branch_dag.py
[2025-02-07T13:25:06.455+0000] {logging_mixin.py:154} INFO - [2025-02-07T13:25:06.455+0000] {dag.py:2941} INFO - Sync 1 DAGs
[2025-02-07T13:25:06.582+0000] {logging_mixin.py:154} INFO - [2025-02-07T13:25:06.582+0000] {dag.py:3722} INFO - Setting next_dagrun for example_nested_branch_dag to 2025-02-06T00:00:00+00:00, run_after=2025-02-07T00:00:00+00:00
[2025-02-07T13:25:06.726+0000] {processor.py:179} INFO - Processing /home/airflow/.local/lib/python3.8/site-packages/airflow/example_dags/example_nested_branch_dag.py took 0.426 seconds
[2025-02-07T13:27:10.237+0000] {processor.py:157} INFO - Started process (PID=351) to work on /home/airflow/.local/lib/python3.8/site-packages/airflow/example_dags/example_nested_branch_dag.py
[2025-02-07T13:27:10.238+0000] {processor.py:829} INFO - Processing file /home/airflow/.local/lib/python3.8/site-packages/airflow/example_dags/example_nested_branch_dag.py for tasks to queue
[2025-02-07T13:27:10.239+0000] {logging_mixin.py:154} INFO - [2025-02-07T13:27:10.239+0000] {dagbag.py:536} INFO - Filling up the DagBag from /home/airflow/.local/lib/python3.8/site-packages/airflow/example_dags/example_nested_branch_dag.py
[2025-02-07T13:27:10.255+0000] {processor.py:839} INFO - DAG(s) dict_keys(['example_nested_branch_dag']) retrieved from /home/airflow/.local/lib/python3.8/site-packages/airflow/example_dags/example_nested_branch_dag.py
[2025-02-07T13:27:10.337+0000] {logging_mixin.py:154} INFO - [2025-02-07T13:27:10.337+0000] {dag.py:2941} INFO - Sync 1 DAGs
[2025-02-07T13:27:10.442+0000] {logging_mixin.py:154} INFO - [2025-02-07T13:27:10.441+0000] {dag.py:3722} INFO - Setting next_dagrun for example_nested_branch_dag to 2025-02-06T00:00:00+00:00, run_after=2025-02-07T00:00:00+00:00
[2025-02-07T13:27:10.519+0000] {processor.py:179} INFO - Processing /home/airflow/.local/lib/python3.8/site-packages/airflow/example_dags/example_nested_branch_dag.py took 0.286 seconds
[2025-02-07T21:29:18.670+0000] {processor.py:157} INFO - Started process (PID=351) to work on /home/airflow/.local/lib/python3.8/site-packages/airflow/example_dags/example_nested_branch_dag.py
[2025-02-07T21:29:18.673+0000] {processor.py:829} INFO - Processing file /home/airflow/.local/lib/python3.8/site-packages/airflow/example_dags/example_nested_branch_dag.py for tasks to queue
[2025-02-07T21:29:18.676+0000] {logging_mixin.py:154} INFO - [2025-02-07T21:29:18.675+0000] {dagbag.py:536} INFO - Filling up the DagBag from /home/airflow/.local/lib/python3.8/site-packages/airflow/example_dags/example_nested_branch_dag.py
[2025-02-07T21:29:18.738+0000] {processor.py:839} INFO - DAG(s) dict_keys(['example_nested_branch_dag']) retrieved from /home/airflow/.local/lib/python3.8/site-packages/airflow/example_dags/example_nested_branch_dag.py
[2025-02-07T21:29:18.832+0000] {logging_mixin.py:154} INFO - [2025-02-07T21:29:18.832+0000] {dag.py:2941} INFO - Sync 1 DAGs
[2025-02-07T21:29:18.984+0000] {logging_mixin.py:154} INFO - [2025-02-07T21:29:18.982+0000] {dag.py:3722} INFO - Setting next_dagrun for example_nested_branch_dag to 2025-02-06T00:00:00+00:00, run_after=2025-02-07T00:00:00+00:00
[2025-02-07T21:29:19.061+0000] {processor.py:179} INFO - Processing /home/airflow/.local/lib/python3.8/site-packages/airflow/example_dags/example_nested_branch_dag.py took 0.405 seconds
[2025-02-07T21:29:49.322+0000] {processor.py:157} INFO - Started process (PID=596) to work on /home/airflow/.local/lib/python3.8/site-packages/airflow/example_dags/example_nested_branch_dag.py
[2025-02-07T21:29:49.324+0000] {processor.py:829} INFO - Processing file /home/airflow/.local/lib/python3.8/site-packages/airflow/example_dags/example_nested_branch_dag.py for tasks to queue
[2025-02-07T21:29:49.326+0000] {logging_mixin.py:154} INFO - [2025-02-07T21:29:49.325+0000] {dagbag.py:536} INFO - Filling up the DagBag from /home/airflow/.local/lib/python3.8/site-packages/airflow/example_dags/example_nested_branch_dag.py
[2025-02-07T21:29:49.356+0000] {processor.py:839} INFO - DAG(s) dict_keys(['example_nested_branch_dag']) retrieved from /home/airflow/.local/lib/python3.8/site-packages/airflow/example_dags/example_nested_branch_dag.py
[2025-02-07T21:29:49.412+0000] {logging_mixin.py:154} INFO - [2025-02-07T21:29:49.411+0000] {dag.py:2941} INFO - Sync 1 DAGs
[2025-02-07T21:29:49.462+0000] {logging_mixin.py:154} INFO - [2025-02-07T21:29:49.461+0000] {dag.py:3722} INFO - Setting next_dagrun for example_nested_branch_dag to 2025-02-06T00:00:00+00:00, run_after=2025-02-07T00:00:00+00:00
[2025-02-07T21:29:49.512+0000] {processor.py:179} INFO - Processing /home/airflow/.local/lib/python3.8/site-packages/airflow/example_dags/example_nested_branch_dag.py took 0.199 seconds
