[2025-02-07T13:19:56.440+0000] {processor.py:157} INFO - Started process (PID=388) to work on /home/airflow/.local/lib/python3.8/site-packages/airflow/example_dags/example_branch_operator.py
[2025-02-07T13:19:56.444+0000] {processor.py:829} INFO - Processing file /home/airflow/.local/lib/python3.8/site-packages/airflow/example_dags/example_branch_operator.py for tasks to queue
[2025-02-07T13:19:56.446+0000] {logging_mixin.py:154} INFO - [2025-02-07T13:19:56.445+0000] {dagbag.py:536} INFO - Filling up the DagBag from /home/airflow/.local/lib/python3.8/site-packages/airflow/example_dags/example_branch_operator.py
[2025-02-07T13:19:56.496+0000] {processor.py:839} INFO - DAG(s) dict_keys(['example_branch_operator']) retrieved from /home/airflow/.local/lib/python3.8/site-packages/airflow/example_dags/example_branch_operator.py
[2025-02-07T13:19:56.570+0000] {logging_mixin.py:154} INFO - [2025-02-07T13:19:56.569+0000] {dag.py:2941} INFO - Sync 1 DAGs
[2025-02-07T13:19:56.646+0000] {logging_mixin.py:154} INFO - [2025-02-07T13:19:56.645+0000] {dag.py:3722} INFO - Setting next_dagrun for example_branch_operator to 2025-02-06T00:00:00+00:00, run_after=2025-02-07T00:00:00+00:00
[2025-02-07T13:19:56.706+0000] {processor.py:179} INFO - Processing /home/airflow/.local/lib/python3.8/site-packages/airflow/example_dags/example_branch_operator.py took 0.279 seconds
[2025-02-07T13:20:27.937+0000] {processor.py:157} INFO - Started process (PID=631) to work on /home/airflow/.local/lib/python3.8/site-packages/airflow/example_dags/example_branch_operator.py
[2025-02-07T13:20:27.943+0000] {processor.py:829} INFO - Processing file /home/airflow/.local/lib/python3.8/site-packages/airflow/example_dags/example_branch_operator.py for tasks to queue
[2025-02-07T13:20:27.947+0000] {logging_mixin.py:154} INFO - [2025-02-07T13:20:27.946+0000] {dagbag.py:536} INFO - Filling up the DagBag from /home/airflow/.local/lib/python3.8/site-packages/airflow/example_dags/example_branch_operator.py
[2025-02-07T13:20:28.012+0000] {processor.py:839} INFO - DAG(s) dict_keys(['example_branch_operator']) retrieved from /home/airflow/.local/lib/python3.8/site-packages/airflow/example_dags/example_branch_operator.py
[2025-02-07T13:20:28.185+0000] {logging_mixin.py:154} INFO - [2025-02-07T13:20:28.184+0000] {dag.py:2941} INFO - Sync 1 DAGs
[2025-02-07T13:20:28.413+0000] {logging_mixin.py:154} INFO - [2025-02-07T13:20:28.412+0000] {dag.py:3722} INFO - Setting next_dagrun for example_branch_operator to 2025-02-06T00:00:00+00:00, run_after=2025-02-07T00:00:00+00:00
[2025-02-07T13:20:28.534+0000] {processor.py:179} INFO - Processing /home/airflow/.local/lib/python3.8/site-packages/airflow/example_dags/example_branch_operator.py took 0.621 seconds
[2025-02-07T13:20:58.876+0000] {processor.py:157} INFO - Started process (PID=876) to work on /home/airflow/.local/lib/python3.8/site-packages/airflow/example_dags/example_branch_operator.py
[2025-02-07T13:20:58.878+0000] {processor.py:829} INFO - Processing file /home/airflow/.local/lib/python3.8/site-packages/airflow/example_dags/example_branch_operator.py for tasks to queue
[2025-02-07T13:20:58.880+0000] {logging_mixin.py:154} INFO - [2025-02-07T13:20:58.880+0000] {dagbag.py:536} INFO - Filling up the DagBag from /home/airflow/.local/lib/python3.8/site-packages/airflow/example_dags/example_branch_operator.py
[2025-02-07T13:20:58.902+0000] {processor.py:839} INFO - DAG(s) dict_keys(['example_branch_operator']) retrieved from /home/airflow/.local/lib/python3.8/site-packages/airflow/example_dags/example_branch_operator.py
[2025-02-07T13:20:58.968+0000] {logging_mixin.py:154} INFO - [2025-02-07T13:20:58.968+0000] {dag.py:2941} INFO - Sync 1 DAGs
[2025-02-07T13:20:59.049+0000] {logging_mixin.py:154} INFO - [2025-02-07T13:20:59.049+0000] {dag.py:3722} INFO - Setting next_dagrun for example_branch_operator to 2025-02-06T00:00:00+00:00, run_after=2025-02-07T00:00:00+00:00
[2025-02-07T13:20:59.114+0000] {processor.py:179} INFO - Processing /home/airflow/.local/lib/python3.8/site-packages/airflow/example_dags/example_branch_operator.py took 0.248 seconds
[2025-02-07T13:21:29.350+0000] {processor.py:157} INFO - Started process (PID=1117) to work on /home/airflow/.local/lib/python3.8/site-packages/airflow/example_dags/example_branch_operator.py
[2025-02-07T13:21:29.358+0000] {processor.py:829} INFO - Processing file /home/airflow/.local/lib/python3.8/site-packages/airflow/example_dags/example_branch_operator.py for tasks to queue
[2025-02-07T13:21:29.361+0000] {logging_mixin.py:154} INFO - [2025-02-07T13:21:29.360+0000] {dagbag.py:536} INFO - Filling up the DagBag from /home/airflow/.local/lib/python3.8/site-packages/airflow/example_dags/example_branch_operator.py
[2025-02-07T13:21:29.397+0000] {processor.py:839} INFO - DAG(s) dict_keys(['example_branch_operator']) retrieved from /home/airflow/.local/lib/python3.8/site-packages/airflow/example_dags/example_branch_operator.py
[2025-02-07T13:21:29.512+0000] {logging_mixin.py:154} INFO - [2025-02-07T13:21:29.510+0000] {dag.py:2941} INFO - Sync 1 DAGs
[2025-02-07T13:21:29.580+0000] {logging_mixin.py:154} INFO - [2025-02-07T13:21:29.580+0000] {dag.py:3722} INFO - Setting next_dagrun for example_branch_operator to 2025-02-06T00:00:00+00:00, run_after=2025-02-07T00:00:00+00:00
[2025-02-07T13:21:29.641+0000] {processor.py:179} INFO - Processing /home/airflow/.local/lib/python3.8/site-packages/airflow/example_dags/example_branch_operator.py took 0.306 seconds
[2025-02-07T13:22:01.079+0000] {processor.py:157} INFO - Started process (PID=1360) to work on /home/airflow/.local/lib/python3.8/site-packages/airflow/example_dags/example_branch_operator.py
[2025-02-07T13:22:01.082+0000] {processor.py:829} INFO - Processing file /home/airflow/.local/lib/python3.8/site-packages/airflow/example_dags/example_branch_operator.py for tasks to queue
[2025-02-07T13:22:01.085+0000] {logging_mixin.py:154} INFO - [2025-02-07T13:22:01.084+0000] {dagbag.py:536} INFO - Filling up the DagBag from /home/airflow/.local/lib/python3.8/site-packages/airflow/example_dags/example_branch_operator.py
[2025-02-07T13:22:01.119+0000] {processor.py:839} INFO - DAG(s) dict_keys(['example_branch_operator']) retrieved from /home/airflow/.local/lib/python3.8/site-packages/airflow/example_dags/example_branch_operator.py
[2025-02-07T13:22:01.329+0000] {logging_mixin.py:154} INFO - [2025-02-07T13:22:01.328+0000] {dag.py:2941} INFO - Sync 1 DAGs
[2025-02-07T13:22:01.404+0000] {logging_mixin.py:154} INFO - [2025-02-07T13:22:01.403+0000] {dag.py:3722} INFO - Setting next_dagrun for example_branch_operator to 2025-02-06T00:00:00+00:00, run_after=2025-02-07T00:00:00+00:00
[2025-02-07T13:22:01.487+0000] {processor.py:179} INFO - Processing /home/airflow/.local/lib/python3.8/site-packages/airflow/example_dags/example_branch_operator.py took 0.419 seconds
[2025-02-07T13:22:32.964+0000] {processor.py:157} INFO - Started process (PID=1603) to work on /home/airflow/.local/lib/python3.8/site-packages/airflow/example_dags/example_branch_operator.py
[2025-02-07T13:22:32.967+0000] {processor.py:829} INFO - Processing file /home/airflow/.local/lib/python3.8/site-packages/airflow/example_dags/example_branch_operator.py for tasks to queue
[2025-02-07T13:22:32.971+0000] {logging_mixin.py:154} INFO - [2025-02-07T13:22:32.969+0000] {dagbag.py:536} INFO - Filling up the DagBag from /home/airflow/.local/lib/python3.8/site-packages/airflow/example_dags/example_branch_operator.py
[2025-02-07T13:22:33.004+0000] {processor.py:839} INFO - DAG(s) dict_keys(['example_branch_operator']) retrieved from /home/airflow/.local/lib/python3.8/site-packages/airflow/example_dags/example_branch_operator.py
[2025-02-07T13:22:33.083+0000] {logging_mixin.py:154} INFO - [2025-02-07T13:22:33.083+0000] {dag.py:2941} INFO - Sync 1 DAGs
[2025-02-07T13:22:33.165+0000] {logging_mixin.py:154} INFO - [2025-02-07T13:22:33.163+0000] {dag.py:3722} INFO - Setting next_dagrun for example_branch_operator to 2025-02-06T00:00:00+00:00, run_after=2025-02-07T00:00:00+00:00
[2025-02-07T13:22:33.256+0000] {processor.py:179} INFO - Processing /home/airflow/.local/lib/python3.8/site-packages/airflow/example_dags/example_branch_operator.py took 0.307 seconds
[2025-02-07T13:23:03.431+0000] {processor.py:157} INFO - Started process (PID=1846) to work on /home/airflow/.local/lib/python3.8/site-packages/airflow/example_dags/example_branch_operator.py
[2025-02-07T13:23:03.434+0000] {processor.py:829} INFO - Processing file /home/airflow/.local/lib/python3.8/site-packages/airflow/example_dags/example_branch_operator.py for tasks to queue
[2025-02-07T13:23:03.438+0000] {logging_mixin.py:154} INFO - [2025-02-07T13:23:03.436+0000] {dagbag.py:536} INFO - Filling up the DagBag from /home/airflow/.local/lib/python3.8/site-packages/airflow/example_dags/example_branch_operator.py
[2025-02-07T13:23:03.471+0000] {processor.py:839} INFO - DAG(s) dict_keys(['example_branch_operator']) retrieved from /home/airflow/.local/lib/python3.8/site-packages/airflow/example_dags/example_branch_operator.py
[2025-02-07T13:23:03.544+0000] {logging_mixin.py:154} INFO - [2025-02-07T13:23:03.542+0000] {dag.py:2941} INFO - Sync 1 DAGs
[2025-02-07T13:23:03.617+0000] {logging_mixin.py:154} INFO - [2025-02-07T13:23:03.616+0000] {dag.py:3722} INFO - Setting next_dagrun for example_branch_operator to 2025-02-06T00:00:00+00:00, run_after=2025-02-07T00:00:00+00:00
[2025-02-07T13:23:03.670+0000] {processor.py:179} INFO - Processing /home/airflow/.local/lib/python3.8/site-packages/airflow/example_dags/example_branch_operator.py took 0.250 seconds
[2025-02-07T13:23:34.941+0000] {processor.py:157} INFO - Started process (PID=2089) to work on /home/airflow/.local/lib/python3.8/site-packages/airflow/example_dags/example_branch_operator.py
[2025-02-07T13:23:34.944+0000] {processor.py:829} INFO - Processing file /home/airflow/.local/lib/python3.8/site-packages/airflow/example_dags/example_branch_operator.py for tasks to queue
[2025-02-07T13:23:34.947+0000] {logging_mixin.py:154} INFO - [2025-02-07T13:23:34.946+0000] {dagbag.py:536} INFO - Filling up the DagBag from /home/airflow/.local/lib/python3.8/site-packages/airflow/example_dags/example_branch_operator.py
[2025-02-07T13:23:34.998+0000] {processor.py:839} INFO - DAG(s) dict_keys(['example_branch_operator']) retrieved from /home/airflow/.local/lib/python3.8/site-packages/airflow/example_dags/example_branch_operator.py
[2025-02-07T13:23:35.063+0000] {logging_mixin.py:154} INFO - [2025-02-07T13:23:35.063+0000] {dag.py:2941} INFO - Sync 1 DAGs
[2025-02-07T13:23:35.146+0000] {logging_mixin.py:154} INFO - [2025-02-07T13:23:35.146+0000] {dag.py:3722} INFO - Setting next_dagrun for example_branch_operator to 2025-02-06T00:00:00+00:00, run_after=2025-02-07T00:00:00+00:00
[2025-02-07T13:23:35.196+0000] {processor.py:179} INFO - Processing /home/airflow/.local/lib/python3.8/site-packages/airflow/example_dags/example_branch_operator.py took 0.265 seconds
[2025-02-07T13:24:06.294+0000] {processor.py:157} INFO - Started process (PID=2332) to work on /home/airflow/.local/lib/python3.8/site-packages/airflow/example_dags/example_branch_operator.py
[2025-02-07T13:24:06.297+0000] {processor.py:829} INFO - Processing file /home/airflow/.local/lib/python3.8/site-packages/airflow/example_dags/example_branch_operator.py for tasks to queue
[2025-02-07T13:24:06.299+0000] {logging_mixin.py:154} INFO - [2025-02-07T13:24:06.298+0000] {dagbag.py:536} INFO - Filling up the DagBag from /home/airflow/.local/lib/python3.8/site-packages/airflow/example_dags/example_branch_operator.py
[2025-02-07T13:24:06.324+0000] {processor.py:839} INFO - DAG(s) dict_keys(['example_branch_operator']) retrieved from /home/airflow/.local/lib/python3.8/site-packages/airflow/example_dags/example_branch_operator.py
[2025-02-07T13:24:06.401+0000] {logging_mixin.py:154} INFO - [2025-02-07T13:24:06.401+0000] {dag.py:2941} INFO - Sync 1 DAGs
[2025-02-07T13:24:06.481+0000] {logging_mixin.py:154} INFO - [2025-02-07T13:24:06.480+0000] {dag.py:3722} INFO - Setting next_dagrun for example_branch_operator to 2025-02-06T00:00:00+00:00, run_after=2025-02-07T00:00:00+00:00
[2025-02-07T13:24:06.533+0000] {processor.py:179} INFO - Processing /home/airflow/.local/lib/python3.8/site-packages/airflow/example_dags/example_branch_operator.py took 0.249 seconds
[2025-02-07T13:24:37.389+0000] {processor.py:157} INFO - Started process (PID=2577) to work on /home/airflow/.local/lib/python3.8/site-packages/airflow/example_dags/example_branch_operator.py
[2025-02-07T13:24:37.391+0000] {processor.py:829} INFO - Processing file /home/airflow/.local/lib/python3.8/site-packages/airflow/example_dags/example_branch_operator.py for tasks to queue
[2025-02-07T13:24:37.393+0000] {logging_mixin.py:154} INFO - [2025-02-07T13:24:37.392+0000] {dagbag.py:536} INFO - Filling up the DagBag from /home/airflow/.local/lib/python3.8/site-packages/airflow/example_dags/example_branch_operator.py
[2025-02-07T13:24:37.411+0000] {processor.py:839} INFO - DAG(s) dict_keys(['example_branch_operator']) retrieved from /home/airflow/.local/lib/python3.8/site-packages/airflow/example_dags/example_branch_operator.py
[2025-02-07T13:24:37.489+0000] {logging_mixin.py:154} INFO - [2025-02-07T13:24:37.489+0000] {dag.py:2941} INFO - Sync 1 DAGs
[2025-02-07T13:24:37.566+0000] {logging_mixin.py:154} INFO - [2025-02-07T13:24:37.566+0000] {dag.py:3722} INFO - Setting next_dagrun for example_branch_operator to 2025-02-06T00:00:00+00:00, run_after=2025-02-07T00:00:00+00:00
[2025-02-07T13:24:37.617+0000] {processor.py:179} INFO - Processing /home/airflow/.local/lib/python3.8/site-packages/airflow/example_dags/example_branch_operator.py took 0.243 seconds
[2025-02-07T13:25:08.606+0000] {processor.py:157} INFO - Started process (PID=2821) to work on /home/airflow/.local/lib/python3.8/site-packages/airflow/example_dags/example_branch_operator.py
[2025-02-07T13:25:08.609+0000] {processor.py:829} INFO - Processing file /home/airflow/.local/lib/python3.8/site-packages/airflow/example_dags/example_branch_operator.py for tasks to queue
[2025-02-07T13:25:08.610+0000] {logging_mixin.py:154} INFO - [2025-02-07T13:25:08.610+0000] {dagbag.py:536} INFO - Filling up the DagBag from /home/airflow/.local/lib/python3.8/site-packages/airflow/example_dags/example_branch_operator.py
[2025-02-07T13:25:08.635+0000] {processor.py:839} INFO - DAG(s) dict_keys(['example_branch_operator']) retrieved from /home/airflow/.local/lib/python3.8/site-packages/airflow/example_dags/example_branch_operator.py
[2025-02-07T13:25:08.739+0000] {logging_mixin.py:154} INFO - [2025-02-07T13:25:08.739+0000] {dag.py:2941} INFO - Sync 1 DAGs
[2025-02-07T13:25:08.831+0000] {logging_mixin.py:154} INFO - [2025-02-07T13:25:08.831+0000] {dag.py:3722} INFO - Setting next_dagrun for example_branch_operator to 2025-02-06T00:00:00+00:00, run_after=2025-02-07T00:00:00+00:00
[2025-02-07T13:25:08.885+0000] {processor.py:179} INFO - Processing /home/airflow/.local/lib/python3.8/site-packages/airflow/example_dags/example_branch_operator.py took 0.287 seconds
[2025-02-07T13:27:12.812+0000] {processor.py:157} INFO - Started process (PID=386) to work on /home/airflow/.local/lib/python3.8/site-packages/airflow/example_dags/example_branch_operator.py
[2025-02-07T13:27:12.814+0000] {processor.py:829} INFO - Processing file /home/airflow/.local/lib/python3.8/site-packages/airflow/example_dags/example_branch_operator.py for tasks to queue
[2025-02-07T13:27:12.816+0000] {logging_mixin.py:154} INFO - [2025-02-07T13:27:12.816+0000] {dagbag.py:536} INFO - Filling up the DagBag from /home/airflow/.local/lib/python3.8/site-packages/airflow/example_dags/example_branch_operator.py
[2025-02-07T13:27:12.849+0000] {processor.py:839} INFO - DAG(s) dict_keys(['example_branch_operator']) retrieved from /home/airflow/.local/lib/python3.8/site-packages/airflow/example_dags/example_branch_operator.py
[2025-02-07T13:27:12.994+0000] {logging_mixin.py:154} INFO - [2025-02-07T13:27:12.993+0000] {dag.py:2941} INFO - Sync 1 DAGs
[2025-02-07T13:27:13.077+0000] {logging_mixin.py:154} INFO - [2025-02-07T13:27:13.076+0000] {dag.py:3722} INFO - Setting next_dagrun for example_branch_operator to 2025-02-06T00:00:00+00:00, run_after=2025-02-07T00:00:00+00:00
[2025-02-07T13:27:13.118+0000] {processor.py:179} INFO - Processing /home/airflow/.local/lib/python3.8/site-packages/airflow/example_dags/example_branch_operator.py took 0.316 seconds
[2025-02-07T21:29:20.422+0000] {processor.py:157} INFO - Started process (PID=386) to work on /home/airflow/.local/lib/python3.8/site-packages/airflow/example_dags/example_branch_operator.py
[2025-02-07T21:29:20.438+0000] {processor.py:829} INFO - Processing file /home/airflow/.local/lib/python3.8/site-packages/airflow/example_dags/example_branch_operator.py for tasks to queue
[2025-02-07T21:29:20.441+0000] {logging_mixin.py:154} INFO - [2025-02-07T21:29:20.440+0000] {dagbag.py:536} INFO - Filling up the DagBag from /home/airflow/.local/lib/python3.8/site-packages/airflow/example_dags/example_branch_operator.py
[2025-02-07T21:29:20.476+0000] {processor.py:839} INFO - DAG(s) dict_keys(['example_branch_operator']) retrieved from /home/airflow/.local/lib/python3.8/site-packages/airflow/example_dags/example_branch_operator.py
[2025-02-07T21:29:20.602+0000] {logging_mixin.py:154} INFO - [2025-02-07T21:29:20.601+0000] {dag.py:2941} INFO - Sync 1 DAGs
[2025-02-07T21:29:20.728+0000] {logging_mixin.py:154} INFO - [2025-02-07T21:29:20.727+0000] {dag.py:3722} INFO - Setting next_dagrun for example_branch_operator to 2025-02-06T00:00:00+00:00, run_after=2025-02-07T00:00:00+00:00
[2025-02-07T21:29:20.782+0000] {processor.py:179} INFO - Processing /home/airflow/.local/lib/python3.8/site-packages/airflow/example_dags/example_branch_operator.py took 0.381 seconds
