[2025-02-07T13:19:48.248+0000] {processor.py:157} INFO - Started process (PID=225) to work on /home/airflow/.local/lib/python3.8/site-packages/airflow/example_dags/example_sla_dag.py
[2025-02-07T13:19:48.251+0000] {processor.py:829} INFO - Processing file /home/airflow/.local/lib/python3.8/site-packages/airflow/example_dags/example_sla_dag.py for tasks to queue
[2025-02-07T13:19:48.253+0000] {logging_mixin.py:154} INFO - [2025-02-07T13:19:48.252+0000] {dagbag.py:536} INFO - Filling up the DagBag from /home/airflow/.local/lib/python3.8/site-packages/airflow/example_dags/example_sla_dag.py
[2025-02-07T13:19:48.307+0000] {processor.py:839} INFO - DAG(s) dict_keys(['example_sla_dag']) retrieved from /home/airflow/.local/lib/python3.8/site-packages/airflow/example_dags/example_sla_dag.py
[2025-02-07T13:19:48.400+0000] {logging_mixin.py:154} INFO - [2025-02-07T13:19:48.400+0000] {dag.py:2941} INFO - Sync 1 DAGs
[2025-02-07T13:19:48.471+0000] {logging_mixin.py:154} INFO - [2025-02-07T13:19:48.470+0000] {dag.py:3722} INFO - Setting next_dagrun for example_sla_dag to 2025-02-07T13:16:00+00:00, run_after=2025-02-07T13:18:00+00:00
[2025-02-07T13:19:48.514+0000] {processor.py:179} INFO - Processing /home/airflow/.local/lib/python3.8/site-packages/airflow/example_dags/example_sla_dag.py took 0.281 seconds
[2025-02-07T13:20:19.847+0000] {processor.py:157} INFO - Started process (PID=466) to work on /home/airflow/.local/lib/python3.8/site-packages/airflow/example_dags/example_sla_dag.py
[2025-02-07T13:20:19.850+0000] {processor.py:829} INFO - Processing file /home/airflow/.local/lib/python3.8/site-packages/airflow/example_dags/example_sla_dag.py for tasks to queue
[2025-02-07T13:20:19.853+0000] {logging_mixin.py:154} INFO - [2025-02-07T13:20:19.852+0000] {dagbag.py:536} INFO - Filling up the DagBag from /home/airflow/.local/lib/python3.8/site-packages/airflow/example_dags/example_sla_dag.py
[2025-02-07T13:20:19.879+0000] {processor.py:839} INFO - DAG(s) dict_keys(['example_sla_dag']) retrieved from /home/airflow/.local/lib/python3.8/site-packages/airflow/example_dags/example_sla_dag.py
[2025-02-07T13:20:19.945+0000] {logging_mixin.py:154} INFO - [2025-02-07T13:20:19.944+0000] {dag.py:2941} INFO - Sync 1 DAGs
[2025-02-07T13:20:20.020+0000] {logging_mixin.py:154} INFO - [2025-02-07T13:20:20.019+0000] {dag.py:3722} INFO - Setting next_dagrun for example_sla_dag to 2025-02-07T13:18:00+00:00, run_after=2025-02-07T13:20:00+00:00
[2025-02-07T13:20:20.064+0000] {processor.py:179} INFO - Processing /home/airflow/.local/lib/python3.8/site-packages/airflow/example_dags/example_sla_dag.py took 0.227 seconds
[2025-02-07T13:20:50.178+0000] {processor.py:157} INFO - Started process (PID=709) to work on /home/airflow/.local/lib/python3.8/site-packages/airflow/example_dags/example_sla_dag.py
[2025-02-07T13:20:50.179+0000] {processor.py:829} INFO - Processing file /home/airflow/.local/lib/python3.8/site-packages/airflow/example_dags/example_sla_dag.py for tasks to queue
[2025-02-07T13:20:50.180+0000] {logging_mixin.py:154} INFO - [2025-02-07T13:20:50.180+0000] {dagbag.py:536} INFO - Filling up the DagBag from /home/airflow/.local/lib/python3.8/site-packages/airflow/example_dags/example_sla_dag.py
[2025-02-07T13:20:50.197+0000] {processor.py:839} INFO - DAG(s) dict_keys(['example_sla_dag']) retrieved from /home/airflow/.local/lib/python3.8/site-packages/airflow/example_dags/example_sla_dag.py
[2025-02-07T13:20:50.242+0000] {logging_mixin.py:154} INFO - [2025-02-07T13:20:50.241+0000] {dag.py:2941} INFO - Sync 1 DAGs
[2025-02-07T13:20:50.344+0000] {logging_mixin.py:154} INFO - [2025-02-07T13:20:50.343+0000] {dag.py:3722} INFO - Setting next_dagrun for example_sla_dag to 2025-02-07T13:18:00+00:00, run_after=2025-02-07T13:20:00+00:00
[2025-02-07T13:20:50.403+0000] {processor.py:179} INFO - Processing /home/airflow/.local/lib/python3.8/site-packages/airflow/example_dags/example_sla_dag.py took 0.230 seconds
[2025-02-07T13:21:21.670+0000] {processor.py:157} INFO - Started process (PID=952) to work on /home/airflow/.local/lib/python3.8/site-packages/airflow/example_dags/example_sla_dag.py
[2025-02-07T13:21:21.676+0000] {processor.py:829} INFO - Processing file /home/airflow/.local/lib/python3.8/site-packages/airflow/example_dags/example_sla_dag.py for tasks to queue
[2025-02-07T13:21:21.681+0000] {logging_mixin.py:154} INFO - [2025-02-07T13:21:21.680+0000] {dagbag.py:536} INFO - Filling up the DagBag from /home/airflow/.local/lib/python3.8/site-packages/airflow/example_dags/example_sla_dag.py
[2025-02-07T13:21:21.715+0000] {processor.py:839} INFO - DAG(s) dict_keys(['example_sla_dag']) retrieved from /home/airflow/.local/lib/python3.8/site-packages/airflow/example_dags/example_sla_dag.py
[2025-02-07T13:21:21.781+0000] {logging_mixin.py:154} INFO - [2025-02-07T13:21:21.780+0000] {dag.py:2941} INFO - Sync 1 DAGs
[2025-02-07T13:21:21.867+0000] {logging_mixin.py:154} INFO - [2025-02-07T13:21:21.866+0000] {dag.py:3722} INFO - Setting next_dagrun for example_sla_dag to 2025-02-07T13:18:00+00:00, run_after=2025-02-07T13:20:00+00:00
[2025-02-07T13:21:21.936+0000] {processor.py:179} INFO - Processing /home/airflow/.local/lib/python3.8/site-packages/airflow/example_dags/example_sla_dag.py took 0.278 seconds
[2025-02-07T13:21:52.480+0000] {processor.py:157} INFO - Started process (PID=1195) to work on /home/airflow/.local/lib/python3.8/site-packages/airflow/example_dags/example_sla_dag.py
[2025-02-07T13:21:52.482+0000] {processor.py:829} INFO - Processing file /home/airflow/.local/lib/python3.8/site-packages/airflow/example_dags/example_sla_dag.py for tasks to queue
[2025-02-07T13:21:52.485+0000] {logging_mixin.py:154} INFO - [2025-02-07T13:21:52.485+0000] {dagbag.py:536} INFO - Filling up the DagBag from /home/airflow/.local/lib/python3.8/site-packages/airflow/example_dags/example_sla_dag.py
[2025-02-07T13:21:52.510+0000] {processor.py:839} INFO - DAG(s) dict_keys(['example_sla_dag']) retrieved from /home/airflow/.local/lib/python3.8/site-packages/airflow/example_dags/example_sla_dag.py
[2025-02-07T13:21:52.591+0000] {logging_mixin.py:154} INFO - [2025-02-07T13:21:52.590+0000] {dag.py:2941} INFO - Sync 1 DAGs
[2025-02-07T13:21:52.684+0000] {logging_mixin.py:154} INFO - [2025-02-07T13:21:52.684+0000] {dag.py:3722} INFO - Setting next_dagrun for example_sla_dag to 2025-02-07T13:18:00+00:00, run_after=2025-02-07T13:20:00+00:00
[2025-02-07T13:21:52.742+0000] {processor.py:179} INFO - Processing /home/airflow/.local/lib/python3.8/site-packages/airflow/example_dags/example_sla_dag.py took 0.272 seconds
[2025-02-07T13:22:22.892+0000] {processor.py:157} INFO - Started process (PID=1435) to work on /home/airflow/.local/lib/python3.8/site-packages/airflow/example_dags/example_sla_dag.py
[2025-02-07T13:22:22.895+0000] {processor.py:829} INFO - Processing file /home/airflow/.local/lib/python3.8/site-packages/airflow/example_dags/example_sla_dag.py for tasks to queue
[2025-02-07T13:22:22.899+0000] {logging_mixin.py:154} INFO - [2025-02-07T13:22:22.898+0000] {dagbag.py:536} INFO - Filling up the DagBag from /home/airflow/.local/lib/python3.8/site-packages/airflow/example_dags/example_sla_dag.py
[2025-02-07T13:22:22.930+0000] {processor.py:839} INFO - DAG(s) dict_keys(['example_sla_dag']) retrieved from /home/airflow/.local/lib/python3.8/site-packages/airflow/example_dags/example_sla_dag.py
[2025-02-07T13:22:23.051+0000] {logging_mixin.py:154} INFO - [2025-02-07T13:22:23.049+0000] {dag.py:2941} INFO - Sync 1 DAGs
[2025-02-07T13:22:23.172+0000] {logging_mixin.py:154} INFO - [2025-02-07T13:22:23.171+0000] {dag.py:3722} INFO - Setting next_dagrun for example_sla_dag to 2025-02-07T13:20:00+00:00, run_after=2025-02-07T13:22:00+00:00
[2025-02-07T13:22:23.241+0000] {processor.py:179} INFO - Processing /home/airflow/.local/lib/python3.8/site-packages/airflow/example_dags/example_sla_dag.py took 0.360 seconds
[2025-02-07T13:22:53.492+0000] {processor.py:157} INFO - Started process (PID=1678) to work on /home/airflow/.local/lib/python3.8/site-packages/airflow/example_dags/example_sla_dag.py
[2025-02-07T13:22:53.495+0000] {processor.py:829} INFO - Processing file /home/airflow/.local/lib/python3.8/site-packages/airflow/example_dags/example_sla_dag.py for tasks to queue
[2025-02-07T13:22:53.497+0000] {logging_mixin.py:154} INFO - [2025-02-07T13:22:53.497+0000] {dagbag.py:536} INFO - Filling up the DagBag from /home/airflow/.local/lib/python3.8/site-packages/airflow/example_dags/example_sla_dag.py
[2025-02-07T13:22:53.527+0000] {processor.py:839} INFO - DAG(s) dict_keys(['example_sla_dag']) retrieved from /home/airflow/.local/lib/python3.8/site-packages/airflow/example_dags/example_sla_dag.py
[2025-02-07T13:22:53.612+0000] {logging_mixin.py:154} INFO - [2025-02-07T13:22:53.611+0000] {dag.py:2941} INFO - Sync 1 DAGs
[2025-02-07T13:22:53.693+0000] {logging_mixin.py:154} INFO - [2025-02-07T13:22:53.692+0000] {dag.py:3722} INFO - Setting next_dagrun for example_sla_dag to 2025-02-07T13:20:00+00:00, run_after=2025-02-07T13:22:00+00:00
[2025-02-07T13:22:53.745+0000] {processor.py:179} INFO - Processing /home/airflow/.local/lib/python3.8/site-packages/airflow/example_dags/example_sla_dag.py took 0.263 seconds
[2025-02-07T13:23:23.847+0000] {processor.py:157} INFO - Started process (PID=1919) to work on /home/airflow/.local/lib/python3.8/site-packages/airflow/example_dags/example_sla_dag.py
[2025-02-07T13:23:23.852+0000] {processor.py:829} INFO - Processing file /home/airflow/.local/lib/python3.8/site-packages/airflow/example_dags/example_sla_dag.py for tasks to queue
[2025-02-07T13:23:23.854+0000] {logging_mixin.py:154} INFO - [2025-02-07T13:23:23.852+0000] {dagbag.py:536} INFO - Filling up the DagBag from /home/airflow/.local/lib/python3.8/site-packages/airflow/example_dags/example_sla_dag.py
[2025-02-07T13:23:23.880+0000] {processor.py:839} INFO - DAG(s) dict_keys(['example_sla_dag']) retrieved from /home/airflow/.local/lib/python3.8/site-packages/airflow/example_dags/example_sla_dag.py
[2025-02-07T13:23:23.964+0000] {logging_mixin.py:154} INFO - [2025-02-07T13:23:23.963+0000] {dag.py:2941} INFO - Sync 1 DAGs
[2025-02-07T13:23:24.043+0000] {logging_mixin.py:154} INFO - [2025-02-07T13:23:24.043+0000] {dag.py:3722} INFO - Setting next_dagrun for example_sla_dag to 2025-02-07T13:20:00+00:00, run_after=2025-02-07T13:22:00+00:00
[2025-02-07T13:23:24.108+0000] {processor.py:179} INFO - Processing /home/airflow/.local/lib/python3.8/site-packages/airflow/example_dags/example_sla_dag.py took 0.274 seconds
[2025-02-07T13:23:54.526+0000] {processor.py:157} INFO - Started process (PID=2162) to work on /home/airflow/.local/lib/python3.8/site-packages/airflow/example_dags/example_sla_dag.py
[2025-02-07T13:23:54.529+0000] {processor.py:829} INFO - Processing file /home/airflow/.local/lib/python3.8/site-packages/airflow/example_dags/example_sla_dag.py for tasks to queue
[2025-02-07T13:23:54.531+0000] {logging_mixin.py:154} INFO - [2025-02-07T13:23:54.530+0000] {dagbag.py:536} INFO - Filling up the DagBag from /home/airflow/.local/lib/python3.8/site-packages/airflow/example_dags/example_sla_dag.py
[2025-02-07T13:23:54.561+0000] {processor.py:839} INFO - DAG(s) dict_keys(['example_sla_dag']) retrieved from /home/airflow/.local/lib/python3.8/site-packages/airflow/example_dags/example_sla_dag.py
[2025-02-07T13:23:54.620+0000] {logging_mixin.py:154} INFO - [2025-02-07T13:23:54.619+0000] {dag.py:2941} INFO - Sync 1 DAGs
[2025-02-07T13:23:54.712+0000] {logging_mixin.py:154} INFO - [2025-02-07T13:23:54.712+0000] {dag.py:3722} INFO - Setting next_dagrun for example_sla_dag to 2025-02-07T13:20:00+00:00, run_after=2025-02-07T13:22:00+00:00
[2025-02-07T13:23:54.769+0000] {processor.py:179} INFO - Processing /home/airflow/.local/lib/python3.8/site-packages/airflow/example_dags/example_sla_dag.py took 0.255 seconds
[2025-02-07T13:24:24.994+0000] {processor.py:157} INFO - Started process (PID=2405) to work on /home/airflow/.local/lib/python3.8/site-packages/airflow/example_dags/example_sla_dag.py
[2025-02-07T13:24:24.999+0000] {processor.py:829} INFO - Processing file /home/airflow/.local/lib/python3.8/site-packages/airflow/example_dags/example_sla_dag.py for tasks to queue
[2025-02-07T13:24:25.003+0000] {logging_mixin.py:154} INFO - [2025-02-07T13:24:25.002+0000] {dagbag.py:536} INFO - Filling up the DagBag from /home/airflow/.local/lib/python3.8/site-packages/airflow/example_dags/example_sla_dag.py
[2025-02-07T13:24:25.029+0000] {processor.py:839} INFO - DAG(s) dict_keys(['example_sla_dag']) retrieved from /home/airflow/.local/lib/python3.8/site-packages/airflow/example_dags/example_sla_dag.py
[2025-02-07T13:24:25.099+0000] {logging_mixin.py:154} INFO - [2025-02-07T13:24:25.098+0000] {dag.py:2941} INFO - Sync 1 DAGs
[2025-02-07T13:24:25.165+0000] {logging_mixin.py:154} INFO - [2025-02-07T13:24:25.165+0000] {dag.py:3722} INFO - Setting next_dagrun for example_sla_dag to 2025-02-07T13:22:00+00:00, run_after=2025-02-07T13:24:00+00:00
[2025-02-07T13:24:25.214+0000] {processor.py:179} INFO - Processing /home/airflow/.local/lib/python3.8/site-packages/airflow/example_dags/example_sla_dag.py took 0.230 seconds
[2025-02-07T13:24:55.634+0000] {processor.py:157} INFO - Started process (PID=2649) to work on /home/airflow/.local/lib/python3.8/site-packages/airflow/example_dags/example_sla_dag.py
[2025-02-07T13:24:55.636+0000] {processor.py:829} INFO - Processing file /home/airflow/.local/lib/python3.8/site-packages/airflow/example_dags/example_sla_dag.py for tasks to queue
[2025-02-07T13:24:55.638+0000] {logging_mixin.py:154} INFO - [2025-02-07T13:24:55.638+0000] {dagbag.py:536} INFO - Filling up the DagBag from /home/airflow/.local/lib/python3.8/site-packages/airflow/example_dags/example_sla_dag.py
[2025-02-07T13:24:55.663+0000] {processor.py:839} INFO - DAG(s) dict_keys(['example_sla_dag']) retrieved from /home/airflow/.local/lib/python3.8/site-packages/airflow/example_dags/example_sla_dag.py
[2025-02-07T13:24:55.730+0000] {logging_mixin.py:154} INFO - [2025-02-07T13:24:55.729+0000] {dag.py:2941} INFO - Sync 1 DAGs
[2025-02-07T13:24:55.815+0000] {logging_mixin.py:154} INFO - [2025-02-07T13:24:55.814+0000] {dag.py:3722} INFO - Setting next_dagrun for example_sla_dag to 2025-02-07T13:22:00+00:00, run_after=2025-02-07T13:24:00+00:00
[2025-02-07T13:24:55.874+0000] {processor.py:179} INFO - Processing /home/airflow/.local/lib/python3.8/site-packages/airflow/example_dags/example_sla_dag.py took 0.250 seconds
[2025-02-07T13:27:07.163+0000] {processor.py:157} INFO - Started process (PID=221) to work on /home/airflow/.local/lib/python3.8/site-packages/airflow/example_dags/example_sla_dag.py
[2025-02-07T13:27:07.165+0000] {processor.py:829} INFO - Processing file /home/airflow/.local/lib/python3.8/site-packages/airflow/example_dags/example_sla_dag.py for tasks to queue
[2025-02-07T13:27:07.166+0000] {logging_mixin.py:154} INFO - [2025-02-07T13:27:07.166+0000] {dagbag.py:536} INFO - Filling up the DagBag from /home/airflow/.local/lib/python3.8/site-packages/airflow/example_dags/example_sla_dag.py
[2025-02-07T13:27:07.181+0000] {processor.py:839} INFO - DAG(s) dict_keys(['example_sla_dag']) retrieved from /home/airflow/.local/lib/python3.8/site-packages/airflow/example_dags/example_sla_dag.py
[2025-02-07T13:27:07.210+0000] {logging_mixin.py:154} INFO - [2025-02-07T13:27:07.210+0000] {dag.py:2941} INFO - Sync 1 DAGs
[2025-02-07T13:27:07.238+0000] {logging_mixin.py:154} INFO - [2025-02-07T13:27:07.238+0000] {dag.py:3722} INFO - Setting next_dagrun for example_sla_dag to 2025-02-07T13:24:00+00:00, run_after=2025-02-07T13:26:00+00:00
[2025-02-07T13:27:07.257+0000] {processor.py:179} INFO - Processing /home/airflow/.local/lib/python3.8/site-packages/airflow/example_dags/example_sla_dag.py took 0.098 seconds
[2025-02-07T21:29:10.503+0000] {processor.py:157} INFO - Started process (PID=223) to work on /home/airflow/.local/lib/python3.8/site-packages/airflow/example_dags/example_sla_dag.py
[2025-02-07T21:29:10.510+0000] {processor.py:829} INFO - Processing file /home/airflow/.local/lib/python3.8/site-packages/airflow/example_dags/example_sla_dag.py for tasks to queue
[2025-02-07T21:29:10.512+0000] {logging_mixin.py:154} INFO - [2025-02-07T21:29:10.511+0000] {dagbag.py:536} INFO - Filling up the DagBag from /home/airflow/.local/lib/python3.8/site-packages/airflow/example_dags/example_sla_dag.py
[2025-02-07T21:29:10.547+0000] {processor.py:839} INFO - DAG(s) dict_keys(['example_sla_dag']) retrieved from /home/airflow/.local/lib/python3.8/site-packages/airflow/example_dags/example_sla_dag.py
[2025-02-07T21:29:10.644+0000] {logging_mixin.py:154} INFO - [2025-02-07T21:29:10.644+0000] {dag.py:2941} INFO - Sync 1 DAGs
[2025-02-07T21:29:10.735+0000] {logging_mixin.py:154} INFO - [2025-02-07T21:29:10.734+0000] {dag.py:3722} INFO - Setting next_dagrun for example_sla_dag to 2025-02-07T21:26:00+00:00, run_after=2025-02-07T21:28:00+00:00
[2025-02-07T21:29:10.794+0000] {processor.py:179} INFO - Processing /home/airflow/.local/lib/python3.8/site-packages/airflow/example_dags/example_sla_dag.py took 0.301 seconds
[2025-02-07T21:29:41.039+0000] {processor.py:157} INFO - Started process (PID=466) to work on /home/airflow/.local/lib/python3.8/site-packages/airflow/example_dags/example_sla_dag.py
[2025-02-07T21:29:41.040+0000] {processor.py:829} INFO - Processing file /home/airflow/.local/lib/python3.8/site-packages/airflow/example_dags/example_sla_dag.py for tasks to queue
[2025-02-07T21:29:41.041+0000] {logging_mixin.py:154} INFO - [2025-02-07T21:29:41.041+0000] {dagbag.py:536} INFO - Filling up the DagBag from /home/airflow/.local/lib/python3.8/site-packages/airflow/example_dags/example_sla_dag.py
[2025-02-07T21:29:41.057+0000] {processor.py:839} INFO - DAG(s) dict_keys(['example_sla_dag']) retrieved from /home/airflow/.local/lib/python3.8/site-packages/airflow/example_dags/example_sla_dag.py
[2025-02-07T21:29:41.093+0000] {logging_mixin.py:154} INFO - [2025-02-07T21:29:41.092+0000] {dag.py:2941} INFO - Sync 1 DAGs
[2025-02-07T21:29:41.132+0000] {logging_mixin.py:154} INFO - [2025-02-07T21:29:41.132+0000] {dag.py:3722} INFO - Setting next_dagrun for example_sla_dag to 2025-02-07T21:26:00+00:00, run_after=2025-02-07T21:28:00+00:00
[2025-02-07T21:29:41.160+0000] {processor.py:179} INFO - Processing /home/airflow/.local/lib/python3.8/site-packages/airflow/example_dags/example_sla_dag.py took 0.127 seconds
