[2025-02-07T13:19:53.064+0000] {processor.py:157} INFO - Started process (PID=303) to work on /home/airflow/.local/lib/python3.8/site-packages/airflow/example_dags/example_subdag_operator.py
[2025-02-07T13:19:53.066+0000] {processor.py:829} INFO - Processing file /home/airflow/.local/lib/python3.8/site-packages/airflow/example_dags/example_subdag_operator.py for tasks to queue
[2025-02-07T13:19:53.071+0000] {logging_mixin.py:154} INFO - [2025-02-07T13:19:53.068+0000] {dagbag.py:536} INFO - Filling up the DagBag from /home/airflow/.local/lib/python3.8/site-packages/airflow/example_dags/example_subdag_operator.py
[2025-02-07T13:19:53.155+0000] {processor.py:839} INFO - DAG(s) dict_keys(['example_subdag_operator.section-1', 'example_subdag_operator.section-2', 'example_subdag_operator']) retrieved from /home/airflow/.local/lib/python3.8/site-packages/airflow/example_dags/example_subdag_operator.py
[2025-02-07T13:19:53.233+0000] {logging_mixin.py:154} INFO - [2025-02-07T13:19:53.232+0000] {dag.py:2941} INFO - Sync 3 DAGs
[2025-02-07T13:19:53.298+0000] {logging_mixin.py:154} INFO - [2025-02-07T13:19:53.298+0000] {dag.py:3722} INFO - Setting next_dagrun for example_subdag_operator to 2022-01-01T00:00:00+00:00, run_after=2022-01-01T00:00:00+00:00
[2025-02-07T13:19:53.312+0000] {logging_mixin.py:154} INFO - [2025-02-07T13:19:53.312+0000] {dag.py:3722} INFO - Setting next_dagrun for example_subdag_operator.section-1 to None, run_after=None
[2025-02-07T13:19:53.316+0000] {logging_mixin.py:154} INFO - [2025-02-07T13:19:53.315+0000] {dag.py:3722} INFO - Setting next_dagrun for example_subdag_operator.section-2 to None, run_after=None
[2025-02-07T13:19:53.337+0000] {logging_mixin.py:154} INFO - [2025-02-07T13:19:53.337+0000] {dag.py:2941} INFO - Sync 2 DAGs
[2025-02-07T13:19:53.407+0000] {logging_mixin.py:154} INFO - [2025-02-07T13:19:53.400+0000] {dag.py:3722} INFO - Setting next_dagrun for example_subdag_operator.section-1 to None, run_after=None
[2025-02-07T13:19:53.408+0000] {logging_mixin.py:154} INFO - [2025-02-07T13:19:53.407+0000] {dag.py:3722} INFO - Setting next_dagrun for example_subdag_operator.section-2 to None, run_after=None
[2025-02-07T13:19:53.481+0000] {processor.py:179} INFO - Processing /home/airflow/.local/lib/python3.8/site-packages/airflow/example_dags/example_subdag_operator.py took 0.427 seconds
[2025-02-07T13:20:23.788+0000] {processor.py:157} INFO - Started process (PID=543) to work on /home/airflow/.local/lib/python3.8/site-packages/airflow/example_dags/example_subdag_operator.py
[2025-02-07T13:20:23.792+0000] {processor.py:829} INFO - Processing file /home/airflow/.local/lib/python3.8/site-packages/airflow/example_dags/example_subdag_operator.py for tasks to queue
[2025-02-07T13:20:23.795+0000] {logging_mixin.py:154} INFO - [2025-02-07T13:20:23.794+0000] {dagbag.py:536} INFO - Filling up the DagBag from /home/airflow/.local/lib/python3.8/site-packages/airflow/example_dags/example_subdag_operator.py
[2025-02-07T13:20:23.874+0000] {processor.py:839} INFO - DAG(s) dict_keys(['example_subdag_operator.section-1', 'example_subdag_operator.section-2', 'example_subdag_operator']) retrieved from /home/airflow/.local/lib/python3.8/site-packages/airflow/example_dags/example_subdag_operator.py
[2025-02-07T13:20:23.923+0000] {logging_mixin.py:154} INFO - [2025-02-07T13:20:23.922+0000] {dag.py:2941} INFO - Sync 3 DAGs
[2025-02-07T13:20:23.984+0000] {logging_mixin.py:154} INFO - [2025-02-07T13:20:23.984+0000] {dag.py:3722} INFO - Setting next_dagrun for example_subdag_operator to 2022-01-01T00:00:00+00:00, run_after=2022-01-01T00:00:00+00:00
[2025-02-07T13:20:23.999+0000] {logging_mixin.py:154} INFO - [2025-02-07T13:20:23.998+0000] {dag.py:3722} INFO - Setting next_dagrun for example_subdag_operator.section-1 to None, run_after=None
[2025-02-07T13:20:24.004+0000] {logging_mixin.py:154} INFO - [2025-02-07T13:20:24.004+0000] {dag.py:3722} INFO - Setting next_dagrun for example_subdag_operator.section-2 to None, run_after=None
[2025-02-07T13:20:24.023+0000] {logging_mixin.py:154} INFO - [2025-02-07T13:20:24.023+0000] {dag.py:2941} INFO - Sync 2 DAGs
[2025-02-07T13:20:24.036+0000] {logging_mixin.py:154} INFO - [2025-02-07T13:20:24.035+0000] {dag.py:3722} INFO - Setting next_dagrun for example_subdag_operator.section-1 to None, run_after=None
[2025-02-07T13:20:24.037+0000] {logging_mixin.py:154} INFO - [2025-02-07T13:20:24.036+0000] {dag.py:3722} INFO - Setting next_dagrun for example_subdag_operator.section-2 to None, run_after=None
[2025-02-07T13:20:24.072+0000] {processor.py:179} INFO - Processing /home/airflow/.local/lib/python3.8/site-packages/airflow/example_dags/example_subdag_operator.py took 0.299 seconds
[2025-02-07T13:20:54.804+0000] {processor.py:157} INFO - Started process (PID=786) to work on /home/airflow/.local/lib/python3.8/site-packages/airflow/example_dags/example_subdag_operator.py
[2025-02-07T13:20:54.809+0000] {processor.py:829} INFO - Processing file /home/airflow/.local/lib/python3.8/site-packages/airflow/example_dags/example_subdag_operator.py for tasks to queue
[2025-02-07T13:20:54.811+0000] {logging_mixin.py:154} INFO - [2025-02-07T13:20:54.811+0000] {dagbag.py:536} INFO - Filling up the DagBag from /home/airflow/.local/lib/python3.8/site-packages/airflow/example_dags/example_subdag_operator.py
[2025-02-07T13:20:54.893+0000] {processor.py:839} INFO - DAG(s) dict_keys(['example_subdag_operator.section-1', 'example_subdag_operator.section-2', 'example_subdag_operator']) retrieved from /home/airflow/.local/lib/python3.8/site-packages/airflow/example_dags/example_subdag_operator.py
[2025-02-07T13:20:54.949+0000] {logging_mixin.py:154} INFO - [2025-02-07T13:20:54.948+0000] {dag.py:2941} INFO - Sync 3 DAGs
[2025-02-07T13:20:55.025+0000] {logging_mixin.py:154} INFO - [2025-02-07T13:20:55.024+0000] {dag.py:3722} INFO - Setting next_dagrun for example_subdag_operator to 2022-01-01T00:00:00+00:00, run_after=2022-01-01T00:00:00+00:00
[2025-02-07T13:20:55.039+0000] {logging_mixin.py:154} INFO - [2025-02-07T13:20:55.039+0000] {dag.py:3722} INFO - Setting next_dagrun for example_subdag_operator.section-1 to None, run_after=None
[2025-02-07T13:20:55.047+0000] {logging_mixin.py:154} INFO - [2025-02-07T13:20:55.046+0000] {dag.py:3722} INFO - Setting next_dagrun for example_subdag_operator.section-2 to None, run_after=None
[2025-02-07T13:20:55.072+0000] {logging_mixin.py:154} INFO - [2025-02-07T13:20:55.072+0000] {dag.py:2941} INFO - Sync 2 DAGs
[2025-02-07T13:20:55.092+0000] {logging_mixin.py:154} INFO - [2025-02-07T13:20:55.092+0000] {dag.py:3722} INFO - Setting next_dagrun for example_subdag_operator.section-1 to None, run_after=None
[2025-02-07T13:20:55.093+0000] {logging_mixin.py:154} INFO - [2025-02-07T13:20:55.093+0000] {dag.py:3722} INFO - Setting next_dagrun for example_subdag_operator.section-2 to None, run_after=None
[2025-02-07T13:20:55.137+0000] {processor.py:179} INFO - Processing /home/airflow/.local/lib/python3.8/site-packages/airflow/example_dags/example_subdag_operator.py took 0.348 seconds
[2025-02-07T13:21:26.016+0000] {processor.py:157} INFO - Started process (PID=1032) to work on /home/airflow/.local/lib/python3.8/site-packages/airflow/example_dags/example_subdag_operator.py
[2025-02-07T13:21:26.022+0000] {processor.py:829} INFO - Processing file /home/airflow/.local/lib/python3.8/site-packages/airflow/example_dags/example_subdag_operator.py for tasks to queue
[2025-02-07T13:21:26.025+0000] {logging_mixin.py:154} INFO - [2025-02-07T13:21:26.024+0000] {dagbag.py:536} INFO - Filling up the DagBag from /home/airflow/.local/lib/python3.8/site-packages/airflow/example_dags/example_subdag_operator.py
[2025-02-07T13:21:26.127+0000] {processor.py:839} INFO - DAG(s) dict_keys(['example_subdag_operator.section-1', 'example_subdag_operator.section-2', 'example_subdag_operator']) retrieved from /home/airflow/.local/lib/python3.8/site-packages/airflow/example_dags/example_subdag_operator.py
[2025-02-07T13:21:26.175+0000] {logging_mixin.py:154} INFO - [2025-02-07T13:21:26.174+0000] {dag.py:2941} INFO - Sync 3 DAGs
[2025-02-07T13:21:26.242+0000] {logging_mixin.py:154} INFO - [2025-02-07T13:21:26.242+0000] {dag.py:3722} INFO - Setting next_dagrun for example_subdag_operator to 2022-01-01T00:00:00+00:00, run_after=2022-01-01T00:00:00+00:00
[2025-02-07T13:21:26.251+0000] {logging_mixin.py:154} INFO - [2025-02-07T13:21:26.250+0000] {dag.py:3722} INFO - Setting next_dagrun for example_subdag_operator.section-1 to None, run_after=None
[2025-02-07T13:21:26.254+0000] {logging_mixin.py:154} INFO - [2025-02-07T13:21:26.253+0000] {dag.py:3722} INFO - Setting next_dagrun for example_subdag_operator.section-2 to None, run_after=None
[2025-02-07T13:21:26.273+0000] {logging_mixin.py:154} INFO - [2025-02-07T13:21:26.272+0000] {dag.py:2941} INFO - Sync 2 DAGs
[2025-02-07T13:21:26.285+0000] {logging_mixin.py:154} INFO - [2025-02-07T13:21:26.285+0000] {dag.py:3722} INFO - Setting next_dagrun for example_subdag_operator.section-1 to None, run_after=None
[2025-02-07T13:21:26.286+0000] {logging_mixin.py:154} INFO - [2025-02-07T13:21:26.286+0000] {dag.py:3722} INFO - Setting next_dagrun for example_subdag_operator.section-2 to None, run_after=None
[2025-02-07T13:21:26.313+0000] {processor.py:179} INFO - Processing /home/airflow/.local/lib/python3.8/site-packages/airflow/example_dags/example_subdag_operator.py took 0.316 seconds
[2025-02-07T13:21:56.694+0000] {processor.py:157} INFO - Started process (PID=1272) to work on /home/airflow/.local/lib/python3.8/site-packages/airflow/example_dags/example_subdag_operator.py
[2025-02-07T13:21:56.697+0000] {processor.py:829} INFO - Processing file /home/airflow/.local/lib/python3.8/site-packages/airflow/example_dags/example_subdag_operator.py for tasks to queue
[2025-02-07T13:21:56.703+0000] {logging_mixin.py:154} INFO - [2025-02-07T13:21:56.700+0000] {dagbag.py:536} INFO - Filling up the DagBag from /home/airflow/.local/lib/python3.8/site-packages/airflow/example_dags/example_subdag_operator.py
[2025-02-07T13:21:56.820+0000] {processor.py:839} INFO - DAG(s) dict_keys(['example_subdag_operator.section-1', 'example_subdag_operator.section-2', 'example_subdag_operator']) retrieved from /home/airflow/.local/lib/python3.8/site-packages/airflow/example_dags/example_subdag_operator.py
[2025-02-07T13:21:56.862+0000] {logging_mixin.py:154} INFO - [2025-02-07T13:21:56.861+0000] {dag.py:2941} INFO - Sync 3 DAGs
[2025-02-07T13:21:56.940+0000] {logging_mixin.py:154} INFO - [2025-02-07T13:21:56.938+0000] {dag.py:3722} INFO - Setting next_dagrun for example_subdag_operator to 2022-01-01T00:00:00+00:00, run_after=2022-01-01T00:00:00+00:00
[2025-02-07T13:21:56.953+0000] {logging_mixin.py:154} INFO - [2025-02-07T13:21:56.952+0000] {dag.py:3722} INFO - Setting next_dagrun for example_subdag_operator.section-1 to None, run_after=None
[2025-02-07T13:21:56.956+0000] {logging_mixin.py:154} INFO - [2025-02-07T13:21:56.956+0000] {dag.py:3722} INFO - Setting next_dagrun for example_subdag_operator.section-2 to None, run_after=None
[2025-02-07T13:21:56.976+0000] {logging_mixin.py:154} INFO - [2025-02-07T13:21:56.976+0000] {dag.py:2941} INFO - Sync 2 DAGs
[2025-02-07T13:21:56.991+0000] {logging_mixin.py:154} INFO - [2025-02-07T13:21:56.990+0000] {dag.py:3722} INFO - Setting next_dagrun for example_subdag_operator.section-1 to None, run_after=None
[2025-02-07T13:21:56.992+0000] {logging_mixin.py:154} INFO - [2025-02-07T13:21:56.992+0000] {dag.py:3722} INFO - Setting next_dagrun for example_subdag_operator.section-2 to None, run_after=None
[2025-02-07T13:21:57.020+0000] {processor.py:179} INFO - Processing /home/airflow/.local/lib/python3.8/site-packages/airflow/example_dags/example_subdag_operator.py took 0.339 seconds
[2025-02-07T13:22:27.328+0000] {processor.py:157} INFO - Started process (PID=1513) to work on /home/airflow/.local/lib/python3.8/site-packages/airflow/example_dags/example_subdag_operator.py
[2025-02-07T13:22:27.332+0000] {processor.py:829} INFO - Processing file /home/airflow/.local/lib/python3.8/site-packages/airflow/example_dags/example_subdag_operator.py for tasks to queue
[2025-02-07T13:22:27.334+0000] {logging_mixin.py:154} INFO - [2025-02-07T13:22:27.333+0000] {dagbag.py:536} INFO - Filling up the DagBag from /home/airflow/.local/lib/python3.8/site-packages/airflow/example_dags/example_subdag_operator.py
[2025-02-07T13:22:27.424+0000] {processor.py:839} INFO - DAG(s) dict_keys(['example_subdag_operator.section-1', 'example_subdag_operator.section-2', 'example_subdag_operator']) retrieved from /home/airflow/.local/lib/python3.8/site-packages/airflow/example_dags/example_subdag_operator.py
[2025-02-07T13:22:27.490+0000] {logging_mixin.py:154} INFO - [2025-02-07T13:22:27.490+0000] {dag.py:2941} INFO - Sync 3 DAGs
[2025-02-07T13:22:27.599+0000] {logging_mixin.py:154} INFO - [2025-02-07T13:22:27.599+0000] {dag.py:3722} INFO - Setting next_dagrun for example_subdag_operator to 2022-01-01T00:00:00+00:00, run_after=2022-01-01T00:00:00+00:00
[2025-02-07T13:22:27.624+0000] {logging_mixin.py:154} INFO - [2025-02-07T13:22:27.622+0000] {dag.py:3722} INFO - Setting next_dagrun for example_subdag_operator.section-1 to None, run_after=None
[2025-02-07T13:22:27.635+0000] {logging_mixin.py:154} INFO - [2025-02-07T13:22:27.632+0000] {dag.py:3722} INFO - Setting next_dagrun for example_subdag_operator.section-2 to None, run_after=None
[2025-02-07T13:22:27.660+0000] {logging_mixin.py:154} INFO - [2025-02-07T13:22:27.659+0000] {dag.py:2941} INFO - Sync 2 DAGs
[2025-02-07T13:22:27.674+0000] {logging_mixin.py:154} INFO - [2025-02-07T13:22:27.673+0000] {dag.py:3722} INFO - Setting next_dagrun for example_subdag_operator.section-1 to None, run_after=None
[2025-02-07T13:22:27.674+0000] {logging_mixin.py:154} INFO - [2025-02-07T13:22:27.674+0000] {dag.py:3722} INFO - Setting next_dagrun for example_subdag_operator.section-2 to None, run_after=None
[2025-02-07T13:22:27.718+0000] {processor.py:179} INFO - Processing /home/airflow/.local/lib/python3.8/site-packages/airflow/example_dags/example_subdag_operator.py took 0.407 seconds
[2025-02-07T13:22:58.777+0000] {processor.py:157} INFO - Started process (PID=1756) to work on /home/airflow/.local/lib/python3.8/site-packages/airflow/example_dags/example_subdag_operator.py
[2025-02-07T13:22:58.781+0000] {processor.py:829} INFO - Processing file /home/airflow/.local/lib/python3.8/site-packages/airflow/example_dags/example_subdag_operator.py for tasks to queue
[2025-02-07T13:22:58.785+0000] {logging_mixin.py:154} INFO - [2025-02-07T13:22:58.783+0000] {dagbag.py:536} INFO - Filling up the DagBag from /home/airflow/.local/lib/python3.8/site-packages/airflow/example_dags/example_subdag_operator.py
[2025-02-07T13:22:58.917+0000] {processor.py:839} INFO - DAG(s) dict_keys(['example_subdag_operator.section-1', 'example_subdag_operator.section-2', 'example_subdag_operator']) retrieved from /home/airflow/.local/lib/python3.8/site-packages/airflow/example_dags/example_subdag_operator.py
[2025-02-07T13:22:58.973+0000] {logging_mixin.py:154} INFO - [2025-02-07T13:22:58.972+0000] {dag.py:2941} INFO - Sync 3 DAGs
[2025-02-07T13:22:59.052+0000] {logging_mixin.py:154} INFO - [2025-02-07T13:22:59.052+0000] {dag.py:3722} INFO - Setting next_dagrun for example_subdag_operator to 2022-01-01T00:00:00+00:00, run_after=2022-01-01T00:00:00+00:00
[2025-02-07T13:22:59.063+0000] {logging_mixin.py:154} INFO - [2025-02-07T13:22:59.062+0000] {dag.py:3722} INFO - Setting next_dagrun for example_subdag_operator.section-1 to None, run_after=None
[2025-02-07T13:22:59.066+0000] {logging_mixin.py:154} INFO - [2025-02-07T13:22:59.065+0000] {dag.py:3722} INFO - Setting next_dagrun for example_subdag_operator.section-2 to None, run_after=None
[2025-02-07T13:22:59.086+0000] {logging_mixin.py:154} INFO - [2025-02-07T13:22:59.086+0000] {dag.py:2941} INFO - Sync 2 DAGs
[2025-02-07T13:22:59.109+0000] {logging_mixin.py:154} INFO - [2025-02-07T13:22:59.107+0000] {dag.py:3722} INFO - Setting next_dagrun for example_subdag_operator.section-1 to None, run_after=None
[2025-02-07T13:22:59.110+0000] {logging_mixin.py:154} INFO - [2025-02-07T13:22:59.109+0000] {dag.py:3722} INFO - Setting next_dagrun for example_subdag_operator.section-2 to None, run_after=None
[2025-02-07T13:22:59.151+0000] {processor.py:179} INFO - Processing /home/airflow/.local/lib/python3.8/site-packages/airflow/example_dags/example_subdag_operator.py took 0.387 seconds
[2025-02-07T13:23:29.382+0000] {processor.py:157} INFO - Started process (PID=1999) to work on /home/airflow/.local/lib/python3.8/site-packages/airflow/example_dags/example_subdag_operator.py
[2025-02-07T13:23:29.385+0000] {processor.py:829} INFO - Processing file /home/airflow/.local/lib/python3.8/site-packages/airflow/example_dags/example_subdag_operator.py for tasks to queue
[2025-02-07T13:23:29.387+0000] {logging_mixin.py:154} INFO - [2025-02-07T13:23:29.386+0000] {dagbag.py:536} INFO - Filling up the DagBag from /home/airflow/.local/lib/python3.8/site-packages/airflow/example_dags/example_subdag_operator.py
[2025-02-07T13:23:29.473+0000] {processor.py:839} INFO - DAG(s) dict_keys(['example_subdag_operator.section-1', 'example_subdag_operator.section-2', 'example_subdag_operator']) retrieved from /home/airflow/.local/lib/python3.8/site-packages/airflow/example_dags/example_subdag_operator.py
[2025-02-07T13:23:29.540+0000] {logging_mixin.py:154} INFO - [2025-02-07T13:23:29.540+0000] {dag.py:2941} INFO - Sync 3 DAGs
[2025-02-07T13:23:29.621+0000] {logging_mixin.py:154} INFO - [2025-02-07T13:23:29.620+0000] {dag.py:3722} INFO - Setting next_dagrun for example_subdag_operator to 2022-01-01T00:00:00+00:00, run_after=2022-01-01T00:00:00+00:00
[2025-02-07T13:23:29.637+0000] {logging_mixin.py:154} INFO - [2025-02-07T13:23:29.636+0000] {dag.py:3722} INFO - Setting next_dagrun for example_subdag_operator.section-1 to None, run_after=None
[2025-02-07T13:23:29.642+0000] {logging_mixin.py:154} INFO - [2025-02-07T13:23:29.641+0000] {dag.py:3722} INFO - Setting next_dagrun for example_subdag_operator.section-2 to None, run_after=None
[2025-02-07T13:23:29.664+0000] {logging_mixin.py:154} INFO - [2025-02-07T13:23:29.663+0000] {dag.py:2941} INFO - Sync 2 DAGs
[2025-02-07T13:23:29.679+0000] {logging_mixin.py:154} INFO - [2025-02-07T13:23:29.679+0000] {dag.py:3722} INFO - Setting next_dagrun for example_subdag_operator.section-1 to None, run_after=None
[2025-02-07T13:23:29.681+0000] {logging_mixin.py:154} INFO - [2025-02-07T13:23:29.680+0000] {dag.py:3722} INFO - Setting next_dagrun for example_subdag_operator.section-2 to None, run_after=None
[2025-02-07T13:23:29.709+0000] {processor.py:179} INFO - Processing /home/airflow/.local/lib/python3.8/site-packages/airflow/example_dags/example_subdag_operator.py took 0.337 seconds
[2025-02-07T13:24:00.726+0000] {processor.py:157} INFO - Started process (PID=2242) to work on /home/airflow/.local/lib/python3.8/site-packages/airflow/example_dags/example_subdag_operator.py
[2025-02-07T13:24:00.730+0000] {processor.py:829} INFO - Processing file /home/airflow/.local/lib/python3.8/site-packages/airflow/example_dags/example_subdag_operator.py for tasks to queue
[2025-02-07T13:24:00.734+0000] {logging_mixin.py:154} INFO - [2025-02-07T13:24:00.731+0000] {dagbag.py:536} INFO - Filling up the DagBag from /home/airflow/.local/lib/python3.8/site-packages/airflow/example_dags/example_subdag_operator.py
[2025-02-07T13:24:00.832+0000] {processor.py:839} INFO - DAG(s) dict_keys(['example_subdag_operator.section-1', 'example_subdag_operator.section-2', 'example_subdag_operator']) retrieved from /home/airflow/.local/lib/python3.8/site-packages/airflow/example_dags/example_subdag_operator.py
[2025-02-07T13:24:00.882+0000] {logging_mixin.py:154} INFO - [2025-02-07T13:24:00.882+0000] {dag.py:2941} INFO - Sync 3 DAGs
[2025-02-07T13:24:00.954+0000] {logging_mixin.py:154} INFO - [2025-02-07T13:24:00.953+0000] {dag.py:3722} INFO - Setting next_dagrun for example_subdag_operator to 2022-01-01T00:00:00+00:00, run_after=2022-01-01T00:00:00+00:00
[2025-02-07T13:24:00.964+0000] {logging_mixin.py:154} INFO - [2025-02-07T13:24:00.963+0000] {dag.py:3722} INFO - Setting next_dagrun for example_subdag_operator.section-1 to None, run_after=None
[2025-02-07T13:24:00.968+0000] {logging_mixin.py:154} INFO - [2025-02-07T13:24:00.967+0000] {dag.py:3722} INFO - Setting next_dagrun for example_subdag_operator.section-2 to None, run_after=None
[2025-02-07T13:24:00.993+0000] {logging_mixin.py:154} INFO - [2025-02-07T13:24:00.993+0000] {dag.py:2941} INFO - Sync 2 DAGs
[2025-02-07T13:24:01.012+0000] {logging_mixin.py:154} INFO - [2025-02-07T13:24:01.008+0000] {dag.py:3722} INFO - Setting next_dagrun for example_subdag_operator.section-1 to None, run_after=None
[2025-02-07T13:24:01.013+0000] {logging_mixin.py:154} INFO - [2025-02-07T13:24:01.013+0000] {dag.py:3722} INFO - Setting next_dagrun for example_subdag_operator.section-2 to None, run_after=None
[2025-02-07T13:24:01.046+0000] {processor.py:179} INFO - Processing /home/airflow/.local/lib/python3.8/site-packages/airflow/example_dags/example_subdag_operator.py took 0.333 seconds
[2025-02-07T13:24:31.659+0000] {processor.py:157} INFO - Started process (PID=2485) to work on /home/airflow/.local/lib/python3.8/site-packages/airflow/example_dags/example_subdag_operator.py
[2025-02-07T13:24:31.663+0000] {processor.py:829} INFO - Processing file /home/airflow/.local/lib/python3.8/site-packages/airflow/example_dags/example_subdag_operator.py for tasks to queue
[2025-02-07T13:24:31.665+0000] {logging_mixin.py:154} INFO - [2025-02-07T13:24:31.664+0000] {dagbag.py:536} INFO - Filling up the DagBag from /home/airflow/.local/lib/python3.8/site-packages/airflow/example_dags/example_subdag_operator.py
[2025-02-07T13:24:31.742+0000] {processor.py:839} INFO - DAG(s) dict_keys(['example_subdag_operator.section-1', 'example_subdag_operator.section-2', 'example_subdag_operator']) retrieved from /home/airflow/.local/lib/python3.8/site-packages/airflow/example_dags/example_subdag_operator.py
[2025-02-07T13:24:31.792+0000] {logging_mixin.py:154} INFO - [2025-02-07T13:24:31.792+0000] {dag.py:2941} INFO - Sync 3 DAGs
[2025-02-07T13:24:31.852+0000] {logging_mixin.py:154} INFO - [2025-02-07T13:24:31.852+0000] {dag.py:3722} INFO - Setting next_dagrun for example_subdag_operator to 2022-01-01T00:00:00+00:00, run_after=2022-01-01T00:00:00+00:00
[2025-02-07T13:24:31.863+0000] {logging_mixin.py:154} INFO - [2025-02-07T13:24:31.862+0000] {dag.py:3722} INFO - Setting next_dagrun for example_subdag_operator.section-1 to None, run_after=None
[2025-02-07T13:24:31.867+0000] {logging_mixin.py:154} INFO - [2025-02-07T13:24:31.866+0000] {dag.py:3722} INFO - Setting next_dagrun for example_subdag_operator.section-2 to None, run_after=None
[2025-02-07T13:24:31.888+0000] {logging_mixin.py:154} INFO - [2025-02-07T13:24:31.887+0000] {dag.py:2941} INFO - Sync 2 DAGs
[2025-02-07T13:24:31.908+0000] {logging_mixin.py:154} INFO - [2025-02-07T13:24:31.907+0000] {dag.py:3722} INFO - Setting next_dagrun for example_subdag_operator.section-1 to None, run_after=None
[2025-02-07T13:24:31.909+0000] {logging_mixin.py:154} INFO - [2025-02-07T13:24:31.908+0000] {dag.py:3722} INFO - Setting next_dagrun for example_subdag_operator.section-2 to None, run_after=None
[2025-02-07T13:24:31.939+0000] {processor.py:179} INFO - Processing /home/airflow/.local/lib/python3.8/site-packages/airflow/example_dags/example_subdag_operator.py took 0.298 seconds
[2025-02-07T13:25:02.966+0000] {processor.py:157} INFO - Started process (PID=2729) to work on /home/airflow/.local/lib/python3.8/site-packages/airflow/example_dags/example_subdag_operator.py
[2025-02-07T13:25:02.973+0000] {processor.py:829} INFO - Processing file /home/airflow/.local/lib/python3.8/site-packages/airflow/example_dags/example_subdag_operator.py for tasks to queue
[2025-02-07T13:25:02.976+0000] {logging_mixin.py:154} INFO - [2025-02-07T13:25:02.976+0000] {dagbag.py:536} INFO - Filling up the DagBag from /home/airflow/.local/lib/python3.8/site-packages/airflow/example_dags/example_subdag_operator.py
[2025-02-07T13:25:03.082+0000] {processor.py:839} INFO - DAG(s) dict_keys(['example_subdag_operator.section-1', 'example_subdag_operator.section-2', 'example_subdag_operator']) retrieved from /home/airflow/.local/lib/python3.8/site-packages/airflow/example_dags/example_subdag_operator.py
[2025-02-07T13:25:03.139+0000] {logging_mixin.py:154} INFO - [2025-02-07T13:25:03.139+0000] {dag.py:2941} INFO - Sync 3 DAGs
[2025-02-07T13:25:03.240+0000] {logging_mixin.py:154} INFO - [2025-02-07T13:25:03.239+0000] {dag.py:3722} INFO - Setting next_dagrun for example_subdag_operator to 2022-01-01T00:00:00+00:00, run_after=2022-01-01T00:00:00+00:00
[2025-02-07T13:25:03.253+0000] {logging_mixin.py:154} INFO - [2025-02-07T13:25:03.252+0000] {dag.py:3722} INFO - Setting next_dagrun for example_subdag_operator.section-1 to None, run_after=None
[2025-02-07T13:25:03.259+0000] {logging_mixin.py:154} INFO - [2025-02-07T13:25:03.258+0000] {dag.py:3722} INFO - Setting next_dagrun for example_subdag_operator.section-2 to None, run_after=None
[2025-02-07T13:25:03.296+0000] {logging_mixin.py:154} INFO - [2025-02-07T13:25:03.296+0000] {dag.py:2941} INFO - Sync 2 DAGs
[2025-02-07T13:25:03.312+0000] {logging_mixin.py:154} INFO - [2025-02-07T13:25:03.312+0000] {dag.py:3722} INFO - Setting next_dagrun for example_subdag_operator.section-1 to None, run_after=None
[2025-02-07T13:25:03.314+0000] {logging_mixin.py:154} INFO - [2025-02-07T13:25:03.313+0000] {dag.py:3722} INFO - Setting next_dagrun for example_subdag_operator.section-2 to None, run_after=None
[2025-02-07T13:25:03.351+0000] {processor.py:179} INFO - Processing /home/airflow/.local/lib/python3.8/site-packages/airflow/example_dags/example_subdag_operator.py took 0.397 seconds
[2025-02-07T13:27:09.182+0000] {processor.py:157} INFO - Started process (PID=301) to work on /home/airflow/.local/lib/python3.8/site-packages/airflow/example_dags/example_subdag_operator.py
[2025-02-07T13:27:09.183+0000] {processor.py:829} INFO - Processing file /home/airflow/.local/lib/python3.8/site-packages/airflow/example_dags/example_subdag_operator.py for tasks to queue
[2025-02-07T13:27:09.184+0000] {logging_mixin.py:154} INFO - [2025-02-07T13:27:09.184+0000] {dagbag.py:536} INFO - Filling up the DagBag from /home/airflow/.local/lib/python3.8/site-packages/airflow/example_dags/example_subdag_operator.py
[2025-02-07T13:27:09.225+0000] {processor.py:839} INFO - DAG(s) dict_keys(['example_subdag_operator.section-1', 'example_subdag_operator.section-2', 'example_subdag_operator']) retrieved from /home/airflow/.local/lib/python3.8/site-packages/airflow/example_dags/example_subdag_operator.py
[2025-02-07T13:27:09.257+0000] {logging_mixin.py:154} INFO - [2025-02-07T13:27:09.256+0000] {dag.py:2941} INFO - Sync 3 DAGs
[2025-02-07T13:27:09.284+0000] {logging_mixin.py:154} INFO - [2025-02-07T13:27:09.284+0000] {dag.py:3722} INFO - Setting next_dagrun for example_subdag_operator to 2022-01-01T00:00:00+00:00, run_after=2022-01-01T00:00:00+00:00
[2025-02-07T13:27:09.288+0000] {logging_mixin.py:154} INFO - [2025-02-07T13:27:09.288+0000] {dag.py:3722} INFO - Setting next_dagrun for example_subdag_operator.section-1 to None, run_after=None
[2025-02-07T13:27:09.289+0000] {logging_mixin.py:154} INFO - [2025-02-07T13:27:09.289+0000] {dag.py:3722} INFO - Setting next_dagrun for example_subdag_operator.section-2 to None, run_after=None
[2025-02-07T13:27:09.297+0000] {logging_mixin.py:154} INFO - [2025-02-07T13:27:09.297+0000] {dag.py:2941} INFO - Sync 2 DAGs
[2025-02-07T13:27:09.303+0000] {logging_mixin.py:154} INFO - [2025-02-07T13:27:09.303+0000] {dag.py:3722} INFO - Setting next_dagrun for example_subdag_operator.section-1 to None, run_after=None
[2025-02-07T13:27:09.304+0000] {logging_mixin.py:154} INFO - [2025-02-07T13:27:09.303+0000] {dag.py:3722} INFO - Setting next_dagrun for example_subdag_operator.section-2 to None, run_after=None
[2025-02-07T13:27:09.320+0000] {processor.py:179} INFO - Processing /home/airflow/.local/lib/python3.8/site-packages/airflow/example_dags/example_subdag_operator.py took 0.142 seconds
[2025-02-07T21:29:15.129+0000] {processor.py:157} INFO - Started process (PID=301) to work on /home/airflow/.local/lib/python3.8/site-packages/airflow/example_dags/example_subdag_operator.py
[2025-02-07T21:29:15.132+0000] {processor.py:829} INFO - Processing file /home/airflow/.local/lib/python3.8/site-packages/airflow/example_dags/example_subdag_operator.py for tasks to queue
[2025-02-07T21:29:15.134+0000] {logging_mixin.py:154} INFO - [2025-02-07T21:29:15.133+0000] {dagbag.py:536} INFO - Filling up the DagBag from /home/airflow/.local/lib/python3.8/site-packages/airflow/example_dags/example_subdag_operator.py
[2025-02-07T21:29:15.261+0000] {processor.py:839} INFO - DAG(s) dict_keys(['example_subdag_operator.section-1', 'example_subdag_operator.section-2', 'example_subdag_operator']) retrieved from /home/airflow/.local/lib/python3.8/site-packages/airflow/example_dags/example_subdag_operator.py
[2025-02-07T21:29:15.361+0000] {logging_mixin.py:154} INFO - [2025-02-07T21:29:15.361+0000] {dag.py:2941} INFO - Sync 3 DAGs
[2025-02-07T21:29:15.448+0000] {logging_mixin.py:154} INFO - [2025-02-07T21:29:15.447+0000] {dag.py:3722} INFO - Setting next_dagrun for example_subdag_operator to 2022-01-01T00:00:00+00:00, run_after=2022-01-01T00:00:00+00:00
[2025-02-07T21:29:15.463+0000] {logging_mixin.py:154} INFO - [2025-02-07T21:29:15.462+0000] {dag.py:3722} INFO - Setting next_dagrun for example_subdag_operator.section-1 to None, run_after=None
[2025-02-07T21:29:15.468+0000] {logging_mixin.py:154} INFO - [2025-02-07T21:29:15.467+0000] {dag.py:3722} INFO - Setting next_dagrun for example_subdag_operator.section-2 to None, run_after=None
[2025-02-07T21:29:15.497+0000] {logging_mixin.py:154} INFO - [2025-02-07T21:29:15.496+0000] {dag.py:2941} INFO - Sync 2 DAGs
[2025-02-07T21:29:15.516+0000] {logging_mixin.py:154} INFO - [2025-02-07T21:29:15.515+0000] {dag.py:3722} INFO - Setting next_dagrun for example_subdag_operator.section-1 to None, run_after=None
[2025-02-07T21:29:15.518+0000] {logging_mixin.py:154} INFO - [2025-02-07T21:29:15.518+0000] {dag.py:3722} INFO - Setting next_dagrun for example_subdag_operator.section-2 to None, run_after=None
[2025-02-07T21:29:15.653+0000] {processor.py:179} INFO - Processing /home/airflow/.local/lib/python3.8/site-packages/airflow/example_dags/example_subdag_operator.py took 0.539 seconds
[2025-02-07T21:29:46.114+0000] {processor.py:157} INFO - Started process (PID=541) to work on /home/airflow/.local/lib/python3.8/site-packages/airflow/example_dags/example_subdag_operator.py
[2025-02-07T21:29:46.118+0000] {processor.py:829} INFO - Processing file /home/airflow/.local/lib/python3.8/site-packages/airflow/example_dags/example_subdag_operator.py for tasks to queue
[2025-02-07T21:29:46.120+0000] {logging_mixin.py:154} INFO - [2025-02-07T21:29:46.119+0000] {dagbag.py:536} INFO - Filling up the DagBag from /home/airflow/.local/lib/python3.8/site-packages/airflow/example_dags/example_subdag_operator.py
[2025-02-07T21:29:46.199+0000] {processor.py:839} INFO - DAG(s) dict_keys(['example_subdag_operator.section-1', 'example_subdag_operator.section-2', 'example_subdag_operator']) retrieved from /home/airflow/.local/lib/python3.8/site-packages/airflow/example_dags/example_subdag_operator.py
[2025-02-07T21:29:46.243+0000] {logging_mixin.py:154} INFO - [2025-02-07T21:29:46.242+0000] {dag.py:2941} INFO - Sync 3 DAGs
[2025-02-07T21:29:46.298+0000] {logging_mixin.py:154} INFO - [2025-02-07T21:29:46.297+0000] {dag.py:3722} INFO - Setting next_dagrun for example_subdag_operator to 2022-01-01T00:00:00+00:00, run_after=2022-01-01T00:00:00+00:00
[2025-02-07T21:29:46.310+0000] {logging_mixin.py:154} INFO - [2025-02-07T21:29:46.308+0000] {dag.py:3722} INFO - Setting next_dagrun for example_subdag_operator.section-1 to None, run_after=None
[2025-02-07T21:29:46.314+0000] {logging_mixin.py:154} INFO - [2025-02-07T21:29:46.313+0000] {dag.py:3722} INFO - Setting next_dagrun for example_subdag_operator.section-2 to None, run_after=None
[2025-02-07T21:29:46.334+0000] {logging_mixin.py:154} INFO - [2025-02-07T21:29:46.334+0000] {dag.py:2941} INFO - Sync 2 DAGs
[2025-02-07T21:29:46.349+0000] {logging_mixin.py:154} INFO - [2025-02-07T21:29:46.348+0000] {dag.py:3722} INFO - Setting next_dagrun for example_subdag_operator.section-1 to None, run_after=None
[2025-02-07T21:29:46.350+0000] {logging_mixin.py:154} INFO - [2025-02-07T21:29:46.349+0000] {dag.py:3722} INFO - Setting next_dagrun for example_subdag_operator.section-2 to None, run_after=None
[2025-02-07T21:29:46.381+0000] {processor.py:179} INFO - Processing /home/airflow/.local/lib/python3.8/site-packages/airflow/example_dags/example_subdag_operator.py took 0.276 seconds
