[2025-02-07T13:19:53.905+0000] {processor.py:157} INFO - Started process (PID=313) to work on /home/airflow/.local/lib/python3.8/site-packages/airflow/example_dags/example_trigger_target_dag.py
[2025-02-07T13:19:53.907+0000] {processor.py:829} INFO - Processing file /home/airflow/.local/lib/python3.8/site-packages/airflow/example_dags/example_trigger_target_dag.py for tasks to queue
[2025-02-07T13:19:53.909+0000] {logging_mixin.py:154} INFO - [2025-02-07T13:19:53.909+0000] {dagbag.py:536} INFO - Filling up the DagBag from /home/airflow/.local/lib/python3.8/site-packages/airflow/example_dags/example_trigger_target_dag.py
[2025-02-07T13:19:53.927+0000] {processor.py:839} INFO - DAG(s) dict_keys(['example_trigger_target_dag']) retrieved from /home/airflow/.local/lib/python3.8/site-packages/airflow/example_dags/example_trigger_target_dag.py
[2025-02-07T13:19:54.028+0000] {logging_mixin.py:154} INFO - [2025-02-07T13:19:54.027+0000] {dag.py:2941} INFO - Sync 1 DAGs
[2025-02-07T13:19:54.073+0000] {logging_mixin.py:154} INFO - [2025-02-07T13:19:54.073+0000] {dag.py:3722} INFO - Setting next_dagrun for example_trigger_target_dag to None, run_after=None
[2025-02-07T13:19:54.121+0000] {processor.py:179} INFO - Processing /home/airflow/.local/lib/python3.8/site-packages/airflow/example_dags/example_trigger_target_dag.py took 0.229 seconds
[2025-02-07T13:20:24.949+0000] {processor.py:157} INFO - Started process (PID=556) to work on /home/airflow/.local/lib/python3.8/site-packages/airflow/example_dags/example_trigger_target_dag.py
[2025-02-07T13:20:24.952+0000] {processor.py:829} INFO - Processing file /home/airflow/.local/lib/python3.8/site-packages/airflow/example_dags/example_trigger_target_dag.py for tasks to queue
[2025-02-07T13:20:24.954+0000] {logging_mixin.py:154} INFO - [2025-02-07T13:20:24.953+0000] {dagbag.py:536} INFO - Filling up the DagBag from /home/airflow/.local/lib/python3.8/site-packages/airflow/example_dags/example_trigger_target_dag.py
[2025-02-07T13:20:24.972+0000] {processor.py:839} INFO - DAG(s) dict_keys(['example_trigger_target_dag']) retrieved from /home/airflow/.local/lib/python3.8/site-packages/airflow/example_dags/example_trigger_target_dag.py
[2025-02-07T13:20:25.061+0000] {logging_mixin.py:154} INFO - [2025-02-07T13:20:25.060+0000] {dag.py:2941} INFO - Sync 1 DAGs
[2025-02-07T13:20:25.108+0000] {logging_mixin.py:154} INFO - [2025-02-07T13:20:25.107+0000] {dag.py:3722} INFO - Setting next_dagrun for example_trigger_target_dag to None, run_after=None
[2025-02-07T13:20:25.178+0000] {processor.py:179} INFO - Processing /home/airflow/.local/lib/python3.8/site-packages/airflow/example_dags/example_trigger_target_dag.py took 0.241 seconds
[2025-02-07T13:20:55.876+0000] {processor.py:157} INFO - Started process (PID=799) to work on /home/airflow/.local/lib/python3.8/site-packages/airflow/example_dags/example_trigger_target_dag.py
[2025-02-07T13:20:55.879+0000] {processor.py:829} INFO - Processing file /home/airflow/.local/lib/python3.8/site-packages/airflow/example_dags/example_trigger_target_dag.py for tasks to queue
[2025-02-07T13:20:55.882+0000] {logging_mixin.py:154} INFO - [2025-02-07T13:20:55.881+0000] {dagbag.py:536} INFO - Filling up the DagBag from /home/airflow/.local/lib/python3.8/site-packages/airflow/example_dags/example_trigger_target_dag.py
[2025-02-07T13:20:55.901+0000] {processor.py:839} INFO - DAG(s) dict_keys(['example_trigger_target_dag']) retrieved from /home/airflow/.local/lib/python3.8/site-packages/airflow/example_dags/example_trigger_target_dag.py
[2025-02-07T13:20:55.970+0000] {logging_mixin.py:154} INFO - [2025-02-07T13:20:55.969+0000] {dag.py:2941} INFO - Sync 1 DAGs
[2025-02-07T13:20:56.007+0000] {logging_mixin.py:154} INFO - [2025-02-07T13:20:56.007+0000] {dag.py:3722} INFO - Setting next_dagrun for example_trigger_target_dag to None, run_after=None
[2025-02-07T13:20:56.057+0000] {processor.py:179} INFO - Processing /home/airflow/.local/lib/python3.8/site-packages/airflow/example_dags/example_trigger_target_dag.py took 0.193 seconds
[2025-02-07T13:21:26.379+0000] {processor.py:157} INFO - Started process (PID=1037) to work on /home/airflow/.local/lib/python3.8/site-packages/airflow/example_dags/example_trigger_target_dag.py
[2025-02-07T13:21:26.382+0000] {processor.py:829} INFO - Processing file /home/airflow/.local/lib/python3.8/site-packages/airflow/example_dags/example_trigger_target_dag.py for tasks to queue
[2025-02-07T13:21:26.384+0000] {logging_mixin.py:154} INFO - [2025-02-07T13:21:26.383+0000] {dagbag.py:536} INFO - Filling up the DagBag from /home/airflow/.local/lib/python3.8/site-packages/airflow/example_dags/example_trigger_target_dag.py
[2025-02-07T13:21:26.400+0000] {processor.py:839} INFO - DAG(s) dict_keys(['example_trigger_target_dag']) retrieved from /home/airflow/.local/lib/python3.8/site-packages/airflow/example_dags/example_trigger_target_dag.py
[2025-02-07T13:21:26.483+0000] {logging_mixin.py:154} INFO - [2025-02-07T13:21:26.483+0000] {dag.py:2941} INFO - Sync 1 DAGs
[2025-02-07T13:21:26.521+0000] {logging_mixin.py:154} INFO - [2025-02-07T13:21:26.521+0000] {dag.py:3722} INFO - Setting next_dagrun for example_trigger_target_dag to None, run_after=None
[2025-02-07T13:21:26.598+0000] {processor.py:179} INFO - Processing /home/airflow/.local/lib/python3.8/site-packages/airflow/example_dags/example_trigger_target_dag.py took 0.231 seconds
[2025-02-07T13:21:56.737+0000] {processor.py:157} INFO - Started process (PID=1275) to work on /home/airflow/.local/lib/python3.8/site-packages/airflow/example_dags/example_trigger_target_dag.py
[2025-02-07T13:21:56.739+0000] {processor.py:829} INFO - Processing file /home/airflow/.local/lib/python3.8/site-packages/airflow/example_dags/example_trigger_target_dag.py for tasks to queue
[2025-02-07T13:21:56.741+0000] {logging_mixin.py:154} INFO - [2025-02-07T13:21:56.741+0000] {dagbag.py:536} INFO - Filling up the DagBag from /home/airflow/.local/lib/python3.8/site-packages/airflow/example_dags/example_trigger_target_dag.py
[2025-02-07T13:21:56.762+0000] {processor.py:839} INFO - DAG(s) dict_keys(['example_trigger_target_dag']) retrieved from /home/airflow/.local/lib/python3.8/site-packages/airflow/example_dags/example_trigger_target_dag.py
[2025-02-07T13:21:56.841+0000] {logging_mixin.py:154} INFO - [2025-02-07T13:21:56.840+0000] {dag.py:2941} INFO - Sync 1 DAGs
[2025-02-07T13:21:56.875+0000] {logging_mixin.py:154} INFO - [2025-02-07T13:21:56.874+0000] {dag.py:3722} INFO - Setting next_dagrun for example_trigger_target_dag to None, run_after=None
[2025-02-07T13:21:56.926+0000] {processor.py:179} INFO - Processing /home/airflow/.local/lib/python3.8/site-packages/airflow/example_dags/example_trigger_target_dag.py took 0.201 seconds
[2025-02-07T13:22:27.505+0000] {processor.py:157} INFO - Started process (PID=1518) to work on /home/airflow/.local/lib/python3.8/site-packages/airflow/example_dags/example_trigger_target_dag.py
[2025-02-07T13:22:27.513+0000] {processor.py:829} INFO - Processing file /home/airflow/.local/lib/python3.8/site-packages/airflow/example_dags/example_trigger_target_dag.py for tasks to queue
[2025-02-07T13:22:27.516+0000] {logging_mixin.py:154} INFO - [2025-02-07T13:22:27.516+0000] {dagbag.py:536} INFO - Filling up the DagBag from /home/airflow/.local/lib/python3.8/site-packages/airflow/example_dags/example_trigger_target_dag.py
[2025-02-07T13:22:27.560+0000] {processor.py:839} INFO - DAG(s) dict_keys(['example_trigger_target_dag']) retrieved from /home/airflow/.local/lib/python3.8/site-packages/airflow/example_dags/example_trigger_target_dag.py
[2025-02-07T13:22:27.677+0000] {logging_mixin.py:154} INFO - [2025-02-07T13:22:27.674+0000] {dag.py:2941} INFO - Sync 1 DAGs
[2025-02-07T13:22:27.743+0000] {logging_mixin.py:154} INFO - [2025-02-07T13:22:27.742+0000] {dag.py:3722} INFO - Setting next_dagrun for example_trigger_target_dag to None, run_after=None
[2025-02-07T13:22:27.828+0000] {processor.py:179} INFO - Processing /home/airflow/.local/lib/python3.8/site-packages/airflow/example_dags/example_trigger_target_dag.py took 0.339 seconds
[2025-02-07T13:22:59.116+0000] {processor.py:157} INFO - Started process (PID=1761) to work on /home/airflow/.local/lib/python3.8/site-packages/airflow/example_dags/example_trigger_target_dag.py
[2025-02-07T13:22:59.118+0000] {processor.py:829} INFO - Processing file /home/airflow/.local/lib/python3.8/site-packages/airflow/example_dags/example_trigger_target_dag.py for tasks to queue
[2025-02-07T13:22:59.120+0000] {logging_mixin.py:154} INFO - [2025-02-07T13:22:59.119+0000] {dagbag.py:536} INFO - Filling up the DagBag from /home/airflow/.local/lib/python3.8/site-packages/airflow/example_dags/example_trigger_target_dag.py
[2025-02-07T13:22:59.138+0000] {processor.py:839} INFO - DAG(s) dict_keys(['example_trigger_target_dag']) retrieved from /home/airflow/.local/lib/python3.8/site-packages/airflow/example_dags/example_trigger_target_dag.py
[2025-02-07T13:22:59.223+0000] {logging_mixin.py:154} INFO - [2025-02-07T13:22:59.223+0000] {dag.py:2941} INFO - Sync 1 DAGs
[2025-02-07T13:22:59.265+0000] {logging_mixin.py:154} INFO - [2025-02-07T13:22:59.265+0000] {dag.py:3722} INFO - Setting next_dagrun for example_trigger_target_dag to None, run_after=None
[2025-02-07T13:22:59.328+0000] {processor.py:179} INFO - Processing /home/airflow/.local/lib/python3.8/site-packages/airflow/example_dags/example_trigger_target_dag.py took 0.224 seconds
[2025-02-07T13:23:29.574+0000] {processor.py:157} INFO - Started process (PID=2004) to work on /home/airflow/.local/lib/python3.8/site-packages/airflow/example_dags/example_trigger_target_dag.py
[2025-02-07T13:23:29.577+0000] {processor.py:829} INFO - Processing file /home/airflow/.local/lib/python3.8/site-packages/airflow/example_dags/example_trigger_target_dag.py for tasks to queue
[2025-02-07T13:23:29.579+0000] {logging_mixin.py:154} INFO - [2025-02-07T13:23:29.578+0000] {dagbag.py:536} INFO - Filling up the DagBag from /home/airflow/.local/lib/python3.8/site-packages/airflow/example_dags/example_trigger_target_dag.py
[2025-02-07T13:23:29.597+0000] {processor.py:839} INFO - DAG(s) dict_keys(['example_trigger_target_dag']) retrieved from /home/airflow/.local/lib/python3.8/site-packages/airflow/example_dags/example_trigger_target_dag.py
[2025-02-07T13:23:29.711+0000] {logging_mixin.py:154} INFO - [2025-02-07T13:23:29.711+0000] {dag.py:2941} INFO - Sync 1 DAGs
[2025-02-07T13:23:29.778+0000] {logging_mixin.py:154} INFO - [2025-02-07T13:23:29.778+0000] {dag.py:3722} INFO - Setting next_dagrun for example_trigger_target_dag to None, run_after=None
[2025-02-07T13:23:29.922+0000] {processor.py:179} INFO - Processing /home/airflow/.local/lib/python3.8/site-packages/airflow/example_dags/example_trigger_target_dag.py took 0.359 seconds
[2025-02-07T13:24:01.176+0000] {processor.py:157} INFO - Started process (PID=2252) to work on /home/airflow/.local/lib/python3.8/site-packages/airflow/example_dags/example_trigger_target_dag.py
[2025-02-07T13:24:01.180+0000] {processor.py:829} INFO - Processing file /home/airflow/.local/lib/python3.8/site-packages/airflow/example_dags/example_trigger_target_dag.py for tasks to queue
[2025-02-07T13:24:01.182+0000] {logging_mixin.py:154} INFO - [2025-02-07T13:24:01.181+0000] {dagbag.py:536} INFO - Filling up the DagBag from /home/airflow/.local/lib/python3.8/site-packages/airflow/example_dags/example_trigger_target_dag.py
[2025-02-07T13:24:01.202+0000] {processor.py:839} INFO - DAG(s) dict_keys(['example_trigger_target_dag']) retrieved from /home/airflow/.local/lib/python3.8/site-packages/airflow/example_dags/example_trigger_target_dag.py
[2025-02-07T13:24:01.287+0000] {logging_mixin.py:154} INFO - [2025-02-07T13:24:01.286+0000] {dag.py:2941} INFO - Sync 1 DAGs
[2025-02-07T13:24:01.327+0000] {logging_mixin.py:154} INFO - [2025-02-07T13:24:01.326+0000] {dag.py:3722} INFO - Setting next_dagrun for example_trigger_target_dag to None, run_after=None
[2025-02-07T13:24:01.380+0000] {processor.py:179} INFO - Processing /home/airflow/.local/lib/python3.8/site-packages/airflow/example_dags/example_trigger_target_dag.py took 0.225 seconds
[2025-02-07T13:24:32.030+0000] {processor.py:157} INFO - Started process (PID=2495) to work on /home/airflow/.local/lib/python3.8/site-packages/airflow/example_dags/example_trigger_target_dag.py
[2025-02-07T13:24:32.033+0000] {processor.py:829} INFO - Processing file /home/airflow/.local/lib/python3.8/site-packages/airflow/example_dags/example_trigger_target_dag.py for tasks to queue
[2025-02-07T13:24:32.035+0000] {logging_mixin.py:154} INFO - [2025-02-07T13:24:32.034+0000] {dagbag.py:536} INFO - Filling up the DagBag from /home/airflow/.local/lib/python3.8/site-packages/airflow/example_dags/example_trigger_target_dag.py
[2025-02-07T13:24:32.055+0000] {processor.py:839} INFO - DAG(s) dict_keys(['example_trigger_target_dag']) retrieved from /home/airflow/.local/lib/python3.8/site-packages/airflow/example_dags/example_trigger_target_dag.py
[2025-02-07T13:24:32.128+0000] {logging_mixin.py:154} INFO - [2025-02-07T13:24:32.128+0000] {dag.py:2941} INFO - Sync 1 DAGs
[2025-02-07T13:24:32.172+0000] {logging_mixin.py:154} INFO - [2025-02-07T13:24:32.171+0000] {dag.py:3722} INFO - Setting next_dagrun for example_trigger_target_dag to None, run_after=None
[2025-02-07T13:24:32.237+0000] {processor.py:179} INFO - Processing /home/airflow/.local/lib/python3.8/site-packages/airflow/example_dags/example_trigger_target_dag.py took 0.219 seconds
[2025-02-07T13:25:03.461+0000] {processor.py:157} INFO - Started process (PID=2739) to work on /home/airflow/.local/lib/python3.8/site-packages/airflow/example_dags/example_trigger_target_dag.py
[2025-02-07T13:25:03.468+0000] {processor.py:829} INFO - Processing file /home/airflow/.local/lib/python3.8/site-packages/airflow/example_dags/example_trigger_target_dag.py for tasks to queue
[2025-02-07T13:25:03.469+0000] {logging_mixin.py:154} INFO - [2025-02-07T13:25:03.469+0000] {dagbag.py:536} INFO - Filling up the DagBag from /home/airflow/.local/lib/python3.8/site-packages/airflow/example_dags/example_trigger_target_dag.py
[2025-02-07T13:25:03.491+0000] {processor.py:839} INFO - DAG(s) dict_keys(['example_trigger_target_dag']) retrieved from /home/airflow/.local/lib/python3.8/site-packages/airflow/example_dags/example_trigger_target_dag.py
[2025-02-07T13:25:03.558+0000] {logging_mixin.py:154} INFO - [2025-02-07T13:25:03.557+0000] {dag.py:2941} INFO - Sync 1 DAGs
[2025-02-07T13:25:03.598+0000] {logging_mixin.py:154} INFO - [2025-02-07T13:25:03.597+0000] {dag.py:3722} INFO - Setting next_dagrun for example_trigger_target_dag to None, run_after=None
[2025-02-07T13:25:03.654+0000] {processor.py:179} INFO - Processing /home/airflow/.local/lib/python3.8/site-packages/airflow/example_dags/example_trigger_target_dag.py took 0.213 seconds
[2025-02-07T13:27:09.537+0000] {processor.py:157} INFO - Started process (PID=311) to work on /home/airflow/.local/lib/python3.8/site-packages/airflow/example_dags/example_trigger_target_dag.py
[2025-02-07T13:27:09.539+0000] {processor.py:829} INFO - Processing file /home/airflow/.local/lib/python3.8/site-packages/airflow/example_dags/example_trigger_target_dag.py for tasks to queue
[2025-02-07T13:27:09.540+0000] {logging_mixin.py:154} INFO - [2025-02-07T13:27:09.540+0000] {dagbag.py:536} INFO - Filling up the DagBag from /home/airflow/.local/lib/python3.8/site-packages/airflow/example_dags/example_trigger_target_dag.py
[2025-02-07T13:27:09.548+0000] {processor.py:839} INFO - DAG(s) dict_keys(['example_trigger_target_dag']) retrieved from /home/airflow/.local/lib/python3.8/site-packages/airflow/example_dags/example_trigger_target_dag.py
[2025-02-07T13:27:09.585+0000] {logging_mixin.py:154} INFO - [2025-02-07T13:27:09.585+0000] {dag.py:2941} INFO - Sync 1 DAGs
[2025-02-07T13:27:09.603+0000] {logging_mixin.py:154} INFO - [2025-02-07T13:27:09.602+0000] {dag.py:3722} INFO - Setting next_dagrun for example_trigger_target_dag to None, run_after=None
[2025-02-07T13:27:09.627+0000] {processor.py:179} INFO - Processing /home/airflow/.local/lib/python3.8/site-packages/airflow/example_dags/example_trigger_target_dag.py took 0.094 seconds
[2025-02-07T21:29:16.399+0000] {processor.py:157} INFO - Started process (PID=311) to work on /home/airflow/.local/lib/python3.8/site-packages/airflow/example_dags/example_trigger_target_dag.py
[2025-02-07T21:29:16.405+0000] {processor.py:829} INFO - Processing file /home/airflow/.local/lib/python3.8/site-packages/airflow/example_dags/example_trigger_target_dag.py for tasks to queue
[2025-02-07T21:29:16.411+0000] {logging_mixin.py:154} INFO - [2025-02-07T21:29:16.407+0000] {dagbag.py:536} INFO - Filling up the DagBag from /home/airflow/.local/lib/python3.8/site-packages/airflow/example_dags/example_trigger_target_dag.py
[2025-02-07T21:29:16.437+0000] {processor.py:839} INFO - DAG(s) dict_keys(['example_trigger_target_dag']) retrieved from /home/airflow/.local/lib/python3.8/site-packages/airflow/example_dags/example_trigger_target_dag.py
[2025-02-07T21:29:16.577+0000] {logging_mixin.py:154} INFO - [2025-02-07T21:29:16.576+0000] {dag.py:2941} INFO - Sync 1 DAGs
[2025-02-07T21:29:16.634+0000] {logging_mixin.py:154} INFO - [2025-02-07T21:29:16.634+0000] {dag.py:3722} INFO - Setting next_dagrun for example_trigger_target_dag to None, run_after=None
[2025-02-07T21:29:16.706+0000] {processor.py:179} INFO - Processing /home/airflow/.local/lib/python3.8/site-packages/airflow/example_dags/example_trigger_target_dag.py took 0.326 seconds
[2025-02-07T21:29:47.066+0000] {processor.py:157} INFO - Started process (PID=556) to work on /home/airflow/.local/lib/python3.8/site-packages/airflow/example_dags/example_trigger_target_dag.py
[2025-02-07T21:29:47.069+0000] {processor.py:829} INFO - Processing file /home/airflow/.local/lib/python3.8/site-packages/airflow/example_dags/example_trigger_target_dag.py for tasks to queue
[2025-02-07T21:29:47.072+0000] {logging_mixin.py:154} INFO - [2025-02-07T21:29:47.071+0000] {dagbag.py:536} INFO - Filling up the DagBag from /home/airflow/.local/lib/python3.8/site-packages/airflow/example_dags/example_trigger_target_dag.py
[2025-02-07T21:29:47.090+0000] {processor.py:839} INFO - DAG(s) dict_keys(['example_trigger_target_dag']) retrieved from /home/airflow/.local/lib/python3.8/site-packages/airflow/example_dags/example_trigger_target_dag.py
[2025-02-07T21:29:47.157+0000] {logging_mixin.py:154} INFO - [2025-02-07T21:29:47.156+0000] {dag.py:2941} INFO - Sync 1 DAGs
[2025-02-07T21:29:47.203+0000] {logging_mixin.py:154} INFO - [2025-02-07T21:29:47.202+0000] {dag.py:3722} INFO - Setting next_dagrun for example_trigger_target_dag to None, run_after=None
[2025-02-07T21:29:47.264+0000] {processor.py:179} INFO - Processing /home/airflow/.local/lib/python3.8/site-packages/airflow/example_dags/example_trigger_target_dag.py took 0.209 seconds
