[2025-02-07T13:19:49.180+0000] {processor.py:157} INFO - Started process (PID=243) to work on /home/airflow/.local/lib/python3.8/site-packages/airflow/example_dags/example_dynamic_task_mapping.py
[2025-02-07T13:19:49.182+0000] {processor.py:829} INFO - Processing file /home/airflow/.local/lib/python3.8/site-packages/airflow/example_dags/example_dynamic_task_mapping.py for tasks to queue
[2025-02-07T13:19:49.184+0000] {logging_mixin.py:154} INFO - [2025-02-07T13:19:49.183+0000] {dagbag.py:536} INFO - Filling up the DagBag from /home/airflow/.local/lib/python3.8/site-packages/airflow/example_dags/example_dynamic_task_mapping.py
[2025-02-07T13:19:49.213+0000] {processor.py:839} INFO - DAG(s) dict_keys(['example_dynamic_task_mapping']) retrieved from /home/airflow/.local/lib/python3.8/site-packages/airflow/example_dags/example_dynamic_task_mapping.py
[2025-02-07T13:19:49.284+0000] {logging_mixin.py:154} INFO - [2025-02-07T13:19:49.283+0000] {dag.py:2941} INFO - Sync 1 DAGs
[2025-02-07T13:19:49.346+0000] {logging_mixin.py:154} INFO - [2025-02-07T13:19:49.345+0000] {dag.py:3722} INFO - Setting next_dagrun for example_dynamic_task_mapping to 2022-03-04T00:00:00+00:00, run_after=2022-03-05T00:00:00+00:00
[2025-02-07T13:19:49.399+0000] {processor.py:179} INFO - Processing /home/airflow/.local/lib/python3.8/site-packages/airflow/example_dags/example_dynamic_task_mapping.py took 0.228 seconds
[2025-02-07T13:20:20.529+0000] {processor.py:157} INFO - Started process (PID=486) to work on /home/airflow/.local/lib/python3.8/site-packages/airflow/example_dags/example_dynamic_task_mapping.py
[2025-02-07T13:20:20.533+0000] {processor.py:829} INFO - Processing file /home/airflow/.local/lib/python3.8/site-packages/airflow/example_dags/example_dynamic_task_mapping.py for tasks to queue
[2025-02-07T13:20:20.538+0000] {logging_mixin.py:154} INFO - [2025-02-07T13:20:20.537+0000] {dagbag.py:536} INFO - Filling up the DagBag from /home/airflow/.local/lib/python3.8/site-packages/airflow/example_dags/example_dynamic_task_mapping.py
[2025-02-07T13:20:20.565+0000] {processor.py:839} INFO - DAG(s) dict_keys(['example_dynamic_task_mapping']) retrieved from /home/airflow/.local/lib/python3.8/site-packages/airflow/example_dags/example_dynamic_task_mapping.py
[2025-02-07T13:20:20.644+0000] {logging_mixin.py:154} INFO - [2025-02-07T13:20:20.643+0000] {dag.py:2941} INFO - Sync 1 DAGs
[2025-02-07T13:20:20.757+0000] {logging_mixin.py:154} INFO - [2025-02-07T13:20:20.754+0000] {dag.py:3722} INFO - Setting next_dagrun for example_dynamic_task_mapping to 2022-03-04T00:00:00+00:00, run_after=2022-03-05T00:00:00+00:00
[2025-02-07T13:20:20.856+0000] {processor.py:179} INFO - Processing /home/airflow/.local/lib/python3.8/site-packages/airflow/example_dags/example_dynamic_task_mapping.py took 0.350 seconds
[2025-02-07T13:20:51.061+0000] {processor.py:157} INFO - Started process (PID=729) to work on /home/airflow/.local/lib/python3.8/site-packages/airflow/example_dags/example_dynamic_task_mapping.py
[2025-02-07T13:20:51.064+0000] {processor.py:829} INFO - Processing file /home/airflow/.local/lib/python3.8/site-packages/airflow/example_dags/example_dynamic_task_mapping.py for tasks to queue
[2025-02-07T13:20:51.066+0000] {logging_mixin.py:154} INFO - [2025-02-07T13:20:51.065+0000] {dagbag.py:536} INFO - Filling up the DagBag from /home/airflow/.local/lib/python3.8/site-packages/airflow/example_dags/example_dynamic_task_mapping.py
[2025-02-07T13:20:51.088+0000] {processor.py:839} INFO - DAG(s) dict_keys(['example_dynamic_task_mapping']) retrieved from /home/airflow/.local/lib/python3.8/site-packages/airflow/example_dags/example_dynamic_task_mapping.py
[2025-02-07T13:20:51.155+0000] {logging_mixin.py:154} INFO - [2025-02-07T13:20:51.154+0000] {dag.py:2941} INFO - Sync 1 DAGs
[2025-02-07T13:20:51.218+0000] {logging_mixin.py:154} INFO - [2025-02-07T13:20:51.217+0000] {dag.py:3722} INFO - Setting next_dagrun for example_dynamic_task_mapping to 2022-03-04T00:00:00+00:00, run_after=2022-03-05T00:00:00+00:00
[2025-02-07T13:20:51.268+0000] {processor.py:179} INFO - Processing /home/airflow/.local/lib/python3.8/site-packages/airflow/example_dags/example_dynamic_task_mapping.py took 0.217 seconds
[2025-02-07T13:21:22.306+0000] {processor.py:157} INFO - Started process (PID=972) to work on /home/airflow/.local/lib/python3.8/site-packages/airflow/example_dags/example_dynamic_task_mapping.py
[2025-02-07T13:21:22.308+0000] {processor.py:829} INFO - Processing file /home/airflow/.local/lib/python3.8/site-packages/airflow/example_dags/example_dynamic_task_mapping.py for tasks to queue
[2025-02-07T13:21:22.310+0000] {logging_mixin.py:154} INFO - [2025-02-07T13:21:22.310+0000] {dagbag.py:536} INFO - Filling up the DagBag from /home/airflow/.local/lib/python3.8/site-packages/airflow/example_dags/example_dynamic_task_mapping.py
[2025-02-07T13:21:22.333+0000] {processor.py:839} INFO - DAG(s) dict_keys(['example_dynamic_task_mapping']) retrieved from /home/airflow/.local/lib/python3.8/site-packages/airflow/example_dags/example_dynamic_task_mapping.py
[2025-02-07T13:21:22.419+0000] {logging_mixin.py:154} INFO - [2025-02-07T13:21:22.419+0000] {dag.py:2941} INFO - Sync 1 DAGs
[2025-02-07T13:21:22.477+0000] {logging_mixin.py:154} INFO - [2025-02-07T13:21:22.477+0000] {dag.py:3722} INFO - Setting next_dagrun for example_dynamic_task_mapping to 2022-03-04T00:00:00+00:00, run_after=2022-03-05T00:00:00+00:00
[2025-02-07T13:21:22.516+0000] {processor.py:179} INFO - Processing /home/airflow/.local/lib/python3.8/site-packages/airflow/example_dags/example_dynamic_task_mapping.py took 0.219 seconds
[2025-02-07T13:21:53.517+0000] {processor.py:157} INFO - Started process (PID=1214) to work on /home/airflow/.local/lib/python3.8/site-packages/airflow/example_dags/example_dynamic_task_mapping.py
[2025-02-07T13:21:53.520+0000] {processor.py:829} INFO - Processing file /home/airflow/.local/lib/python3.8/site-packages/airflow/example_dags/example_dynamic_task_mapping.py for tasks to queue
[2025-02-07T13:21:53.521+0000] {logging_mixin.py:154} INFO - [2025-02-07T13:21:53.521+0000] {dagbag.py:536} INFO - Filling up the DagBag from /home/airflow/.local/lib/python3.8/site-packages/airflow/example_dags/example_dynamic_task_mapping.py
[2025-02-07T13:21:53.549+0000] {processor.py:839} INFO - DAG(s) dict_keys(['example_dynamic_task_mapping']) retrieved from /home/airflow/.local/lib/python3.8/site-packages/airflow/example_dags/example_dynamic_task_mapping.py
[2025-02-07T13:21:53.616+0000] {logging_mixin.py:154} INFO - [2025-02-07T13:21:53.615+0000] {dag.py:2941} INFO - Sync 1 DAGs
[2025-02-07T13:21:53.693+0000] {logging_mixin.py:154} INFO - [2025-02-07T13:21:53.693+0000] {dag.py:3722} INFO - Setting next_dagrun for example_dynamic_task_mapping to 2022-03-04T00:00:00+00:00, run_after=2022-03-05T00:00:00+00:00
[2025-02-07T13:21:53.754+0000] {processor.py:179} INFO - Processing /home/airflow/.local/lib/python3.8/site-packages/airflow/example_dags/example_dynamic_task_mapping.py took 0.247 seconds
[2025-02-07T13:22:24.934+0000] {processor.py:157} INFO - Started process (PID=1460) to work on /home/airflow/.local/lib/python3.8/site-packages/airflow/example_dags/example_dynamic_task_mapping.py
[2025-02-07T13:22:24.937+0000] {processor.py:829} INFO - Processing file /home/airflow/.local/lib/python3.8/site-packages/airflow/example_dags/example_dynamic_task_mapping.py for tasks to queue
[2025-02-07T13:22:24.939+0000] {logging_mixin.py:154} INFO - [2025-02-07T13:22:24.938+0000] {dagbag.py:536} INFO - Filling up the DagBag from /home/airflow/.local/lib/python3.8/site-packages/airflow/example_dags/example_dynamic_task_mapping.py
[2025-02-07T13:22:24.960+0000] {processor.py:839} INFO - DAG(s) dict_keys(['example_dynamic_task_mapping']) retrieved from /home/airflow/.local/lib/python3.8/site-packages/airflow/example_dags/example_dynamic_task_mapping.py
[2025-02-07T13:22:25.035+0000] {logging_mixin.py:154} INFO - [2025-02-07T13:22:25.034+0000] {dag.py:2941} INFO - Sync 1 DAGs
[2025-02-07T13:22:25.102+0000] {logging_mixin.py:154} INFO - [2025-02-07T13:22:25.101+0000] {dag.py:3722} INFO - Setting next_dagrun for example_dynamic_task_mapping to 2022-03-04T00:00:00+00:00, run_after=2022-03-05T00:00:00+00:00
[2025-02-07T13:22:25.148+0000] {processor.py:179} INFO - Processing /home/airflow/.local/lib/python3.8/site-packages/airflow/example_dags/example_dynamic_task_mapping.py took 0.225 seconds
[2025-02-07T13:22:55.750+0000] {processor.py:157} INFO - Started process (PID=1701) to work on /home/airflow/.local/lib/python3.8/site-packages/airflow/example_dags/example_dynamic_task_mapping.py
[2025-02-07T13:22:55.759+0000] {processor.py:829} INFO - Processing file /home/airflow/.local/lib/python3.8/site-packages/airflow/example_dags/example_dynamic_task_mapping.py for tasks to queue
[2025-02-07T13:22:55.764+0000] {logging_mixin.py:154} INFO - [2025-02-07T13:22:55.763+0000] {dagbag.py:536} INFO - Filling up the DagBag from /home/airflow/.local/lib/python3.8/site-packages/airflow/example_dags/example_dynamic_task_mapping.py
[2025-02-07T13:22:55.820+0000] {processor.py:839} INFO - DAG(s) dict_keys(['example_dynamic_task_mapping']) retrieved from /home/airflow/.local/lib/python3.8/site-packages/airflow/example_dags/example_dynamic_task_mapping.py
[2025-02-07T13:22:55.885+0000] {logging_mixin.py:154} INFO - [2025-02-07T13:22:55.884+0000] {dag.py:2941} INFO - Sync 1 DAGs
[2025-02-07T13:22:55.981+0000] {logging_mixin.py:154} INFO - [2025-02-07T13:22:55.980+0000] {dag.py:3722} INFO - Setting next_dagrun for example_dynamic_task_mapping to 2022-03-04T00:00:00+00:00, run_after=2022-03-05T00:00:00+00:00
[2025-02-07T13:22:56.069+0000] {processor.py:179} INFO - Processing /home/airflow/.local/lib/python3.8/site-packages/airflow/example_dags/example_dynamic_task_mapping.py took 0.345 seconds
[2025-02-07T13:23:26.587+0000] {processor.py:157} INFO - Started process (PID=1939) to work on /home/airflow/.local/lib/python3.8/site-packages/airflow/example_dags/example_dynamic_task_mapping.py
[2025-02-07T13:23:26.591+0000] {processor.py:829} INFO - Processing file /home/airflow/.local/lib/python3.8/site-packages/airflow/example_dags/example_dynamic_task_mapping.py for tasks to queue
[2025-02-07T13:23:26.594+0000] {logging_mixin.py:154} INFO - [2025-02-07T13:23:26.593+0000] {dagbag.py:536} INFO - Filling up the DagBag from /home/airflow/.local/lib/python3.8/site-packages/airflow/example_dags/example_dynamic_task_mapping.py
[2025-02-07T13:23:26.616+0000] {processor.py:839} INFO - DAG(s) dict_keys(['example_dynamic_task_mapping']) retrieved from /home/airflow/.local/lib/python3.8/site-packages/airflow/example_dags/example_dynamic_task_mapping.py
[2025-02-07T13:23:26.689+0000] {logging_mixin.py:154} INFO - [2025-02-07T13:23:26.688+0000] {dag.py:2941} INFO - Sync 1 DAGs
[2025-02-07T13:23:26.762+0000] {logging_mixin.py:154} INFO - [2025-02-07T13:23:26.761+0000] {dag.py:3722} INFO - Setting next_dagrun for example_dynamic_task_mapping to 2022-03-04T00:00:00+00:00, run_after=2022-03-05T00:00:00+00:00
[2025-02-07T13:23:26.811+0000] {processor.py:179} INFO - Processing /home/airflow/.local/lib/python3.8/site-packages/airflow/example_dags/example_dynamic_task_mapping.py took 0.240 seconds
[2025-02-07T13:23:57.002+0000] {processor.py:157} INFO - Started process (PID=2182) to work on /home/airflow/.local/lib/python3.8/site-packages/airflow/example_dags/example_dynamic_task_mapping.py
[2025-02-07T13:23:57.004+0000] {processor.py:829} INFO - Processing file /home/airflow/.local/lib/python3.8/site-packages/airflow/example_dags/example_dynamic_task_mapping.py for tasks to queue
[2025-02-07T13:23:57.007+0000] {logging_mixin.py:154} INFO - [2025-02-07T13:23:57.006+0000] {dagbag.py:536} INFO - Filling up the DagBag from /home/airflow/.local/lib/python3.8/site-packages/airflow/example_dags/example_dynamic_task_mapping.py
[2025-02-07T13:23:57.034+0000] {processor.py:839} INFO - DAG(s) dict_keys(['example_dynamic_task_mapping']) retrieved from /home/airflow/.local/lib/python3.8/site-packages/airflow/example_dags/example_dynamic_task_mapping.py
[2025-02-07T13:23:57.120+0000] {logging_mixin.py:154} INFO - [2025-02-07T13:23:57.119+0000] {dag.py:2941} INFO - Sync 1 DAGs
[2025-02-07T13:23:57.204+0000] {logging_mixin.py:154} INFO - [2025-02-07T13:23:57.204+0000] {dag.py:3722} INFO - Setting next_dagrun for example_dynamic_task_mapping to 2022-03-04T00:00:00+00:00, run_after=2022-03-05T00:00:00+00:00
[2025-02-07T13:23:57.253+0000] {processor.py:179} INFO - Processing /home/airflow/.local/lib/python3.8/site-packages/airflow/example_dags/example_dynamic_task_mapping.py took 0.264 seconds
[2025-02-07T13:24:27.508+0000] {processor.py:157} INFO - Started process (PID=2425) to work on /home/airflow/.local/lib/python3.8/site-packages/airflow/example_dags/example_dynamic_task_mapping.py
[2025-02-07T13:24:27.511+0000] {processor.py:829} INFO - Processing file /home/airflow/.local/lib/python3.8/site-packages/airflow/example_dags/example_dynamic_task_mapping.py for tasks to queue
[2025-02-07T13:24:27.513+0000] {logging_mixin.py:154} INFO - [2025-02-07T13:24:27.512+0000] {dagbag.py:536} INFO - Filling up the DagBag from /home/airflow/.local/lib/python3.8/site-packages/airflow/example_dags/example_dynamic_task_mapping.py
[2025-02-07T13:24:27.540+0000] {processor.py:839} INFO - DAG(s) dict_keys(['example_dynamic_task_mapping']) retrieved from /home/airflow/.local/lib/python3.8/site-packages/airflow/example_dags/example_dynamic_task_mapping.py
[2025-02-07T13:24:27.595+0000] {logging_mixin.py:154} INFO - [2025-02-07T13:24:27.594+0000] {dag.py:2941} INFO - Sync 1 DAGs
[2025-02-07T13:24:27.667+0000] {logging_mixin.py:154} INFO - [2025-02-07T13:24:27.666+0000] {dag.py:3722} INFO - Setting next_dagrun for example_dynamic_task_mapping to 2022-03-04T00:00:00+00:00, run_after=2022-03-05T00:00:00+00:00
[2025-02-07T13:24:27.749+0000] {processor.py:179} INFO - Processing /home/airflow/.local/lib/python3.8/site-packages/airflow/example_dags/example_dynamic_task_mapping.py took 0.251 seconds
[2025-02-07T13:24:58.150+0000] {processor.py:157} INFO - Started process (PID=2669) to work on /home/airflow/.local/lib/python3.8/site-packages/airflow/example_dags/example_dynamic_task_mapping.py
[2025-02-07T13:24:58.152+0000] {processor.py:829} INFO - Processing file /home/airflow/.local/lib/python3.8/site-packages/airflow/example_dags/example_dynamic_task_mapping.py for tasks to queue
[2025-02-07T13:24:58.155+0000] {logging_mixin.py:154} INFO - [2025-02-07T13:24:58.154+0000] {dagbag.py:536} INFO - Filling up the DagBag from /home/airflow/.local/lib/python3.8/site-packages/airflow/example_dags/example_dynamic_task_mapping.py
[2025-02-07T13:24:58.180+0000] {processor.py:839} INFO - DAG(s) dict_keys(['example_dynamic_task_mapping']) retrieved from /home/airflow/.local/lib/python3.8/site-packages/airflow/example_dags/example_dynamic_task_mapping.py
[2025-02-07T13:24:58.255+0000] {logging_mixin.py:154} INFO - [2025-02-07T13:24:58.254+0000] {dag.py:2941} INFO - Sync 1 DAGs
[2025-02-07T13:24:58.318+0000] {logging_mixin.py:154} INFO - [2025-02-07T13:24:58.318+0000] {dag.py:3722} INFO - Setting next_dagrun for example_dynamic_task_mapping to 2022-03-04T00:00:00+00:00, run_after=2022-03-05T00:00:00+00:00
[2025-02-07T13:24:58.372+0000] {processor.py:179} INFO - Processing /home/airflow/.local/lib/python3.8/site-packages/airflow/example_dags/example_dynamic_task_mapping.py took 0.234 seconds
[2025-02-07T13:27:08.194+0000] {processor.py:157} INFO - Started process (PID=243) to work on /home/airflow/.local/lib/python3.8/site-packages/airflow/example_dags/example_dynamic_task_mapping.py
[2025-02-07T13:27:08.195+0000] {processor.py:829} INFO - Processing file /home/airflow/.local/lib/python3.8/site-packages/airflow/example_dags/example_dynamic_task_mapping.py for tasks to queue
[2025-02-07T13:27:08.196+0000] {logging_mixin.py:154} INFO - [2025-02-07T13:27:08.195+0000] {dagbag.py:536} INFO - Filling up the DagBag from /home/airflow/.local/lib/python3.8/site-packages/airflow/example_dags/example_dynamic_task_mapping.py
[2025-02-07T13:27:08.208+0000] {processor.py:839} INFO - DAG(s) dict_keys(['example_dynamic_task_mapping']) retrieved from /home/airflow/.local/lib/python3.8/site-packages/airflow/example_dags/example_dynamic_task_mapping.py
[2025-02-07T13:27:08.234+0000] {logging_mixin.py:154} INFO - [2025-02-07T13:27:08.234+0000] {dag.py:2941} INFO - Sync 1 DAGs
[2025-02-07T13:27:08.258+0000] {logging_mixin.py:154} INFO - [2025-02-07T13:27:08.258+0000] {dag.py:3722} INFO - Setting next_dagrun for example_dynamic_task_mapping to 2022-03-04T00:00:00+00:00, run_after=2022-03-05T00:00:00+00:00
[2025-02-07T13:27:08.282+0000] {processor.py:179} INFO - Processing /home/airflow/.local/lib/python3.8/site-packages/airflow/example_dags/example_dynamic_task_mapping.py took 0.092 seconds
[2025-02-07T21:29:11.539+0000] {processor.py:157} INFO - Started process (PID=241) to work on /home/airflow/.local/lib/python3.8/site-packages/airflow/example_dags/example_dynamic_task_mapping.py
[2025-02-07T21:29:11.542+0000] {processor.py:829} INFO - Processing file /home/airflow/.local/lib/python3.8/site-packages/airflow/example_dags/example_dynamic_task_mapping.py for tasks to queue
[2025-02-07T21:29:11.545+0000] {logging_mixin.py:154} INFO - [2025-02-07T21:29:11.544+0000] {dagbag.py:536} INFO - Filling up the DagBag from /home/airflow/.local/lib/python3.8/site-packages/airflow/example_dags/example_dynamic_task_mapping.py
[2025-02-07T21:29:11.580+0000] {processor.py:839} INFO - DAG(s) dict_keys(['example_dynamic_task_mapping']) retrieved from /home/airflow/.local/lib/python3.8/site-packages/airflow/example_dags/example_dynamic_task_mapping.py
[2025-02-07T21:29:11.676+0000] {logging_mixin.py:154} INFO - [2025-02-07T21:29:11.675+0000] {dag.py:2941} INFO - Sync 1 DAGs
[2025-02-07T21:29:11.758+0000] {logging_mixin.py:154} INFO - [2025-02-07T21:29:11.758+0000] {dag.py:3722} INFO - Setting next_dagrun for example_dynamic_task_mapping to 2022-03-04T00:00:00+00:00, run_after=2022-03-05T00:00:00+00:00
[2025-02-07T21:29:11.839+0000] {processor.py:179} INFO - Processing /home/airflow/.local/lib/python3.8/site-packages/airflow/example_dags/example_dynamic_task_mapping.py took 0.311 seconds
[2025-02-07T21:29:42.316+0000] {processor.py:157} INFO - Started process (PID=479) to work on /home/airflow/.local/lib/python3.8/site-packages/airflow/example_dags/example_dynamic_task_mapping.py
[2025-02-07T21:29:42.320+0000] {processor.py:829} INFO - Processing file /home/airflow/.local/lib/python3.8/site-packages/airflow/example_dags/example_dynamic_task_mapping.py for tasks to queue
[2025-02-07T21:29:42.321+0000] {logging_mixin.py:154} INFO - [2025-02-07T21:29:42.321+0000] {dagbag.py:536} INFO - Filling up the DagBag from /home/airflow/.local/lib/python3.8/site-packages/airflow/example_dags/example_dynamic_task_mapping.py
[2025-02-07T21:29:42.338+0000] {processor.py:839} INFO - DAG(s) dict_keys(['example_dynamic_task_mapping']) retrieved from /home/airflow/.local/lib/python3.8/site-packages/airflow/example_dags/example_dynamic_task_mapping.py
[2025-02-07T21:29:42.367+0000] {logging_mixin.py:154} INFO - [2025-02-07T21:29:42.366+0000] {dag.py:2941} INFO - Sync 1 DAGs
[2025-02-07T21:29:42.402+0000] {logging_mixin.py:154} INFO - [2025-02-07T21:29:42.402+0000] {dag.py:3722} INFO - Setting next_dagrun for example_dynamic_task_mapping to 2022-03-04T00:00:00+00:00, run_after=2022-03-05T00:00:00+00:00
[2025-02-07T21:29:42.428+0000] {processor.py:179} INFO - Processing /home/airflow/.local/lib/python3.8/site-packages/airflow/example_dags/example_dynamic_task_mapping.py took 0.118 seconds
