[2025-02-07T13:19:54.722+0000] {processor.py:157} INFO - Started process (PID=338) to work on /home/airflow/.local/lib/python3.8/site-packages/airflow/example_dags/example_complex.py
[2025-02-07T13:19:54.724+0000] {processor.py:829} INFO - Processing file /home/airflow/.local/lib/python3.8/site-packages/airflow/example_dags/example_complex.py for tasks to queue
[2025-02-07T13:19:54.726+0000] {logging_mixin.py:154} INFO - [2025-02-07T13:19:54.725+0000] {dagbag.py:536} INFO - Filling up the DagBag from /home/airflow/.local/lib/python3.8/site-packages/airflow/example_dags/example_complex.py
[2025-02-07T13:19:54.760+0000] {processor.py:839} INFO - DAG(s) dict_keys(['example_complex']) retrieved from /home/airflow/.local/lib/python3.8/site-packages/airflow/example_dags/example_complex.py
[2025-02-07T13:19:54.870+0000] {logging_mixin.py:154} INFO - [2025-02-07T13:19:54.868+0000] {dag.py:2941} INFO - Sync 1 DAGs
[2025-02-07T13:19:54.913+0000] {logging_mixin.py:154} INFO - [2025-02-07T13:19:54.912+0000] {dag.py:3722} INFO - Setting next_dagrun for example_complex to None, run_after=None
[2025-02-07T13:19:54.960+0000] {processor.py:179} INFO - Processing /home/airflow/.local/lib/python3.8/site-packages/airflow/example_dags/example_complex.py took 0.248 seconds
[2025-02-07T13:20:26.080+0000] {processor.py:157} INFO - Started process (PID=581) to work on /home/airflow/.local/lib/python3.8/site-packages/airflow/example_dags/example_complex.py
[2025-02-07T13:20:26.084+0000] {processor.py:829} INFO - Processing file /home/airflow/.local/lib/python3.8/site-packages/airflow/example_dags/example_complex.py for tasks to queue
[2025-02-07T13:20:26.086+0000] {logging_mixin.py:154} INFO - [2025-02-07T13:20:26.085+0000] {dagbag.py:536} INFO - Filling up the DagBag from /home/airflow/.local/lib/python3.8/site-packages/airflow/example_dags/example_complex.py
[2025-02-07T13:20:26.129+0000] {processor.py:839} INFO - DAG(s) dict_keys(['example_complex']) retrieved from /home/airflow/.local/lib/python3.8/site-packages/airflow/example_dags/example_complex.py
[2025-02-07T13:20:26.229+0000] {logging_mixin.py:154} INFO - [2025-02-07T13:20:26.228+0000] {dag.py:2941} INFO - Sync 1 DAGs
[2025-02-07T13:20:26.278+0000] {logging_mixin.py:154} INFO - [2025-02-07T13:20:26.277+0000] {dag.py:3722} INFO - Setting next_dagrun for example_complex to None, run_after=None
[2025-02-07T13:20:26.330+0000] {processor.py:179} INFO - Processing /home/airflow/.local/lib/python3.8/site-packages/airflow/example_dags/example_complex.py took 0.260 seconds
[2025-02-07T13:20:56.804+0000] {processor.py:157} INFO - Started process (PID=824) to work on /home/airflow/.local/lib/python3.8/site-packages/airflow/example_dags/example_complex.py
[2025-02-07T13:20:56.807+0000] {processor.py:829} INFO - Processing file /home/airflow/.local/lib/python3.8/site-packages/airflow/example_dags/example_complex.py for tasks to queue
[2025-02-07T13:20:56.809+0000] {logging_mixin.py:154} INFO - [2025-02-07T13:20:56.808+0000] {dagbag.py:536} INFO - Filling up the DagBag from /home/airflow/.local/lib/python3.8/site-packages/airflow/example_dags/example_complex.py
[2025-02-07T13:20:56.849+0000] {processor.py:839} INFO - DAG(s) dict_keys(['example_complex']) retrieved from /home/airflow/.local/lib/python3.8/site-packages/airflow/example_dags/example_complex.py
[2025-02-07T13:20:56.945+0000] {logging_mixin.py:154} INFO - [2025-02-07T13:20:56.944+0000] {dag.py:2941} INFO - Sync 1 DAGs
[2025-02-07T13:20:56.987+0000] {logging_mixin.py:154} INFO - [2025-02-07T13:20:56.986+0000] {dag.py:3722} INFO - Setting next_dagrun for example_complex to None, run_after=None
[2025-02-07T13:20:57.036+0000] {processor.py:179} INFO - Processing /home/airflow/.local/lib/python3.8/site-packages/airflow/example_dags/example_complex.py took 0.248 seconds
[2025-02-07T13:21:27.772+0000] {processor.py:157} INFO - Started process (PID=1067) to work on /home/airflow/.local/lib/python3.8/site-packages/airflow/example_dags/example_complex.py
[2025-02-07T13:21:27.775+0000] {processor.py:829} INFO - Processing file /home/airflow/.local/lib/python3.8/site-packages/airflow/example_dags/example_complex.py for tasks to queue
[2025-02-07T13:21:27.777+0000] {logging_mixin.py:154} INFO - [2025-02-07T13:21:27.776+0000] {dagbag.py:536} INFO - Filling up the DagBag from /home/airflow/.local/lib/python3.8/site-packages/airflow/example_dags/example_complex.py
[2025-02-07T13:21:27.809+0000] {processor.py:839} INFO - DAG(s) dict_keys(['example_complex']) retrieved from /home/airflow/.local/lib/python3.8/site-packages/airflow/example_dags/example_complex.py
[2025-02-07T13:21:27.905+0000] {logging_mixin.py:154} INFO - [2025-02-07T13:21:27.905+0000] {dag.py:2941} INFO - Sync 1 DAGs
[2025-02-07T13:21:27.955+0000] {logging_mixin.py:154} INFO - [2025-02-07T13:21:27.954+0000] {dag.py:3722} INFO - Setting next_dagrun for example_complex to None, run_after=None
[2025-02-07T13:21:28.000+0000] {processor.py:179} INFO - Processing /home/airflow/.local/lib/python3.8/site-packages/airflow/example_dags/example_complex.py took 0.238 seconds
[2025-02-07T13:21:59.250+0000] {processor.py:157} INFO - Started process (PID=1310) to work on /home/airflow/.local/lib/python3.8/site-packages/airflow/example_dags/example_complex.py
[2025-02-07T13:21:59.252+0000] {processor.py:829} INFO - Processing file /home/airflow/.local/lib/python3.8/site-packages/airflow/example_dags/example_complex.py for tasks to queue
[2025-02-07T13:21:59.254+0000] {logging_mixin.py:154} INFO - [2025-02-07T13:21:59.254+0000] {dagbag.py:536} INFO - Filling up the DagBag from /home/airflow/.local/lib/python3.8/site-packages/airflow/example_dags/example_complex.py
[2025-02-07T13:21:59.288+0000] {processor.py:839} INFO - DAG(s) dict_keys(['example_complex']) retrieved from /home/airflow/.local/lib/python3.8/site-packages/airflow/example_dags/example_complex.py
[2025-02-07T13:21:59.388+0000] {logging_mixin.py:154} INFO - [2025-02-07T13:21:59.387+0000] {dag.py:2941} INFO - Sync 1 DAGs
[2025-02-07T13:21:59.451+0000] {logging_mixin.py:154} INFO - [2025-02-07T13:21:59.449+0000] {dag.py:3722} INFO - Setting next_dagrun for example_complex to None, run_after=None
[2025-02-07T13:21:59.528+0000] {processor.py:179} INFO - Processing /home/airflow/.local/lib/python3.8/site-packages/airflow/example_dags/example_complex.py took 0.288 seconds
[2025-02-07T13:22:30.756+0000] {processor.py:157} INFO - Started process (PID=1553) to work on /home/airflow/.local/lib/python3.8/site-packages/airflow/example_dags/example_complex.py
[2025-02-07T13:22:30.761+0000] {processor.py:829} INFO - Processing file /home/airflow/.local/lib/python3.8/site-packages/airflow/example_dags/example_complex.py for tasks to queue
[2025-02-07T13:22:30.763+0000] {logging_mixin.py:154} INFO - [2025-02-07T13:22:30.763+0000] {dagbag.py:536} INFO - Filling up the DagBag from /home/airflow/.local/lib/python3.8/site-packages/airflow/example_dags/example_complex.py
[2025-02-07T13:22:30.804+0000] {processor.py:839} INFO - DAG(s) dict_keys(['example_complex']) retrieved from /home/airflow/.local/lib/python3.8/site-packages/airflow/example_dags/example_complex.py
[2025-02-07T13:22:30.982+0000] {logging_mixin.py:154} INFO - [2025-02-07T13:22:30.981+0000] {dag.py:2941} INFO - Sync 1 DAGs
[2025-02-07T13:22:31.057+0000] {logging_mixin.py:154} INFO - [2025-02-07T13:22:31.056+0000] {dag.py:3722} INFO - Setting next_dagrun for example_complex to None, run_after=None
[2025-02-07T13:22:31.140+0000] {processor.py:179} INFO - Processing /home/airflow/.local/lib/python3.8/site-packages/airflow/example_dags/example_complex.py took 0.399 seconds
[2025-02-07T13:23:01.581+0000] {processor.py:157} INFO - Started process (PID=1798) to work on /home/airflow/.local/lib/python3.8/site-packages/airflow/example_dags/example_complex.py
[2025-02-07T13:23:01.582+0000] {processor.py:829} INFO - Processing file /home/airflow/.local/lib/python3.8/site-packages/airflow/example_dags/example_complex.py for tasks to queue
[2025-02-07T13:23:01.583+0000] {logging_mixin.py:154} INFO - [2025-02-07T13:23:01.583+0000] {dagbag.py:536} INFO - Filling up the DagBag from /home/airflow/.local/lib/python3.8/site-packages/airflow/example_dags/example_complex.py
[2025-02-07T13:23:01.593+0000] {processor.py:839} INFO - DAG(s) dict_keys(['example_complex']) retrieved from /home/airflow/.local/lib/python3.8/site-packages/airflow/example_dags/example_complex.py
[2025-02-07T13:23:01.631+0000] {logging_mixin.py:154} INFO - [2025-02-07T13:23:01.631+0000] {dag.py:2941} INFO - Sync 1 DAGs
[2025-02-07T13:23:01.644+0000] {logging_mixin.py:154} INFO - [2025-02-07T13:23:01.644+0000] {dag.py:3722} INFO - Setting next_dagrun for example_complex to None, run_after=None
[2025-02-07T13:23:01.673+0000] {processor.py:179} INFO - Processing /home/airflow/.local/lib/python3.8/site-packages/airflow/example_dags/example_complex.py took 0.095 seconds
[2025-02-07T13:23:33.164+0000] {processor.py:157} INFO - Started process (PID=2039) to work on /home/airflow/.local/lib/python3.8/site-packages/airflow/example_dags/example_complex.py
[2025-02-07T13:23:33.172+0000] {processor.py:829} INFO - Processing file /home/airflow/.local/lib/python3.8/site-packages/airflow/example_dags/example_complex.py for tasks to queue
[2025-02-07T13:23:33.177+0000] {logging_mixin.py:154} INFO - [2025-02-07T13:23:33.174+0000] {dagbag.py:536} INFO - Filling up the DagBag from /home/airflow/.local/lib/python3.8/site-packages/airflow/example_dags/example_complex.py
[2025-02-07T13:23:33.229+0000] {processor.py:839} INFO - DAG(s) dict_keys(['example_complex']) retrieved from /home/airflow/.local/lib/python3.8/site-packages/airflow/example_dags/example_complex.py
[2025-02-07T13:23:33.407+0000] {logging_mixin.py:154} INFO - [2025-02-07T13:23:33.406+0000] {dag.py:2941} INFO - Sync 1 DAGs
[2025-02-07T13:23:33.487+0000] {logging_mixin.py:154} INFO - [2025-02-07T13:23:33.486+0000] {dag.py:3722} INFO - Setting next_dagrun for example_complex to None, run_after=None
[2025-02-07T13:23:33.546+0000] {processor.py:179} INFO - Processing /home/airflow/.local/lib/python3.8/site-packages/airflow/example_dags/example_complex.py took 0.399 seconds
[2025-02-07T13:24:04.168+0000] {processor.py:157} INFO - Started process (PID=2282) to work on /home/airflow/.local/lib/python3.8/site-packages/airflow/example_dags/example_complex.py
[2025-02-07T13:24:04.170+0000] {processor.py:829} INFO - Processing file /home/airflow/.local/lib/python3.8/site-packages/airflow/example_dags/example_complex.py for tasks to queue
[2025-02-07T13:24:04.172+0000] {logging_mixin.py:154} INFO - [2025-02-07T13:24:04.172+0000] {dagbag.py:536} INFO - Filling up the DagBag from /home/airflow/.local/lib/python3.8/site-packages/airflow/example_dags/example_complex.py
[2025-02-07T13:24:04.202+0000] {processor.py:839} INFO - DAG(s) dict_keys(['example_complex']) retrieved from /home/airflow/.local/lib/python3.8/site-packages/airflow/example_dags/example_complex.py
[2025-02-07T13:24:04.294+0000] {logging_mixin.py:154} INFO - [2025-02-07T13:24:04.293+0000] {dag.py:2941} INFO - Sync 1 DAGs
[2025-02-07T13:24:04.332+0000] {logging_mixin.py:154} INFO - [2025-02-07T13:24:04.331+0000] {dag.py:3722} INFO - Setting next_dagrun for example_complex to None, run_after=None
[2025-02-07T13:24:04.384+0000] {processor.py:179} INFO - Processing /home/airflow/.local/lib/python3.8/site-packages/airflow/example_dags/example_complex.py took 0.230 seconds
[2025-02-07T13:24:34.809+0000] {processor.py:157} INFO - Started process (PID=2520) to work on /home/airflow/.local/lib/python3.8/site-packages/airflow/example_dags/example_complex.py
[2025-02-07T13:24:34.812+0000] {processor.py:829} INFO - Processing file /home/airflow/.local/lib/python3.8/site-packages/airflow/example_dags/example_complex.py for tasks to queue
[2025-02-07T13:24:34.815+0000] {logging_mixin.py:154} INFO - [2025-02-07T13:24:34.814+0000] {dagbag.py:536} INFO - Filling up the DagBag from /home/airflow/.local/lib/python3.8/site-packages/airflow/example_dags/example_complex.py
[2025-02-07T13:24:34.847+0000] {processor.py:839} INFO - DAG(s) dict_keys(['example_complex']) retrieved from /home/airflow/.local/lib/python3.8/site-packages/airflow/example_dags/example_complex.py
[2025-02-07T13:24:34.946+0000] {logging_mixin.py:154} INFO - [2025-02-07T13:24:34.945+0000] {dag.py:2941} INFO - Sync 1 DAGs
[2025-02-07T13:24:34.985+0000] {logging_mixin.py:154} INFO - [2025-02-07T13:24:34.985+0000] {dag.py:3722} INFO - Setting next_dagrun for example_complex to None, run_after=None
[2025-02-07T13:24:35.042+0000] {processor.py:179} INFO - Processing /home/airflow/.local/lib/python3.8/site-packages/airflow/example_dags/example_complex.py took 0.244 seconds
[2025-02-07T13:25:05.423+0000] {processor.py:157} INFO - Started process (PID=2764) to work on /home/airflow/.local/lib/python3.8/site-packages/airflow/example_dags/example_complex.py
[2025-02-07T13:25:05.428+0000] {processor.py:829} INFO - Processing file /home/airflow/.local/lib/python3.8/site-packages/airflow/example_dags/example_complex.py for tasks to queue
[2025-02-07T13:25:05.429+0000] {logging_mixin.py:154} INFO - [2025-02-07T13:25:05.429+0000] {dagbag.py:536} INFO - Filling up the DagBag from /home/airflow/.local/lib/python3.8/site-packages/airflow/example_dags/example_complex.py
[2025-02-07T13:25:05.460+0000] {processor.py:839} INFO - DAG(s) dict_keys(['example_complex']) retrieved from /home/airflow/.local/lib/python3.8/site-packages/airflow/example_dags/example_complex.py
[2025-02-07T13:25:05.566+0000] {logging_mixin.py:154} INFO - [2025-02-07T13:25:05.565+0000] {dag.py:2941} INFO - Sync 1 DAGs
[2025-02-07T13:25:05.620+0000] {logging_mixin.py:154} INFO - [2025-02-07T13:25:05.620+0000] {dag.py:3722} INFO - Setting next_dagrun for example_complex to None, run_after=None
[2025-02-07T13:25:05.671+0000] {processor.py:179} INFO - Processing /home/airflow/.local/lib/python3.8/site-packages/airflow/example_dags/example_complex.py took 0.263 seconds
[2025-02-07T13:27:10.039+0000] {processor.py:157} INFO - Started process (PID=336) to work on /home/airflow/.local/lib/python3.8/site-packages/airflow/example_dags/example_complex.py
[2025-02-07T13:27:10.040+0000] {processor.py:829} INFO - Processing file /home/airflow/.local/lib/python3.8/site-packages/airflow/example_dags/example_complex.py for tasks to queue
[2025-02-07T13:27:10.041+0000] {logging_mixin.py:154} INFO - [2025-02-07T13:27:10.040+0000] {dagbag.py:536} INFO - Filling up the DagBag from /home/airflow/.local/lib/python3.8/site-packages/airflow/example_dags/example_complex.py
[2025-02-07T13:27:10.055+0000] {processor.py:839} INFO - DAG(s) dict_keys(['example_complex']) retrieved from /home/airflow/.local/lib/python3.8/site-packages/airflow/example_dags/example_complex.py
[2025-02-07T13:27:10.095+0000] {logging_mixin.py:154} INFO - [2025-02-07T13:27:10.094+0000] {dag.py:2941} INFO - Sync 1 DAGs
[2025-02-07T13:27:10.114+0000] {logging_mixin.py:154} INFO - [2025-02-07T13:27:10.113+0000] {dag.py:3722} INFO - Setting next_dagrun for example_complex to None, run_after=None
[2025-02-07T13:27:10.133+0000] {processor.py:179} INFO - Processing /home/airflow/.local/lib/python3.8/site-packages/airflow/example_dags/example_complex.py took 0.100 seconds
[2025-02-07T21:29:17.785+0000] {processor.py:157} INFO - Started process (PID=336) to work on /home/airflow/.local/lib/python3.8/site-packages/airflow/example_dags/example_complex.py
[2025-02-07T21:29:17.792+0000] {processor.py:829} INFO - Processing file /home/airflow/.local/lib/python3.8/site-packages/airflow/example_dags/example_complex.py for tasks to queue
[2025-02-07T21:29:17.796+0000] {logging_mixin.py:154} INFO - [2025-02-07T21:29:17.794+0000] {dagbag.py:536} INFO - Filling up the DagBag from /home/airflow/.local/lib/python3.8/site-packages/airflow/example_dags/example_complex.py
[2025-02-07T21:29:17.909+0000] {processor.py:839} INFO - DAG(s) dict_keys(['example_complex']) retrieved from /home/airflow/.local/lib/python3.8/site-packages/airflow/example_dags/example_complex.py
[2025-02-07T21:29:18.045+0000] {logging_mixin.py:154} INFO - [2025-02-07T21:29:18.044+0000] {dag.py:2941} INFO - Sync 1 DAGs
[2025-02-07T21:29:18.117+0000] {logging_mixin.py:154} INFO - [2025-02-07T21:29:18.112+0000] {dag.py:3722} INFO - Setting next_dagrun for example_complex to None, run_after=None
[2025-02-07T21:29:18.186+0000] {processor.py:179} INFO - Processing /home/airflow/.local/lib/python3.8/site-packages/airflow/example_dags/example_complex.py took 0.413 seconds
[2025-02-07T21:29:48.804+0000] {processor.py:157} INFO - Started process (PID=581) to work on /home/airflow/.local/lib/python3.8/site-packages/airflow/example_dags/example_complex.py
[2025-02-07T21:29:48.806+0000] {processor.py:829} INFO - Processing file /home/airflow/.local/lib/python3.8/site-packages/airflow/example_dags/example_complex.py for tasks to queue
[2025-02-07T21:29:48.809+0000] {logging_mixin.py:154} INFO - [2025-02-07T21:29:48.808+0000] {dagbag.py:536} INFO - Filling up the DagBag from /home/airflow/.local/lib/python3.8/site-packages/airflow/example_dags/example_complex.py
[2025-02-07T21:29:48.840+0000] {processor.py:839} INFO - DAG(s) dict_keys(['example_complex']) retrieved from /home/airflow/.local/lib/python3.8/site-packages/airflow/example_dags/example_complex.py
[2025-02-07T21:29:48.935+0000] {logging_mixin.py:154} INFO - [2025-02-07T21:29:48.934+0000] {dag.py:2941} INFO - Sync 1 DAGs
[2025-02-07T21:29:48.968+0000] {logging_mixin.py:154} INFO - [2025-02-07T21:29:48.967+0000] {dag.py:3722} INFO - Setting next_dagrun for example_complex to None, run_after=None
[2025-02-07T21:29:49.010+0000] {processor.py:179} INFO - Processing /home/airflow/.local/lib/python3.8/site-packages/airflow/example_dags/example_complex.py took 0.215 seconds
