[2025-02-07T13:19:50.267+0000] {processor.py:157} INFO - Started process (PID=268) to work on /home/airflow/.local/lib/python3.8/site-packages/airflow/example_dags/tutorial_taskflow_api.py
[2025-02-07T13:19:50.269+0000] {processor.py:829} INFO - Processing file /home/airflow/.local/lib/python3.8/site-packages/airflow/example_dags/tutorial_taskflow_api.py for tasks to queue
[2025-02-07T13:19:50.272+0000] {logging_mixin.py:154} INFO - [2025-02-07T13:19:50.271+0000] {dagbag.py:536} INFO - Filling up the DagBag from /home/airflow/.local/lib/python3.8/site-packages/airflow/example_dags/tutorial_taskflow_api.py
[2025-02-07T13:19:50.308+0000] {processor.py:839} INFO - DAG(s) dict_keys(['tutorial_taskflow_api']) retrieved from /home/airflow/.local/lib/python3.8/site-packages/airflow/example_dags/tutorial_taskflow_api.py
[2025-02-07T13:19:50.423+0000] {logging_mixin.py:154} INFO - [2025-02-07T13:19:50.422+0000] {dag.py:2941} INFO - Sync 1 DAGs
[2025-02-07T13:19:50.518+0000] {logging_mixin.py:154} INFO - [2025-02-07T13:19:50.517+0000] {dag.py:3722} INFO - Setting next_dagrun for tutorial_taskflow_api to None, run_after=None
[2025-02-07T13:19:50.844+0000] {processor.py:179} INFO - Processing /home/airflow/.local/lib/python3.8/site-packages/airflow/example_dags/tutorial_taskflow_api.py took 0.588 seconds
[2025-02-07T13:20:21.493+0000] {processor.py:157} INFO - Started process (PID=511) to work on /home/airflow/.local/lib/python3.8/site-packages/airflow/example_dags/tutorial_taskflow_api.py
[2025-02-07T13:20:21.496+0000] {processor.py:829} INFO - Processing file /home/airflow/.local/lib/python3.8/site-packages/airflow/example_dags/tutorial_taskflow_api.py for tasks to queue
[2025-02-07T13:20:21.498+0000] {logging_mixin.py:154} INFO - [2025-02-07T13:20:21.497+0000] {dagbag.py:536} INFO - Filling up the DagBag from /home/airflow/.local/lib/python3.8/site-packages/airflow/example_dags/tutorial_taskflow_api.py
[2025-02-07T13:20:21.518+0000] {processor.py:839} INFO - DAG(s) dict_keys(['tutorial_taskflow_api']) retrieved from /home/airflow/.local/lib/python3.8/site-packages/airflow/example_dags/tutorial_taskflow_api.py
[2025-02-07T13:20:21.591+0000] {logging_mixin.py:154} INFO - [2025-02-07T13:20:21.590+0000] {dag.py:2941} INFO - Sync 1 DAGs
[2025-02-07T13:20:21.640+0000] {logging_mixin.py:154} INFO - [2025-02-07T13:20:21.639+0000] {dag.py:3722} INFO - Setting next_dagrun for tutorial_taskflow_api to None, run_after=None
[2025-02-07T13:20:21.698+0000] {processor.py:179} INFO - Processing /home/airflow/.local/lib/python3.8/site-packages/airflow/example_dags/tutorial_taskflow_api.py took 0.215 seconds
[2025-02-07T13:20:52.117+0000] {processor.py:157} INFO - Started process (PID=754) to work on /home/airflow/.local/lib/python3.8/site-packages/airflow/example_dags/tutorial_taskflow_api.py
[2025-02-07T13:20:52.119+0000] {processor.py:829} INFO - Processing file /home/airflow/.local/lib/python3.8/site-packages/airflow/example_dags/tutorial_taskflow_api.py for tasks to queue
[2025-02-07T13:20:52.121+0000] {logging_mixin.py:154} INFO - [2025-02-07T13:20:52.120+0000] {dagbag.py:536} INFO - Filling up the DagBag from /home/airflow/.local/lib/python3.8/site-packages/airflow/example_dags/tutorial_taskflow_api.py
[2025-02-07T13:20:52.138+0000] {processor.py:839} INFO - DAG(s) dict_keys(['tutorial_taskflow_api']) retrieved from /home/airflow/.local/lib/python3.8/site-packages/airflow/example_dags/tutorial_taskflow_api.py
[2025-02-07T13:20:52.205+0000] {logging_mixin.py:154} INFO - [2025-02-07T13:20:52.204+0000] {dag.py:2941} INFO - Sync 1 DAGs
[2025-02-07T13:20:52.244+0000] {logging_mixin.py:154} INFO - [2025-02-07T13:20:52.243+0000] {dag.py:3722} INFO - Setting next_dagrun for tutorial_taskflow_api to None, run_after=None
[2025-02-07T13:20:52.294+0000] {processor.py:179} INFO - Processing /home/airflow/.local/lib/python3.8/site-packages/airflow/example_dags/tutorial_taskflow_api.py took 0.188 seconds
[2025-02-07T13:21:23.067+0000] {processor.py:157} INFO - Started process (PID=997) to work on /home/airflow/.local/lib/python3.8/site-packages/airflow/example_dags/tutorial_taskflow_api.py
[2025-02-07T13:21:23.071+0000] {processor.py:829} INFO - Processing file /home/airflow/.local/lib/python3.8/site-packages/airflow/example_dags/tutorial_taskflow_api.py for tasks to queue
[2025-02-07T13:21:23.074+0000] {logging_mixin.py:154} INFO - [2025-02-07T13:21:23.073+0000] {dagbag.py:536} INFO - Filling up the DagBag from /home/airflow/.local/lib/python3.8/site-packages/airflow/example_dags/tutorial_taskflow_api.py
[2025-02-07T13:21:23.099+0000] {processor.py:839} INFO - DAG(s) dict_keys(['tutorial_taskflow_api']) retrieved from /home/airflow/.local/lib/python3.8/site-packages/airflow/example_dags/tutorial_taskflow_api.py
[2025-02-07T13:21:23.161+0000] {logging_mixin.py:154} INFO - [2025-02-07T13:21:23.161+0000] {dag.py:2941} INFO - Sync 1 DAGs
[2025-02-07T13:21:23.201+0000] {logging_mixin.py:154} INFO - [2025-02-07T13:21:23.201+0000] {dag.py:3722} INFO - Setting next_dagrun for tutorial_taskflow_api to None, run_after=None
[2025-02-07T13:21:23.257+0000] {processor.py:179} INFO - Processing /home/airflow/.local/lib/python3.8/site-packages/airflow/example_dags/tutorial_taskflow_api.py took 0.200 seconds
[2025-02-07T13:21:54.745+0000] {processor.py:157} INFO - Started process (PID=1242) to work on /home/airflow/.local/lib/python3.8/site-packages/airflow/example_dags/tutorial_taskflow_api.py
[2025-02-07T13:21:54.747+0000] {processor.py:829} INFO - Processing file /home/airflow/.local/lib/python3.8/site-packages/airflow/example_dags/tutorial_taskflow_api.py for tasks to queue
[2025-02-07T13:21:54.750+0000] {logging_mixin.py:154} INFO - [2025-02-07T13:21:54.749+0000] {dagbag.py:536} INFO - Filling up the DagBag from /home/airflow/.local/lib/python3.8/site-packages/airflow/example_dags/tutorial_taskflow_api.py
[2025-02-07T13:21:54.770+0000] {processor.py:839} INFO - DAG(s) dict_keys(['tutorial_taskflow_api']) retrieved from /home/airflow/.local/lib/python3.8/site-packages/airflow/example_dags/tutorial_taskflow_api.py
[2025-02-07T13:21:54.866+0000] {logging_mixin.py:154} INFO - [2025-02-07T13:21:54.865+0000] {dag.py:2941} INFO - Sync 1 DAGs
[2025-02-07T13:21:54.899+0000] {logging_mixin.py:154} INFO - [2025-02-07T13:21:54.899+0000] {dag.py:3722} INFO - Setting next_dagrun for tutorial_taskflow_api to None, run_after=None
[2025-02-07T13:21:54.967+0000] {processor.py:179} INFO - Processing /home/airflow/.local/lib/python3.8/site-packages/airflow/example_dags/tutorial_taskflow_api.py took 0.237 seconds
[2025-02-07T13:22:25.926+0000] {processor.py:157} INFO - Started process (PID=1483) to work on /home/airflow/.local/lib/python3.8/site-packages/airflow/example_dags/tutorial_taskflow_api.py
[2025-02-07T13:22:25.932+0000] {processor.py:829} INFO - Processing file /home/airflow/.local/lib/python3.8/site-packages/airflow/example_dags/tutorial_taskflow_api.py for tasks to queue
[2025-02-07T13:22:25.935+0000] {logging_mixin.py:154} INFO - [2025-02-07T13:22:25.934+0000] {dagbag.py:536} INFO - Filling up the DagBag from /home/airflow/.local/lib/python3.8/site-packages/airflow/example_dags/tutorial_taskflow_api.py
[2025-02-07T13:22:25.967+0000] {processor.py:839} INFO - DAG(s) dict_keys(['tutorial_taskflow_api']) retrieved from /home/airflow/.local/lib/python3.8/site-packages/airflow/example_dags/tutorial_taskflow_api.py
[2025-02-07T13:22:26.051+0000] {logging_mixin.py:154} INFO - [2025-02-07T13:22:26.051+0000] {dag.py:2941} INFO - Sync 1 DAGs
[2025-02-07T13:22:26.114+0000] {logging_mixin.py:154} INFO - [2025-02-07T13:22:26.114+0000] {dag.py:3722} INFO - Setting next_dagrun for tutorial_taskflow_api to None, run_after=None
[2025-02-07T13:22:26.176+0000] {processor.py:179} INFO - Processing /home/airflow/.local/lib/python3.8/site-packages/airflow/example_dags/tutorial_taskflow_api.py took 0.273 seconds
[2025-02-07T13:22:57.367+0000] {processor.py:157} INFO - Started process (PID=1726) to work on /home/airflow/.local/lib/python3.8/site-packages/airflow/example_dags/tutorial_taskflow_api.py
[2025-02-07T13:22:57.372+0000] {processor.py:829} INFO - Processing file /home/airflow/.local/lib/python3.8/site-packages/airflow/example_dags/tutorial_taskflow_api.py for tasks to queue
[2025-02-07T13:22:57.374+0000] {logging_mixin.py:154} INFO - [2025-02-07T13:22:57.374+0000] {dagbag.py:536} INFO - Filling up the DagBag from /home/airflow/.local/lib/python3.8/site-packages/airflow/example_dags/tutorial_taskflow_api.py
[2025-02-07T13:22:57.395+0000] {processor.py:839} INFO - DAG(s) dict_keys(['tutorial_taskflow_api']) retrieved from /home/airflow/.local/lib/python3.8/site-packages/airflow/example_dags/tutorial_taskflow_api.py
[2025-02-07T13:22:57.496+0000] {logging_mixin.py:154} INFO - [2025-02-07T13:22:57.495+0000] {dag.py:2941} INFO - Sync 1 DAGs
[2025-02-07T13:22:57.579+0000] {logging_mixin.py:154} INFO - [2025-02-07T13:22:57.575+0000] {dag.py:3722} INFO - Setting next_dagrun for tutorial_taskflow_api to None, run_after=None
[2025-02-07T13:22:57.678+0000] {processor.py:179} INFO - Processing /home/airflow/.local/lib/python3.8/site-packages/airflow/example_dags/tutorial_taskflow_api.py took 0.325 seconds
[2025-02-07T13:23:28.385+0000] {processor.py:157} INFO - Started process (PID=1969) to work on /home/airflow/.local/lib/python3.8/site-packages/airflow/example_dags/tutorial_taskflow_api.py
[2025-02-07T13:23:28.388+0000] {processor.py:829} INFO - Processing file /home/airflow/.local/lib/python3.8/site-packages/airflow/example_dags/tutorial_taskflow_api.py for tasks to queue
[2025-02-07T13:23:28.390+0000] {logging_mixin.py:154} INFO - [2025-02-07T13:23:28.389+0000] {dagbag.py:536} INFO - Filling up the DagBag from /home/airflow/.local/lib/python3.8/site-packages/airflow/example_dags/tutorial_taskflow_api.py
[2025-02-07T13:23:28.410+0000] {processor.py:839} INFO - DAG(s) dict_keys(['tutorial_taskflow_api']) retrieved from /home/airflow/.local/lib/python3.8/site-packages/airflow/example_dags/tutorial_taskflow_api.py
[2025-02-07T13:23:28.474+0000] {logging_mixin.py:154} INFO - [2025-02-07T13:23:28.474+0000] {dag.py:2941} INFO - Sync 1 DAGs
[2025-02-07T13:23:28.528+0000] {logging_mixin.py:154} INFO - [2025-02-07T13:23:28.527+0000] {dag.py:3722} INFO - Setting next_dagrun for tutorial_taskflow_api to None, run_after=None
[2025-02-07T13:23:28.593+0000] {processor.py:179} INFO - Processing /home/airflow/.local/lib/python3.8/site-packages/airflow/example_dags/tutorial_taskflow_api.py took 0.219 seconds
[2025-02-07T13:23:59.253+0000] {processor.py:157} INFO - Started process (PID=2212) to work on /home/airflow/.local/lib/python3.8/site-packages/airflow/example_dags/tutorial_taskflow_api.py
[2025-02-07T13:23:59.256+0000] {processor.py:829} INFO - Processing file /home/airflow/.local/lib/python3.8/site-packages/airflow/example_dags/tutorial_taskflow_api.py for tasks to queue
[2025-02-07T13:23:59.258+0000] {logging_mixin.py:154} INFO - [2025-02-07T13:23:59.257+0000] {dagbag.py:536} INFO - Filling up the DagBag from /home/airflow/.local/lib/python3.8/site-packages/airflow/example_dags/tutorial_taskflow_api.py
[2025-02-07T13:23:59.275+0000] {processor.py:839} INFO - DAG(s) dict_keys(['tutorial_taskflow_api']) retrieved from /home/airflow/.local/lib/python3.8/site-packages/airflow/example_dags/tutorial_taskflow_api.py
[2025-02-07T13:23:59.340+0000] {logging_mixin.py:154} INFO - [2025-02-07T13:23:59.339+0000] {dag.py:2941} INFO - Sync 1 DAGs
[2025-02-07T13:23:59.387+0000] {logging_mixin.py:154} INFO - [2025-02-07T13:23:59.385+0000] {dag.py:3722} INFO - Setting next_dagrun for tutorial_taskflow_api to None, run_after=None
[2025-02-07T13:23:59.461+0000] {processor.py:179} INFO - Processing /home/airflow/.local/lib/python3.8/site-packages/airflow/example_dags/tutorial_taskflow_api.py took 0.218 seconds
[2025-02-07T13:24:29.671+0000] {processor.py:157} INFO - Started process (PID=2450) to work on /home/airflow/.local/lib/python3.8/site-packages/airflow/example_dags/tutorial_taskflow_api.py
[2025-02-07T13:24:29.676+0000] {processor.py:829} INFO - Processing file /home/airflow/.local/lib/python3.8/site-packages/airflow/example_dags/tutorial_taskflow_api.py for tasks to queue
[2025-02-07T13:24:29.682+0000] {logging_mixin.py:154} INFO - [2025-02-07T13:24:29.680+0000] {dagbag.py:536} INFO - Filling up the DagBag from /home/airflow/.local/lib/python3.8/site-packages/airflow/example_dags/tutorial_taskflow_api.py
[2025-02-07T13:24:29.715+0000] {processor.py:839} INFO - DAG(s) dict_keys(['tutorial_taskflow_api']) retrieved from /home/airflow/.local/lib/python3.8/site-packages/airflow/example_dags/tutorial_taskflow_api.py
[2025-02-07T13:24:29.794+0000] {logging_mixin.py:154} INFO - [2025-02-07T13:24:29.794+0000] {dag.py:2941} INFO - Sync 1 DAGs
[2025-02-07T13:24:29.830+0000] {logging_mixin.py:154} INFO - [2025-02-07T13:24:29.829+0000] {dag.py:3722} INFO - Setting next_dagrun for tutorial_taskflow_api to None, run_after=None
[2025-02-07T13:24:29.876+0000] {processor.py:179} INFO - Processing /home/airflow/.local/lib/python3.8/site-packages/airflow/example_dags/tutorial_taskflow_api.py took 0.224 seconds
[2025-02-07T13:25:00.194+0000] {processor.py:157} INFO - Started process (PID=2696) to work on /home/airflow/.local/lib/python3.8/site-packages/airflow/example_dags/tutorial_taskflow_api.py
[2025-02-07T13:25:00.196+0000] {processor.py:829} INFO - Processing file /home/airflow/.local/lib/python3.8/site-packages/airflow/example_dags/tutorial_taskflow_api.py for tasks to queue
[2025-02-07T13:25:00.198+0000] {logging_mixin.py:154} INFO - [2025-02-07T13:25:00.198+0000] {dagbag.py:536} INFO - Filling up the DagBag from /home/airflow/.local/lib/python3.8/site-packages/airflow/example_dags/tutorial_taskflow_api.py
[2025-02-07T13:25:00.227+0000] {processor.py:839} INFO - DAG(s) dict_keys(['tutorial_taskflow_api']) retrieved from /home/airflow/.local/lib/python3.8/site-packages/airflow/example_dags/tutorial_taskflow_api.py
[2025-02-07T13:25:00.295+0000] {logging_mixin.py:154} INFO - [2025-02-07T13:25:00.295+0000] {dag.py:2941} INFO - Sync 1 DAGs
[2025-02-07T13:25:00.327+0000] {logging_mixin.py:154} INFO - [2025-02-07T13:25:00.327+0000] {dag.py:3722} INFO - Setting next_dagrun for tutorial_taskflow_api to None, run_after=None
[2025-02-07T13:25:00.386+0000] {processor.py:179} INFO - Processing /home/airflow/.local/lib/python3.8/site-packages/airflow/example_dags/tutorial_taskflow_api.py took 0.203 seconds
[2025-02-07T13:27:08.638+0000] {processor.py:157} INFO - Started process (PID=268) to work on /home/airflow/.local/lib/python3.8/site-packages/airflow/example_dags/tutorial_taskflow_api.py
[2025-02-07T13:27:08.639+0000] {processor.py:829} INFO - Processing file /home/airflow/.local/lib/python3.8/site-packages/airflow/example_dags/tutorial_taskflow_api.py for tasks to queue
[2025-02-07T13:27:08.640+0000] {logging_mixin.py:154} INFO - [2025-02-07T13:27:08.640+0000] {dagbag.py:536} INFO - Filling up the DagBag from /home/airflow/.local/lib/python3.8/site-packages/airflow/example_dags/tutorial_taskflow_api.py
[2025-02-07T13:27:08.653+0000] {processor.py:839} INFO - DAG(s) dict_keys(['tutorial_taskflow_api']) retrieved from /home/airflow/.local/lib/python3.8/site-packages/airflow/example_dags/tutorial_taskflow_api.py
[2025-02-07T13:27:08.690+0000] {logging_mixin.py:154} INFO - [2025-02-07T13:27:08.689+0000] {dag.py:2941} INFO - Sync 1 DAGs
[2025-02-07T13:27:08.711+0000] {logging_mixin.py:154} INFO - [2025-02-07T13:27:08.710+0000] {dag.py:3722} INFO - Setting next_dagrun for tutorial_taskflow_api to None, run_after=None
[2025-02-07T13:27:08.733+0000] {processor.py:179} INFO - Processing /home/airflow/.local/lib/python3.8/site-packages/airflow/example_dags/tutorial_taskflow_api.py took 0.099 seconds
[2025-02-07T21:29:13.535+0000] {processor.py:157} INFO - Started process (PID=268) to work on /home/airflow/.local/lib/python3.8/site-packages/airflow/example_dags/tutorial_taskflow_api.py
[2025-02-07T21:29:13.540+0000] {processor.py:829} INFO - Processing file /home/airflow/.local/lib/python3.8/site-packages/airflow/example_dags/tutorial_taskflow_api.py for tasks to queue
[2025-02-07T21:29:13.546+0000] {logging_mixin.py:154} INFO - [2025-02-07T21:29:13.545+0000] {dagbag.py:536} INFO - Filling up the DagBag from /home/airflow/.local/lib/python3.8/site-packages/airflow/example_dags/tutorial_taskflow_api.py
[2025-02-07T21:29:13.584+0000] {processor.py:839} INFO - DAG(s) dict_keys(['tutorial_taskflow_api']) retrieved from /home/airflow/.local/lib/python3.8/site-packages/airflow/example_dags/tutorial_taskflow_api.py
[2025-02-07T21:29:13.671+0000] {logging_mixin.py:154} INFO - [2025-02-07T21:29:13.670+0000] {dag.py:2941} INFO - Sync 1 DAGs
[2025-02-07T21:29:13.725+0000] {logging_mixin.py:154} INFO - [2025-02-07T21:29:13.724+0000] {dag.py:3722} INFO - Setting next_dagrun for tutorial_taskflow_api to None, run_after=None
[2025-02-07T21:29:13.818+0000] {processor.py:179} INFO - Processing /home/airflow/.local/lib/python3.8/site-packages/airflow/example_dags/tutorial_taskflow_api.py took 0.298 seconds
[2025-02-07T21:29:44.208+0000] {processor.py:157} INFO - Started process (PID=509) to work on /home/airflow/.local/lib/python3.8/site-packages/airflow/example_dags/tutorial_taskflow_api.py
[2025-02-07T21:29:44.211+0000] {processor.py:829} INFO - Processing file /home/airflow/.local/lib/python3.8/site-packages/airflow/example_dags/tutorial_taskflow_api.py for tasks to queue
[2025-02-07T21:29:44.213+0000] {logging_mixin.py:154} INFO - [2025-02-07T21:29:44.212+0000] {dagbag.py:536} INFO - Filling up the DagBag from /home/airflow/.local/lib/python3.8/site-packages/airflow/example_dags/tutorial_taskflow_api.py
[2025-02-07T21:29:44.234+0000] {processor.py:839} INFO - DAG(s) dict_keys(['tutorial_taskflow_api']) retrieved from /home/airflow/.local/lib/python3.8/site-packages/airflow/example_dags/tutorial_taskflow_api.py
[2025-02-07T21:29:44.282+0000] {logging_mixin.py:154} INFO - [2025-02-07T21:29:44.281+0000] {dag.py:2941} INFO - Sync 1 DAGs
[2025-02-07T21:29:44.330+0000] {logging_mixin.py:154} INFO - [2025-02-07T21:29:44.330+0000] {dag.py:3722} INFO - Setting next_dagrun for tutorial_taskflow_api to None, run_after=None
[2025-02-07T21:29:44.369+0000] {processor.py:179} INFO - Processing /home/airflow/.local/lib/python3.8/site-packages/airflow/example_dags/tutorial_taskflow_api.py took 0.172 seconds
