[2025-02-07T13:19:48.670+0000] {processor.py:157} INFO - Started process (PID=234) to work on /home/airflow/.local/lib/python3.8/site-packages/airflow/example_dags/tutorial.py
[2025-02-07T13:19:48.678+0000] {processor.py:829} INFO - Processing file /home/airflow/.local/lib/python3.8/site-packages/airflow/example_dags/tutorial.py for tasks to queue
[2025-02-07T13:19:48.685+0000] {logging_mixin.py:154} INFO - [2025-02-07T13:19:48.681+0000] {dagbag.py:536} INFO - Filling up the DagBag from /home/airflow/.local/lib/python3.8/site-packages/airflow/example_dags/tutorial.py
[2025-02-07T13:19:48.767+0000] {processor.py:839} INFO - DAG(s) dict_keys(['tutorial']) retrieved from /home/airflow/.local/lib/python3.8/site-packages/airflow/example_dags/tutorial.py
[2025-02-07T13:19:48.850+0000] {logging_mixin.py:154} INFO - [2025-02-07T13:19:48.850+0000] {dag.py:2941} INFO - Sync 1 DAGs
[2025-02-07T13:19:48.982+0000] {logging_mixin.py:154} INFO - [2025-02-07T13:19:48.979+0000] {dag.py:3722} INFO - Setting next_dagrun for tutorial to 2025-02-06T13:19:48.976728+00:00, run_after=2025-02-07T13:19:48.976728+00:00
[2025-02-07T13:19:49.105+0000] {processor.py:179} INFO - Processing /home/airflow/.local/lib/python3.8/site-packages/airflow/example_dags/tutorial.py took 0.459 seconds
[2025-02-07T13:20:20.192+0000] {processor.py:157} INFO - Started process (PID=476) to work on /home/airflow/.local/lib/python3.8/site-packages/airflow/example_dags/tutorial.py
[2025-02-07T13:20:20.196+0000] {processor.py:829} INFO - Processing file /home/airflow/.local/lib/python3.8/site-packages/airflow/example_dags/tutorial.py for tasks to queue
[2025-02-07T13:20:20.199+0000] {logging_mixin.py:154} INFO - [2025-02-07T13:20:20.198+0000] {dagbag.py:536} INFO - Filling up the DagBag from /home/airflow/.local/lib/python3.8/site-packages/airflow/example_dags/tutorial.py
[2025-02-07T13:20:20.224+0000] {processor.py:839} INFO - DAG(s) dict_keys(['tutorial']) retrieved from /home/airflow/.local/lib/python3.8/site-packages/airflow/example_dags/tutorial.py
[2025-02-07T13:20:20.290+0000] {logging_mixin.py:154} INFO - [2025-02-07T13:20:20.290+0000] {dag.py:2941} INFO - Sync 1 DAGs
[2025-02-07T13:20:20.355+0000] {logging_mixin.py:154} INFO - [2025-02-07T13:20:20.355+0000] {dag.py:3722} INFO - Setting next_dagrun for tutorial to 2025-02-06T13:20:20.354336+00:00, run_after=2025-02-07T13:20:20.354336+00:00
[2025-02-07T13:20:20.406+0000] {processor.py:179} INFO - Processing /home/airflow/.local/lib/python3.8/site-packages/airflow/example_dags/tutorial.py took 0.226 seconds
[2025-02-07T13:20:50.797+0000] {processor.py:157} INFO - Started process (PID=721) to work on /home/airflow/.local/lib/python3.8/site-packages/airflow/example_dags/tutorial.py
[2025-02-07T13:20:50.799+0000] {processor.py:829} INFO - Processing file /home/airflow/.local/lib/python3.8/site-packages/airflow/example_dags/tutorial.py for tasks to queue
[2025-02-07T13:20:50.802+0000] {logging_mixin.py:154} INFO - [2025-02-07T13:20:50.801+0000] {dagbag.py:536} INFO - Filling up the DagBag from /home/airflow/.local/lib/python3.8/site-packages/airflow/example_dags/tutorial.py
[2025-02-07T13:20:50.822+0000] {processor.py:839} INFO - DAG(s) dict_keys(['tutorial']) retrieved from /home/airflow/.local/lib/python3.8/site-packages/airflow/example_dags/tutorial.py
[2025-02-07T13:20:50.883+0000] {logging_mixin.py:154} INFO - [2025-02-07T13:20:50.882+0000] {dag.py:2941} INFO - Sync 1 DAGs
[2025-02-07T13:20:50.939+0000] {logging_mixin.py:154} INFO - [2025-02-07T13:20:50.939+0000] {dag.py:3722} INFO - Setting next_dagrun for tutorial to 2025-02-06T13:20:50.938735+00:00, run_after=2025-02-07T13:20:50.938735+00:00
[2025-02-07T13:20:50.980+0000] {processor.py:179} INFO - Processing /home/airflow/.local/lib/python3.8/site-packages/airflow/example_dags/tutorial.py took 0.194 seconds
[2025-02-07T13:21:22.021+0000] {processor.py:157} INFO - Started process (PID=962) to work on /home/airflow/.local/lib/python3.8/site-packages/airflow/example_dags/tutorial.py
[2025-02-07T13:21:22.024+0000] {processor.py:829} INFO - Processing file /home/airflow/.local/lib/python3.8/site-packages/airflow/example_dags/tutorial.py for tasks to queue
[2025-02-07T13:21:22.026+0000] {logging_mixin.py:154} INFO - [2025-02-07T13:21:22.026+0000] {dagbag.py:536} INFO - Filling up the DagBag from /home/airflow/.local/lib/python3.8/site-packages/airflow/example_dags/tutorial.py
[2025-02-07T13:21:22.049+0000] {processor.py:839} INFO - DAG(s) dict_keys(['tutorial']) retrieved from /home/airflow/.local/lib/python3.8/site-packages/airflow/example_dags/tutorial.py
[2025-02-07T13:21:22.120+0000] {logging_mixin.py:154} INFO - [2025-02-07T13:21:22.119+0000] {dag.py:2941} INFO - Sync 1 DAGs
[2025-02-07T13:21:22.186+0000] {logging_mixin.py:154} INFO - [2025-02-07T13:21:22.186+0000] {dag.py:3722} INFO - Setting next_dagrun for tutorial to 2025-02-06T13:21:22.185153+00:00, run_after=2025-02-07T13:21:22.185153+00:00
[2025-02-07T13:21:22.243+0000] {processor.py:179} INFO - Processing /home/airflow/.local/lib/python3.8/site-packages/airflow/example_dags/tutorial.py took 0.232 seconds
[2025-02-07T13:21:53.184+0000] {processor.py:157} INFO - Started process (PID=1207) to work on /home/airflow/.local/lib/python3.8/site-packages/airflow/example_dags/tutorial.py
[2025-02-07T13:21:53.187+0000] {processor.py:829} INFO - Processing file /home/airflow/.local/lib/python3.8/site-packages/airflow/example_dags/tutorial.py for tasks to queue
[2025-02-07T13:21:53.188+0000] {logging_mixin.py:154} INFO - [2025-02-07T13:21:53.188+0000] {dagbag.py:536} INFO - Filling up the DagBag from /home/airflow/.local/lib/python3.8/site-packages/airflow/example_dags/tutorial.py
[2025-02-07T13:21:53.208+0000] {processor.py:839} INFO - DAG(s) dict_keys(['tutorial']) retrieved from /home/airflow/.local/lib/python3.8/site-packages/airflow/example_dags/tutorial.py
[2025-02-07T13:21:53.263+0000] {logging_mixin.py:154} INFO - [2025-02-07T13:21:53.263+0000] {dag.py:2941} INFO - Sync 1 DAGs
[2025-02-07T13:21:53.347+0000] {logging_mixin.py:154} INFO - [2025-02-07T13:21:53.347+0000] {dag.py:3722} INFO - Setting next_dagrun for tutorial to 2025-02-06T13:21:53.346351+00:00, run_after=2025-02-07T13:21:53.346351+00:00
[2025-02-07T13:21:53.416+0000] {processor.py:179} INFO - Processing /home/airflow/.local/lib/python3.8/site-packages/airflow/example_dags/tutorial.py took 0.241 seconds
[2025-02-07T13:22:24.200+0000] {processor.py:157} INFO - Started process (PID=1448) to work on /home/airflow/.local/lib/python3.8/site-packages/airflow/example_dags/tutorial.py
[2025-02-07T13:22:24.204+0000] {processor.py:829} INFO - Processing file /home/airflow/.local/lib/python3.8/site-packages/airflow/example_dags/tutorial.py for tasks to queue
[2025-02-07T13:22:24.207+0000] {logging_mixin.py:154} INFO - [2025-02-07T13:22:24.205+0000] {dagbag.py:536} INFO - Filling up the DagBag from /home/airflow/.local/lib/python3.8/site-packages/airflow/example_dags/tutorial.py
[2025-02-07T13:22:24.262+0000] {processor.py:839} INFO - DAG(s) dict_keys(['tutorial']) retrieved from /home/airflow/.local/lib/python3.8/site-packages/airflow/example_dags/tutorial.py
[2025-02-07T13:22:24.400+0000] {logging_mixin.py:154} INFO - [2025-02-07T13:22:24.399+0000] {dag.py:2941} INFO - Sync 1 DAGs
[2025-02-07T13:22:24.469+0000] {logging_mixin.py:154} INFO - [2025-02-07T13:22:24.469+0000] {dag.py:3722} INFO - Setting next_dagrun for tutorial to 2025-02-06T13:22:24.467275+00:00, run_after=2025-02-07T13:22:24.467275+00:00
[2025-02-07T13:22:24.550+0000] {processor.py:179} INFO - Processing /home/airflow/.local/lib/python3.8/site-packages/airflow/example_dags/tutorial.py took 0.365 seconds
[2025-02-07T13:22:54.872+0000] {processor.py:157} INFO - Started process (PID=1687) to work on /home/airflow/.local/lib/python3.8/site-packages/airflow/example_dags/tutorial.py
[2025-02-07T13:22:54.875+0000] {processor.py:829} INFO - Processing file /home/airflow/.local/lib/python3.8/site-packages/airflow/example_dags/tutorial.py for tasks to queue
[2025-02-07T13:22:54.879+0000] {logging_mixin.py:154} INFO - [2025-02-07T13:22:54.877+0000] {dagbag.py:536} INFO - Filling up the DagBag from /home/airflow/.local/lib/python3.8/site-packages/airflow/example_dags/tutorial.py
[2025-02-07T13:22:54.909+0000] {processor.py:839} INFO - DAG(s) dict_keys(['tutorial']) retrieved from /home/airflow/.local/lib/python3.8/site-packages/airflow/example_dags/tutorial.py
[2025-02-07T13:22:54.981+0000] {logging_mixin.py:154} INFO - [2025-02-07T13:22:54.981+0000] {dag.py:2941} INFO - Sync 1 DAGs
[2025-02-07T13:22:55.059+0000] {logging_mixin.py:154} INFO - [2025-02-07T13:22:55.059+0000] {dag.py:3722} INFO - Setting next_dagrun for tutorial to 2025-02-06T13:22:55.058348+00:00, run_after=2025-02-07T13:22:55.058348+00:00
[2025-02-07T13:22:55.132+0000] {processor.py:179} INFO - Processing /home/airflow/.local/lib/python3.8/site-packages/airflow/example_dags/tutorial.py took 0.274 seconds
[2025-02-07T13:23:25.261+0000] {processor.py:157} INFO - Started process (PID=1929) to work on /home/airflow/.local/lib/python3.8/site-packages/airflow/example_dags/tutorial.py
[2025-02-07T13:23:25.266+0000] {processor.py:829} INFO - Processing file /home/airflow/.local/lib/python3.8/site-packages/airflow/example_dags/tutorial.py for tasks to queue
[2025-02-07T13:23:25.269+0000] {logging_mixin.py:154} INFO - [2025-02-07T13:23:25.268+0000] {dagbag.py:536} INFO - Filling up the DagBag from /home/airflow/.local/lib/python3.8/site-packages/airflow/example_dags/tutorial.py
[2025-02-07T13:23:25.290+0000] {processor.py:839} INFO - DAG(s) dict_keys(['tutorial']) retrieved from /home/airflow/.local/lib/python3.8/site-packages/airflow/example_dags/tutorial.py
[2025-02-07T13:23:25.367+0000] {logging_mixin.py:154} INFO - [2025-02-07T13:23:25.367+0000] {dag.py:2941} INFO - Sync 1 DAGs
[2025-02-07T13:23:25.449+0000] {logging_mixin.py:154} INFO - [2025-02-07T13:23:25.448+0000] {dag.py:3722} INFO - Setting next_dagrun for tutorial to 2025-02-06T13:23:25.447780+00:00, run_after=2025-02-07T13:23:25.447780+00:00
[2025-02-07T13:23:25.509+0000] {processor.py:179} INFO - Processing /home/airflow/.local/lib/python3.8/site-packages/airflow/example_dags/tutorial.py took 0.267 seconds
[2025-02-07T13:23:55.683+0000] {processor.py:157} INFO - Started process (PID=2172) to work on /home/airflow/.local/lib/python3.8/site-packages/airflow/example_dags/tutorial.py
[2025-02-07T13:23:55.686+0000] {processor.py:829} INFO - Processing file /home/airflow/.local/lib/python3.8/site-packages/airflow/example_dags/tutorial.py for tasks to queue
[2025-02-07T13:23:55.688+0000] {logging_mixin.py:154} INFO - [2025-02-07T13:23:55.687+0000] {dagbag.py:536} INFO - Filling up the DagBag from /home/airflow/.local/lib/python3.8/site-packages/airflow/example_dags/tutorial.py
[2025-02-07T13:23:55.707+0000] {processor.py:839} INFO - DAG(s) dict_keys(['tutorial']) retrieved from /home/airflow/.local/lib/python3.8/site-packages/airflow/example_dags/tutorial.py
[2025-02-07T13:23:55.772+0000] {logging_mixin.py:154} INFO - [2025-02-07T13:23:55.772+0000] {dag.py:2941} INFO - Sync 1 DAGs
[2025-02-07T13:23:55.835+0000] {logging_mixin.py:154} INFO - [2025-02-07T13:23:55.835+0000] {dag.py:3722} INFO - Setting next_dagrun for tutorial to 2025-02-06T13:23:55.834245+00:00, run_after=2025-02-07T13:23:55.834245+00:00
[2025-02-07T13:23:55.893+0000] {processor.py:179} INFO - Processing /home/airflow/.local/lib/python3.8/site-packages/airflow/example_dags/tutorial.py took 0.220 seconds
[2025-02-07T13:24:26.188+0000] {processor.py:157} INFO - Started process (PID=2415) to work on /home/airflow/.local/lib/python3.8/site-packages/airflow/example_dags/tutorial.py
[2025-02-07T13:24:26.191+0000] {processor.py:829} INFO - Processing file /home/airflow/.local/lib/python3.8/site-packages/airflow/example_dags/tutorial.py for tasks to queue
[2025-02-07T13:24:26.193+0000] {logging_mixin.py:154} INFO - [2025-02-07T13:24:26.192+0000] {dagbag.py:536} INFO - Filling up the DagBag from /home/airflow/.local/lib/python3.8/site-packages/airflow/example_dags/tutorial.py
[2025-02-07T13:24:26.217+0000] {processor.py:839} INFO - DAG(s) dict_keys(['tutorial']) retrieved from /home/airflow/.local/lib/python3.8/site-packages/airflow/example_dags/tutorial.py
[2025-02-07T13:24:26.301+0000] {logging_mixin.py:154} INFO - [2025-02-07T13:24:26.300+0000] {dag.py:2941} INFO - Sync 1 DAGs
[2025-02-07T13:24:26.371+0000] {logging_mixin.py:154} INFO - [2025-02-07T13:24:26.371+0000] {dag.py:3722} INFO - Setting next_dagrun for tutorial to 2025-02-06T13:24:26.370464+00:00, run_after=2025-02-07T13:24:26.370464+00:00
[2025-02-07T13:24:26.420+0000] {processor.py:179} INFO - Processing /home/airflow/.local/lib/python3.8/site-packages/airflow/example_dags/tutorial.py took 0.260 seconds
[2025-02-07T13:24:56.788+0000] {processor.py:157} INFO - Started process (PID=2659) to work on /home/airflow/.local/lib/python3.8/site-packages/airflow/example_dags/tutorial.py
[2025-02-07T13:24:56.791+0000] {processor.py:829} INFO - Processing file /home/airflow/.local/lib/python3.8/site-packages/airflow/example_dags/tutorial.py for tasks to queue
[2025-02-07T13:24:56.793+0000] {logging_mixin.py:154} INFO - [2025-02-07T13:24:56.792+0000] {dagbag.py:536} INFO - Filling up the DagBag from /home/airflow/.local/lib/python3.8/site-packages/airflow/example_dags/tutorial.py
[2025-02-07T13:24:56.812+0000] {processor.py:839} INFO - DAG(s) dict_keys(['tutorial']) retrieved from /home/airflow/.local/lib/python3.8/site-packages/airflow/example_dags/tutorial.py
[2025-02-07T13:24:56.881+0000] {logging_mixin.py:154} INFO - [2025-02-07T13:24:56.881+0000] {dag.py:2941} INFO - Sync 1 DAGs
[2025-02-07T13:24:56.960+0000] {logging_mixin.py:154} INFO - [2025-02-07T13:24:56.959+0000] {dag.py:3722} INFO - Setting next_dagrun for tutorial to 2025-02-06T13:24:56.958706+00:00, run_after=2025-02-07T13:24:56.958706+00:00
[2025-02-07T13:24:57.011+0000] {processor.py:179} INFO - Processing /home/airflow/.local/lib/python3.8/site-packages/airflow/example_dags/tutorial.py took 0.233 seconds
[2025-02-07T13:27:07.384+0000] {processor.py:157} INFO - Started process (PID=231) to work on /home/airflow/.local/lib/python3.8/site-packages/airflow/example_dags/tutorial.py
[2025-02-07T13:27:07.390+0000] {processor.py:829} INFO - Processing file /home/airflow/.local/lib/python3.8/site-packages/airflow/example_dags/tutorial.py for tasks to queue
[2025-02-07T13:27:07.392+0000] {logging_mixin.py:154} INFO - [2025-02-07T13:27:07.392+0000] {dagbag.py:536} INFO - Filling up the DagBag from /home/airflow/.local/lib/python3.8/site-packages/airflow/example_dags/tutorial.py
[2025-02-07T13:27:07.468+0000] {processor.py:839} INFO - DAG(s) dict_keys(['tutorial']) retrieved from /home/airflow/.local/lib/python3.8/site-packages/airflow/example_dags/tutorial.py
[2025-02-07T13:27:07.604+0000] {logging_mixin.py:154} INFO - [2025-02-07T13:27:07.603+0000] {dag.py:2941} INFO - Sync 1 DAGs
[2025-02-07T13:27:07.678+0000] {logging_mixin.py:154} INFO - [2025-02-07T13:27:07.677+0000] {dag.py:3722} INFO - Setting next_dagrun for tutorial to 2025-02-06T13:27:07.676869+00:00, run_after=2025-02-07T13:27:07.676869+00:00
[2025-02-07T13:27:07.731+0000] {processor.py:179} INFO - Processing /home/airflow/.local/lib/python3.8/site-packages/airflow/example_dags/tutorial.py took 0.363 seconds
[2025-02-07T21:29:10.944+0000] {processor.py:157} INFO - Started process (PID=231) to work on /home/airflow/.local/lib/python3.8/site-packages/airflow/example_dags/tutorial.py
[2025-02-07T21:29:10.948+0000] {processor.py:829} INFO - Processing file /home/airflow/.local/lib/python3.8/site-packages/airflow/example_dags/tutorial.py for tasks to queue
[2025-02-07T21:29:10.955+0000] {logging_mixin.py:154} INFO - [2025-02-07T21:29:10.954+0000] {dagbag.py:536} INFO - Filling up the DagBag from /home/airflow/.local/lib/python3.8/site-packages/airflow/example_dags/tutorial.py
[2025-02-07T21:29:11.021+0000] {processor.py:839} INFO - DAG(s) dict_keys(['tutorial']) retrieved from /home/airflow/.local/lib/python3.8/site-packages/airflow/example_dags/tutorial.py
[2025-02-07T21:29:11.225+0000] {logging_mixin.py:154} INFO - [2025-02-07T21:29:11.223+0000] {dag.py:2941} INFO - Sync 1 DAGs
[2025-02-07T21:29:11.334+0000] {logging_mixin.py:154} INFO - [2025-02-07T21:29:11.333+0000] {dag.py:3722} INFO - Setting next_dagrun for tutorial to 2025-02-06T21:29:11.330061+00:00, run_after=2025-02-07T21:29:11.330061+00:00
[2025-02-07T21:29:11.426+0000] {processor.py:179} INFO - Processing /home/airflow/.local/lib/python3.8/site-packages/airflow/example_dags/tutorial.py took 0.521 seconds
[2025-02-07T21:29:42.077+0000] {processor.py:157} INFO - Started process (PID=474) to work on /home/airflow/.local/lib/python3.8/site-packages/airflow/example_dags/tutorial.py
[2025-02-07T21:29:42.080+0000] {processor.py:829} INFO - Processing file /home/airflow/.local/lib/python3.8/site-packages/airflow/example_dags/tutorial.py for tasks to queue
[2025-02-07T21:29:42.082+0000] {logging_mixin.py:154} INFO - [2025-02-07T21:29:42.082+0000] {dagbag.py:536} INFO - Filling up the DagBag from /home/airflow/.local/lib/python3.8/site-packages/airflow/example_dags/tutorial.py
[2025-02-07T21:29:42.099+0000] {processor.py:839} INFO - DAG(s) dict_keys(['tutorial']) retrieved from /home/airflow/.local/lib/python3.8/site-packages/airflow/example_dags/tutorial.py
[2025-02-07T21:29:42.140+0000] {logging_mixin.py:154} INFO - [2025-02-07T21:29:42.139+0000] {dag.py:2941} INFO - Sync 1 DAGs
[2025-02-07T21:29:42.205+0000] {logging_mixin.py:154} INFO - [2025-02-07T21:29:42.203+0000] {dag.py:3722} INFO - Setting next_dagrun for tutorial to 2025-02-06T21:29:42.202103+00:00, run_after=2025-02-07T21:29:42.202103+00:00
[2025-02-07T21:29:42.258+0000] {processor.py:179} INFO - Processing /home/airflow/.local/lib/python3.8/site-packages/airflow/example_dags/tutorial.py took 0.188 seconds
