[2025-02-08T20:36:20.072+0000] {taskinstance.py:1159} INFO - Dependencies all met for dep_context=non-requeueable deps ti=<TaskInstance: kafka_spark_dag.kafka_data_stream scheduled__2025-02-07T20:34:46.662589+00:00 [queued]>
[2025-02-08T20:36:20.093+0000] {taskinstance.py:1159} INFO - Dependencies all met for dep_context=requeueable deps ti=<TaskInstance: kafka_spark_dag.kafka_data_stream scheduled__2025-02-07T20:34:46.662589+00:00 [queued]>
[2025-02-08T20:36:20.093+0000] {taskinstance.py:1361} INFO - Starting attempt 2 of 2
[2025-02-08T20:36:20.127+0000] {taskinstance.py:1382} INFO - Executing <Task(PythonOperator): kafka_data_stream> on 2025-02-07 20:34:46.662589+00:00
[2025-02-08T20:36:20.148+0000] {standard_task_runner.py:57} INFO - Started process 10165 to run task
[2025-02-08T20:36:20.162+0000] {standard_task_runner.py:84} INFO - Running: ['***', 'tasks', 'run', 'kafka_spark_dag', 'kafka_data_stream', 'scheduled__2025-02-07T20:34:46.662589+00:00', '--job-id', '14', '--raw', '--subdir', 'DAGS_FOLDER/dag_kafka_spark.py', '--cfg-path', '/tmp/tmpzkl1byay']
[2025-02-08T20:36:20.175+0000] {standard_task_runner.py:85} INFO - Job 14: Subtask kafka_data_stream
[2025-02-08T20:36:20.330+0000] {task_command.py:416} INFO - Running <TaskInstance: kafka_spark_dag.kafka_data_stream scheduled__2025-02-07T20:34:46.662589+00:00 [running]> on host 3dc5776172db
[2025-02-08T20:36:20.581+0000] {taskinstance.py:1662} INFO - Exporting env vars: AIRFLOW_CTX_DAG_OWNER='***' AIRFLOW_CTX_DAG_ID='kafka_spark_dag' AIRFLOW_CTX_TASK_ID='kafka_data_stream' AIRFLOW_CTX_EXECUTION_DATE='2025-02-07T20:34:46.662589+00:00' AIRFLOW_CTX_TRY_NUMBER='2' AIRFLOW_CTX_DAG_RUN_ID='scheduled__2025-02-07T20:34:46.662589+00:00'
[2025-02-08T20:36:20.598+0000] {conn.py:380} INFO - <BrokerConnection node_id=bootstrap-0 host=kafka:9092 <connecting> [IPv4 ('172.19.0.3', 9092)]>: connecting to kafka:9092 [('172.19.0.3', 9092) IPv4]
[2025-02-08T20:36:20.599+0000] {conn.py:1205} INFO - Probing node bootstrap-0 broker version
[2025-02-08T20:36:20.602+0000] {conn.py:410} INFO - <BrokerConnection node_id=bootstrap-0 host=kafka:9092 <connecting> [IPv4 ('172.19.0.3', 9092)]>: Connection complete.
[2025-02-08T20:36:20.716+0000] {conn.py:1267} INFO - Broker version identified as 2.5.0
[2025-02-08T20:36:20.718+0000] {conn.py:1268} INFO - Set configuration api_version=(2, 5, 0) to skip auto check_version requests on startup
[2025-02-08T20:37:08.344+0000] {taskinstance.py:1937} ERROR - Task failed with exception
Traceback (most recent call last):
  File "/home/airflow/.local/lib/python3.8/site-packages/airflow/operators/python.py", line 192, in execute
    return_value = self.execute_callable()
  File "/home/airflow/.local/lib/python3.8/site-packages/airflow/operators/python.py", line 209, in execute_callable
    return self.python_callable(*self.op_args, **self.op_kwargs)
  File "/opt/airflow/src/kafka_client/kafka_stream_data.py", line 125, in stream
    results = query_data()
  File "/opt/airflow/src/kafka_client/kafka_stream_data.py", line 90, in query_data
    full_data = get_all_data(last_processed)
  File "/opt/airflow/src/kafka_client/kafka_stream_data.py", line 71, in get_all_data
    timestamp_as_date = datetime.datetime.strptime(last_timestamp, "%Y-%m-%d")
  File "/usr/local/lib/python3.8/_strptime.py", line 568, in _strptime_datetime
    tt, fraction, gmtoff_fraction = _strptime(data_string, format)
  File "/usr/local/lib/python3.8/_strptime.py", line 352, in _strptime
    raise ValueError("unconverted data remains: %s" %
ValueError: unconverted data remains: T17:18:27+00:00
[2025-02-08T20:37:08.397+0000] {taskinstance.py:1400} INFO - Marking task as FAILED. dag_id=kafka_spark_dag, task_id=kafka_data_stream, execution_date=20250207T203446, start_date=20250208T203620, end_date=20250208T203708
[2025-02-08T20:37:08.472+0000] {standard_task_runner.py:104} ERROR - Failed to execute job 14 for task kafka_data_stream (unconverted data remains: T17:18:27+00:00; 10165)
[2025-02-08T20:37:08.542+0000] {local_task_job_runner.py:228} INFO - Task exited with return code 1
[2025-02-08T20:37:08.628+0000] {taskinstance.py:2778} INFO - 0 downstream tasks scheduled from follow-on schedule check
